26-Mar-2017 14:15:28.293 WARNING [main] org.apache.catalina.startup.SetAllPropertiesRule.begin [SetAllPropertiesRule]{Server/Service/Connector} Setting property 'maxSpareThreads' to '75' did not find a matching property.
26-Mar-2017 14:15:28.362 INFO [main] org.apache.catalina.startup.VersionLoggerListener.log Server version:        Apache Tomcat/8.0.39
26-Mar-2017 14:15:28.362 INFO [main] org.apache.catalina.startup.VersionLoggerListener.log Server built:          Nov 9 2016 08:48:39 UTC
26-Mar-2017 14:15:28.362 INFO [main] org.apache.catalina.startup.VersionLoggerListener.log Server number:         8.0.39.0
26-Mar-2017 14:15:28.362 INFO [main] org.apache.catalina.startup.VersionLoggerListener.log OS Name:               Windows 10
26-Mar-2017 14:15:28.362 INFO [main] org.apache.catalina.startup.VersionLoggerListener.log OS Version:            10.0
26-Mar-2017 14:15:28.362 INFO [main] org.apache.catalina.startup.VersionLoggerListener.log Architecture:          amd64
26-Mar-2017 14:15:28.362 INFO [main] org.apache.catalina.startup.VersionLoggerListener.log Java Home:             C:\Program Files\Java\jdk1.8.0_121\jre
26-Mar-2017 14:15:28.362 INFO [main] org.apache.catalina.startup.VersionLoggerListener.log JVM Version:           1.8.0_121-b13
26-Mar-2017 14:15:28.363 INFO [main] org.apache.catalina.startup.VersionLoggerListener.log JVM Vendor:            Oracle Corporation
26-Mar-2017 14:15:28.363 INFO [main] org.apache.catalina.startup.VersionLoggerListener.log CATALINA_BASE:         D:\DATN\AnhKyYeu\lib\apache-tomcat-8.0.39
26-Mar-2017 14:15:28.363 INFO [main] org.apache.catalina.startup.VersionLoggerListener.log CATALINA_HOME:         D:\DATN\AnhKyYeu\lib\apache-tomcat-8.0.39
26-Mar-2017 14:15:28.363 INFO [main] org.apache.catalina.startup.VersionLoggerListener.log Command line argument: -Djdk.tls.ephemeralDHKeySize=2048
26-Mar-2017 14:15:28.363 INFO [main] org.apache.catalina.startup.VersionLoggerListener.log Command line argument: -Djava.protocol.handler.pkgs=org.apache.catalina.webresources
26-Mar-2017 14:15:28.363 INFO [main] org.apache.catalina.startup.VersionLoggerListener.log Command line argument: -Djava.util.logging.config.file=D:\DATN\AnhKyYeu\lib\apache-tomcat-8.0.39\conf\logging.properties
26-Mar-2017 14:15:28.363 INFO [main] org.apache.catalina.startup.VersionLoggerListener.log Command line argument: -Djava.util.logging.manager=org.apache.juli.ClassLoaderLogManager
26-Mar-2017 14:15:28.363 INFO [main] org.apache.catalina.startup.VersionLoggerListener.log Command line argument: -Djava.endorsed.dirs=D:\DATN\AnhKyYeu\lib\apache-tomcat-8.0.39\endorsed
26-Mar-2017 14:15:28.363 INFO [main] org.apache.catalina.startup.VersionLoggerListener.log Command line argument: -Dcatalina.base=D:\DATN\AnhKyYeu\lib\apache-tomcat-8.0.39
26-Mar-2017 14:15:28.363 INFO [main] org.apache.catalina.startup.VersionLoggerListener.log Command line argument: -Dcatalina.home=D:\DATN\AnhKyYeu\lib\apache-tomcat-8.0.39
26-Mar-2017 14:15:28.363 INFO [main] org.apache.catalina.startup.VersionLoggerListener.log Command line argument: -Djava.io.tmpdir=D:\DATN\AnhKyYeu\lib\apache-tomcat-8.0.39\temp
26-Mar-2017 14:15:28.364 INFO [main] org.apache.catalina.core.AprLifecycleListener.lifecycleEvent Loaded APR based Apache Tomcat Native library 1.2.10 using APR version 1.5.2.
26-Mar-2017 14:15:28.365 INFO [main] org.apache.catalina.core.AprLifecycleListener.lifecycleEvent APR capabilities: IPv6 [true], sendfile [true], accept filters [false], random [true].
26-Mar-2017 14:15:28.975 INFO [main] org.apache.catalina.core.AprLifecycleListener.initializeSSL OpenSSL successfully initialized (OpenSSL 1.0.2j  26 Sep 2016)
26-Mar-2017 14:15:29.110 INFO [main] org.apache.coyote.AbstractProtocol.init Initializing ProtocolHandler ["http-apr-8086"]
26-Mar-2017 14:15:29.131 INFO [main] org.apache.coyote.AbstractProtocol.init Initializing ProtocolHandler ["ajp-apr-8009"]
26-Mar-2017 14:15:29.133 INFO [main] org.apache.catalina.startup.Catalina.load Initialization processed in 1181 ms
26-Mar-2017 14:15:29.182 INFO [main] org.apache.catalina.core.StandardService.startInternal Starting service Catalina
26-Mar-2017 14:15:29.184 INFO [main] org.apache.catalina.core.StandardEngine.startInternal Starting Servlet Engine: Apache Tomcat/8.0.39
26-Mar-2017 14:15:29.198 INFO [localhost-startStop-1] org.apache.catalina.startup.HostConfig.deployDescriptor Deploying configuration descriptor D:\DATN\AnhKyYeu\lib\apache-tomcat-8.0.39\conf\Catalina\localhost\AnhKyYeu.xml
26-Mar-2017 14:15:29.268 WARNING [localhost-startStop-1] org.apache.catalina.startup.SetContextPropertiesRule.begin [SetContextPropertiesRule]{Context} Setting property 'antiJARLocking' to 'true' did not find a matching property.
26-Mar-2017 14:15:29.330 SEVERE [localhost-startStop-1] org.apache.catalina.core.ContainerBase.addChildInternal ContainerBase.addChild: start: 
 org.apache.catalina.LifecycleException: Failed to start component [StandardEngine[Catalina].StandardHost[localhost].StandardContext[/AnhKyYeu]]
	at org.apache.catalina.util.LifecycleBase.start(LifecycleBase.java:162)
	at org.apache.catalina.core.ContainerBase.addChildInternal(ContainerBase.java:753)
	at org.apache.catalina.core.ContainerBase.addChild(ContainerBase.java:729)
	at org.apache.catalina.core.StandardHost.addChild(StandardHost.java:717)
	at org.apache.catalina.startup.HostConfig.deployDescriptor(HostConfig.java:587)
	at org.apache.catalina.startup.HostConfig$DeployDescriptor.run(HostConfig.java:1798)
	at java.util.concurrent.Executors$RunnableAdapter.call(Executors.java:511)
	at java.util.concurrent.FutureTask.run(FutureTask.java:266)
	at java.util.concurrent.ThreadPoolExecutor.runWorker(ThreadPoolExecutor.java:1142)
	at java.util.concurrent.ThreadPoolExecutor$Worker.run(ThreadPoolExecutor.java:617)
	at java.lang.Thread.run(Thread.java:745)
Caused by: org.apache.catalina.LifecycleException: Failed to start component [org.apache.catalina.webresources.StandardRoot@3e915214]
	at org.apache.catalina.util.LifecycleBase.start(LifecycleBase.java:162)
	at org.apache.catalina.core.StandardContext.resourcesStart(StandardContext.java:4969)
	at org.apache.catalina.core.StandardContext.startInternal(StandardContext.java:5099)
	at org.apache.catalina.util.LifecycleBase.start(LifecycleBase.java:145)
	... 10 more
Caused by: java.lang.IllegalArgumentException: The main resource set specified [C:\Users\BVHIEN\Documents\NetBeansProjects\AnhKyYeu\build\web] is not valid
	at org.apache.catalina.webresources.StandardRoot.createMainResourceSet(StandardRoot.java:730)
	at org.apache.catalina.webresources.StandardRoot.startInternal(StandardRoot.java:688)
	at org.apache.catalina.util.LifecycleBase.start(LifecycleBase.java:145)
	... 13 more

26-Mar-2017 14:15:29.332 SEVERE [localhost-startStop-1] org.apache.catalina.startup.HostConfig.deployDescriptor Error deploying configuration descriptor D:\DATN\AnhKyYeu\lib\apache-tomcat-8.0.39\conf\Catalina\localhost\AnhKyYeu.xml
 java.lang.IllegalStateException: ContainerBase.addChild: start: org.apache.catalina.LifecycleException: Failed to start component [StandardEngine[Catalina].StandardHost[localhost].StandardContext[/AnhKyYeu]]
	at org.apache.catalina.core.ContainerBase.addChildInternal(ContainerBase.java:757)
	at org.apache.catalina.core.ContainerBase.addChild(ContainerBase.java:729)
	at org.apache.catalina.core.StandardHost.addChild(StandardHost.java:717)
	at org.apache.catalina.startup.HostConfig.deployDescriptor(HostConfig.java:587)
	at org.apache.catalina.startup.HostConfig$DeployDescriptor.run(HostConfig.java:1798)
	at java.util.concurrent.Executors$RunnableAdapter.call(Executors.java:511)
	at java.util.concurrent.FutureTask.run(FutureTask.java:266)
	at java.util.concurrent.ThreadPoolExecutor.runWorker(ThreadPoolExecutor.java:1142)
	at java.util.concurrent.ThreadPoolExecutor$Worker.run(ThreadPoolExecutor.java:617)
	at java.lang.Thread.run(Thread.java:745)

26-Mar-2017 14:15:29.333 INFO [localhost-startStop-1] org.apache.catalina.startup.HostConfig.deployDescriptor Deployment of configuration descriptor D:\DATN\AnhKyYeu\lib\apache-tomcat-8.0.39\conf\Catalina\localhost\AnhKyYeu.xml has finished in 135 ms
26-Mar-2017 14:15:29.334 INFO [localhost-startStop-1] org.apache.catalina.startup.HostConfig.deployDirectory Deploying web application directory D:\DATN\AnhKyYeu\lib\apache-tomcat-8.0.39\webapps\docs
26-Mar-2017 14:15:29.639 INFO [localhost-startStop-1] org.apache.catalina.startup.HostConfig.deployDirectory Deployment of web application directory D:\DATN\AnhKyYeu\lib\apache-tomcat-8.0.39\webapps\docs has finished in 305 ms
26-Mar-2017 14:15:29.640 INFO [localhost-startStop-1] org.apache.catalina.startup.HostConfig.deployDirectory Deploying web application directory D:\DATN\AnhKyYeu\lib\apache-tomcat-8.0.39\webapps\examples
26-Mar-2017 14:15:29.967 INFO [localhost-startStop-1] org.apache.catalina.startup.HostConfig.deployDirectory Deployment of web application directory D:\DATN\AnhKyYeu\lib\apache-tomcat-8.0.39\webapps\examples has finished in 328 ms
26-Mar-2017 14:15:29.967 INFO [localhost-startStop-1] org.apache.catalina.startup.HostConfig.deployDirectory Deploying web application directory D:\DATN\AnhKyYeu\lib\apache-tomcat-8.0.39\webapps\host-manager
26-Mar-2017 14:15:30.000 INFO [localhost-startStop-1] org.apache.catalina.startup.HostConfig.deployDirectory Deployment of web application directory D:\DATN\AnhKyYeu\lib\apache-tomcat-8.0.39\webapps\host-manager has finished in 32 ms
26-Mar-2017 14:15:30.000 INFO [localhost-startStop-1] org.apache.catalina.startup.HostConfig.deployDirectory Deploying web application directory D:\DATN\AnhKyYeu\lib\apache-tomcat-8.0.39\webapps\manager
26-Mar-2017 14:15:30.029 INFO [localhost-startStop-1] org.apache.catalina.startup.HostConfig.deployDirectory Deployment of web application directory D:\DATN\AnhKyYeu\lib\apache-tomcat-8.0.39\webapps\manager has finished in 28 ms
26-Mar-2017 14:15:30.029 INFO [localhost-startStop-1] org.apache.catalina.startup.HostConfig.deployDirectory Deploying web application directory D:\DATN\AnhKyYeu\lib\apache-tomcat-8.0.39\webapps\ROOT
26-Mar-2017 14:15:30.055 INFO [localhost-startStop-1] org.apache.catalina.startup.HostConfig.deployDirectory Deployment of web application directory D:\DATN\AnhKyYeu\lib\apache-tomcat-8.0.39\webapps\ROOT has finished in 25 ms
26-Mar-2017 14:15:30.058 INFO [main] org.apache.coyote.AbstractProtocol.start Starting ProtocolHandler ["http-apr-8086"]
26-Mar-2017 14:15:30.068 INFO [main] org.apache.coyote.AbstractProtocol.start Starting ProtocolHandler ["ajp-apr-8009"]
26-Mar-2017 14:15:30.070 INFO [main] org.apache.catalina.startup.Catalina.start Server startup in 937 ms
26-Mar-2017 14:17:16.362 INFO [main] org.apache.catalina.core.StandardServer.await A valid shutdown command was received via the shutdown port. Stopping the Server instance.
26-Mar-2017 14:17:16.362 INFO [main] org.apache.coyote.AbstractProtocol.pause Pausing ProtocolHandler ["http-apr-8086"]
26-Mar-2017 14:17:16.416 INFO [main] org.apache.coyote.AbstractProtocol.pause Pausing ProtocolHandler ["ajp-apr-8009"]
26-Mar-2017 14:17:16.467 INFO [main] org.apache.catalina.core.StandardService.stopInternal Stopping service Catalina
26-Mar-2017 14:17:16.513 INFO [main] org.apache.coyote.AbstractProtocol.stop Stopping ProtocolHandler ["http-apr-8086"]
26-Mar-2017 14:17:16.581 INFO [main] org.apache.coyote.AbstractProtocol.stop Stopping ProtocolHandler ["ajp-apr-8009"]
26-Mar-2017 14:17:16.631 INFO [main] org.apache.coyote.AbstractProtocol.destroy Destroying ProtocolHandler ["http-apr-8086"]
26-Mar-2017 14:17:16.632 INFO [main] org.apache.coyote.AbstractProtocol.destroy Destroying ProtocolHandler ["ajp-apr-8009"]
