14-Mar-2017 00:03:56.044 INFO [http-apr-8086-exec-31] org.hibernate.cfg.Configuration.configure HHH000043: Configuring from resource: /hibernate.cfg.xml
14-Mar-2017 00:03:56.044 INFO [http-apr-8086-exec-31] org.hibernate.cfg.Configuration.getConfigurationInputStream HHH000040: Configuration resource: /hibernate.cfg.xml
14-Mar-2017 00:03:56.054 WARN [http-apr-8086-exec-31] org.hibernate.internal.util.xml.DTDEntityResolver.resolveEntity HHH000223: Recognized obsolete hibernate namespace http://hibernate.sourceforge.net/. Use namespace http://www.hibernate.org/dtd/ instead. Refer to Hibernate 3.6 Migration Guide!
14-Mar-2017 00:03:56.056 INFO [http-apr-8086-exec-31] org.hibernate.cfg.Configuration.addResource HHH000221: Reading mappings from resource: Entities/Tblparameter.hbm.xml
14-Mar-2017 00:03:56.061 INFO [http-apr-8086-exec-31] org.hibernate.cfg.Configuration.addResource HHH000221: Reading mappings from resource: Entities/Tbllog.hbm.xml
14-Mar-2017 00:03:56.065 INFO [http-apr-8086-exec-31] org.hibernate.cfg.Configuration.addResource HHH000221: Reading mappings from resource: Entities/Tblstatistic.hbm.xml
14-Mar-2017 00:03:56.070 INFO [http-apr-8086-exec-31] org.hibernate.cfg.Configuration.addResource HHH000221: Reading mappings from resource: Entities/Tblalbum.hbm.xml
14-Mar-2017 00:03:56.075 INFO [http-apr-8086-exec-31] org.hibernate.cfg.Configuration.addResource HHH000221: Reading mappings from resource: Entities/Tblcalendar.hbm.xml
14-Mar-2017 00:03:56.083 INFO [http-apr-8086-exec-31] org.hibernate.cfg.Configuration.addResource HHH000221: Reading mappings from resource: Entities/Tblcategory.hbm.xml
14-Mar-2017 00:03:56.089 INFO [http-apr-8086-exec-31] org.hibernate.cfg.Configuration.addResource HHH000221: Reading mappings from resource: Entities/Tbluser.hbm.xml
14-Mar-2017 00:03:56.093 INFO [http-apr-8086-exec-31] org.hibernate.cfg.Configuration.addResource HHH000221: Reading mappings from resource: Entities/Tblsection.hbm.xml
14-Mar-2017 00:03:56.099 INFO [http-apr-8086-exec-31] org.hibernate.cfg.Configuration.addResource HHH000221: Reading mappings from resource: Entities/Tbladvertise.hbm.xml
14-Mar-2017 00:03:56.105 INFO [http-apr-8086-exec-31] org.hibernate.cfg.Configuration.addResource HHH000221: Reading mappings from resource: Entities/TblarticleExtends.hbm.xml
14-Mar-2017 00:03:56.109 INFO [http-apr-8086-exec-31] org.hibernate.cfg.Configuration.addResource HHH000221: Reading mappings from resource: Entities/Tblvalue.hbm.xml
14-Mar-2017 00:03:56.113 INFO [http-apr-8086-exec-31] org.hibernate.cfg.Configuration.addResource HHH000221: Reading mappings from resource: Entities/Tbllabel.hbm.xml
14-Mar-2017 00:03:56.117 INFO [http-apr-8086-exec-31] org.hibernate.cfg.Configuration.addResource HHH000221: Reading mappings from resource: Entities/Tblimage.hbm.xml
14-Mar-2017 00:03:56.122 INFO [http-apr-8086-exec-31] org.hibernate.cfg.Configuration.addResource HHH000221: Reading mappings from resource: Entities/Tblfeedback.hbm.xml
14-Mar-2017 00:03:56.126 INFO [http-apr-8086-exec-31] org.hibernate.cfg.Configuration.addResource HHH000221: Reading mappings from resource: Entities/Tblaccount.hbm.xml
14-Mar-2017 00:03:56.130 INFO [http-apr-8086-exec-31] org.hibernate.cfg.Configuration.addResource HHH000221: Reading mappings from resource: Entities/Tblcustomer.hbm.xml
14-Mar-2017 00:03:56.134 INFO [http-apr-8086-exec-31] org.hibernate.cfg.Configuration.addResource HHH000221: Reading mappings from resource: Entities/Tblarticle.hbm.xml
14-Mar-2017 00:03:56.140 INFO [http-apr-8086-exec-31] org.hibernate.cfg.Configuration.doConfigure HHH000041: Configured SessionFactory: null
14-Mar-2017 00:03:56.145 WARN [http-apr-8086-exec-31] org.hibernate.engine.jdbc.connections.internal.DriverManagerConnectionProviderImpl.configure HHH000402: Using Hibernate built-in connection pool (not for production use!)
14-Mar-2017 00:03:56.145 INFO [http-apr-8086-exec-31] org.hibernate.engine.jdbc.connections.internal.DriverManagerConnectionProviderImpl.buildCreator HHH000401: using driver [com.mysql.jdbc.Driver] at URL [jdbc:mysql://127.0.0.1:3306/motchangduong_data?zeroDateTimeBehavior=convertToNull]
14-Mar-2017 00:03:56.323 INFO [http-apr-8086-exec-31] org.hibernate.engine.jdbc.connections.internal.DriverManagerConnectionProviderImpl.buildCreator HHH000046: Connection properties: {useUnicode=true, user=root, password=****, characterEncoding=UTF-8, charSet=UTF-8}
14-Mar-2017 00:03:56.324 INFO [http-apr-8086-exec-31] org.hibernate.engine.jdbc.connections.internal.DriverManagerConnectionProviderImpl.buildCreator HHH000006: Autocommit mode: false
14-Mar-2017 00:03:56.326 INFO [http-apr-8086-exec-31] org.hibernate.engine.jdbc.connections.internal.DriverManagerConnectionProviderImpl.configure HHH000115: Hibernate connection pool size: 100 (min=1)
14-Mar-2017 00:03:56.374 INFO [http-apr-8086-exec-31] org.hibernate.dialect.Dialect.<init> HHH000400: Using dialect: org.hibernate.dialect.MySQLDialect
14-Mar-2017 00:03:56.426 INFO [http-apr-8086-exec-31] org.hibernate.engine.transaction.internal.TransactionFactoryInitiator.initiateService HHH000399: Using default transaction strategy (direct JDBC transactions)
14-Mar-2017 00:03:56.427 INFO [http-apr-8086-exec-31] org.hibernate.hql.internal.ast.ASTQueryTranslatorFactory.<init> HHH000397: Using ASTQueryTranslatorFactory
14-Mar-2017 00:07:04.705 WARNING [http-apr-8086-exec-31] org.apache.catalina.loader.WebappClassLoaderBase.clearReferencesJdbc The web application [AnhKyYeu] registered the JDBC driver [com.mysql.jdbc.Driver] but failed to unregister it when the web application was stopped. To prevent a memory leak, the JDBC Driver has been forcibly unregistered.
14-Mar-2017 00:07:04.706 WARNING [http-apr-8086-exec-31] org.apache.catalina.loader.WebappClassLoaderBase.clearReferencesThreads The web application [AnhKyYeu] appears to have started a thread named [pool-5-thread-1] but has failed to stop it. This is very likely to create a memory leak. Stack trace of thread:
 sun.misc.Unsafe.park(Native Method)
 java.util.concurrent.locks.LockSupport.parkNanos(LockSupport.java:226)
 java.util.concurrent.locks.AbstractQueuedSynchronizer$ConditionObject.awaitNanos(AbstractQueuedSynchronizer.java:2082)
 java.util.concurrent.ScheduledThreadPoolExecutor$DelayedWorkQueue.take(ScheduledThreadPoolExecutor.java:1090)
 java.util.concurrent.ScheduledThreadPoolExecutor$DelayedWorkQueue.take(ScheduledThreadPoolExecutor.java:807)
 java.util.concurrent.ThreadPoolExecutor.getTask(ThreadPoolExecutor.java:1068)
 java.util.concurrent.ThreadPoolExecutor.runWorker(ThreadPoolExecutor.java:1130)
 java.util.concurrent.ThreadPoolExecutor$Worker.run(ThreadPoolExecutor.java:615)
 java.lang.Thread.run(Thread.java:745)
14-Mar-2017 00:07:04.707 WARNING [http-apr-8086-exec-31] org.apache.catalina.loader.WebappClassLoaderBase.clearReferencesThreads The web application [AnhKyYeu] appears to have started a thread named [pool-6-thread-1] but has failed to stop it. This is very likely to create a memory leak. Stack trace of thread:
 sun.misc.Unsafe.park(Native Method)
 java.util.concurrent.locks.LockSupport.parkNanos(LockSupport.java:226)
 java.util.concurrent.locks.AbstractQueuedSynchronizer$ConditionObject.awaitNanos(AbstractQueuedSynchronizer.java:2082)
 java.util.concurrent.ScheduledThreadPoolExecutor$DelayedWorkQueue.take(ScheduledThreadPoolExecutor.java:1090)
 java.util.concurrent.ScheduledThreadPoolExecutor$DelayedWorkQueue.take(ScheduledThreadPoolExecutor.java:807)
 java.util.concurrent.ThreadPoolExecutor.getTask(ThreadPoolExecutor.java:1068)
 java.util.concurrent.ThreadPoolExecutor.runWorker(ThreadPoolExecutor.java:1130)
 java.util.concurrent.ThreadPoolExecutor$Worker.run(ThreadPoolExecutor.java:615)
 java.lang.Thread.run(Thread.java:745)
14-Mar-2017 00:07:04.707 WARNING [http-apr-8086-exec-31] org.apache.catalina.loader.WebappClassLoaderBase.clearReferencesThreads The web application [AnhKyYeu] appears to have started a thread named [pool-7-thread-1] but has failed to stop it. This is very likely to create a memory leak. Stack trace of thread:
 sun.misc.Unsafe.park(Native Method)
 java.util.concurrent.locks.LockSupport.parkNanos(LockSupport.java:226)
 java.util.concurrent.locks.AbstractQueuedSynchronizer$ConditionObject.awaitNanos(AbstractQueuedSynchronizer.java:2082)
 java.util.concurrent.ScheduledThreadPoolExecutor$DelayedWorkQueue.take(ScheduledThreadPoolExecutor.java:1090)
 java.util.concurrent.ScheduledThreadPoolExecutor$DelayedWorkQueue.take(ScheduledThreadPoolExecutor.java:807)
 java.util.concurrent.ThreadPoolExecutor.getTask(ThreadPoolExecutor.java:1068)
 java.util.concurrent.ThreadPoolExecutor.runWorker(ThreadPoolExecutor.java:1130)
 java.util.concurrent.ThreadPoolExecutor$Worker.run(ThreadPoolExecutor.java:615)
 java.lang.Thread.run(Thread.java:745)
14-Mar-2017 00:07:04.707 WARNING [http-apr-8086-exec-31] org.apache.catalina.loader.WebappClassLoaderBase.clearReferencesThreads The web application [AnhKyYeu] appears to have started a thread named [pool-8-thread-1] but has failed to stop it. This is very likely to create a memory leak. Stack trace of thread:
 sun.misc.Unsafe.park(Native Method)
 java.util.concurrent.locks.LockSupport.parkNanos(LockSupport.java:226)
 java.util.concurrent.locks.AbstractQueuedSynchronizer$ConditionObject.awaitNanos(AbstractQueuedSynchronizer.java:2082)
 java.util.concurrent.ScheduledThreadPoolExecutor$DelayedWorkQueue.take(ScheduledThreadPoolExecutor.java:1090)
 java.util.concurrent.ScheduledThreadPoolExecutor$DelayedWorkQueue.take(ScheduledThreadPoolExecutor.java:807)
 java.util.concurrent.ThreadPoolExecutor.getTask(ThreadPoolExecutor.java:1068)
 java.util.concurrent.ThreadPoolExecutor.runWorker(ThreadPoolExecutor.java:1130)
 java.util.concurrent.ThreadPoolExecutor$Worker.run(ThreadPoolExecutor.java:615)
 java.lang.Thread.run(Thread.java:745)
14-Mar-2017 00:07:04.811 WARNING [http-apr-8086-exec-31] org.apache.catalina.loader.WebappClassLoaderBase.clearReferencesThreads The web application [AnhKyYeu] appears to have started a thread named [pool-9-thread-1] but has failed to stop it. This is very likely to create a memory leak. Stack trace of thread:
 sun.misc.Unsafe.park(Native Method)
 java.util.concurrent.locks.LockSupport.parkNanos(LockSupport.java:226)
 java.util.concurrent.locks.AbstractQueuedSynchronizer$ConditionObject.awaitNanos(AbstractQueuedSynchronizer.java:2082)
 java.util.concurrent.ScheduledThreadPoolExecutor$DelayedWorkQueue.take(ScheduledThreadPoolExecutor.java:1090)
 java.util.concurrent.ScheduledThreadPoolExecutor$DelayedWorkQueue.take(ScheduledThreadPoolExecutor.java:807)
 java.util.concurrent.ThreadPoolExecutor.getTask(ThreadPoolExecutor.java:1068)
 java.util.concurrent.ThreadPoolExecutor.runWorker(ThreadPoolExecutor.java:1130)
 java.util.concurrent.ThreadPoolExecutor$Worker.run(ThreadPoolExecutor.java:615)
 java.lang.Thread.run(Thread.java:745)
14-Mar-2017 00:07:04.812 WARNING [http-apr-8086-exec-31] org.apache.catalina.loader.WebappClassLoaderBase.clearReferencesThreads The web application [AnhKyYeu] appears to have started a thread named [pool-10-thread-1] but has failed to stop it. This is very likely to create a memory leak. Stack trace of thread:
 sun.misc.Unsafe.park(Native Method)
 java.util.concurrent.locks.LockSupport.parkNanos(LockSupport.java:226)
 java.util.concurrent.locks.AbstractQueuedSynchronizer$ConditionObject.awaitNanos(AbstractQueuedSynchronizer.java:2082)
 java.util.concurrent.ScheduledThreadPoolExecutor$DelayedWorkQueue.take(ScheduledThreadPoolExecutor.java:1090)
 java.util.concurrent.ScheduledThreadPoolExecutor$DelayedWorkQueue.take(ScheduledThreadPoolExecutor.java:807)
 java.util.concurrent.ThreadPoolExecutor.getTask(ThreadPoolExecutor.java:1068)
 java.util.concurrent.ThreadPoolExecutor.runWorker(ThreadPoolExecutor.java:1130)
 java.util.concurrent.ThreadPoolExecutor$Worker.run(ThreadPoolExecutor.java:615)
 java.lang.Thread.run(Thread.java:745)
14-Mar-2017 00:07:04.814 WARNING [http-apr-8086-exec-31] org.apache.catalina.loader.WebappClassLoaderBase.clearReferencesThreads The web application [AnhKyYeu] appears to have started a thread named [pool-11-thread-1] but has failed to stop it. This is very likely to create a memory leak. Stack trace of thread:
 sun.misc.Unsafe.park(Native Method)
 java.util.concurrent.locks.LockSupport.parkNanos(LockSupport.java:226)
 java.util.concurrent.locks.AbstractQueuedSynchronizer$ConditionObject.awaitNanos(AbstractQueuedSynchronizer.java:2082)
 java.util.concurrent.ScheduledThreadPoolExecutor$DelayedWorkQueue.take(ScheduledThreadPoolExecutor.java:1090)
 java.util.concurrent.ScheduledThreadPoolExecutor$DelayedWorkQueue.take(ScheduledThreadPoolExecutor.java:807)
 java.util.concurrent.ThreadPoolExecutor.getTask(ThreadPoolExecutor.java:1068)
 java.util.concurrent.ThreadPoolExecutor.runWorker(ThreadPoolExecutor.java:1130)
 java.util.concurrent.ThreadPoolExecutor$Worker.run(ThreadPoolExecutor.java:615)
 java.lang.Thread.run(Thread.java:745)
14-Mar-2017 00:07:04.815 WARNING [http-apr-8086-exec-31] org.apache.catalina.loader.WebappClassLoaderBase.clearReferencesThreads The web application [AnhKyYeu] appears to have started a thread named [pool-12-thread-1] but has failed to stop it. This is very likely to create a memory leak. Stack trace of thread:
 sun.misc.Unsafe.park(Native Method)
 java.util.concurrent.locks.LockSupport.parkNanos(LockSupport.java:226)
 java.util.concurrent.locks.AbstractQueuedSynchronizer$ConditionObject.awaitNanos(AbstractQueuedSynchronizer.java:2082)
 java.util.concurrent.ScheduledThreadPoolExecutor$DelayedWorkQueue.take(ScheduledThreadPoolExecutor.java:1090)
 java.util.concurrent.ScheduledThreadPoolExecutor$DelayedWorkQueue.take(ScheduledThreadPoolExecutor.java:807)
 java.util.concurrent.ThreadPoolExecutor.getTask(ThreadPoolExecutor.java:1068)
 java.util.concurrent.ThreadPoolExecutor.runWorker(ThreadPoolExecutor.java:1130)
 java.util.concurrent.ThreadPoolExecutor$Worker.run(ThreadPoolExecutor.java:615)
 java.lang.Thread.run(Thread.java:745)
14-Mar-2017 00:07:04.870 WARNING [http-apr-8086-exec-31] org.apache.catalina.loader.WebappClassLoaderBase.clearReferencesThreads The web application [AnhKyYeu] appears to have started a thread named [pool-13-thread-1] but has failed to stop it. This is very likely to create a memory leak. Stack trace of thread:
 sun.misc.Unsafe.park(Native Method)
 java.util.concurrent.locks.LockSupport.parkNanos(LockSupport.java:226)
 java.util.concurrent.locks.AbstractQueuedSynchronizer$ConditionObject.awaitNanos(AbstractQueuedSynchronizer.java:2082)
 java.util.concurrent.ScheduledThreadPoolExecutor$DelayedWorkQueue.take(ScheduledThreadPoolExecutor.java:1090)
 java.util.concurrent.ScheduledThreadPoolExecutor$DelayedWorkQueue.take(ScheduledThreadPoolExecutor.java:807)
 java.util.concurrent.ThreadPoolExecutor.getTask(ThreadPoolExecutor.java:1068)
 java.util.concurrent.ThreadPoolExecutor.runWorker(ThreadPoolExecutor.java:1130)
 java.util.concurrent.ThreadPoolExecutor$Worker.run(ThreadPoolExecutor.java:615)
 java.lang.Thread.run(Thread.java:745)
14-Mar-2017 00:07:04.872 WARNING [http-apr-8086-exec-31] org.apache.catalina.loader.WebappClassLoaderBase.clearReferencesThreads The web application [AnhKyYeu] appears to have started a thread named [pool-14-thread-1] but has failed to stop it. This is very likely to create a memory leak. Stack trace of thread:
 sun.misc.Unsafe.park(Native Method)
 java.util.concurrent.locks.LockSupport.parkNanos(LockSupport.java:226)
 java.util.concurrent.locks.AbstractQueuedSynchronizer$ConditionObject.awaitNanos(AbstractQueuedSynchronizer.java:2082)
 java.util.concurrent.ScheduledThreadPoolExecutor$DelayedWorkQueue.take(ScheduledThreadPoolExecutor.java:1090)
 java.util.concurrent.ScheduledThreadPoolExecutor$DelayedWorkQueue.take(ScheduledThreadPoolExecutor.java:807)
 java.util.concurrent.ThreadPoolExecutor.getTask(ThreadPoolExecutor.java:1068)
 java.util.concurrent.ThreadPoolExecutor.runWorker(ThreadPoolExecutor.java:1130)
 java.util.concurrent.ThreadPoolExecutor$Worker.run(ThreadPoolExecutor.java:615)
 java.lang.Thread.run(Thread.java:745)
14-Mar-2017 00:07:04.873 WARNING [http-apr-8086-exec-31] org.apache.catalina.loader.WebappClassLoaderBase.clearReferencesThreads The web application [AnhKyYeu] appears to have started a thread named [pool-15-thread-1] but has failed to stop it. This is very likely to create a memory leak. Stack trace of thread:
 sun.misc.Unsafe.park(Native Method)
 java.util.concurrent.locks.LockSupport.parkNanos(LockSupport.java:226)
 java.util.concurrent.locks.AbstractQueuedSynchronizer$ConditionObject.awaitNanos(AbstractQueuedSynchronizer.java:2082)
 java.util.concurrent.ScheduledThreadPoolExecutor$DelayedWorkQueue.take(ScheduledThreadPoolExecutor.java:1090)
 java.util.concurrent.ScheduledThreadPoolExecutor$DelayedWorkQueue.take(ScheduledThreadPoolExecutor.java:807)
 java.util.concurrent.ThreadPoolExecutor.getTask(ThreadPoolExecutor.java:1068)
 java.util.concurrent.ThreadPoolExecutor.runWorker(ThreadPoolExecutor.java:1130)
 java.util.concurrent.ThreadPoolExecutor$Worker.run(ThreadPoolExecutor.java:615)
 java.lang.Thread.run(Thread.java:745)
14-Mar-2017 00:07:04.875 WARNING [http-apr-8086-exec-31] org.apache.catalina.loader.WebappClassLoaderBase.clearReferencesThreads The web application [AnhKyYeu] appears to have started a thread named [pool-16-thread-1] but has failed to stop it. This is very likely to create a memory leak. Stack trace of thread:
 sun.misc.Unsafe.park(Native Method)
 java.util.concurrent.locks.LockSupport.parkNanos(LockSupport.java:226)
 java.util.concurrent.locks.AbstractQueuedSynchronizer$ConditionObject.awaitNanos(AbstractQueuedSynchronizer.java:2082)
 java.util.concurrent.ScheduledThreadPoolExecutor$DelayedWorkQueue.take(ScheduledThreadPoolExecutor.java:1090)
 java.util.concurrent.ScheduledThreadPoolExecutor$DelayedWorkQueue.take(ScheduledThreadPoolExecutor.java:807)
 java.util.concurrent.ThreadPoolExecutor.getTask(ThreadPoolExecutor.java:1068)
 java.util.concurrent.ThreadPoolExecutor.runWorker(ThreadPoolExecutor.java:1130)
 java.util.concurrent.ThreadPoolExecutor$Worker.run(ThreadPoolExecutor.java:615)
 java.lang.Thread.run(Thread.java:745)
14-Mar-2017 00:07:04.928 WARNING [http-apr-8086-exec-31] org.apache.catalina.loader.WebappClassLoaderBase.clearReferencesThreads The web application [AnhKyYeu] appears to have started a thread named [pool-17-thread-1] but has failed to stop it. This is very likely to create a memory leak. Stack trace of thread:
 sun.misc.Unsafe.park(Native Method)
 java.util.concurrent.locks.LockSupport.parkNanos(LockSupport.java:226)
 java.util.concurrent.locks.AbstractQueuedSynchronizer$ConditionObject.awaitNanos(AbstractQueuedSynchronizer.java:2082)
 java.util.concurrent.ScheduledThreadPoolExecutor$DelayedWorkQueue.take(ScheduledThreadPoolExecutor.java:1090)
 java.util.concurrent.ScheduledThreadPoolExecutor$DelayedWorkQueue.take(ScheduledThreadPoolExecutor.java:807)
 java.util.concurrent.ThreadPoolExecutor.getTask(ThreadPoolExecutor.java:1068)
 java.util.concurrent.ThreadPoolExecutor.runWorker(ThreadPoolExecutor.java:1130)
 java.util.concurrent.ThreadPoolExecutor$Worker.run(ThreadPoolExecutor.java:615)
 java.lang.Thread.run(Thread.java:745)
14-Mar-2017 00:07:04.930 WARNING [http-apr-8086-exec-31] org.apache.catalina.loader.WebappClassLoaderBase.clearReferencesThreads The web application [AnhKyYeu] appears to have started a thread named [pool-18-thread-1] but has failed to stop it. This is very likely to create a memory leak. Stack trace of thread:
 sun.misc.Unsafe.park(Native Method)
 java.util.concurrent.locks.LockSupport.parkNanos(LockSupport.java:226)
 java.util.concurrent.locks.AbstractQueuedSynchronizer$ConditionObject.awaitNanos(AbstractQueuedSynchronizer.java:2082)
 java.util.concurrent.ScheduledThreadPoolExecutor$DelayedWorkQueue.take(ScheduledThreadPoolExecutor.java:1090)
 java.util.concurrent.ScheduledThreadPoolExecutor$DelayedWorkQueue.take(ScheduledThreadPoolExecutor.java:807)
 java.util.concurrent.ThreadPoolExecutor.getTask(ThreadPoolExecutor.java:1068)
 java.util.concurrent.ThreadPoolExecutor.runWorker(ThreadPoolExecutor.java:1130)
 java.util.concurrent.ThreadPoolExecutor$Worker.run(ThreadPoolExecutor.java:615)
 java.lang.Thread.run(Thread.java:745)
14-Mar-2017 00:07:04.931 WARNING [http-apr-8086-exec-31] org.apache.catalina.loader.WebappClassLoaderBase.clearReferencesThreads The web application [AnhKyYeu] appears to have started a thread named [pool-19-thread-1] but has failed to stop it. This is very likely to create a memory leak. Stack trace of thread:
 sun.misc.Unsafe.park(Native Method)
 java.util.concurrent.locks.LockSupport.parkNanos(LockSupport.java:226)
 java.util.concurrent.locks.AbstractQueuedSynchronizer$ConditionObject.awaitNanos(AbstractQueuedSynchronizer.java:2082)
 java.util.concurrent.ScheduledThreadPoolExecutor$DelayedWorkQueue.take(ScheduledThreadPoolExecutor.java:1090)
 java.util.concurrent.ScheduledThreadPoolExecutor$DelayedWorkQueue.take(ScheduledThreadPoolExecutor.java:807)
 java.util.concurrent.ThreadPoolExecutor.getTask(ThreadPoolExecutor.java:1068)
 java.util.concurrent.ThreadPoolExecutor.runWorker(ThreadPoolExecutor.java:1130)
 java.util.concurrent.ThreadPoolExecutor$Worker.run(ThreadPoolExecutor.java:615)
 java.lang.Thread.run(Thread.java:745)
14-Mar-2017 00:07:04.932 WARNING [http-apr-8086-exec-31] org.apache.catalina.loader.WebappClassLoaderBase.clearReferencesThreads The web application [AnhKyYeu] appears to have started a thread named [pool-20-thread-1] but has failed to stop it. This is very likely to create a memory leak. Stack trace of thread:
 sun.misc.Unsafe.park(Native Method)
 java.util.concurrent.locks.LockSupport.parkNanos(LockSupport.java:226)
 java.util.concurrent.locks.AbstractQueuedSynchronizer$ConditionObject.awaitNanos(AbstractQueuedSynchronizer.java:2082)
 java.util.concurrent.ScheduledThreadPoolExecutor$DelayedWorkQueue.take(ScheduledThreadPoolExecutor.java:1090)
 java.util.concurrent.ScheduledThreadPoolExecutor$DelayedWorkQueue.take(ScheduledThreadPoolExecutor.java:807)
 java.util.concurrent.ThreadPoolExecutor.getTask(ThreadPoolExecutor.java:1068)
 java.util.concurrent.ThreadPoolExecutor.runWorker(ThreadPoolExecutor.java:1130)
 java.util.concurrent.ThreadPoolExecutor$Worker.run(ThreadPoolExecutor.java:615)
 java.lang.Thread.run(Thread.java:745)
14-Mar-2017 00:07:04.986 WARNING [http-apr-8086-exec-31] org.apache.catalina.loader.WebappClassLoaderBase.clearReferencesThreads The web application [AnhKyYeu] appears to have started a thread named [pool-21-thread-1] but has failed to stop it. This is very likely to create a memory leak. Stack trace of thread:
 sun.misc.Unsafe.park(Native Method)
 java.util.concurrent.locks.LockSupport.parkNanos(LockSupport.java:226)
 java.util.concurrent.locks.AbstractQueuedSynchronizer$ConditionObject.awaitNanos(AbstractQueuedSynchronizer.java:2082)
 java.util.concurrent.ScheduledThreadPoolExecutor$DelayedWorkQueue.take(ScheduledThreadPoolExecutor.java:1090)
 java.util.concurrent.ScheduledThreadPoolExecutor$DelayedWorkQueue.take(ScheduledThreadPoolExecutor.java:807)
 java.util.concurrent.ThreadPoolExecutor.getTask(ThreadPoolExecutor.java:1068)
 java.util.concurrent.ThreadPoolExecutor.runWorker(ThreadPoolExecutor.java:1130)
 java.util.concurrent.ThreadPoolExecutor$Worker.run(ThreadPoolExecutor.java:615)
 java.lang.Thread.run(Thread.java:745)
14-Mar-2017 00:07:04.987 WARNING [http-apr-8086-exec-31] org.apache.catalina.loader.WebappClassLoaderBase.clearReferencesThreads The web application [AnhKyYeu] appears to have started a thread named [pool-22-thread-1] but has failed to stop it. This is very likely to create a memory leak. Stack trace of thread:
 sun.misc.Unsafe.park(Native Method)
 java.util.concurrent.locks.LockSupport.parkNanos(LockSupport.java:226)
 java.util.concurrent.locks.AbstractQueuedSynchronizer$ConditionObject.awaitNanos(AbstractQueuedSynchronizer.java:2082)
 java.util.concurrent.ScheduledThreadPoolExecutor$DelayedWorkQueue.take(ScheduledThreadPoolExecutor.java:1090)
 java.util.concurrent.ScheduledThreadPoolExecutor$DelayedWorkQueue.take(ScheduledThreadPoolExecutor.java:807)
 java.util.concurrent.ThreadPoolExecutor.getTask(ThreadPoolExecutor.java:1068)
 java.util.concurrent.ThreadPoolExecutor.runWorker(ThreadPoolExecutor.java:1130)
 java.util.concurrent.ThreadPoolExecutor$Worker.run(ThreadPoolExecutor.java:615)
 java.lang.Thread.run(Thread.java:745)
14-Mar-2017 00:07:04.989 WARNING [http-apr-8086-exec-31] org.apache.catalina.loader.WebappClassLoaderBase.clearReferencesThreads The web application [AnhKyYeu] appears to have started a thread named [pool-23-thread-1] but has failed to stop it. This is very likely to create a memory leak. Stack trace of thread:
 sun.misc.Unsafe.park(Native Method)
 java.util.concurrent.locks.LockSupport.parkNanos(LockSupport.java:226)
 java.util.concurrent.locks.AbstractQueuedSynchronizer$ConditionObject.awaitNanos(AbstractQueuedSynchronizer.java:2082)
 java.util.concurrent.ScheduledThreadPoolExecutor$DelayedWorkQueue.take(ScheduledThreadPoolExecutor.java:1090)
 java.util.concurrent.ScheduledThreadPoolExecutor$DelayedWorkQueue.take(ScheduledThreadPoolExecutor.java:807)
 java.util.concurrent.ThreadPoolExecutor.getTask(ThreadPoolExecutor.java:1068)
 java.util.concurrent.ThreadPoolExecutor.runWorker(ThreadPoolExecutor.java:1130)
 java.util.concurrent.ThreadPoolExecutor$Worker.run(ThreadPoolExecutor.java:615)
 java.lang.Thread.run(Thread.java:745)
14-Mar-2017 00:07:04.990 WARNING [http-apr-8086-exec-31] org.apache.catalina.loader.WebappClassLoaderBase.clearReferencesThreads The web application [AnhKyYeu] appears to have started a thread named [pool-24-thread-1] but has failed to stop it. This is very likely to create a memory leak. Stack trace of thread:
 sun.misc.Unsafe.park(Native Method)
 java.util.concurrent.locks.LockSupport.parkNanos(LockSupport.java:226)
 java.util.concurrent.locks.AbstractQueuedSynchronizer$ConditionObject.awaitNanos(AbstractQueuedSynchronizer.java:2082)
 java.util.concurrent.ScheduledThreadPoolExecutor$DelayedWorkQueue.take(ScheduledThreadPoolExecutor.java:1090)
 java.util.concurrent.ScheduledThreadPoolExecutor$DelayedWorkQueue.take(ScheduledThreadPoolExecutor.java:807)
 java.util.concurrent.ThreadPoolExecutor.getTask(ThreadPoolExecutor.java:1068)
 java.util.concurrent.ThreadPoolExecutor.runWorker(ThreadPoolExecutor.java:1130)
 java.util.concurrent.ThreadPoolExecutor$Worker.run(ThreadPoolExecutor.java:615)
 java.lang.Thread.run(Thread.java:745)
14-Mar-2017 00:07:05.045 WARNING [http-apr-8086-exec-31] org.apache.catalina.loader.WebappClassLoaderBase.clearReferencesThreads The web application [AnhKyYeu] appears to have started a thread named [pool-25-thread-1] but has failed to stop it. This is very likely to create a memory leak. Stack trace of thread:
 sun.misc.Unsafe.park(Native Method)
 java.util.concurrent.locks.LockSupport.parkNanos(LockSupport.java:226)
 java.util.concurrent.locks.AbstractQueuedSynchronizer$ConditionObject.awaitNanos(AbstractQueuedSynchronizer.java:2082)
 java.util.concurrent.ScheduledThreadPoolExecutor$DelayedWorkQueue.take(ScheduledThreadPoolExecutor.java:1090)
 java.util.concurrent.ScheduledThreadPoolExecutor$DelayedWorkQueue.take(ScheduledThreadPoolExecutor.java:807)
 java.util.concurrent.ThreadPoolExecutor.getTask(ThreadPoolExecutor.java:1068)
 java.util.concurrent.ThreadPoolExecutor.runWorker(ThreadPoolExecutor.java:1130)
 java.util.concurrent.ThreadPoolExecutor$Worker.run(ThreadPoolExecutor.java:615)
 java.lang.Thread.run(Thread.java:745)
14-Mar-2017 00:07:05.046 WARNING [http-apr-8086-exec-31] org.apache.catalina.loader.WebappClassLoaderBase.clearReferencesThreads The web application [AnhKyYeu] appears to have started a thread named [pool-26-thread-1] but has failed to stop it. This is very likely to create a memory leak. Stack trace of thread:
 sun.misc.Unsafe.park(Native Method)
 java.util.concurrent.locks.LockSupport.parkNanos(LockSupport.java:226)
 java.util.concurrent.locks.AbstractQueuedSynchronizer$ConditionObject.awaitNanos(AbstractQueuedSynchronizer.java:2082)
 java.util.concurrent.ScheduledThreadPoolExecutor$DelayedWorkQueue.take(ScheduledThreadPoolExecutor.java:1090)
 java.util.concurrent.ScheduledThreadPoolExecutor$DelayedWorkQueue.take(ScheduledThreadPoolExecutor.java:807)
 java.util.concurrent.ThreadPoolExecutor.getTask(ThreadPoolExecutor.java:1068)
 java.util.concurrent.ThreadPoolExecutor.runWorker(ThreadPoolExecutor.java:1130)
 java.util.concurrent.ThreadPoolExecutor$Worker.run(ThreadPoolExecutor.java:615)
 java.lang.Thread.run(Thread.java:745)
14-Mar-2017 00:07:05.048 WARNING [http-apr-8086-exec-31] org.apache.catalina.loader.WebappClassLoaderBase.clearReferencesThreads The web application [AnhKyYeu] appears to have started a thread named [pool-27-thread-1] but has failed to stop it. This is very likely to create a memory leak. Stack trace of thread:
 sun.misc.Unsafe.park(Native Method)
 java.util.concurrent.locks.LockSupport.parkNanos(LockSupport.java:226)
 java.util.concurrent.locks.AbstractQueuedSynchronizer$ConditionObject.awaitNanos(AbstractQueuedSynchronizer.java:2082)
 java.util.concurrent.ScheduledThreadPoolExecutor$DelayedWorkQueue.take(ScheduledThreadPoolExecutor.java:1090)
 java.util.concurrent.ScheduledThreadPoolExecutor$DelayedWorkQueue.take(ScheduledThreadPoolExecutor.java:807)
 java.util.concurrent.ThreadPoolExecutor.getTask(ThreadPoolExecutor.java:1068)
 java.util.concurrent.ThreadPoolExecutor.runWorker(ThreadPoolExecutor.java:1130)
 java.util.concurrent.ThreadPoolExecutor$Worker.run(ThreadPoolExecutor.java:615)
 java.lang.Thread.run(Thread.java:745)
14-Mar-2017 00:07:05.049 WARNING [http-apr-8086-exec-31] org.apache.catalina.loader.WebappClassLoaderBase.clearReferencesThreads The web application [AnhKyYeu] appears to have started a thread named [pool-28-thread-1] but has failed to stop it. This is very likely to create a memory leak. Stack trace of thread:
 sun.misc.Unsafe.park(Native Method)
 java.util.concurrent.locks.LockSupport.parkNanos(LockSupport.java:226)
 java.util.concurrent.locks.AbstractQueuedSynchronizer$ConditionObject.awaitNanos(AbstractQueuedSynchronizer.java:2082)
 java.util.concurrent.ScheduledThreadPoolExecutor$DelayedWorkQueue.take(ScheduledThreadPoolExecutor.java:1090)
 java.util.concurrent.ScheduledThreadPoolExecutor$DelayedWorkQueue.take(ScheduledThreadPoolExecutor.java:807)
 java.util.concurrent.ThreadPoolExecutor.getTask(ThreadPoolExecutor.java:1068)
 java.util.concurrent.ThreadPoolExecutor.runWorker(ThreadPoolExecutor.java:1130)
 java.util.concurrent.ThreadPoolExecutor$Worker.run(ThreadPoolExecutor.java:615)
 java.lang.Thread.run(Thread.java:745)
14-Mar-2017 00:07:05.104 WARNING [http-apr-8086-exec-31] org.apache.catalina.loader.WebappClassLoaderBase.clearReferencesThreads The web application [AnhKyYeu] appears to have started a thread named [pool-29-thread-1] but has failed to stop it. This is very likely to create a memory leak. Stack trace of thread:
 sun.misc.Unsafe.park(Native Method)
 java.util.concurrent.locks.LockSupport.parkNanos(LockSupport.java:226)
 java.util.concurrent.locks.AbstractQueuedSynchronizer$ConditionObject.awaitNanos(AbstractQueuedSynchronizer.java:2082)
 java.util.concurrent.ScheduledThreadPoolExecutor$DelayedWorkQueue.take(ScheduledThreadPoolExecutor.java:1090)
 java.util.concurrent.ScheduledThreadPoolExecutor$DelayedWorkQueue.take(ScheduledThreadPoolExecutor.java:807)
 java.util.concurrent.ThreadPoolExecutor.getTask(ThreadPoolExecutor.java:1068)
 java.util.concurrent.ThreadPoolExecutor.runWorker(ThreadPoolExecutor.java:1130)
 java.util.concurrent.ThreadPoolExecutor$Worker.run(ThreadPoolExecutor.java:615)
 java.lang.Thread.run(Thread.java:745)
14-Mar-2017 00:07:05.106 WARNING [http-apr-8086-exec-31] org.apache.catalina.loader.WebappClassLoaderBase.clearReferencesThreads The web application [AnhKyYeu] appears to have started a thread named [pool-30-thread-1] but has failed to stop it. This is very likely to create a memory leak. Stack trace of thread:
 sun.misc.Unsafe.park(Native Method)
 java.util.concurrent.locks.LockSupport.parkNanos(LockSupport.java:226)
 java.util.concurrent.locks.AbstractQueuedSynchronizer$ConditionObject.awaitNanos(AbstractQueuedSynchronizer.java:2082)
 java.util.concurrent.ScheduledThreadPoolExecutor$DelayedWorkQueue.take(ScheduledThreadPoolExecutor.java:1090)
 java.util.concurrent.ScheduledThreadPoolExecutor$DelayedWorkQueue.take(ScheduledThreadPoolExecutor.java:807)
 java.util.concurrent.ThreadPoolExecutor.getTask(ThreadPoolExecutor.java:1068)
 java.util.concurrent.ThreadPoolExecutor.runWorker(ThreadPoolExecutor.java:1130)
 java.util.concurrent.ThreadPoolExecutor$Worker.run(ThreadPoolExecutor.java:615)
 java.lang.Thread.run(Thread.java:745)
14-Mar-2017 00:07:05.107 WARNING [http-apr-8086-exec-31] org.apache.catalina.loader.WebappClassLoaderBase.clearReferencesThreads The web application [AnhKyYeu] appears to have started a thread named [pool-31-thread-1] but has failed to stop it. This is very likely to create a memory leak. Stack trace of thread:
 sun.misc.Unsafe.park(Native Method)
 java.util.concurrent.locks.LockSupport.parkNanos(LockSupport.java:226)
 java.util.concurrent.locks.AbstractQueuedSynchronizer$ConditionObject.awaitNanos(AbstractQueuedSynchronizer.java:2082)
 java.util.concurrent.ScheduledThreadPoolExecutor$DelayedWorkQueue.take(ScheduledThreadPoolExecutor.java:1090)
 java.util.concurrent.ScheduledThreadPoolExecutor$DelayedWorkQueue.take(ScheduledThreadPoolExecutor.java:807)
 java.util.concurrent.ThreadPoolExecutor.getTask(ThreadPoolExecutor.java:1068)
 java.util.concurrent.ThreadPoolExecutor.runWorker(ThreadPoolExecutor.java:1130)
 java.util.concurrent.ThreadPoolExecutor$Worker.run(ThreadPoolExecutor.java:615)
 java.lang.Thread.run(Thread.java:745)
14-Mar-2017 00:07:05.623 INFO [http-apr-8086-exec-31] org.apache.catalina.startup.HostConfig.undeploy Undeploying context [/AnhKyYeu]
14-Mar-2017 00:07:05.696 INFO [http-apr-8086-exec-45] org.apache.catalina.startup.HostConfig.deployDescriptor Deploying configuration descriptor C:\Users\BVHIEN\Documents\NetBeansProjects\AnhKyYeu\lib\apache-tomcat-8.0.39\conf\Catalina\localhost\AnhKyYeu.xml
14-Mar-2017 00:07:05.708 WARNING [http-apr-8086-exec-45] org.apache.catalina.startup.SetContextPropertiesRule.begin [SetContextPropertiesRule]{Context} Setting property 'antiJARLocking' to 'true' did not find a matching property.
14-Mar-2017 00:07:08.099 INFO [http-apr-8086-exec-45] org.glassfish.jersey.servlet.init.JerseyServletContainerInitializer.addServletWithApplication Registering the Jersey servlet application, named Service.ApplicationConfig, at the servlet mapping /webresources/*, with the Application class of the same name.
14-Mar-2017 00:07:08.454 INFO [http-apr-8086-exec-45] org.glassfish.jersey.server.ApplicationHandler.initialize Initiating Jersey application, version Jersey: 2.5.1 2014-01-02 13:43:00...
14-Mar-2017 00:07:08.982 INFO [http-apr-8086-exec-45] org.apache.catalina.startup.HostConfig.deployDescriptor Deployment of configuration descriptor C:\Users\BVHIEN\Documents\NetBeansProjects\AnhKyYeu\lib\apache-tomcat-8.0.39\conf\Catalina\localhost\AnhKyYeu.xml has finished in 3,286 ms
14-Mar-2017 00:07:08.987 INFO [http-apr-8086-exec-43] org.apache.catalina.util.LifecycleBase.start The start() method was called on component [StandardEngine[Catalina].StandardHost[localhost].StandardContext[/AnhKyYeu]] after start() had already been called. The second call will be ignored.
14-Mar-2017 00:07:23.098 INFO [http-apr-8086-exec-53] org.hibernate.annotations.common.reflection.java.JavaReflectionManager.<clinit> HCANN000001: Hibernate Commons Annotations {4.0.4.Final}
14-Mar-2017 00:07:23.109 INFO [http-apr-8086-exec-53] org.hibernate.Version.logVersion HHH000412: Hibernate Core {4.3.1.Final}
14-Mar-2017 00:07:23.112 INFO [http-apr-8086-exec-53] org.hibernate.cfg.Environment.<clinit> HHH000206: hibernate.properties not found
14-Mar-2017 00:07:23.114 INFO [http-apr-8086-exec-53] org.hibernate.cfg.Environment.buildBytecodeProvider HHH000021: Bytecode provider name : javassist
14-Mar-2017 00:07:23.145 INFO [http-apr-8086-exec-53] org.hibernate.cfg.Configuration.configure HHH000043: Configuring from resource: /hibernate.cfg.xml
14-Mar-2017 00:07:23.145 INFO [http-apr-8086-exec-53] org.hibernate.cfg.Configuration.getConfigurationInputStream HHH000040: Configuration resource: /hibernate.cfg.xml
14-Mar-2017 00:07:23.172 WARN [http-apr-8086-exec-53] org.hibernate.internal.util.xml.DTDEntityResolver.resolveEntity HHH000223: Recognized obsolete hibernate namespace http://hibernate.sourceforge.net/. Use namespace http://www.hibernate.org/dtd/ instead. Refer to Hibernate 3.6 Migration Guide!
14-Mar-2017 00:07:23.192 INFO [http-apr-8086-exec-53] org.hibernate.cfg.Configuration.addResource HHH000221: Reading mappings from resource: Entities/Tblparameter.hbm.xml
14-Mar-2017 00:07:23.201 INFO [http-apr-8086-exec-53] org.hibernate.cfg.Configuration.addResource HHH000221: Reading mappings from resource: Entities/Tbllog.hbm.xml
14-Mar-2017 00:07:23.204 INFO [http-apr-8086-exec-53] org.hibernate.cfg.Configuration.addResource HHH000221: Reading mappings from resource: Entities/Tblstatistic.hbm.xml
14-Mar-2017 00:07:23.208 INFO [http-apr-8086-exec-53] org.hibernate.cfg.Configuration.addResource HHH000221: Reading mappings from resource: Entities/Tblalbum.hbm.xml
14-Mar-2017 00:07:23.212 INFO [http-apr-8086-exec-53] org.hibernate.cfg.Configuration.addResource HHH000221: Reading mappings from resource: Entities/Tblcalendar.hbm.xml
14-Mar-2017 00:07:23.217 INFO [http-apr-8086-exec-53] org.hibernate.cfg.Configuration.addResource HHH000221: Reading mappings from resource: Entities/Tblcategory.hbm.xml
14-Mar-2017 00:07:23.221 INFO [http-apr-8086-exec-53] org.hibernate.cfg.Configuration.addResource HHH000221: Reading mappings from resource: Entities/Tbluser.hbm.xml
14-Mar-2017 00:07:23.225 INFO [http-apr-8086-exec-53] org.hibernate.cfg.Configuration.addResource HHH000221: Reading mappings from resource: Entities/Tblsection.hbm.xml
14-Mar-2017 00:07:23.229 INFO [http-apr-8086-exec-53] org.hibernate.cfg.Configuration.addResource HHH000221: Reading mappings from resource: Entities/Tbladvertise.hbm.xml
14-Mar-2017 00:07:23.232 INFO [http-apr-8086-exec-53] org.hibernate.cfg.Configuration.addResource HHH000221: Reading mappings from resource: Entities/TblarticleExtends.hbm.xml
14-Mar-2017 00:07:23.236 INFO [http-apr-8086-exec-53] org.hibernate.cfg.Configuration.addResource HHH000221: Reading mappings from resource: Entities/Tblvalue.hbm.xml
14-Mar-2017 00:07:23.240 INFO [http-apr-8086-exec-53] org.hibernate.cfg.Configuration.addResource HHH000221: Reading mappings from resource: Entities/Tbllabel.hbm.xml
14-Mar-2017 00:07:23.244 INFO [http-apr-8086-exec-53] org.hibernate.cfg.Configuration.addResource HHH000221: Reading mappings from resource: Entities/Tblimage.hbm.xml
14-Mar-2017 00:07:23.247 INFO [http-apr-8086-exec-53] org.hibernate.cfg.Configuration.addResource HHH000221: Reading mappings from resource: Entities/Tblfeedback.hbm.xml
14-Mar-2017 00:07:23.251 INFO [http-apr-8086-exec-53] org.hibernate.cfg.Configuration.addResource HHH000221: Reading mappings from resource: Entities/Tblaccount.hbm.xml
14-Mar-2017 00:07:23.255 INFO [http-apr-8086-exec-53] org.hibernate.cfg.Configuration.addResource HHH000221: Reading mappings from resource: Entities/Tblcustomer.hbm.xml
14-Mar-2017 00:07:23.259 INFO [http-apr-8086-exec-53] org.hibernate.cfg.Configuration.addResource HHH000221: Reading mappings from resource: Entities/Tblarticle.hbm.xml
14-Mar-2017 00:07:23.264 INFO [http-apr-8086-exec-53] org.hibernate.cfg.Configuration.doConfigure HHH000041: Configured SessionFactory: null
14-Mar-2017 00:07:23.413 WARN [http-apr-8086-exec-53] org.hibernate.engine.jdbc.connections.internal.DriverManagerConnectionProviderImpl.configure HHH000402: Using Hibernate built-in connection pool (not for production use!)
14-Mar-2017 00:07:23.418 INFO [http-apr-8086-exec-53] org.hibernate.engine.jdbc.connections.internal.DriverManagerConnectionProviderImpl.buildCreator HHH000401: using driver [com.mysql.jdbc.Driver] at URL [jdbc:mysql://127.0.0.1:3306/motchangduong_data?zeroDateTimeBehavior=convertToNull]
14-Mar-2017 00:07:23.418 INFO [http-apr-8086-exec-53] org.hibernate.engine.jdbc.connections.internal.DriverManagerConnectionProviderImpl.buildCreator HHH000046: Connection properties: {useUnicode=true, user=root, password=****, characterEncoding=UTF-8, charSet=UTF-8}
14-Mar-2017 00:07:23.418 INFO [http-apr-8086-exec-53] org.hibernate.engine.jdbc.connections.internal.DriverManagerConnectionProviderImpl.buildCreator HHH000006: Autocommit mode: false
14-Mar-2017 00:07:23.420 INFO [http-apr-8086-exec-53] org.hibernate.engine.jdbc.connections.internal.DriverManagerConnectionProviderImpl.configure HHH000115: Hibernate connection pool size: 100 (min=1)
14-Mar-2017 00:07:23.647 INFO [http-apr-8086-exec-53] org.hibernate.dialect.Dialect.<init> HHH000400: Using dialect: org.hibernate.dialect.MySQLDialect
14-Mar-2017 00:07:23.788 INFO [http-apr-8086-exec-53] org.hibernate.engine.transaction.internal.TransactionFactoryInitiator.initiateService HHH000399: Using default transaction strategy (direct JDBC transactions)
14-Mar-2017 00:07:23.796 INFO [http-apr-8086-exec-53] org.hibernate.hql.internal.ast.ASTQueryTranslatorFactory.<init> HHH000397: Using ASTQueryTranslatorFactory
14-Mar-2017 00:07:24.990 INFO [http-apr-8086-exec-50] org.hibernate.cfg.Configuration.configure HHH000043: Configuring from resource: /hibernate.cfg.xml
14-Mar-2017 00:07:24.991 INFO [http-apr-8086-exec-50] org.hibernate.cfg.Configuration.getConfigurationInputStream HHH000040: Configuration resource: /hibernate.cfg.xml
14-Mar-2017 00:07:24.992 WARN [http-apr-8086-exec-50] org.hibernate.internal.util.xml.DTDEntityResolver.resolveEntity HHH000223: Recognized obsolete hibernate namespace http://hibernate.sourceforge.net/. Use namespace http://www.hibernate.org/dtd/ instead. Refer to Hibernate 3.6 Migration Guide!
14-Mar-2017 00:07:24.993 INFO [http-apr-8086-exec-50] org.hibernate.cfg.Configuration.addResource HHH000221: Reading mappings from resource: Entities/Tblparameter.hbm.xml
14-Mar-2017 00:07:24.999 INFO [http-apr-8086-exec-50] org.hibernate.cfg.Configuration.addResource HHH000221: Reading mappings from resource: Entities/Tbllog.hbm.xml
14-Mar-2017 00:07:25.003 INFO [http-apr-8086-exec-50] org.hibernate.cfg.Configuration.addResource HHH000221: Reading mappings from resource: Entities/Tblstatistic.hbm.xml
14-Mar-2017 00:07:25.007 INFO [http-apr-8086-exec-50] org.hibernate.cfg.Configuration.addResource HHH000221: Reading mappings from resource: Entities/Tblalbum.hbm.xml
14-Mar-2017 00:07:25.011 INFO [http-apr-8086-exec-50] org.hibernate.cfg.Configuration.addResource HHH000221: Reading mappings from resource: Entities/Tblcalendar.hbm.xml
14-Mar-2017 00:07:25.016 INFO [http-apr-8086-exec-50] org.hibernate.cfg.Configuration.addResource HHH000221: Reading mappings from resource: Entities/Tblcategory.hbm.xml
14-Mar-2017 00:07:25.020 INFO [http-apr-8086-exec-50] org.hibernate.cfg.Configuration.addResource HHH000221: Reading mappings from resource: Entities/Tbluser.hbm.xml
14-Mar-2017 00:07:25.024 INFO [http-apr-8086-exec-50] org.hibernate.cfg.Configuration.addResource HHH000221: Reading mappings from resource: Entities/Tblsection.hbm.xml
14-Mar-2017 00:07:25.029 INFO [http-apr-8086-exec-50] org.hibernate.cfg.Configuration.addResource HHH000221: Reading mappings from resource: Entities/Tbladvertise.hbm.xml
14-Mar-2017 00:07:25.033 INFO [http-apr-8086-exec-50] org.hibernate.cfg.Configuration.addResource HHH000221: Reading mappings from resource: Entities/TblarticleExtends.hbm.xml
14-Mar-2017 00:07:25.038 INFO [http-apr-8086-exec-50] org.hibernate.cfg.Configuration.addResource HHH000221: Reading mappings from resource: Entities/Tblvalue.hbm.xml
14-Mar-2017 00:07:25.042 INFO [http-apr-8086-exec-50] org.hibernate.cfg.Configuration.addResource HHH000221: Reading mappings from resource: Entities/Tbllabel.hbm.xml
14-Mar-2017 00:07:25.045 INFO [http-apr-8086-exec-50] org.hibernate.cfg.Configuration.addResource HHH000221: Reading mappings from resource: Entities/Tblimage.hbm.xml
14-Mar-2017 00:07:25.050 INFO [http-apr-8086-exec-50] org.hibernate.cfg.Configuration.addResource HHH000221: Reading mappings from resource: Entities/Tblfeedback.hbm.xml
14-Mar-2017 00:07:25.054 INFO [http-apr-8086-exec-50] org.hibernate.cfg.Configuration.addResource HHH000221: Reading mappings from resource: Entities/Tblaccount.hbm.xml
14-Mar-2017 00:07:25.057 INFO [http-apr-8086-exec-50] org.hibernate.cfg.Configuration.addResource HHH000221: Reading mappings from resource: Entities/Tblcustomer.hbm.xml
14-Mar-2017 00:07:25.061 INFO [http-apr-8086-exec-50] org.hibernate.cfg.Configuration.addResource HHH000221: Reading mappings from resource: Entities/Tblarticle.hbm.xml
14-Mar-2017 00:07:25.069 INFO [http-apr-8086-exec-50] org.hibernate.cfg.Configuration.doConfigure HHH000041: Configured SessionFactory: null
14-Mar-2017 00:07:25.073 WARN [http-apr-8086-exec-50] org.hibernate.engine.jdbc.connections.internal.DriverManagerConnectionProviderImpl.configure HHH000402: Using Hibernate built-in connection pool (not for production use!)
14-Mar-2017 00:07:25.074 INFO [http-apr-8086-exec-50] org.hibernate.engine.jdbc.connections.internal.DriverManagerConnectionProviderImpl.buildCreator HHH000401: using driver [com.mysql.jdbc.Driver] at URL [jdbc:mysql://127.0.0.1:3306/motchangduong_data?zeroDateTimeBehavior=convertToNull]
14-Mar-2017 00:07:25.074 INFO [http-apr-8086-exec-50] org.hibernate.engine.jdbc.connections.internal.DriverManagerConnectionProviderImpl.buildCreator HHH000046: Connection properties: {useUnicode=true, user=root, password=****, characterEncoding=UTF-8, charSet=UTF-8}
14-Mar-2017 00:07:25.074 INFO [http-apr-8086-exec-50] org.hibernate.engine.jdbc.connections.internal.DriverManagerConnectionProviderImpl.buildCreator HHH000006: Autocommit mode: false
14-Mar-2017 00:07:25.075 INFO [http-apr-8086-exec-50] org.hibernate.engine.jdbc.connections.internal.DriverManagerConnectionProviderImpl.configure HHH000115: Hibernate connection pool size: 100 (min=1)
14-Mar-2017 00:07:25.088 INFO [http-apr-8086-exec-50] org.hibernate.dialect.Dialect.<init> HHH000400: Using dialect: org.hibernate.dialect.MySQLDialect
14-Mar-2017 00:07:25.107 INFO [http-apr-8086-exec-50] org.hibernate.engine.transaction.internal.TransactionFactoryInitiator.initiateService HHH000399: Using default transaction strategy (direct JDBC transactions)
14-Mar-2017 00:07:25.108 INFO [http-apr-8086-exec-50] org.hibernate.hql.internal.ast.ASTQueryTranslatorFactory.<init> HHH000397: Using ASTQueryTranslatorFactory
