23-Feb-2017 23:40:05.643 SEVERE [localhost-startStop-1] org.apache.catalina.core.ApplicationContext.log StandardWrapper.Throwable
 org.glassfish.jersey.server.model.ModelValidationException: Validation of the application resource model has failed during application initialization.
[[FATAL] A resource model has ambiguous (sub-)resource method for HTTP method GET and input mime-types as defined by @Consumes and @Produces annotations at Java methods public java.lang.String Service.ImageResource.AlbumId(javax.servlet.http.HttpServletRequest,java.lang.String) throws org.json.JSONException,java.io.UnsupportedEncodingException and public java.lang.String Service.ImageResource.LayDSAlbum(javax.servlet.http.HttpServletRequest,java.lang.String) throws org.json.JSONException,java.io.UnsupportedEncodingException at matching regular expression /LayDSAlbum/([^/]+?). These two methods produces and consumes exactly the same mime-types and therefore their invocation as a resource methods will always fail.; source='org.glassfish.jersey.server.model.RuntimeResource@6aecc07d']
	at org.glassfish.jersey.server.ApplicationHandler.initialize(ApplicationHandler.java:444)
	at org.glassfish.jersey.server.ApplicationHandler.access$500(ApplicationHandler.java:162)
	at org.glassfish.jersey.server.ApplicationHandler$3.run(ApplicationHandler.java:304)
	at org.glassfish.jersey.internal.Errors$2.call(Errors.java:289)
	at org.glassfish.jersey.internal.Errors$2.call(Errors.java:286)
	at org.glassfish.jersey.internal.Errors.process(Errors.java:315)
	at org.glassfish.jersey.internal.Errors.process(Errors.java:297)
	at org.glassfish.jersey.internal.Errors.processWithException(Errors.java:286)
	at org.glassfish.jersey.server.ApplicationHandler.<init>(ApplicationHandler.java:301)
	at org.glassfish.jersey.servlet.WebComponent.<init>(WebComponent.java:311)
	at org.glassfish.jersey.servlet.ServletContainer.init(ServletContainer.java:169)
	at org.glassfish.jersey.servlet.ServletContainer.init(ServletContainer.java:359)
	at javax.servlet.GenericServlet.init(GenericServlet.java:158)
	at org.apache.catalina.core.StandardWrapper.initServlet(StandardWrapper.java:1227)
	at org.apache.catalina.core.StandardWrapper.load(StandardWrapper.java:1030)
	at org.apache.catalina.core.StandardContext.loadOnStartup(StandardContext.java:5038)
	at org.apache.catalina.core.StandardContext.startInternal(StandardContext.java:5348)
	at org.apache.catalina.util.LifecycleBase.start(LifecycleBase.java:145)
	at org.apache.catalina.core.ContainerBase.addChildInternal(ContainerBase.java:753)
	at org.apache.catalina.core.ContainerBase.addChild(ContainerBase.java:729)
	at org.apache.catalina.core.StandardHost.addChild(StandardHost.java:717)
	at org.apache.catalina.startup.HostConfig.deployDescriptor(HostConfig.java:587)
	at org.apache.catalina.startup.HostConfig$DeployDescriptor.run(HostConfig.java:1798)
	at java.util.concurrent.Executors$RunnableAdapter.call(Executors.java:471)
	at java.util.concurrent.FutureTask.run(FutureTask.java:262)
	at java.util.concurrent.ThreadPoolExecutor.runWorker(ThreadPoolExecutor.java:1145)
	at java.util.concurrent.ThreadPoolExecutor$Worker.run(ThreadPoolExecutor.java:615)
	at java.lang.Thread.run(Thread.java:745)

23-Feb-2017 23:40:05.643 SEVERE [localhost-startStop-1] org.apache.catalina.core.StandardContext.loadOnStartup Servlet [Service.ApplicationConfig] in web application [/AnhKyYeu] threw load() exception
 org.glassfish.jersey.server.model.ModelValidationException: Validation of the application resource model has failed during application initialization.
[[FATAL] A resource model has ambiguous (sub-)resource method for HTTP method GET and input mime-types as defined by @Consumes and @Produces annotations at Java methods public java.lang.String Service.ImageResource.AlbumId(javax.servlet.http.HttpServletRequest,java.lang.String) throws org.json.JSONException,java.io.UnsupportedEncodingException and public java.lang.String Service.ImageResource.LayDSAlbum(javax.servlet.http.HttpServletRequest,java.lang.String) throws org.json.JSONException,java.io.UnsupportedEncodingException at matching regular expression /LayDSAlbum/([^/]+?). These two methods produces and consumes exactly the same mime-types and therefore their invocation as a resource methods will always fail.; source='org.glassfish.jersey.server.model.RuntimeResource@6aecc07d']
	at org.glassfish.jersey.server.ApplicationHandler.initialize(ApplicationHandler.java:444)
	at org.glassfish.jersey.server.ApplicationHandler.access$500(ApplicationHandler.java:162)
	at org.glassfish.jersey.server.ApplicationHandler$3.run(ApplicationHandler.java:304)
	at org.glassfish.jersey.internal.Errors$2.call(Errors.java:289)
	at org.glassfish.jersey.internal.Errors$2.call(Errors.java:286)
	at org.glassfish.jersey.internal.Errors.process(Errors.java:315)
	at org.glassfish.jersey.internal.Errors.process(Errors.java:297)
	at org.glassfish.jersey.internal.Errors.processWithException(Errors.java:286)
	at org.glassfish.jersey.server.ApplicationHandler.<init>(ApplicationHandler.java:301)
	at org.glassfish.jersey.servlet.WebComponent.<init>(WebComponent.java:311)
	at org.glassfish.jersey.servlet.ServletContainer.init(ServletContainer.java:169)
	at org.glassfish.jersey.servlet.ServletContainer.init(ServletContainer.java:359)
	at javax.servlet.GenericServlet.init(GenericServlet.java:158)
	at org.apache.catalina.core.StandardWrapper.initServlet(StandardWrapper.java:1227)
	at org.apache.catalina.core.StandardWrapper.load(StandardWrapper.java:1030)
	at org.apache.catalina.core.StandardContext.loadOnStartup(StandardContext.java:5038)
	at org.apache.catalina.core.StandardContext.startInternal(StandardContext.java:5348)
	at org.apache.catalina.util.LifecycleBase.start(LifecycleBase.java:145)
	at org.apache.catalina.core.ContainerBase.addChildInternal(ContainerBase.java:753)
	at org.apache.catalina.core.ContainerBase.addChild(ContainerBase.java:729)
	at org.apache.catalina.core.StandardHost.addChild(StandardHost.java:717)
	at org.apache.catalina.startup.HostConfig.deployDescriptor(HostConfig.java:587)
	at org.apache.catalina.startup.HostConfig$DeployDescriptor.run(HostConfig.java:1798)
	at java.util.concurrent.Executors$RunnableAdapter.call(Executors.java:471)
	at java.util.concurrent.FutureTask.run(FutureTask.java:262)
	at java.util.concurrent.ThreadPoolExecutor.runWorker(ThreadPoolExecutor.java:1145)
	at java.util.concurrent.ThreadPoolExecutor$Worker.run(ThreadPoolExecutor.java:615)
	at java.lang.Thread.run(Thread.java:745)

23-Feb-2017 23:40:06.066 INFO [localhost-startStop-1] org.apache.catalina.core.ApplicationContext.log ContextListener: contextInitialized()
23-Feb-2017 23:40:06.066 INFO [localhost-startStop-1] org.apache.catalina.core.ApplicationContext.log SessionListener: contextInitialized()
23-Feb-2017 23:40:10.443 SEVERE [http-apr-8086-exec-14] org.apache.catalina.core.ApplicationContext.log StandardWrapper.Throwable
 org.glassfish.jersey.server.model.ModelValidationException: Validation of the application resource model has failed during application initialization.
[[FATAL] A resource model has ambiguous (sub-)resource method for HTTP method GET and input mime-types as defined by @Consumes and @Produces annotations at Java methods public java.lang.String Service.ImageResource.LayDSAlbum(javax.servlet.http.HttpServletRequest,java.lang.String) throws org.json.JSONException,java.io.UnsupportedEncodingException and public java.lang.String Service.ImageResource.AlbumId(javax.servlet.http.HttpServletRequest,java.lang.String) throws org.json.JSONException,java.io.UnsupportedEncodingException at matching regular expression /LayDSAlbum/([^/]+?). These two methods produces and consumes exactly the same mime-types and therefore their invocation as a resource methods will always fail.; source='org.glassfish.jersey.server.model.RuntimeResource@1c3db78e']
	at org.glassfish.jersey.server.ApplicationHandler.initialize(ApplicationHandler.java:444)
	at org.glassfish.jersey.server.ApplicationHandler.access$500(ApplicationHandler.java:162)
	at org.glassfish.jersey.server.ApplicationHandler$3.run(ApplicationHandler.java:304)
	at org.glassfish.jersey.internal.Errors$2.call(Errors.java:289)
	at org.glassfish.jersey.internal.Errors$2.call(Errors.java:286)
	at org.glassfish.jersey.internal.Errors.process(Errors.java:315)
	at org.glassfish.jersey.internal.Errors.process(Errors.java:297)
	at org.glassfish.jersey.internal.Errors.processWithException(Errors.java:286)
	at org.glassfish.jersey.server.ApplicationHandler.<init>(ApplicationHandler.java:301)
	at org.glassfish.jersey.servlet.WebComponent.<init>(WebComponent.java:311)
	at org.glassfish.jersey.servlet.ServletContainer.init(ServletContainer.java:169)
	at org.glassfish.jersey.servlet.ServletContainer.init(ServletContainer.java:359)
	at javax.servlet.GenericServlet.init(GenericServlet.java:158)
	at org.apache.catalina.core.StandardWrapper.initServlet(StandardWrapper.java:1227)
	at org.apache.catalina.core.StandardWrapper.load(StandardWrapper.java:1030)
	at org.apache.catalina.core.StandardContext.loadOnStartup(StandardContext.java:5038)
	at org.apache.catalina.core.StandardContext.startInternal(StandardContext.java:5348)
	at org.apache.catalina.util.LifecycleBase.start(LifecycleBase.java:145)
	at org.apache.catalina.core.ContainerBase.addChildInternal(ContainerBase.java:753)
	at org.apache.catalina.core.ContainerBase.addChild(ContainerBase.java:729)
	at org.apache.catalina.core.StandardHost.addChild(StandardHost.java:717)
	at org.apache.catalina.startup.HostConfig.deployDescriptor(HostConfig.java:587)
	at org.apache.catalina.startup.HostConfig.deployApps(HostConfig.java:461)
	at org.apache.catalina.startup.HostConfig.check(HostConfig.java:1612)
	at sun.reflect.NativeMethodAccessorImpl.invoke0(Native Method)
	at sun.reflect.NativeMethodAccessorImpl.invoke(NativeMethodAccessorImpl.java:57)
	at sun.reflect.DelegatingMethodAccessorImpl.invoke(DelegatingMethodAccessorImpl.java:43)
	at java.lang.reflect.Method.invoke(Method.java:606)
	at org.apache.tomcat.util.modeler.BaseModelMBean.invoke(BaseModelMBean.java:300)
	at com.sun.jmx.interceptor.DefaultMBeanServerInterceptor.invoke(DefaultMBeanServerInterceptor.java:819)
	at com.sun.jmx.mbeanserver.JmxMBeanServer.invoke(JmxMBeanServer.java:801)
	at org.apache.catalina.manager.ManagerServlet.check(ManagerServlet.java:1451)
	at org.apache.catalina.manager.ManagerServlet.deploy(ManagerServlet.java:897)
	at org.apache.catalina.manager.ManagerServlet.doGet(ManagerServlet.java:335)
	at javax.servlet.http.HttpServlet.service(HttpServlet.java:622)
	at javax.servlet.http.HttpServlet.service(HttpServlet.java:729)
	at org.apache.catalina.core.ApplicationFilterChain.internalDoFilter(ApplicationFilterChain.java:292)
	at org.apache.catalina.core.ApplicationFilterChain.doFilter(ApplicationFilterChain.java:207)
	at org.apache.tomcat.websocket.server.WsFilter.doFilter(WsFilter.java:52)
	at org.apache.catalina.core.ApplicationFilterChain.internalDoFilter(ApplicationFilterChain.java:240)
	at org.apache.catalina.core.ApplicationFilterChain.doFilter(ApplicationFilterChain.java:207)
	at org.apache.catalina.filters.SetCharacterEncodingFilter.doFilter(SetCharacterEncodingFilter.java:108)
	at org.apache.catalina.core.ApplicationFilterChain.internalDoFilter(ApplicationFilterChain.java:240)
	at org.apache.catalina.core.ApplicationFilterChain.doFilter(ApplicationFilterChain.java:207)
	at org.apache.catalina.core.StandardWrapperValve.invoke(StandardWrapperValve.java:212)
	at org.apache.catalina.core.StandardContextValve.invoke(StandardContextValve.java:106)
	at org.apache.catalina.authenticator.AuthenticatorBase.invoke(AuthenticatorBase.java:614)
	at org.apache.catalina.core.StandardHostValve.invoke(StandardHostValve.java:141)
	at org.apache.catalina.valves.ErrorReportValve.invoke(ErrorReportValve.java:79)
	at org.apache.catalina.valves.AbstractAccessLogValve.invoke(AbstractAccessLogValve.java:616)
	at org.apache.catalina.core.StandardEngineValve.invoke(StandardEngineValve.java:88)
	at org.apache.catalina.connector.CoyoteAdapter.service(CoyoteAdapter.java:509)
	at org.apache.coyote.http11.AbstractHttp11Processor.process(AbstractHttp11Processor.java:1104)
	at org.apache.coyote.AbstractProtocol$AbstractConnectionHandler.process(AbstractProtocol.java:684)
	at org.apache.tomcat.util.net.AprEndpoint$SocketProcessor.doRun(AprEndpoint.java:2508)
	at org.apache.tomcat.util.net.AprEndpoint$SocketProcessor.run(AprEndpoint.java:2497)
	at java.util.concurrent.ThreadPoolExecutor.runWorker(ThreadPoolExecutor.java:1145)
	at java.util.concurrent.ThreadPoolExecutor$Worker.run(ThreadPoolExecutor.java:615)
	at org.apache.tomcat.util.threads.TaskThread$WrappingRunnable.run(TaskThread.java:61)
	at java.lang.Thread.run(Thread.java:745)

23-Feb-2017 23:40:10.443 SEVERE [http-apr-8086-exec-14] org.apache.catalina.core.StandardContext.loadOnStartup Servlet [Service.ApplicationConfig] in web application [/AnhKyYeu] threw load() exception
 org.glassfish.jersey.server.model.ModelValidationException: Validation of the application resource model has failed during application initialization.
[[FATAL] A resource model has ambiguous (sub-)resource method for HTTP method GET and input mime-types as defined by @Consumes and @Produces annotations at Java methods public java.lang.String Service.ImageResource.LayDSAlbum(javax.servlet.http.HttpServletRequest,java.lang.String) throws org.json.JSONException,java.io.UnsupportedEncodingException and public java.lang.String Service.ImageResource.AlbumId(javax.servlet.http.HttpServletRequest,java.lang.String) throws org.json.JSONException,java.io.UnsupportedEncodingException at matching regular expression /LayDSAlbum/([^/]+?). These two methods produces and consumes exactly the same mime-types and therefore their invocation as a resource methods will always fail.; source='org.glassfish.jersey.server.model.RuntimeResource@1c3db78e']
	at org.glassfish.jersey.server.ApplicationHandler.initialize(ApplicationHandler.java:444)
	at org.glassfish.jersey.server.ApplicationHandler.access$500(ApplicationHandler.java:162)
	at org.glassfish.jersey.server.ApplicationHandler$3.run(ApplicationHandler.java:304)
	at org.glassfish.jersey.internal.Errors$2.call(Errors.java:289)
	at org.glassfish.jersey.internal.Errors$2.call(Errors.java:286)
	at org.glassfish.jersey.internal.Errors.process(Errors.java:315)
	at org.glassfish.jersey.internal.Errors.process(Errors.java:297)
	at org.glassfish.jersey.internal.Errors.processWithException(Errors.java:286)
	at org.glassfish.jersey.server.ApplicationHandler.<init>(ApplicationHandler.java:301)
	at org.glassfish.jersey.servlet.WebComponent.<init>(WebComponent.java:311)
	at org.glassfish.jersey.servlet.ServletContainer.init(ServletContainer.java:169)
	at org.glassfish.jersey.servlet.ServletContainer.init(ServletContainer.java:359)
	at javax.servlet.GenericServlet.init(GenericServlet.java:158)
	at org.apache.catalina.core.StandardWrapper.initServlet(StandardWrapper.java:1227)
	at org.apache.catalina.core.StandardWrapper.load(StandardWrapper.java:1030)
	at org.apache.catalina.core.StandardContext.loadOnStartup(StandardContext.java:5038)
	at org.apache.catalina.core.StandardContext.startInternal(StandardContext.java:5348)
	at org.apache.catalina.util.LifecycleBase.start(LifecycleBase.java:145)
	at org.apache.catalina.core.ContainerBase.addChildInternal(ContainerBase.java:753)
	at org.apache.catalina.core.ContainerBase.addChild(ContainerBase.java:729)
	at org.apache.catalina.core.StandardHost.addChild(StandardHost.java:717)
	at org.apache.catalina.startup.HostConfig.deployDescriptor(HostConfig.java:587)
	at org.apache.catalina.startup.HostConfig.deployApps(HostConfig.java:461)
	at org.apache.catalina.startup.HostConfig.check(HostConfig.java:1612)
	at sun.reflect.NativeMethodAccessorImpl.invoke0(Native Method)
	at sun.reflect.NativeMethodAccessorImpl.invoke(NativeMethodAccessorImpl.java:57)
	at sun.reflect.DelegatingMethodAccessorImpl.invoke(DelegatingMethodAccessorImpl.java:43)
	at java.lang.reflect.Method.invoke(Method.java:606)
	at org.apache.tomcat.util.modeler.BaseModelMBean.invoke(BaseModelMBean.java:300)
	at com.sun.jmx.interceptor.DefaultMBeanServerInterceptor.invoke(DefaultMBeanServerInterceptor.java:819)
	at com.sun.jmx.mbeanserver.JmxMBeanServer.invoke(JmxMBeanServer.java:801)
	at org.apache.catalina.manager.ManagerServlet.check(ManagerServlet.java:1451)
	at org.apache.catalina.manager.ManagerServlet.deploy(ManagerServlet.java:897)
	at org.apache.catalina.manager.ManagerServlet.doGet(ManagerServlet.java:335)
	at javax.servlet.http.HttpServlet.service(HttpServlet.java:622)
	at javax.servlet.http.HttpServlet.service(HttpServlet.java:729)
	at org.apache.catalina.core.ApplicationFilterChain.internalDoFilter(ApplicationFilterChain.java:292)
	at org.apache.catalina.core.ApplicationFilterChain.doFilter(ApplicationFilterChain.java:207)
	at org.apache.tomcat.websocket.server.WsFilter.doFilter(WsFilter.java:52)
	at org.apache.catalina.core.ApplicationFilterChain.internalDoFilter(ApplicationFilterChain.java:240)
	at org.apache.catalina.core.ApplicationFilterChain.doFilter(ApplicationFilterChain.java:207)
	at org.apache.catalina.filters.SetCharacterEncodingFilter.doFilter(SetCharacterEncodingFilter.java:108)
	at org.apache.catalina.core.ApplicationFilterChain.internalDoFilter(ApplicationFilterChain.java:240)
	at org.apache.catalina.core.ApplicationFilterChain.doFilter(ApplicationFilterChain.java:207)
	at org.apache.catalina.core.StandardWrapperValve.invoke(StandardWrapperValve.java:212)
	at org.apache.catalina.core.StandardContextValve.invoke(StandardContextValve.java:106)
	at org.apache.catalina.authenticator.AuthenticatorBase.invoke(AuthenticatorBase.java:614)
	at org.apache.catalina.core.StandardHostValve.invoke(StandardHostValve.java:141)
	at org.apache.catalina.valves.ErrorReportValve.invoke(ErrorReportValve.java:79)
	at org.apache.catalina.valves.AbstractAccessLogValve.invoke(AbstractAccessLogValve.java:616)
	at org.apache.catalina.core.StandardEngineValve.invoke(StandardEngineValve.java:88)
	at org.apache.catalina.connector.CoyoteAdapter.service(CoyoteAdapter.java:509)
	at org.apache.coyote.http11.AbstractHttp11Processor.process(AbstractHttp11Processor.java:1104)
	at org.apache.coyote.AbstractProtocol$AbstractConnectionHandler.process(AbstractProtocol.java:684)
	at org.apache.tomcat.util.net.AprEndpoint$SocketProcessor.doRun(AprEndpoint.java:2508)
	at org.apache.tomcat.util.net.AprEndpoint$SocketProcessor.run(AprEndpoint.java:2497)
	at java.util.concurrent.ThreadPoolExecutor.runWorker(ThreadPoolExecutor.java:1145)
	at java.util.concurrent.ThreadPoolExecutor$Worker.run(ThreadPoolExecutor.java:615)
	at org.apache.tomcat.util.threads.TaskThread$WrappingRunnable.run(TaskThread.java:61)
	at java.lang.Thread.run(Thread.java:745)

23-Feb-2017 23:40:13.973 SEVERE [http-apr-8086-exec-20] org.apache.catalina.core.ApplicationContext.log StandardWrapper.Throwable
 java.lang.IllegalStateException: The resource configuration is not modifiable in this context.
	at org.glassfish.jersey.server.ResourceConfig$ImmutableState.register(ResourceConfig.java:270)
	at org.glassfish.jersey.server.ResourceConfig$ImmutableState.register(ResourceConfig.java:218)
	at org.glassfish.jersey.server.ResourceConfig.register(ResourceConfig.java:448)
	at org.glassfish.jersey.servlet.WebComponent.<init>(WebComponent.java:309)
	at org.glassfish.jersey.servlet.ServletContainer.init(ServletContainer.java:169)
	at org.glassfish.jersey.servlet.ServletContainer.init(ServletContainer.java:359)
	at javax.servlet.GenericServlet.init(GenericServlet.java:158)
	at org.apache.catalina.core.StandardWrapper.initServlet(StandardWrapper.java:1227)
	at org.apache.catalina.core.StandardWrapper.allocate(StandardWrapper.java:833)
	at org.apache.catalina.core.StandardWrapperValve.invoke(StandardWrapperValve.java:135)
	at org.apache.catalina.core.StandardContextValve.invoke(StandardContextValve.java:106)
	at org.apache.catalina.authenticator.AuthenticatorBase.invoke(AuthenticatorBase.java:502)
	at org.apache.catalina.core.StandardHostValve.invoke(StandardHostValve.java:141)
	at org.apache.catalina.valves.ErrorReportValve.invoke(ErrorReportValve.java:79)
	at org.apache.catalina.valves.AbstractAccessLogValve.invoke(AbstractAccessLogValve.java:616)
	at org.apache.catalina.core.StandardEngineValve.invoke(StandardEngineValve.java:88)
	at org.apache.catalina.connector.CoyoteAdapter.service(CoyoteAdapter.java:509)
	at org.apache.coyote.http11.AbstractHttp11Processor.process(AbstractHttp11Processor.java:1104)
	at org.apache.coyote.AbstractProtocol$AbstractConnectionHandler.process(AbstractProtocol.java:684)
	at org.apache.tomcat.util.net.AprEndpoint$SocketProcessor.doRun(AprEndpoint.java:2508)
	at org.apache.tomcat.util.net.AprEndpoint$SocketProcessor.run(AprEndpoint.java:2497)
	at java.util.concurrent.ThreadPoolExecutor.runWorker(ThreadPoolExecutor.java:1145)
	at java.util.concurrent.ThreadPoolExecutor$Worker.run(ThreadPoolExecutor.java:615)
	at org.apache.tomcat.util.threads.TaskThread$WrappingRunnable.run(TaskThread.java:61)
	at java.lang.Thread.run(Thread.java:745)

23-Feb-2017 23:40:13.973 SEVERE [http-apr-8086-exec-20] org.apache.catalina.core.StandardWrapperValve.invoke Allocate exception for servlet Service.ApplicationConfig
 java.lang.IllegalStateException: The resource configuration is not modifiable in this context.
	at org.glassfish.jersey.server.ResourceConfig$ImmutableState.register(ResourceConfig.java:270)
	at org.glassfish.jersey.server.ResourceConfig$ImmutableState.register(ResourceConfig.java:218)
	at org.glassfish.jersey.server.ResourceConfig.register(ResourceConfig.java:448)
	at org.glassfish.jersey.servlet.WebComponent.<init>(WebComponent.java:309)
	at org.glassfish.jersey.servlet.ServletContainer.init(ServletContainer.java:169)
	at org.glassfish.jersey.servlet.ServletContainer.init(ServletContainer.java:359)
	at javax.servlet.GenericServlet.init(GenericServlet.java:158)
	at org.apache.catalina.core.StandardWrapper.initServlet(StandardWrapper.java:1227)
	at org.apache.catalina.core.StandardWrapper.allocate(StandardWrapper.java:833)
	at org.apache.catalina.core.StandardWrapperValve.invoke(StandardWrapperValve.java:135)
	at org.apache.catalina.core.StandardContextValve.invoke(StandardContextValve.java:106)
	at org.apache.catalina.authenticator.AuthenticatorBase.invoke(AuthenticatorBase.java:502)
	at org.apache.catalina.core.StandardHostValve.invoke(StandardHostValve.java:141)
	at org.apache.catalina.valves.ErrorReportValve.invoke(ErrorReportValve.java:79)
	at org.apache.catalina.valves.AbstractAccessLogValve.invoke(AbstractAccessLogValve.java:616)
	at org.apache.catalina.core.StandardEngineValve.invoke(StandardEngineValve.java:88)
	at org.apache.catalina.connector.CoyoteAdapter.service(CoyoteAdapter.java:509)
	at org.apache.coyote.http11.AbstractHttp11Processor.process(AbstractHttp11Processor.java:1104)
	at org.apache.coyote.AbstractProtocol$AbstractConnectionHandler.process(AbstractProtocol.java:684)
	at org.apache.tomcat.util.net.AprEndpoint$SocketProcessor.doRun(AprEndpoint.java:2508)
	at org.apache.tomcat.util.net.AprEndpoint$SocketProcessor.run(AprEndpoint.java:2497)
	at java.util.concurrent.ThreadPoolExecutor.runWorker(ThreadPoolExecutor.java:1145)
	at java.util.concurrent.ThreadPoolExecutor$Worker.run(ThreadPoolExecutor.java:615)
	at org.apache.tomcat.util.threads.TaskThread$WrappingRunnable.run(TaskThread.java:61)
	at java.lang.Thread.run(Thread.java:745)

23-Feb-2017 23:40:13.979 SEVERE [http-apr-8086-exec-18] org.apache.catalina.core.StandardWrapperValve.invoke Servlet.service() for servlet [Image] in context with path [/AnhKyYeu] threw exception
 java.lang.RuntimeException: Failed : HTTP error code : 500
	at Service.ServiceUtils.callService(ServiceUtils.java:52)
	at Model.Image.processRequest(Image.java:37)
	at Model.Image.doGet(Image.java:75)
	at javax.servlet.http.HttpServlet.service(HttpServlet.java:622)
	at javax.servlet.http.HttpServlet.service(HttpServlet.java:729)
	at org.apache.catalina.core.ApplicationFilterChain.internalDoFilter(ApplicationFilterChain.java:292)
	at org.apache.catalina.core.ApplicationFilterChain.doFilter(ApplicationFilterChain.java:207)
	at org.apache.tomcat.websocket.server.WsFilter.doFilter(WsFilter.java:52)
	at org.apache.catalina.core.ApplicationFilterChain.internalDoFilter(ApplicationFilterChain.java:240)
	at org.apache.catalina.core.ApplicationFilterChain.doFilter(ApplicationFilterChain.java:207)
	at org.apache.catalina.core.StandardWrapperValve.invoke(StandardWrapperValve.java:212)
	at org.apache.catalina.core.StandardContextValve.invoke(StandardContextValve.java:106)
	at org.apache.catalina.authenticator.AuthenticatorBase.invoke(AuthenticatorBase.java:502)
	at org.apache.catalina.core.StandardHostValve.invoke(StandardHostValve.java:141)
	at org.apache.catalina.valves.ErrorReportValve.invoke(ErrorReportValve.java:79)
	at org.apache.catalina.valves.AbstractAccessLogValve.invoke(AbstractAccessLogValve.java:616)
	at org.apache.catalina.core.StandardEngineValve.invoke(StandardEngineValve.java:88)
	at org.apache.catalina.connector.CoyoteAdapter.service(CoyoteAdapter.java:509)
	at org.apache.coyote.http11.AbstractHttp11Processor.process(AbstractHttp11Processor.java:1104)
	at org.apache.coyote.AbstractProtocol$AbstractConnectionHandler.process(AbstractProtocol.java:684)
	at org.apache.tomcat.util.net.AprEndpoint$SocketProcessor.doRun(AprEndpoint.java:2508)
	at org.apache.tomcat.util.net.AprEndpoint$SocketProcessor.run(AprEndpoint.java:2497)
	at java.util.concurrent.ThreadPoolExecutor.runWorker(ThreadPoolExecutor.java:1145)
	at java.util.concurrent.ThreadPoolExecutor$Worker.run(ThreadPoolExecutor.java:615)
	at org.apache.tomcat.util.threads.TaskThread$WrappingRunnable.run(TaskThread.java:61)
	at java.lang.Thread.run(Thread.java:745)

23-Feb-2017 23:41:02.019 SEVERE [http-apr-8086-exec-2] org.apache.catalina.core.ApplicationContext.log StandardWrapper.Throwable
 java.lang.IllegalStateException: The resource configuration is not modifiable in this context.
	at org.glassfish.jersey.server.ResourceConfig$ImmutableState.register(ResourceConfig.java:270)
	at org.glassfish.jersey.server.ResourceConfig$ImmutableState.register(ResourceConfig.java:218)
	at org.glassfish.jersey.server.ResourceConfig.register(ResourceConfig.java:448)
	at org.glassfish.jersey.servlet.WebComponent.<init>(WebComponent.java:309)
	at org.glassfish.jersey.servlet.ServletContainer.init(ServletContainer.java:169)
	at org.glassfish.jersey.servlet.ServletContainer.init(ServletContainer.java:359)
	at javax.servlet.GenericServlet.init(GenericServlet.java:158)
	at org.apache.catalina.core.StandardWrapper.initServlet(StandardWrapper.java:1227)
	at org.apache.catalina.core.StandardWrapper.allocate(StandardWrapper.java:833)
	at org.apache.catalina.core.StandardWrapperValve.invoke(StandardWrapperValve.java:135)
	at org.apache.catalina.core.StandardContextValve.invoke(StandardContextValve.java:106)
	at org.apache.catalina.authenticator.AuthenticatorBase.invoke(AuthenticatorBase.java:502)
	at org.apache.catalina.core.StandardHostValve.invoke(StandardHostValve.java:141)
	at org.apache.catalina.valves.ErrorReportValve.invoke(ErrorReportValve.java:79)
	at org.apache.catalina.valves.AbstractAccessLogValve.invoke(AbstractAccessLogValve.java:616)
	at org.apache.catalina.core.StandardEngineValve.invoke(StandardEngineValve.java:88)
	at org.apache.catalina.connector.CoyoteAdapter.service(CoyoteAdapter.java:509)
	at org.apache.coyote.http11.AbstractHttp11Processor.process(AbstractHttp11Processor.java:1104)
	at org.apache.coyote.AbstractProtocol$AbstractConnectionHandler.process(AbstractProtocol.java:684)
	at org.apache.tomcat.util.net.AprEndpoint$SocketProcessor.doRun(AprEndpoint.java:2508)
	at org.apache.tomcat.util.net.AprEndpoint$SocketProcessor.run(AprEndpoint.java:2497)
	at java.util.concurrent.ThreadPoolExecutor.runWorker(ThreadPoolExecutor.java:1145)
	at java.util.concurrent.ThreadPoolExecutor$Worker.run(ThreadPoolExecutor.java:615)
	at org.apache.tomcat.util.threads.TaskThread$WrappingRunnable.run(TaskThread.java:61)
	at java.lang.Thread.run(Thread.java:745)

23-Feb-2017 23:41:02.019 SEVERE [http-apr-8086-exec-2] org.apache.catalina.core.StandardWrapperValve.invoke Allocate exception for servlet Service.ApplicationConfig
 java.lang.IllegalStateException: The resource configuration is not modifiable in this context.
	at org.glassfish.jersey.server.ResourceConfig$ImmutableState.register(ResourceConfig.java:270)
	at org.glassfish.jersey.server.ResourceConfig$ImmutableState.register(ResourceConfig.java:218)
	at org.glassfish.jersey.server.ResourceConfig.register(ResourceConfig.java:448)
	at org.glassfish.jersey.servlet.WebComponent.<init>(WebComponent.java:309)
	at org.glassfish.jersey.servlet.ServletContainer.init(ServletContainer.java:169)
	at org.glassfish.jersey.servlet.ServletContainer.init(ServletContainer.java:359)
	at javax.servlet.GenericServlet.init(GenericServlet.java:158)
	at org.apache.catalina.core.StandardWrapper.initServlet(StandardWrapper.java:1227)
	at org.apache.catalina.core.StandardWrapper.allocate(StandardWrapper.java:833)
	at org.apache.catalina.core.StandardWrapperValve.invoke(StandardWrapperValve.java:135)
	at org.apache.catalina.core.StandardContextValve.invoke(StandardContextValve.java:106)
	at org.apache.catalina.authenticator.AuthenticatorBase.invoke(AuthenticatorBase.java:502)
	at org.apache.catalina.core.StandardHostValve.invoke(StandardHostValve.java:141)
	at org.apache.catalina.valves.ErrorReportValve.invoke(ErrorReportValve.java:79)
	at org.apache.catalina.valves.AbstractAccessLogValve.invoke(AbstractAccessLogValve.java:616)
	at org.apache.catalina.core.StandardEngineValve.invoke(StandardEngineValve.java:88)
	at org.apache.catalina.connector.CoyoteAdapter.service(CoyoteAdapter.java:509)
	at org.apache.coyote.http11.AbstractHttp11Processor.process(AbstractHttp11Processor.java:1104)
	at org.apache.coyote.AbstractProtocol$AbstractConnectionHandler.process(AbstractProtocol.java:684)
	at org.apache.tomcat.util.net.AprEndpoint$SocketProcessor.doRun(AprEndpoint.java:2508)
	at org.apache.tomcat.util.net.AprEndpoint$SocketProcessor.run(AprEndpoint.java:2497)
	at java.util.concurrent.ThreadPoolExecutor.runWorker(ThreadPoolExecutor.java:1145)
	at java.util.concurrent.ThreadPoolExecutor$Worker.run(ThreadPoolExecutor.java:615)
	at org.apache.tomcat.util.threads.TaskThread$WrappingRunnable.run(TaskThread.java:61)
	at java.lang.Thread.run(Thread.java:745)

23-Feb-2017 23:41:02.019 SEVERE [http-apr-8086-exec-6] org.apache.catalina.core.StandardWrapperValve.invoke Servlet.service() for servlet [Login] in context with path [/AnhKyYeu] threw exception
 java.lang.RuntimeException: Failed : HTTP error code : 500
	at Service.ServiceUtils.callService(ServiceUtils.java:61)
	at Model.Login.processRequest(Login.java:62)
	at Model.Login.doPost(Login.java:104)
	at javax.servlet.http.HttpServlet.service(HttpServlet.java:648)
	at javax.servlet.http.HttpServlet.service(HttpServlet.java:729)
	at org.apache.catalina.core.ApplicationFilterChain.internalDoFilter(ApplicationFilterChain.java:292)
	at org.apache.catalina.core.ApplicationFilterChain.doFilter(ApplicationFilterChain.java:207)
	at org.apache.tomcat.websocket.server.WsFilter.doFilter(WsFilter.java:52)
	at org.apache.catalina.core.ApplicationFilterChain.internalDoFilter(ApplicationFilterChain.java:240)
	at org.apache.catalina.core.ApplicationFilterChain.doFilter(ApplicationFilterChain.java:207)
	at org.apache.catalina.core.StandardWrapperValve.invoke(StandardWrapperValve.java:212)
	at org.apache.catalina.core.StandardContextValve.invoke(StandardContextValve.java:106)
	at org.apache.catalina.authenticator.AuthenticatorBase.invoke(AuthenticatorBase.java:502)
	at org.apache.catalina.core.StandardHostValve.invoke(StandardHostValve.java:141)
	at org.apache.catalina.valves.ErrorReportValve.invoke(ErrorReportValve.java:79)
	at org.apache.catalina.valves.AbstractAccessLogValve.invoke(AbstractAccessLogValve.java:616)
	at org.apache.catalina.core.StandardEngineValve.invoke(StandardEngineValve.java:88)
	at org.apache.catalina.connector.CoyoteAdapter.service(CoyoteAdapter.java:509)
	at org.apache.coyote.http11.AbstractHttp11Processor.process(AbstractHttp11Processor.java:1104)
	at org.apache.coyote.AbstractProtocol$AbstractConnectionHandler.process(AbstractProtocol.java:684)
	at org.apache.tomcat.util.net.AprEndpoint$SocketProcessor.doRun(AprEndpoint.java:2508)
	at org.apache.tomcat.util.net.AprEndpoint$SocketProcessor.run(AprEndpoint.java:2497)
	at java.util.concurrent.ThreadPoolExecutor.runWorker(ThreadPoolExecutor.java:1145)
	at java.util.concurrent.ThreadPoolExecutor$Worker.run(ThreadPoolExecutor.java:615)
	at org.apache.tomcat.util.threads.TaskThread$WrappingRunnable.run(TaskThread.java:61)
	at java.lang.Thread.run(Thread.java:745)

