27-Feb-2017 21:50:26.134 INFO [localhost-startStop-1] org.apache.catalina.core.ApplicationContext.log ContextListener: contextInitialized()
27-Feb-2017 21:50:26.135 INFO [localhost-startStop-1] org.apache.catalina.core.ApplicationContext.log SessionListener: contextInitialized()
27-Feb-2017 21:50:59.402 SEVERE [http-apr-8086-exec-13] org.apache.catalina.core.StandardWrapperValve.invoke Servlet.service() for servlet [Image] in context with path [/AnhKyYeu] threw exception
 java.lang.RuntimeException: Failed : HTTP error code : 404
	at Service.ServiceUtils.callService(ServiceUtils.java:52)
	at Model.Image.processRequest(Image.java:56)
	at Model.Image.doGet(Image.java:81)
	at javax.servlet.http.HttpServlet.service(HttpServlet.java:622)
	at javax.servlet.http.HttpServlet.service(HttpServlet.java:729)
	at org.apache.catalina.core.ApplicationFilterChain.internalDoFilter(ApplicationFilterChain.java:292)
	at org.apache.catalina.core.ApplicationFilterChain.doFilter(ApplicationFilterChain.java:207)
	at org.apache.tomcat.websocket.server.WsFilter.doFilter(WsFilter.java:52)
	at org.apache.catalina.core.ApplicationFilterChain.internalDoFilter(ApplicationFilterChain.java:240)
	at org.apache.catalina.core.ApplicationFilterChain.doFilter(ApplicationFilterChain.java:207)
	at org.apache.catalina.core.StandardWrapperValve.invoke(StandardWrapperValve.java:212)
	at org.apache.catalina.core.StandardContextValve.invoke(StandardContextValve.java:106)
	at org.apache.catalina.authenticator.AuthenticatorBase.invoke(AuthenticatorBase.java:502)
	at org.apache.catalina.core.StandardHostValve.invoke(StandardHostValve.java:141)
	at org.apache.catalina.valves.ErrorReportValve.invoke(ErrorReportValve.java:79)
	at org.apache.catalina.valves.AbstractAccessLogValve.invoke(AbstractAccessLogValve.java:616)
	at org.apache.catalina.core.StandardEngineValve.invoke(StandardEngineValve.java:88)
	at org.apache.catalina.connector.CoyoteAdapter.service(CoyoteAdapter.java:509)
	at org.apache.coyote.http11.AbstractHttp11Processor.process(AbstractHttp11Processor.java:1104)
	at org.apache.coyote.AbstractProtocol$AbstractConnectionHandler.process(AbstractProtocol.java:684)
	at org.apache.tomcat.util.net.AprEndpoint$SocketProcessor.doRun(AprEndpoint.java:2508)
	at org.apache.tomcat.util.net.AprEndpoint$SocketProcessor.run(AprEndpoint.java:2497)
	at java.util.concurrent.ThreadPoolExecutor.runWorker(ThreadPoolExecutor.java:1145)
	at java.util.concurrent.ThreadPoolExecutor$Worker.run(ThreadPoolExecutor.java:615)
	at org.apache.tomcat.util.threads.TaskThread$WrappingRunnable.run(TaskThread.java:61)
	at java.lang.Thread.run(Thread.java:745)

27-Feb-2017 23:46:33.346 SEVERE [http-apr-8086-exec-116] org.apache.catalina.core.ApplicationContext.log StandardWrapper.Throwable
 java.lang.RuntimeException: Uncompilable source code - Erroneous tree type: <any>
	at Service.ApplicationConfig.addRestResourceClasses(ApplicationConfig.java:37)
	at Service.ApplicationConfig.getClasses(ApplicationConfig.java:21)
	at org.glassfish.jersey.server.ResourceConfig$RuntimeConfig$3.run(ResourceConfig.java:1199)
	at org.glassfish.jersey.internal.Errors$2.call(Errors.java:289)
	at org.glassfish.jersey.internal.Errors$2.call(Errors.java:286)
	at org.glassfish.jersey.internal.Errors.process(Errors.java:315)
	at org.glassfish.jersey.internal.Errors.process(Errors.java:297)
	at org.glassfish.jersey.internal.Errors.processWithException(Errors.java:286)
	at org.glassfish.jersey.server.ResourceConfig$RuntimeConfig.registerComponentsOf(ResourceConfig.java:1181)
	at org.glassfish.jersey.server.ResourceConfig$RuntimeConfig.<init>(ResourceConfig.java:1155)
	at org.glassfish.jersey.server.ResourceConfig$RuntimeConfig.<init>(ResourceConfig.java:1144)
	at org.glassfish.jersey.server.ResourceConfig.createRuntimeConfig(ResourceConfig.java:1140)
	at org.glassfish.jersey.server.ApplicationHandler.<init>(ApplicationHandler.java:299)
	at org.glassfish.jersey.servlet.WebComponent.<init>(WebComponent.java:311)
	at org.glassfish.jersey.servlet.ServletContainer.init(ServletContainer.java:169)
	at org.glassfish.jersey.servlet.ServletContainer.init(ServletContainer.java:359)
	at javax.servlet.GenericServlet.init(GenericServlet.java:158)
	at org.apache.catalina.core.StandardWrapper.initServlet(StandardWrapper.java:1227)
	at org.apache.catalina.core.StandardWrapper.load(StandardWrapper.java:1030)
	at org.apache.catalina.core.StandardContext.loadOnStartup(StandardContext.java:5038)
	at org.apache.catalina.core.StandardContext.startInternal(StandardContext.java:5348)
	at org.apache.catalina.util.LifecycleBase.start(LifecycleBase.java:145)
	at org.apache.catalina.core.StandardContext.reload(StandardContext.java:3869)
	at org.apache.catalina.manager.ManagerServlet.reload(ManagerServlet.java:997)
	at org.apache.catalina.manager.ManagerServlet.doGet(ManagerServlet.java:345)
	at javax.servlet.http.HttpServlet.service(HttpServlet.java:622)
	at javax.servlet.http.HttpServlet.service(HttpServlet.java:729)
	at org.apache.catalina.core.ApplicationFilterChain.internalDoFilter(ApplicationFilterChain.java:292)
	at org.apache.catalina.core.ApplicationFilterChain.doFilter(ApplicationFilterChain.java:207)
	at org.apache.tomcat.websocket.server.WsFilter.doFilter(WsFilter.java:52)
	at org.apache.catalina.core.ApplicationFilterChain.internalDoFilter(ApplicationFilterChain.java:240)
	at org.apache.catalina.core.ApplicationFilterChain.doFilter(ApplicationFilterChain.java:207)
	at org.apache.catalina.filters.SetCharacterEncodingFilter.doFilter(SetCharacterEncodingFilter.java:108)
	at org.apache.catalina.core.ApplicationFilterChain.internalDoFilter(ApplicationFilterChain.java:240)
	at org.apache.catalina.core.ApplicationFilterChain.doFilter(ApplicationFilterChain.java:207)
	at org.apache.catalina.core.StandardWrapperValve.invoke(StandardWrapperValve.java:212)
	at org.apache.catalina.core.StandardContextValve.invoke(StandardContextValve.java:106)
	at org.apache.catalina.authenticator.AuthenticatorBase.invoke(AuthenticatorBase.java:614)
	at org.apache.catalina.core.StandardHostValve.invoke(StandardHostValve.java:141)
	at org.apache.catalina.valves.ErrorReportValve.invoke(ErrorReportValve.java:79)
	at org.apache.catalina.valves.AbstractAccessLogValve.invoke(AbstractAccessLogValve.java:616)
	at org.apache.catalina.core.StandardEngineValve.invoke(StandardEngineValve.java:88)
	at org.apache.catalina.connector.CoyoteAdapter.service(CoyoteAdapter.java:509)
	at org.apache.coyote.http11.AbstractHttp11Processor.process(AbstractHttp11Processor.java:1104)
	at org.apache.coyote.AbstractProtocol$AbstractConnectionHandler.process(AbstractProtocol.java:684)
	at org.apache.tomcat.util.net.AprEndpoint$SocketProcessor.doRun(AprEndpoint.java:2508)
	at org.apache.tomcat.util.net.AprEndpoint$SocketProcessor.run(AprEndpoint.java:2497)
	at java.util.concurrent.ThreadPoolExecutor.runWorker(ThreadPoolExecutor.java:1145)
	at java.util.concurrent.ThreadPoolExecutor$Worker.run(ThreadPoolExecutor.java:615)
	at org.apache.tomcat.util.threads.TaskThread$WrappingRunnable.run(TaskThread.java:61)
	at java.lang.Thread.run(Thread.java:745)

27-Feb-2017 23:46:33.347 SEVERE [http-apr-8086-exec-116] org.apache.catalina.core.StandardContext.loadOnStartup Servlet [Service.ApplicationConfig] in web application [/AnhKyYeu] threw load() exception
 java.lang.RuntimeException: Uncompilable source code - Erroneous tree type: <any>
	at Service.ApplicationConfig.addRestResourceClasses(ApplicationConfig.java:37)
	at Service.ApplicationConfig.getClasses(ApplicationConfig.java:21)
	at org.glassfish.jersey.server.ResourceConfig$RuntimeConfig$3.run(ResourceConfig.java:1199)
	at org.glassfish.jersey.internal.Errors$2.call(Errors.java:289)
	at org.glassfish.jersey.internal.Errors$2.call(Errors.java:286)
	at org.glassfish.jersey.internal.Errors.process(Errors.java:315)
	at org.glassfish.jersey.internal.Errors.process(Errors.java:297)
	at org.glassfish.jersey.internal.Errors.processWithException(Errors.java:286)
	at org.glassfish.jersey.server.ResourceConfig$RuntimeConfig.registerComponentsOf(ResourceConfig.java:1181)
	at org.glassfish.jersey.server.ResourceConfig$RuntimeConfig.<init>(ResourceConfig.java:1155)
	at org.glassfish.jersey.server.ResourceConfig$RuntimeConfig.<init>(ResourceConfig.java:1144)
	at org.glassfish.jersey.server.ResourceConfig.createRuntimeConfig(ResourceConfig.java:1140)
	at org.glassfish.jersey.server.ApplicationHandler.<init>(ApplicationHandler.java:299)
	at org.glassfish.jersey.servlet.WebComponent.<init>(WebComponent.java:311)
	at org.glassfish.jersey.servlet.ServletContainer.init(ServletContainer.java:169)
	at org.glassfish.jersey.servlet.ServletContainer.init(ServletContainer.java:359)
	at javax.servlet.GenericServlet.init(GenericServlet.java:158)
	at org.apache.catalina.core.StandardWrapper.initServlet(StandardWrapper.java:1227)
	at org.apache.catalina.core.StandardWrapper.load(StandardWrapper.java:1030)
	at org.apache.catalina.core.StandardContext.loadOnStartup(StandardContext.java:5038)
	at org.apache.catalina.core.StandardContext.startInternal(StandardContext.java:5348)
	at org.apache.catalina.util.LifecycleBase.start(LifecycleBase.java:145)
	at org.apache.catalina.core.StandardContext.reload(StandardContext.java:3869)
	at org.apache.catalina.manager.ManagerServlet.reload(ManagerServlet.java:997)
	at org.apache.catalina.manager.ManagerServlet.doGet(ManagerServlet.java:345)
	at javax.servlet.http.HttpServlet.service(HttpServlet.java:622)
	at javax.servlet.http.HttpServlet.service(HttpServlet.java:729)
	at org.apache.catalina.core.ApplicationFilterChain.internalDoFilter(ApplicationFilterChain.java:292)
	at org.apache.catalina.core.ApplicationFilterChain.doFilter(ApplicationFilterChain.java:207)
	at org.apache.tomcat.websocket.server.WsFilter.doFilter(WsFilter.java:52)
	at org.apache.catalina.core.ApplicationFilterChain.internalDoFilter(ApplicationFilterChain.java:240)
	at org.apache.catalina.core.ApplicationFilterChain.doFilter(ApplicationFilterChain.java:207)
	at org.apache.catalina.filters.SetCharacterEncodingFilter.doFilter(SetCharacterEncodingFilter.java:108)
	at org.apache.catalina.core.ApplicationFilterChain.internalDoFilter(ApplicationFilterChain.java:240)
	at org.apache.catalina.core.ApplicationFilterChain.doFilter(ApplicationFilterChain.java:207)
	at org.apache.catalina.core.StandardWrapperValve.invoke(StandardWrapperValve.java:212)
	at org.apache.catalina.core.StandardContextValve.invoke(StandardContextValve.java:106)
	at org.apache.catalina.authenticator.AuthenticatorBase.invoke(AuthenticatorBase.java:614)
	at org.apache.catalina.core.StandardHostValve.invoke(StandardHostValve.java:141)
	at org.apache.catalina.valves.ErrorReportValve.invoke(ErrorReportValve.java:79)
	at org.apache.catalina.valves.AbstractAccessLogValve.invoke(AbstractAccessLogValve.java:616)
	at org.apache.catalina.core.StandardEngineValve.invoke(StandardEngineValve.java:88)
	at org.apache.catalina.connector.CoyoteAdapter.service(CoyoteAdapter.java:509)
	at org.apache.coyote.http11.AbstractHttp11Processor.process(AbstractHttp11Processor.java:1104)
	at org.apache.coyote.AbstractProtocol$AbstractConnectionHandler.process(AbstractProtocol.java:684)
	at org.apache.tomcat.util.net.AprEndpoint$SocketProcessor.doRun(AprEndpoint.java:2508)
	at org.apache.tomcat.util.net.AprEndpoint$SocketProcessor.run(AprEndpoint.java:2497)
	at java.util.concurrent.ThreadPoolExecutor.runWorker(ThreadPoolExecutor.java:1145)
	at java.util.concurrent.ThreadPoolExecutor$Worker.run(ThreadPoolExecutor.java:615)
	at org.apache.tomcat.util.threads.TaskThread$WrappingRunnable.run(TaskThread.java:61)
	at java.lang.Thread.run(Thread.java:745)

