06-Mar-2017 00:00:14.045 INFO [http-apr-8086-exec-24] org.apache.catalina.core.ApplicationContext.log Manager: list: Listing contexts for virtual host 'localhost'
06-Mar-2017 00:00:57.180 INFO [http-apr-8086-exec-18] org.apache.catalina.core.ApplicationContext.log Manager: list: Listing contexts for virtual host 'localhost'
06-Mar-2017 00:01:22.269 INFO [http-apr-8086-exec-21] org.apache.catalina.core.ApplicationContext.log Manager: list: Listing contexts for virtual host 'localhost'
06-Mar-2017 00:01:48.415 INFO [http-apr-8086-exec-37] org.apache.catalina.core.ApplicationContext.log Manager: list: Listing contexts for virtual host 'localhost'
06-Mar-2017 00:02:31.348 INFO [http-apr-8086-exec-22] org.apache.catalina.core.ApplicationContext.log Manager: list: Listing contexts for virtual host 'localhost'
06-Mar-2017 00:03:09.286 INFO [http-apr-8086-exec-24] org.apache.catalina.core.ApplicationContext.log Manager: list: Listing contexts for virtual host 'localhost'
06-Mar-2017 00:03:24.388 INFO [http-apr-8086-exec-18] org.apache.catalina.core.ApplicationContext.log Manager: list: Listing contexts for virtual host 'localhost'
06-Mar-2017 00:04:22.040 INFO [http-apr-8086-exec-27] org.apache.catalina.core.ApplicationContext.log Manager: list: Listing contexts for virtual host 'localhost'
06-Mar-2017 00:04:23.340 INFO [http-apr-8086-exec-35] org.apache.catalina.core.ApplicationContext.log Manager: list: Listing contexts for virtual host 'localhost'
06-Mar-2017 00:05:02.770 INFO [http-apr-8086-exec-27] org.apache.catalina.core.ApplicationContext.log Manager: list: Listing contexts for virtual host 'localhost'
06-Mar-2017 00:05:51.380 INFO [http-apr-8086-exec-25] org.apache.catalina.core.ApplicationContext.log Manager: list: Listing contexts for virtual host 'localhost'
06-Mar-2017 00:06:31.683 INFO [http-apr-8086-exec-38] org.apache.catalina.core.ApplicationContext.log Manager: list: Listing contexts for virtual host 'localhost'
06-Mar-2017 00:06:45.858 INFO [http-apr-8086-exec-28] org.apache.catalina.core.ApplicationContext.log Manager: list: Listing contexts for virtual host 'localhost'
06-Mar-2017 00:06:56.575 INFO [http-apr-8086-exec-18] org.apache.catalina.core.ApplicationContext.log Manager: list: Listing contexts for virtual host 'localhost'
06-Mar-2017 00:07:15.818 INFO [http-apr-8086-exec-23] org.apache.catalina.core.ApplicationContext.log Manager: list: Listing contexts for virtual host 'localhost'
06-Mar-2017 00:07:37.432 INFO [http-apr-8086-exec-40] org.apache.catalina.core.ApplicationContext.log Manager: list: Listing contexts for virtual host 'localhost'
06-Mar-2017 00:07:49.531 INFO [http-apr-8086-exec-38] org.apache.catalina.core.ApplicationContext.log Manager: list: Listing contexts for virtual host 'localhost'
06-Mar-2017 00:08:12.366 INFO [http-apr-8086-exec-24] org.apache.catalina.core.ApplicationContext.log Manager: list: Listing contexts for virtual host 'localhost'
06-Mar-2017 00:08:51.122 INFO [http-apr-8086-exec-20] org.apache.catalina.core.ApplicationContext.log Manager: list: Listing contexts for virtual host 'localhost'
06-Mar-2017 00:08:59.134 INFO [http-apr-8086-exec-32] org.apache.catalina.core.ApplicationContext.log Manager: list: Listing contexts for virtual host 'localhost'
06-Mar-2017 00:10:05.276 INFO [http-apr-8086-exec-36] org.apache.catalina.core.ApplicationContext.log Manager: list: Listing contexts for virtual host 'localhost'
06-Mar-2017 00:10:05.287 INFO [http-apr-8086-exec-26] org.apache.catalina.core.ApplicationContext.log Manager: restart: Reloading web application '/AnhKyYeu'
06-Mar-2017 00:10:09.304 INFO [http-apr-8086-exec-20] org.apache.catalina.core.ApplicationContext.log Manager: list: Listing contexts for virtual host 'localhost'
06-Mar-2017 00:10:09.312 INFO [http-apr-8086-exec-31] org.apache.catalina.core.ApplicationContext.log Manager: restart: Reloading web application '/AnhKyYeu'
06-Mar-2017 00:11:14.268 INFO [http-apr-8086-exec-17] org.apache.catalina.core.ApplicationContext.log Manager: list: Listing contexts for virtual host 'localhost'
06-Mar-2017 00:11:14.276 INFO [http-apr-8086-exec-18] org.apache.catalina.core.ApplicationContext.log Manager: restart: Reloading web application '/AnhKyYeu'
06-Mar-2017 00:11:25.897 INFO [http-apr-8086-exec-33] org.apache.catalina.core.ApplicationContext.log Manager: list: Listing contexts for virtual host 'localhost'
06-Mar-2017 00:11:25.906 INFO [http-apr-8086-exec-17] org.apache.catalina.core.ApplicationContext.log Manager: restart: Reloading web application '/AnhKyYeu'
06-Mar-2017 00:11:29.169 INFO [http-apr-8086-exec-35] org.apache.catalina.core.ApplicationContext.log Manager: list: Listing contexts for virtual host 'localhost'
06-Mar-2017 00:11:29.177 INFO [http-apr-8086-exec-23] org.apache.catalina.core.ApplicationContext.log Manager: restart: Reloading web application '/AnhKyYeu'
06-Mar-2017 00:12:11.060 INFO [http-apr-8086-exec-39] org.apache.catalina.core.ApplicationContext.log Manager: list: Listing contexts for virtual host 'localhost'
06-Mar-2017 00:12:11.068 INFO [http-apr-8086-exec-28] org.apache.catalina.core.ApplicationContext.log Manager: restart: Reloading web application '/AnhKyYeu'
06-Mar-2017 00:12:16.781 INFO [http-apr-8086-exec-45] org.apache.catalina.core.ApplicationContext.log Manager: list: Listing contexts for virtual host 'localhost'
06-Mar-2017 00:12:16.789 INFO [http-apr-8086-exec-47] org.apache.catalina.core.ApplicationContext.log Manager: restart: Reloading web application '/AnhKyYeu'
06-Mar-2017 00:14:09.959 INFO [http-apr-8086-exec-21] org.apache.catalina.core.ApplicationContext.log Manager: list: Listing contexts for virtual host 'localhost'
06-Mar-2017 00:16:01.764 INFO [http-apr-8086-exec-60] org.apache.catalina.core.ApplicationContext.log Manager: list: Listing contexts for virtual host 'localhost'
06-Mar-2017 00:16:01.772 INFO [http-apr-8086-exec-59] org.apache.catalina.core.ApplicationContext.log Manager: restart: Reloading web application '/AnhKyYeu'
06-Mar-2017 00:18:31.299 INFO [http-apr-8086-exec-35] org.apache.catalina.core.ApplicationContext.log Manager: list: Listing contexts for virtual host 'localhost'
06-Mar-2017 00:18:31.302 INFO [http-apr-8086-exec-57] org.apache.catalina.core.ApplicationContext.log Manager: list: Listing contexts for virtual host 'localhost'
06-Mar-2017 00:18:31.311 INFO [http-apr-8086-exec-63] org.apache.catalina.core.ApplicationContext.log Manager: undeploy: Undeploying web application at '/AnhKyYeu'
06-Mar-2017 00:18:31.840 INFO [http-apr-8086-exec-65] org.apache.catalina.core.ApplicationContext.log Manager: install: Installing context configuration at 'file:/C:/Users/BVHIEN/AppData/Local/Temp/context8085727393985918882.xml'
06-Mar-2017 00:18:34.399 INFO [http-apr-8086-exec-70] org.apache.catalina.core.ApplicationContext.log Manager: start: Starting web application '/AnhKyYeu'
06-Mar-2017 00:24:37.917 INFO [http-apr-8086-exec-79] org.apache.catalina.core.ApplicationContext.log Manager: list: Listing contexts for virtual host 'localhost'
06-Mar-2017 00:24:39.255 INFO [http-apr-8086-exec-86] org.apache.catalina.core.ApplicationContext.log Manager: list: Listing contexts for virtual host 'localhost'
06-Mar-2017 00:24:39.264 INFO [http-apr-8086-exec-87] org.apache.catalina.core.ApplicationContext.log Manager: restart: Reloading web application '/AnhKyYeu'
06-Mar-2017 00:24:50.583 INFO [http-apr-8086-exec-72] org.apache.catalina.core.ApplicationContext.log Manager: list: Listing contexts for virtual host 'localhost'
06-Mar-2017 00:24:50.590 INFO [http-apr-8086-exec-86] org.apache.catalina.core.ApplicationContext.log Manager: restart: Reloading web application '/AnhKyYeu'
06-Mar-2017 00:25:08.690 INFO [http-apr-8086-exec-90] org.apache.catalina.core.ApplicationContext.log Manager: list: Listing contexts for virtual host 'localhost'
06-Mar-2017 00:25:08.708 INFO [http-apr-8086-exec-81] org.apache.catalina.core.ApplicationContext.log Manager: restart: Reloading web application '/AnhKyYeu'
06-Mar-2017 00:25:12.038 INFO [http-apr-8086-exec-76] org.apache.catalina.core.ApplicationContext.log Manager: list: Listing contexts for virtual host 'localhost'
06-Mar-2017 00:25:12.069 INFO [http-apr-8086-exec-93] org.apache.catalina.core.ApplicationContext.log Manager: stop: Stopping web application '/AnhKyYeu'
06-Mar-2017 00:25:12.083 INFO [http-apr-8086-exec-79] org.apache.catalina.core.ApplicationContext.log Manager: start: Starting web application '/AnhKyYeu'
06-Mar-2017 00:25:15.349 INFO [http-apr-8086-exec-90] org.apache.catalina.core.ApplicationContext.log Manager: list: Listing contexts for virtual host 'localhost'
06-Mar-2017 00:25:15.355 INFO [http-apr-8086-exec-85] org.apache.catalina.core.ApplicationContext.log Manager: restart: Reloading web application '/AnhKyYeu'
06-Mar-2017 00:25:32.544 INFO [http-apr-8086-exec-98] org.apache.catalina.core.ApplicationContext.log Manager: list: Listing contexts for virtual host 'localhost'
06-Mar-2017 00:25:32.546 INFO [http-apr-8086-exec-75] org.apache.catalina.core.ApplicationContext.log Manager: list: Listing contexts for virtual host 'localhost'
06-Mar-2017 00:25:32.558 INFO [http-apr-8086-exec-77] org.apache.catalina.core.ApplicationContext.log Manager: undeploy: Undeploying web application at '/AnhKyYeu'
06-Mar-2017 00:25:33.087 INFO [http-apr-8086-exec-96] org.apache.catalina.core.ApplicationContext.log Manager: install: Installing context configuration at 'file:/C:/Users/BVHIEN/AppData/Local/Temp/context637405992190936218.xml'
06-Mar-2017 00:25:35.856 INFO [http-apr-8086-exec-82] org.apache.catalina.core.ApplicationContext.log Manager: start: Starting web application '/AnhKyYeu'
06-Mar-2017 00:26:44.350 INFO [http-apr-8086-exec-76] org.apache.catalina.core.ApplicationContext.log Manager: list: Listing contexts for virtual host 'localhost'
06-Mar-2017 00:27:24.781 INFO [http-apr-8086-exec-102] org.apache.catalina.core.ApplicationContext.log Manager: list: Listing contexts for virtual host 'localhost'
06-Mar-2017 22:38:45.530 INFO [http-apr-8086-exec-13] org.apache.catalina.core.ApplicationContext.log Manager: init: Associated with Deployer 'Catalina:type=Deployer,host=localhost'
06-Mar-2017 22:38:45.530 INFO [http-apr-8086-exec-13] org.apache.catalina.core.ApplicationContext.log Manager: init: Global resources are available
06-Mar-2017 22:38:45.530 INFO [http-apr-8086-exec-13] org.apache.catalina.core.ApplicationContext.log Manager: list: Listing contexts for virtual host 'localhost'
06-Mar-2017 22:38:45.561 INFO [http-apr-8086-exec-14] org.apache.catalina.core.ApplicationContext.log Manager: list: Listing contexts for virtual host 'localhost'
06-Mar-2017 22:38:45.645 INFO [http-apr-8086-exec-15] org.apache.catalina.core.ApplicationContext.log Manager: undeploy: Undeploying web application at '/AnhKyYeu'
06-Mar-2017 22:38:46.431 INFO [http-apr-8086-exec-17] org.apache.catalina.core.ApplicationContext.log Manager: install: Installing context configuration at 'file:/C:/Users/BVHIEN/AppData/Local/Temp/context2235600771546985499.xml'
06-Mar-2017 22:38:49.499 INFO [http-apr-8086-exec-18] org.apache.catalina.core.ApplicationContext.log Manager: start: Starting web application '/AnhKyYeu'
06-Mar-2017 22:47:44.604 INFO [http-apr-8086-exec-26] org.apache.catalina.core.ApplicationContext.log Manager: list: Listing contexts for virtual host 'localhost'
06-Mar-2017 22:50:04.794 INFO [http-apr-8086-exec-38] org.apache.catalina.core.ApplicationContext.log Manager: list: Listing contexts for virtual host 'localhost'
06-Mar-2017 22:50:04.794 INFO [http-apr-8086-exec-39] org.apache.catalina.core.ApplicationContext.log Manager: restart: Reloading web application '/AnhKyYeu'
06-Mar-2017 22:50:23.539 INFO [http-apr-8086-exec-25] org.apache.catalina.core.ApplicationContext.log Manager: list: Listing contexts for virtual host 'localhost'
06-Mar-2017 22:50:23.555 INFO [http-apr-8086-exec-37] org.apache.catalina.core.ApplicationContext.log Manager: restart: Reloading web application '/AnhKyYeu'
06-Mar-2017 22:50:26.972 INFO [http-apr-8086-exec-16] org.apache.catalina.core.ApplicationContext.log Manager: list: Listing contexts for virtual host 'localhost'
06-Mar-2017 22:50:26.972 INFO [http-apr-8086-exec-36] org.apache.catalina.core.ApplicationContext.log Manager: restart: Reloading web application '/AnhKyYeu'
06-Mar-2017 22:50:41.963 INFO [http-apr-8086-exec-34] org.apache.catalina.core.ApplicationContext.log Manager: list: Listing contexts for virtual host 'localhost'
06-Mar-2017 22:50:42.000 INFO [http-apr-8086-exec-24] org.apache.catalina.core.ApplicationContext.log Manager: restart: Reloading web application '/AnhKyYeu'
06-Mar-2017 22:50:50.038 INFO [http-apr-8086-exec-31] org.apache.catalina.core.ApplicationContext.log Manager: list: Listing contexts for virtual host 'localhost'
06-Mar-2017 22:50:50.038 INFO [http-apr-8086-exec-20] org.apache.catalina.core.ApplicationContext.log Manager: restart: Reloading web application '/AnhKyYeu'
06-Mar-2017 22:50:52.705 INFO [http-apr-8086-exec-44] org.apache.catalina.core.ApplicationContext.log Manager: list: Listing contexts for virtual host 'localhost'
06-Mar-2017 22:50:52.705 INFO [http-apr-8086-exec-23] org.apache.catalina.core.ApplicationContext.log Manager: restart: Reloading web application '/AnhKyYeu'
06-Mar-2017 22:53:13.766 INFO [http-apr-8086-exec-34] org.apache.catalina.core.ApplicationContext.log Manager: list: Listing contexts for virtual host 'localhost'
06-Mar-2017 22:53:13.782 INFO [http-apr-8086-exec-16] org.apache.catalina.core.ApplicationContext.log Manager: restart: Reloading web application '/AnhKyYeu'
06-Mar-2017 22:53:58.373 INFO [http-apr-8086-exec-38] org.apache.catalina.core.ApplicationContext.log Manager: list: Listing contexts for virtual host 'localhost'
06-Mar-2017 22:53:58.389 INFO [http-apr-8086-exec-45] org.apache.catalina.core.ApplicationContext.log Manager: restart: Reloading web application '/AnhKyYeu'
06-Mar-2017 22:58:45.387 INFO [http-apr-8086-exec-46] org.apache.catalina.core.ApplicationContext.log Manager: list: Listing contexts for virtual host 'localhost'
06-Mar-2017 22:58:45.418 INFO [http-apr-8086-exec-49] org.apache.catalina.core.ApplicationContext.log Manager: restart: Reloading web application '/AnhKyYeu'
06-Mar-2017 23:22:00.673 INFO [http-apr-8086-exec-72] org.apache.catalina.core.ApplicationContext.log Manager: list: Listing contexts for virtual host 'localhost'
06-Mar-2017 23:22:00.689 INFO [http-apr-8086-exec-73] org.apache.catalina.core.ApplicationContext.log Manager: restart: Reloading web application '/AnhKyYeu'
06-Mar-2017 23:22:39.993 INFO [http-apr-8086-exec-82] org.apache.catalina.core.ApplicationContext.log Manager: list: Listing contexts for virtual host 'localhost'
06-Mar-2017 23:22:40.024 INFO [http-apr-8086-exec-61] org.apache.catalina.core.ApplicationContext.log Manager: restart: Reloading web application '/AnhKyYeu'
06-Mar-2017 23:22:57.092 INFO [http-apr-8086-exec-86] org.apache.catalina.core.ApplicationContext.log Manager: list: Listing contexts for virtual host 'localhost'
06-Mar-2017 23:22:57.108 INFO [http-apr-8086-exec-85] org.apache.catalina.core.ApplicationContext.log Manager: restart: Reloading web application '/AnhKyYeu'
06-Mar-2017 23:22:59.984 INFO [http-apr-8086-exec-46] org.apache.catalina.core.ApplicationContext.log Manager: list: Listing contexts for virtual host 'localhost'
06-Mar-2017 23:22:59.999 INFO [http-apr-8086-exec-35] org.apache.catalina.core.ApplicationContext.log Manager: restart: Reloading web application '/AnhKyYeu'
06-Mar-2017 23:23:34.587 INFO [http-apr-8086-exec-86] org.apache.catalina.core.ApplicationContext.log Manager: list: Listing contexts for virtual host 'localhost'
06-Mar-2017 23:23:34.603 INFO [http-apr-8086-exec-88] org.apache.catalina.core.ApplicationContext.log Manager: restart: Reloading web application '/AnhKyYeu'
06-Mar-2017 23:24:03.924 INFO [http-apr-8086-exec-63] org.apache.catalina.core.ApplicationContext.log Manager: list: Listing contexts for virtual host 'localhost'
06-Mar-2017 23:24:18.817 INFO [http-apr-8086-exec-90] org.apache.catalina.core.ApplicationContext.log Manager: list: Listing contexts for virtual host 'localhost'
06-Mar-2017 23:25:04.289 INFO [http-apr-8086-exec-98] org.apache.catalina.core.ApplicationContext.log Manager: list: Listing contexts for virtual host 'localhost'
06-Mar-2017 23:28:34.852 INFO [http-apr-8086-exec-103] org.apache.catalina.core.ApplicationContext.log Manager: list: Listing contexts for virtual host 'localhost'
06-Mar-2017 23:32:48.770 INFO [http-apr-8086-exec-105] org.apache.catalina.core.ApplicationContext.log Manager: list: Listing contexts for virtual host 'localhost'
06-Mar-2017 23:34:14.060 INFO [http-apr-8086-exec-92] org.apache.catalina.core.ApplicationContext.log Manager: list: Listing contexts for virtual host 'localhost'
06-Mar-2017 23:35:25.380 INFO [http-apr-8086-exec-114] org.apache.catalina.core.ApplicationContext.log Manager: list: Listing contexts for virtual host 'localhost'
06-Mar-2017 23:37:12.603 INFO [http-apr-8086-exec-104] org.apache.catalina.core.ApplicationContext.log Manager: list: Listing contexts for virtual host 'localhost'
06-Mar-2017 23:38:15.762 INFO [http-apr-8086-exec-104] org.apache.catalina.core.ApplicationContext.log Manager: list: Listing contexts for virtual host 'localhost'
06-Mar-2017 23:38:57.016 INFO [http-apr-8086-exec-93] org.apache.catalina.core.ApplicationContext.log Manager: list: Listing contexts for virtual host 'localhost'
06-Mar-2017 23:39:01.502 INFO [http-apr-8086-exec-102] org.apache.catalina.core.ApplicationContext.log Manager: list: Listing contexts for virtual host 'localhost'
06-Mar-2017 23:41:04.363 INFO [http-apr-8086-exec-106] org.apache.catalina.core.ApplicationContext.log Manager: list: Listing contexts for virtual host 'localhost'
06-Mar-2017 23:41:59.326 INFO [http-apr-8086-exec-106] org.apache.catalina.core.ApplicationContext.log Manager: list: Listing contexts for virtual host 'localhost'
06-Mar-2017 23:42:43.872 INFO [http-apr-8086-exec-104] org.apache.catalina.core.ApplicationContext.log Manager: list: Listing contexts for virtual host 'localhost'
06-Mar-2017 23:45:36.327 INFO [http-apr-8086-exec-104] org.apache.catalina.core.ApplicationContext.log Manager: list: Listing contexts for virtual host 'localhost'
06-Mar-2017 23:45:36.343 INFO [http-apr-8086-exec-113] org.apache.catalina.core.ApplicationContext.log Manager: restart: Reloading web application '/AnhKyYeu'
06-Mar-2017 23:49:06.217 INFO [http-apr-8086-exec-111] org.apache.catalina.core.ApplicationContext.log Manager: list: Listing contexts for virtual host 'localhost'
06-Mar-2017 23:49:06.233 INFO [http-apr-8086-exec-104] org.apache.catalina.core.ApplicationContext.log Manager: restart: Reloading web application '/AnhKyYeu'
06-Mar-2017 23:50:53.683 INFO [http-apr-8086-exec-95] org.apache.catalina.core.ApplicationContext.log Manager: list: Listing contexts for virtual host 'localhost'
06-Mar-2017 23:50:53.699 INFO [http-apr-8086-exec-107] org.apache.catalina.core.ApplicationContext.log Manager: restart: Reloading web application '/AnhKyYeu'
06-Mar-2017 23:51:19.080 INFO [http-apr-8086-exec-117] org.apache.catalina.core.ApplicationContext.log Manager: list: Listing contexts for virtual host 'localhost'
06-Mar-2017 23:51:19.080 INFO [http-apr-8086-exec-106] org.apache.catalina.core.ApplicationContext.log Manager: restart: Reloading web application '/AnhKyYeu'
06-Mar-2017 23:51:21.861 INFO [http-apr-8086-exec-121] org.apache.catalina.core.ApplicationContext.log Manager: list: Listing contexts for virtual host 'localhost'
06-Mar-2017 23:51:21.861 INFO [http-apr-8086-exec-126] org.apache.catalina.core.ApplicationContext.log Manager: restart: Reloading web application '/AnhKyYeu'
06-Mar-2017 23:51:30.614 INFO [http-apr-8086-exec-117] org.apache.catalina.core.ApplicationContext.log Manager: list: Listing contexts for virtual host 'localhost'
06-Mar-2017 23:51:30.630 INFO [http-apr-8086-exec-129] org.apache.catalina.core.ApplicationContext.log Manager: restart: Reloading web application '/AnhKyYeu'
06-Mar-2017 23:51:33.324 INFO [http-apr-8086-exec-118] org.apache.catalina.core.ApplicationContext.log Manager: list: Listing contexts for virtual host 'localhost'
06-Mar-2017 23:51:33.324 INFO [http-apr-8086-exec-93] org.apache.catalina.core.ApplicationContext.log Manager: restart: Reloading web application '/AnhKyYeu'
06-Mar-2017 23:51:42.374 INFO [http-apr-8086-exec-122] org.apache.catalina.core.ApplicationContext.log Manager: list: Listing contexts for virtual host 'localhost'
06-Mar-2017 23:51:42.385 INFO [http-apr-8086-exec-127] org.apache.catalina.core.ApplicationContext.log Manager: restart: Reloading web application '/AnhKyYeu'
06-Mar-2017 23:51:48.089 INFO [http-apr-8086-exec-97] org.apache.catalina.core.ApplicationContext.log Manager: list: Listing contexts for virtual host 'localhost'
06-Mar-2017 23:51:48.105 INFO [http-apr-8086-exec-117] org.apache.catalina.core.ApplicationContext.log Manager: restart: Reloading web application '/AnhKyYeu'
06-Mar-2017 23:52:28.988 INFO [http-apr-8086-exec-118] org.apache.catalina.core.ApplicationContext.log Manager: list: Listing contexts for virtual host 'localhost'
06-Mar-2017 23:52:29.004 INFO [http-apr-8086-exec-122] org.apache.catalina.core.ApplicationContext.log Manager: restart: Reloading web application '/AnhKyYeu'
06-Mar-2017 23:52:32.114 INFO [http-apr-8086-exec-97] org.apache.catalina.core.ApplicationContext.log Manager: list: Listing contexts for virtual host 'localhost'
06-Mar-2017 23:52:32.114 INFO [http-apr-8086-exec-98] org.apache.catalina.core.ApplicationContext.log Manager: restart: Reloading web application '/AnhKyYeu'
06-Mar-2017 23:52:49.429 INFO [http-apr-8086-exec-138] org.apache.catalina.core.ApplicationContext.log Manager: list: Listing contexts for virtual host 'localhost'
06-Mar-2017 23:52:49.445 INFO [http-apr-8086-exec-112] org.apache.catalina.core.ApplicationContext.log Manager: restart: Reloading web application '/AnhKyYeu'
06-Mar-2017 23:54:36.440 INFO [http-apr-8086-exec-128] org.apache.catalina.core.ApplicationContext.log Manager: list: Listing contexts for virtual host 'localhost'
06-Mar-2017 23:54:36.440 INFO [http-apr-8086-exec-92] org.apache.catalina.core.ApplicationContext.log Manager: restart: Reloading web application '/AnhKyYeu'
06-Mar-2017 23:54:39.097 INFO [http-apr-8086-exec-95] org.apache.catalina.core.ApplicationContext.log Manager: list: Listing contexts for virtual host 'localhost'
06-Mar-2017 23:54:39.113 INFO [http-apr-8086-exec-139] org.apache.catalina.core.ApplicationContext.log Manager: restart: Reloading web application '/AnhKyYeu'
06-Mar-2017 23:58:14.184 INFO [http-apr-8086-exec-156] org.apache.catalina.core.ApplicationContext.log Manager: list: Listing contexts for virtual host 'localhost'
