16-Apr-2017 11:38:55.515 INFO [http-apr-8005-exec-13] org.apache.catalina.core.ApplicationContext.log Manager: init: Associated with Deployer 'Catalina:type=Deployer,host=localhost'
16-Apr-2017 11:38:55.515 INFO [http-apr-8005-exec-13] org.apache.catalina.core.ApplicationContext.log Manager: init: Global resources are available
16-Apr-2017 11:38:55.516 INFO [http-apr-8005-exec-13] org.apache.catalina.core.ApplicationContext.log Manager: list: Listing contexts for virtual host 'localhost'
16-Apr-2017 11:38:55.530 INFO [http-apr-8005-exec-14] org.apache.catalina.core.ApplicationContext.log Manager: list: Listing contexts for virtual host 'localhost'
16-Apr-2017 11:40:47.032 INFO [http-apr-8005-exec-16] org.apache.catalina.core.ApplicationContext.log Manager: list: Listing contexts for virtual host 'localhost'
16-Apr-2017 11:40:47.057 INFO [http-apr-8005-exec-13] org.apache.catalina.core.ApplicationContext.log Manager: restart: Reloading web application '/AnhKyYeu'
16-Apr-2017 11:42:08.858 INFO [http-apr-8005-exec-14] org.apache.catalina.core.ApplicationContext.log Manager: list: Listing contexts for virtual host 'localhost'
16-Apr-2017 11:42:08.868 INFO [http-apr-8005-exec-25] org.apache.catalina.core.ApplicationContext.log Manager: restart: Reloading web application '/AnhKyYeu'
16-Apr-2017 11:43:12.570 INFO [http-apr-8005-exec-7] org.apache.catalina.core.ApplicationContext.log Manager: list: Listing contexts for virtual host 'localhost'
16-Apr-2017 11:48:45.905 INFO [http-apr-8005-exec-34] org.apache.catalina.core.ApplicationContext.log Manager: list: Listing contexts for virtual host 'localhost'
16-Apr-2017 11:49:13.893 INFO [http-apr-8005-exec-47] org.apache.catalina.core.ApplicationContext.log Manager: list: Listing contexts for virtual host 'localhost'
16-Apr-2017 11:49:41.702 INFO [http-apr-8005-exec-51] org.apache.catalina.core.ApplicationContext.log Manager: list: Listing contexts for virtual host 'localhost'
16-Apr-2017 11:52:06.908 INFO [http-apr-8005-exec-48] org.apache.catalina.core.ApplicationContext.log Manager: list: Listing contexts for virtual host 'localhost'
16-Apr-2017 11:53:25.781 INFO [http-apr-8005-exec-34] org.apache.catalina.core.ApplicationContext.log Manager: list: Listing contexts for virtual host 'localhost'
16-Apr-2017 11:54:52.843 INFO [http-apr-8005-exec-33] org.apache.catalina.core.ApplicationContext.log Manager: list: Listing contexts for virtual host 'localhost'
16-Apr-2017 11:56:01.232 INFO [http-apr-8005-exec-42] org.apache.catalina.core.ApplicationContext.log Manager: list: Listing contexts for virtual host 'localhost'
16-Apr-2017 11:57:49.402 INFO [http-apr-8005-exec-54] org.apache.catalina.core.ApplicationContext.log Manager: list: Listing contexts for virtual host 'localhost'
16-Apr-2017 11:58:47.708 INFO [http-apr-8005-exec-47] org.apache.catalina.core.ApplicationContext.log Manager: list: Listing contexts for virtual host 'localhost'
16-Apr-2017 11:58:57.042 INFO [http-apr-8005-exec-38] org.apache.catalina.core.ApplicationContext.log Manager: list: Listing contexts for virtual host 'localhost'
16-Apr-2017 12:00:51.609 INFO [http-apr-8005-exec-33] org.apache.catalina.core.ApplicationContext.log Manager: list: Listing contexts for virtual host 'localhost'
16-Apr-2017 12:00:51.622 INFO [http-apr-8005-exec-43] org.apache.catalina.core.ApplicationContext.log Manager: restart: Reloading web application '/AnhKyYeu'
16-Apr-2017 12:01:29.957 INFO [http-apr-8005-exec-52] org.apache.catalina.core.ApplicationContext.log Manager: list: Listing contexts for virtual host 'localhost'
16-Apr-2017 12:01:29.977 INFO [http-apr-8005-exec-57] org.apache.catalina.core.ApplicationContext.log Manager: restart: Reloading web application '/AnhKyYeu'
16-Apr-2017 12:02:00.989 INFO [http-apr-8005-exec-52] org.apache.catalina.core.ApplicationContext.log Manager: list: Listing contexts for virtual host 'localhost'
16-Apr-2017 12:02:01.000 INFO [http-apr-8005-exec-46] org.apache.catalina.core.ApplicationContext.log Manager: restart: Reloading web application '/AnhKyYeu'
16-Apr-2017 12:02:04.188 INFO [http-apr-8005-exec-39] org.apache.catalina.core.ApplicationContext.log Manager: list: Listing contexts for virtual host 'localhost'
16-Apr-2017 12:02:04.194 INFO [http-apr-8005-exec-49] org.apache.catalina.core.ApplicationContext.log Manager: restart: Reloading web application '/AnhKyYeu'
16-Apr-2017 12:07:44.087 INFO [http-apr-8005-exec-70] org.apache.catalina.core.ApplicationContext.log Manager: list: Listing contexts for virtual host 'localhost'
16-Apr-2017 12:07:44.097 INFO [http-apr-8005-exec-54] org.apache.catalina.core.ApplicationContext.log Manager: restart: Reloading web application '/AnhKyYeu'
16-Apr-2017 12:10:41.642 INFO [http-apr-8005-exec-34] org.apache.catalina.core.ApplicationContext.log Manager: list: Listing contexts for virtual host 'localhost'
16-Apr-2017 12:10:41.652 INFO [http-apr-8005-exec-36] org.apache.catalina.core.ApplicationContext.log Manager: restart: Reloading web application '/AnhKyYeu'
16-Apr-2017 12:11:26.662 INFO [http-apr-8005-exec-68] org.apache.catalina.core.ApplicationContext.log Manager: list: Listing contexts for virtual host 'localhost'
16-Apr-2017 12:11:26.670 INFO [http-apr-8005-exec-66] org.apache.catalina.core.ApplicationContext.log Manager: restart: Reloading web application '/AnhKyYeu'
16-Apr-2017 13:52:12.169 INFO [http-apr-8005-exec-86] org.apache.catalina.core.ApplicationContext.log Manager: list: Listing contexts for virtual host 'localhost'
16-Apr-2017 13:52:12.189 INFO [http-apr-8005-exec-87] org.apache.catalina.core.ApplicationContext.log Manager: restart: Reloading web application '/AnhKyYeu'
16-Apr-2017 13:53:04.162 INFO [http-apr-8005-exec-102] org.apache.catalina.core.ApplicationContext.log Manager: list: Listing contexts for virtual host 'localhost'
16-Apr-2017 13:53:04.171 INFO [http-apr-8005-exec-89] org.apache.catalina.core.ApplicationContext.log Manager: restart: Reloading web application '/AnhKyYeu'
16-Apr-2017 13:53:13.625 INFO [http-apr-8005-exec-97] org.apache.catalina.core.ApplicationContext.log Manager: list: Listing contexts for virtual host 'localhost'
16-Apr-2017 13:53:13.633 INFO [http-apr-8005-exec-91] org.apache.catalina.core.ApplicationContext.log Manager: restart: Reloading web application '/AnhKyYeu'
16-Apr-2017 13:53:17.008 INFO [http-apr-8005-exec-86] org.apache.catalina.core.ApplicationContext.log Manager: list: Listing contexts for virtual host 'localhost'
16-Apr-2017 13:53:17.025 INFO [http-apr-8005-exec-82] org.apache.catalina.core.ApplicationContext.log Manager: restart: Reloading web application '/AnhKyYeu'
16-Apr-2017 13:54:04.985 INFO [http-apr-8005-exec-100] org.apache.catalina.core.ApplicationContext.log Manager: list: Listing contexts for virtual host 'localhost'
16-Apr-2017 13:54:05.003 INFO [http-apr-8005-exec-79] org.apache.catalina.core.ApplicationContext.log Manager: restart: Reloading web application '/AnhKyYeu'
16-Apr-2017 13:54:29.239 INFO [http-apr-8005-exec-97] org.apache.catalina.core.ApplicationContext.log Manager: list: Listing contexts for virtual host 'localhost'
16-Apr-2017 13:54:29.246 INFO [http-apr-8005-exec-100] org.apache.catalina.core.ApplicationContext.log Manager: restart: Reloading web application '/AnhKyYeu'
16-Apr-2017 13:58:18.457 INFO [http-apr-8005-exec-105] org.apache.catalina.core.ApplicationContext.log Manager: list: Listing contexts for virtual host 'localhost'
16-Apr-2017 13:58:18.466 INFO [http-apr-8005-exec-81] org.apache.catalina.core.ApplicationContext.log Manager: restart: Reloading web application '/AnhKyYeu'
16-Apr-2017 13:58:42.916 INFO [http-apr-8005-exec-116] org.apache.catalina.core.ApplicationContext.log Manager: list: Listing contexts for virtual host 'localhost'
16-Apr-2017 13:58:42.924 INFO [http-apr-8005-exec-102] org.apache.catalina.core.ApplicationContext.log Manager: restart: Reloading web application '/AnhKyYeu'
16-Apr-2017 14:01:28.932 INFO [http-apr-8005-exec-115] org.apache.catalina.core.ApplicationContext.log Manager: list: Listing contexts for virtual host 'localhost'
16-Apr-2017 14:01:28.939 INFO [http-apr-8005-exec-109] org.apache.catalina.core.ApplicationContext.log Manager: restart: Reloading web application '/AnhKyYeu'
16-Apr-2017 14:01:48.062 INFO [http-apr-8005-exec-121] org.apache.catalina.core.ApplicationContext.log Manager: list: Listing contexts for virtual host 'localhost'
16-Apr-2017 14:01:48.085 INFO [http-apr-8005-exec-123] org.apache.catalina.core.ApplicationContext.log Manager: restart: Reloading web application '/AnhKyYeu'
16-Apr-2017 14:03:16.209 INFO [http-apr-8005-exec-99] org.apache.catalina.core.ApplicationContext.log Manager: list: Listing contexts for virtual host 'localhost'
16-Apr-2017 14:05:14.435 INFO [http-apr-8005-exec-134] org.apache.catalina.core.ApplicationContext.log Manager: list: Listing contexts for virtual host 'localhost'
16-Apr-2017 14:05:20.407 INFO [http-apr-8005-exec-119] org.apache.catalina.core.ApplicationContext.log Manager: list: Listing contexts for virtual host 'localhost'
16-Apr-2017 14:05:29.581 INFO [http-apr-8005-exec-134] org.apache.catalina.core.ApplicationContext.log Manager: list: Listing contexts for virtual host 'localhost'
16-Apr-2017 14:06:06.353 INFO [http-apr-8005-exec-122] org.apache.catalina.core.ApplicationContext.log Manager: list: Listing contexts for virtual host 'localhost'
16-Apr-2017 14:07:09.128 INFO [http-apr-8005-exec-90] org.apache.catalina.core.ApplicationContext.log Manager: list: Listing contexts for virtual host 'localhost'
16-Apr-2017 14:07:46.272 INFO [http-apr-8005-exec-92] org.apache.catalina.core.ApplicationContext.log Manager: list: Listing contexts for virtual host 'localhost'
16-Apr-2017 14:08:33.172 INFO [http-apr-8005-exec-139] org.apache.catalina.core.ApplicationContext.log Manager: list: Listing contexts for virtual host 'localhost'
16-Apr-2017 14:08:43.711 INFO [http-apr-8005-exec-141] org.apache.catalina.core.ApplicationContext.log Manager: list: Listing contexts for virtual host 'localhost'
16-Apr-2017 14:09:24.935 INFO [http-apr-8005-exec-131] org.apache.catalina.core.ApplicationContext.log Manager: list: Listing contexts for virtual host 'localhost'
16-Apr-2017 14:11:16.146 INFO [http-apr-8005-exec-133] org.apache.catalina.core.ApplicationContext.log Manager: list: Listing contexts for virtual host 'localhost'
16-Apr-2017 14:11:32.016 INFO [http-apr-8005-exec-142] org.apache.catalina.core.ApplicationContext.log Manager: list: Listing contexts for virtual host 'localhost'
16-Apr-2017 14:13:19.503 INFO [http-apr-8005-exec-151] org.apache.catalina.core.ApplicationContext.log Manager: list: Listing contexts for virtual host 'localhost'
16-Apr-2017 14:16:54.414 INFO [http-apr-8005-exec-137] org.apache.catalina.core.ApplicationContext.log Manager: list: Listing contexts for virtual host 'localhost'
16-Apr-2017 14:17:59.092 INFO [http-apr-8005-exec-134] org.apache.catalina.core.ApplicationContext.log Manager: list: Listing contexts for virtual host 'localhost'
16-Apr-2017 14:20:12.433 INFO [http-apr-8005-exec-146] org.apache.catalina.core.ApplicationContext.log Manager: list: Listing contexts for virtual host 'localhost'
16-Apr-2017 14:20:49.647 INFO [http-apr-8005-exec-150] org.apache.catalina.core.ApplicationContext.log Manager: list: Listing contexts for virtual host 'localhost'
16-Apr-2017 14:21:05.906 INFO [http-apr-8005-exec-136] org.apache.catalina.core.ApplicationContext.log Manager: list: Listing contexts for virtual host 'localhost'
16-Apr-2017 14:21:32.302 INFO [http-apr-8005-exec-145] org.apache.catalina.core.ApplicationContext.log Manager: list: Listing contexts for virtual host 'localhost'
16-Apr-2017 14:21:51.141 INFO [http-apr-8005-exec-151] org.apache.catalina.core.ApplicationContext.log Manager: list: Listing contexts for virtual host 'localhost'
16-Apr-2017 14:22:33.160 INFO [http-apr-8005-exec-152] org.apache.catalina.core.ApplicationContext.log Manager: list: Listing contexts for virtual host 'localhost'
16-Apr-2017 14:22:35.548 INFO [http-apr-8005-exec-143] org.apache.catalina.core.ApplicationContext.log Manager: list: Listing contexts for virtual host 'localhost'
16-Apr-2017 14:23:12.613 INFO [http-apr-8005-exec-147] org.apache.catalina.core.ApplicationContext.log Manager: list: Listing contexts for virtual host 'localhost'
16-Apr-2017 14:23:55.299 INFO [http-apr-8005-exec-146] org.apache.catalina.core.ApplicationContext.log Manager: list: Listing contexts for virtual host 'localhost'
16-Apr-2017 14:25:00.306 INFO [http-apr-8005-exec-135] org.apache.catalina.core.ApplicationContext.log Manager: list: Listing contexts for virtual host 'localhost'
16-Apr-2017 14:25:07.413 INFO [http-apr-8005-exec-144] org.apache.catalina.core.ApplicationContext.log Manager: list: Listing contexts for virtual host 'localhost'
16-Apr-2017 14:25:34.572 INFO [http-apr-8005-exec-153] org.apache.catalina.core.ApplicationContext.log Manager: list: Listing contexts for virtual host 'localhost'
16-Apr-2017 14:27:23.117 INFO [http-apr-8005-exec-133] org.apache.catalina.core.ApplicationContext.log Manager: list: Listing contexts for virtual host 'localhost'
16-Apr-2017 14:28:07.662 INFO [http-apr-8005-exec-144] org.apache.catalina.core.ApplicationContext.log Manager: list: Listing contexts for virtual host 'localhost'
16-Apr-2017 14:29:16.598 INFO [http-apr-8005-exec-148] org.apache.catalina.core.ApplicationContext.log Manager: list: Listing contexts for virtual host 'localhost'
16-Apr-2017 14:30:01.363 INFO [http-apr-8005-exec-145] org.apache.catalina.core.ApplicationContext.log Manager: list: Listing contexts for virtual host 'localhost'
16-Apr-2017 14:30:26.223 INFO [http-apr-8005-exec-154] org.apache.catalina.core.ApplicationContext.log Manager: list: Listing contexts for virtual host 'localhost'
16-Apr-2017 14:37:23.150 INFO [http-apr-8005-exec-153] org.apache.catalina.core.ApplicationContext.log Manager: list: Listing contexts for virtual host 'localhost'
16-Apr-2017 14:37:28.456 INFO [http-apr-8005-exec-144] org.apache.catalina.core.ApplicationContext.log Manager: list: Listing contexts for virtual host 'localhost'
16-Apr-2017 14:37:44.703 INFO [http-apr-8005-exec-145] org.apache.catalina.core.ApplicationContext.log Manager: list: Listing contexts for virtual host 'localhost'
16-Apr-2017 14:37:48.408 INFO [http-apr-8005-exec-130] org.apache.catalina.core.ApplicationContext.log Manager: list: Listing contexts for virtual host 'localhost'
16-Apr-2017 14:38:25.402 INFO [http-apr-8005-exec-132] org.apache.catalina.core.ApplicationContext.log Manager: list: Listing contexts for virtual host 'localhost'
16-Apr-2017 14:39:01.743 INFO [http-apr-8005-exec-138] org.apache.catalina.core.ApplicationContext.log Manager: list: Listing contexts for virtual host 'localhost'
16-Apr-2017 14:39:42.650 INFO [http-apr-8005-exec-151] org.apache.catalina.core.ApplicationContext.log Manager: list: Listing contexts for virtual host 'localhost'
16-Apr-2017 14:40:41.577 INFO [http-apr-8005-exec-138] org.apache.catalina.core.ApplicationContext.log Manager: list: Listing contexts for virtual host 'localhost'
16-Apr-2017 14:41:30.126 INFO [http-apr-8005-exec-134] org.apache.catalina.core.ApplicationContext.log Manager: list: Listing contexts for virtual host 'localhost'
16-Apr-2017 14:41:49.032 INFO [http-apr-8005-exec-139] org.apache.catalina.core.ApplicationContext.log Manager: list: Listing contexts for virtual host 'localhost'
16-Apr-2017 14:45:59.740 INFO [http-apr-8005-exec-134] org.apache.catalina.core.ApplicationContext.log Manager: list: Listing contexts for virtual host 'localhost'
16-Apr-2017 14:45:59.753 INFO [http-apr-8005-exec-148] org.apache.catalina.core.ApplicationContext.log Manager: restart: Reloading web application '/AnhKyYeu'
16-Apr-2017 14:46:07.856 INFO [http-apr-8005-exec-142] org.apache.catalina.core.ApplicationContext.log Manager: list: Listing contexts for virtual host 'localhost'
16-Apr-2017 14:46:07.864 INFO [http-apr-8005-exec-138] org.apache.catalina.core.ApplicationContext.log Manager: restart: Reloading web application '/AnhKyYeu'
16-Apr-2017 14:48:53.047 INFO [http-apr-8005-exec-143] org.apache.catalina.core.ApplicationContext.log Manager: list: Listing contexts for virtual host 'localhost'
16-Apr-2017 14:48:53.063 INFO [http-apr-8005-exec-149] org.apache.catalina.core.ApplicationContext.log Manager: restart: Reloading web application '/AnhKyYeu'
16-Apr-2017 14:48:57.072 INFO [http-apr-8005-exec-133] org.apache.catalina.core.ApplicationContext.log Manager: list: Listing contexts for virtual host 'localhost'
16-Apr-2017 14:48:57.079 INFO [http-apr-8005-exec-158] org.apache.catalina.core.ApplicationContext.log Manager: restart: Reloading web application '/AnhKyYeu'
16-Apr-2017 14:52:45.380 INFO [http-apr-8005-exec-130] org.apache.catalina.core.ApplicationContext.log Manager: list: Listing contexts for virtual host 'localhost'
16-Apr-2017 14:52:45.391 INFO [http-apr-8005-exec-133] org.apache.catalina.core.ApplicationContext.log Manager: restart: Reloading web application '/AnhKyYeu'
16-Apr-2017 14:53:55.117 INFO [http-apr-8005-exec-150] org.apache.catalina.core.ApplicationContext.log Manager: list: Listing contexts for virtual host 'localhost'
16-Apr-2017 14:53:55.133 INFO [http-apr-8005-exec-159] org.apache.catalina.core.ApplicationContext.log Manager: restart: Reloading web application '/AnhKyYeu'
16-Apr-2017 14:54:54.420 INFO [http-apr-8005-exec-135] org.apache.catalina.core.ApplicationContext.log Manager: list: Listing contexts for virtual host 'localhost'
16-Apr-2017 14:54:54.434 INFO [http-apr-8005-exec-161] org.apache.catalina.core.ApplicationContext.log Manager: restart: Reloading web application '/AnhKyYeu'
16-Apr-2017 14:55:06.902 INFO [http-apr-8005-exec-135] org.apache.catalina.core.ApplicationContext.log Manager: list: Listing contexts for virtual host 'localhost'
16-Apr-2017 14:55:06.911 INFO [http-apr-8005-exec-146] org.apache.catalina.core.ApplicationContext.log Manager: restart: Reloading web application '/AnhKyYeu'
16-Apr-2017 14:55:31.713 INFO [http-apr-8005-exec-135] org.apache.catalina.core.ApplicationContext.log Manager: list: Listing contexts for virtual host 'localhost'
16-Apr-2017 14:55:31.729 INFO [http-apr-8005-exec-173] org.apache.catalina.core.ApplicationContext.log Manager: restart: Reloading web application '/AnhKyYeu'
16-Apr-2017 14:56:02.795 INFO [http-apr-8005-exec-135] org.apache.catalina.core.ApplicationContext.log Manager: list: Listing contexts for virtual host 'localhost'
16-Apr-2017 14:56:02.804 INFO [http-apr-8005-exec-180] org.apache.catalina.core.ApplicationContext.log Manager: restart: Reloading web application '/AnhKyYeu'
16-Apr-2017 14:56:20.357 INFO [http-apr-8005-exec-182] org.apache.catalina.core.ApplicationContext.log Manager: list: Listing contexts for virtual host 'localhost'
16-Apr-2017 14:56:20.367 INFO [http-apr-8005-exec-181] org.apache.catalina.core.ApplicationContext.log Manager: restart: Reloading web application '/AnhKyYeu'
16-Apr-2017 14:58:01.510 INFO [http-apr-8005-exec-135] org.apache.catalina.core.ApplicationContext.log Manager: list: Listing contexts for virtual host 'localhost'
16-Apr-2017 14:58:01.523 INFO [http-apr-8005-exec-151] org.apache.catalina.core.ApplicationContext.log Manager: restart: Reloading web application '/AnhKyYeu'
16-Apr-2017 14:58:11.441 INFO [http-apr-8005-exec-135] org.apache.catalina.core.ApplicationContext.log Manager: list: Listing contexts for virtual host 'localhost'
16-Apr-2017 14:58:11.448 INFO [http-apr-8005-exec-182] org.apache.catalina.core.ApplicationContext.log Manager: restart: Reloading web application '/AnhKyYeu'
16-Apr-2017 15:20:06.388 INFO [http-apr-8005-exec-204] org.apache.catalina.core.ApplicationContext.log Manager: list: Listing contexts for virtual host 'localhost'
16-Apr-2017 15:20:06.413 INFO [http-apr-8005-exec-205] org.apache.catalina.core.ApplicationContext.log Manager: restart: Reloading web application '/AnhKyYeu'
16-Apr-2017 15:20:24.532 INFO [http-apr-8005-exec-220] org.apache.catalina.core.ApplicationContext.log Manager: list: Listing contexts for virtual host 'localhost'
16-Apr-2017 15:20:24.550 INFO [http-apr-8005-exec-197] org.apache.catalina.core.ApplicationContext.log Manager: restart: Reloading web application '/AnhKyYeu'
16-Apr-2017 15:20:28.159 INFO [http-apr-8005-exec-207] org.apache.catalina.core.ApplicationContext.log Manager: list: Listing contexts for virtual host 'localhost'
16-Apr-2017 15:20:28.165 INFO [http-apr-8005-exec-210] org.apache.catalina.core.ApplicationContext.log Manager: restart: Reloading web application '/AnhKyYeu'
16-Apr-2017 15:22:01.138 INFO [http-apr-8005-exec-206] org.apache.catalina.core.ApplicationContext.log Manager: list: Listing contexts for virtual host 'localhost'
16-Apr-2017 15:22:04.912 INFO [http-apr-8005-exec-199] org.apache.catalina.core.ApplicationContext.log Manager: list: Listing contexts for virtual host 'localhost'
16-Apr-2017 15:22:04.931 INFO [http-apr-8005-exec-222] org.apache.catalina.core.ApplicationContext.log Manager: restart: Reloading web application '/AnhKyYeu'
16-Apr-2017 15:22:45.546 INFO [http-apr-8005-exec-223] org.apache.catalina.core.ApplicationContext.log Manager: list: Listing contexts for virtual host 'localhost'
16-Apr-2017 15:23:11.043 INFO [http-apr-8005-exec-207] org.apache.catalina.core.ApplicationContext.log Manager: list: Listing contexts for virtual host 'localhost'
16-Apr-2017 15:23:44.476 INFO [http-apr-8005-exec-208] org.apache.catalina.core.ApplicationContext.log Manager: list: Listing contexts for virtual host 'localhost'
16-Apr-2017 15:23:47.841 INFO [http-apr-8005-exec-230] org.apache.catalina.core.ApplicationContext.log Manager: list: Listing contexts for virtual host 'localhost'
16-Apr-2017 15:24:02.367 INFO [http-apr-8005-exec-214] org.apache.catalina.core.ApplicationContext.log Manager: list: Listing contexts for virtual host 'localhost'
16-Apr-2017 15:24:16.176 INFO [http-apr-8005-exec-231] org.apache.catalina.core.ApplicationContext.log Manager: list: Listing contexts for virtual host 'localhost'
16-Apr-2017 15:26:12.134 INFO [http-apr-8005-exec-229] org.apache.catalina.core.ApplicationContext.log Manager: list: Listing contexts for virtual host 'localhost'
16-Apr-2017 15:34:02.820 INFO [http-apr-8005-exec-239] org.apache.catalina.core.ApplicationContext.log Manager: list: Listing contexts for virtual host 'localhost'
16-Apr-2017 15:35:27.377 INFO [http-apr-8005-exec-247] org.apache.catalina.core.ApplicationContext.log Manager: list: Listing contexts for virtual host 'localhost'
16-Apr-2017 15:35:40.665 INFO [http-apr-8005-exec-231] org.apache.catalina.core.ApplicationContext.log Manager: list: Listing contexts for virtual host 'localhost'
16-Apr-2017 15:36:48.120 INFO [http-apr-8005-exec-244] org.apache.catalina.core.ApplicationContext.log Manager: list: Listing contexts for virtual host 'localhost'
16-Apr-2017 15:39:24.313 INFO [http-apr-8005-exec-233] org.apache.catalina.core.ApplicationContext.log Manager: list: Listing contexts for virtual host 'localhost'
16-Apr-2017 15:39:28.387 INFO [http-apr-8005-exec-248] org.apache.catalina.core.ApplicationContext.log Manager: list: Listing contexts for virtual host 'localhost'
16-Apr-2017 15:39:42.533 INFO [http-apr-8005-exec-244] org.apache.catalina.core.ApplicationContext.log Manager: list: Listing contexts for virtual host 'localhost'
16-Apr-2017 16:07:03.731 INFO [http-apr-8005-exec-252] org.apache.catalina.core.ApplicationContext.log Manager: list: Listing contexts for virtual host 'localhost'
16-Apr-2017 16:07:19.651 INFO [http-apr-8005-exec-246] org.apache.catalina.core.ApplicationContext.log Manager: list: Listing contexts for virtual host 'localhost'
16-Apr-2017 16:08:17.277 INFO [http-apr-8005-exec-234] org.apache.catalina.core.ApplicationContext.log Manager: list: Listing contexts for virtual host 'localhost'
16-Apr-2017 16:08:23.865 INFO [http-apr-8005-exec-248] org.apache.catalina.core.ApplicationContext.log Manager: list: Listing contexts for virtual host 'localhost'
16-Apr-2017 16:09:51.300 INFO [http-apr-8005-exec-244] org.apache.catalina.core.ApplicationContext.log Manager: list: Listing contexts for virtual host 'localhost'
16-Apr-2017 16:11:59.099 INFO [http-apr-8005-exec-252] org.apache.catalina.core.ApplicationContext.log Manager: list: Listing contexts for virtual host 'localhost'
16-Apr-2017 16:12:01.113 INFO [http-apr-8005-exec-240] org.apache.catalina.core.ApplicationContext.log Manager: list: Listing contexts for virtual host 'localhost'
16-Apr-2017 16:45:29.095 INFO [http-apr-8005-exec-239] org.apache.catalina.core.ApplicationContext.log Manager: list: Listing contexts for virtual host 'localhost'
16-Apr-2017 16:45:29.108 INFO [http-apr-8005-exec-235] org.apache.catalina.core.ApplicationContext.log Manager: restart: Reloading web application '/AnhKyYeu'
16-Apr-2017 16:46:10.258 INFO [http-apr-8005-exec-246] org.apache.catalina.core.ApplicationContext.log Manager: list: Listing contexts for virtual host 'localhost'
16-Apr-2017 16:46:10.267 INFO [http-apr-8005-exec-252] org.apache.catalina.core.ApplicationContext.log Manager: restart: Reloading web application '/AnhKyYeu'
16-Apr-2017 16:46:23.587 INFO [http-apr-8005-exec-249] org.apache.catalina.core.ApplicationContext.log Manager: list: Listing contexts for virtual host 'localhost'
16-Apr-2017 16:46:23.596 INFO [http-apr-8005-exec-239] org.apache.catalina.core.ApplicationContext.log Manager: restart: Reloading web application '/AnhKyYeu'
16-Apr-2017 16:46:27.318 INFO [http-apr-8005-exec-253] org.apache.catalina.core.ApplicationContext.log Manager: list: Listing contexts for virtual host 'localhost'
16-Apr-2017 16:46:27.326 INFO [http-apr-8005-exec-256] org.apache.catalina.core.ApplicationContext.log Manager: restart: Reloading web application '/AnhKyYeu'
16-Apr-2017 16:47:01.745 INFO [http-apr-8005-exec-234] org.apache.catalina.core.ApplicationContext.log Manager: list: Listing contexts for virtual host 'localhost'
16-Apr-2017 16:47:01.753 INFO [http-apr-8005-exec-237] org.apache.catalina.core.ApplicationContext.log Manager: restart: Reloading web application '/AnhKyYeu'
16-Apr-2017 16:47:24.218 INFO [http-apr-8005-exec-229] org.apache.catalina.core.ApplicationContext.log Manager: list: Listing contexts for virtual host 'localhost'
16-Apr-2017 16:47:24.229 INFO [http-apr-8005-exec-246] org.apache.catalina.core.ApplicationContext.log Manager: restart: Reloading web application '/AnhKyYeu'
16-Apr-2017 16:47:46.468 INFO [http-apr-8005-exec-241] org.apache.catalina.core.ApplicationContext.log Manager: list: Listing contexts for virtual host 'localhost'
16-Apr-2017 16:47:46.480 INFO [http-apr-8005-exec-231] org.apache.catalina.core.ApplicationContext.log Manager: restart: Reloading web application '/AnhKyYeu'
16-Apr-2017 16:49:05.770 INFO [http-apr-8005-exec-261] org.apache.catalina.core.ApplicationContext.log Manager: list: Listing contexts for virtual host 'localhost'
16-Apr-2017 16:49:05.780 INFO [http-apr-8005-exec-251] org.apache.catalina.core.ApplicationContext.log Manager: restart: Reloading web application '/AnhKyYeu'
16-Apr-2017 16:49:27.717 INFO [http-apr-8005-exec-241] org.apache.catalina.core.ApplicationContext.log Manager: list: Listing contexts for virtual host 'localhost'
16-Apr-2017 16:49:27.729 INFO [http-apr-8005-exec-264] org.apache.catalina.core.ApplicationContext.log Manager: restart: Reloading web application '/AnhKyYeu'
16-Apr-2017 16:49:54.233 INFO [http-apr-8005-exec-241] org.apache.catalina.core.ApplicationContext.log Manager: list: Listing contexts for virtual host 'localhost'
16-Apr-2017 16:49:54.248 INFO [http-apr-8005-exec-230] org.apache.catalina.core.ApplicationContext.log Manager: restart: Reloading web application '/AnhKyYeu'
16-Apr-2017 16:49:58.551 INFO [http-apr-8005-exec-249] org.apache.catalina.core.ApplicationContext.log Manager: list: Listing contexts for virtual host 'localhost'
16-Apr-2017 16:49:58.558 INFO [http-apr-8005-exec-229] org.apache.catalina.core.ApplicationContext.log Manager: restart: Reloading web application '/AnhKyYeu'
16-Apr-2017 16:50:02.614 INFO [http-apr-8005-exec-265] org.apache.catalina.core.ApplicationContext.log Manager: list: Listing contexts for virtual host 'localhost'
16-Apr-2017 16:50:02.621 INFO [http-apr-8005-exec-273] org.apache.catalina.core.ApplicationContext.log Manager: restart: Reloading web application '/AnhKyYeu'
16-Apr-2017 16:50:18.170 INFO [http-apr-8005-exec-241] org.apache.catalina.core.ApplicationContext.log Manager: list: Listing contexts for virtual host 'localhost'
16-Apr-2017 16:50:18.184 INFO [http-apr-8005-exec-245] org.apache.catalina.core.ApplicationContext.log Manager: restart: Reloading web application '/AnhKyYeu'
16-Apr-2017 16:50:31.341 INFO [http-apr-8005-exec-241] org.apache.catalina.core.ApplicationContext.log Manager: list: Listing contexts for virtual host 'localhost'
16-Apr-2017 16:50:31.350 INFO [http-apr-8005-exec-240] org.apache.catalina.core.ApplicationContext.log Manager: restart: Reloading web application '/AnhKyYeu'
16-Apr-2017 16:50:35.340 INFO [http-apr-8005-exec-274] org.apache.catalina.core.ApplicationContext.log Manager: list: Listing contexts for virtual host 'localhost'
16-Apr-2017 16:50:35.348 INFO [http-apr-8005-exec-275] org.apache.catalina.core.ApplicationContext.log Manager: restart: Reloading web application '/AnhKyYeu'
16-Apr-2017 16:50:39.023 INFO [http-apr-8005-exec-274] org.apache.catalina.core.ApplicationContext.log Manager: list: Listing contexts for virtual host 'localhost'
16-Apr-2017 16:50:39.031 INFO [http-apr-8005-exec-265] org.apache.catalina.core.ApplicationContext.log Manager: restart: Reloading web application '/AnhKyYeu'
16-Apr-2017 16:51:13.207 INFO [http-apr-8005-exec-279] org.apache.catalina.core.ApplicationContext.log Manager: list: Listing contexts for virtual host 'localhost'
16-Apr-2017 16:51:13.219 INFO [http-apr-8005-exec-277] org.apache.catalina.core.ApplicationContext.log Manager: restart: Reloading web application '/AnhKyYeu'
16-Apr-2017 16:51:50.737 INFO [http-apr-8005-exec-279] org.apache.catalina.core.ApplicationContext.log Manager: list: Listing contexts for virtual host 'localhost'
16-Apr-2017 16:51:50.748 INFO [http-apr-8005-exec-281] org.apache.catalina.core.ApplicationContext.log Manager: restart: Reloading web application '/AnhKyYeu'
16-Apr-2017 16:51:54.136 INFO [http-apr-8005-exec-274] org.apache.catalina.core.ApplicationContext.log Manager: list: Listing contexts for virtual host 'localhost'
16-Apr-2017 16:51:54.144 INFO [http-apr-8005-exec-282] org.apache.catalina.core.ApplicationContext.log Manager: restart: Reloading web application '/AnhKyYeu'
16-Apr-2017 16:51:58.058 INFO [http-apr-8005-exec-249] org.apache.catalina.core.ApplicationContext.log Manager: list: Listing contexts for virtual host 'localhost'
16-Apr-2017 16:51:58.064 INFO [http-apr-8005-exec-274] org.apache.catalina.core.ApplicationContext.log Manager: restart: Reloading web application '/AnhKyYeu'
16-Apr-2017 16:52:41.882 INFO [http-apr-8005-exec-284] org.apache.catalina.core.ApplicationContext.log Manager: list: Listing contexts for virtual host 'localhost'
16-Apr-2017 16:53:34.997 INFO [http-apr-8005-exec-266] org.apache.catalina.core.ApplicationContext.log Manager: list: Listing contexts for virtual host 'localhost'
16-Apr-2017 16:55:15.582 INFO [http-apr-8005-exec-295] org.apache.catalina.core.ApplicationContext.log Manager: list: Listing contexts for virtual host 'localhost'
16-Apr-2017 16:55:15.597 INFO [http-apr-8005-exec-287] org.apache.catalina.core.ApplicationContext.log Manager: restart: Reloading web application '/AnhKyYeu'
16-Apr-2017 16:55:19.471 INFO [http-apr-8005-exec-292] org.apache.catalina.core.ApplicationContext.log Manager: list: Listing contexts for virtual host 'localhost'
16-Apr-2017 16:55:19.477 INFO [http-apr-8005-exec-288] org.apache.catalina.core.ApplicationContext.log Manager: restart: Reloading web application '/AnhKyYeu'
16-Apr-2017 16:55:52.393 INFO [http-apr-8005-exec-234] org.apache.catalina.core.ApplicationContext.log Manager: list: Listing contexts for virtual host 'localhost'
16-Apr-2017 16:56:06.874 INFO [http-apr-8005-exec-266] org.apache.catalina.core.ApplicationContext.log Manager: list: Listing contexts for virtual host 'localhost'
16-Apr-2017 16:56:37.832 INFO [http-apr-8005-exec-303] org.apache.catalina.core.ApplicationContext.log Manager: list: Listing contexts for virtual host 'localhost'
16-Apr-2017 16:57:09.340 INFO [http-apr-8005-exec-295] org.apache.catalina.core.ApplicationContext.log Manager: list: Listing contexts for virtual host 'localhost'
16-Apr-2017 16:58:38.031 INFO [http-apr-8005-exec-301] org.apache.catalina.core.ApplicationContext.log Manager: list: Listing contexts for virtual host 'localhost'
16-Apr-2017 16:58:38.047 INFO [http-apr-8005-exec-310] org.apache.catalina.core.ApplicationContext.log Manager: restart: Reloading web application '/AnhKyYeu'
16-Apr-2017 16:59:39.527 INFO [http-apr-8005-exec-305] org.apache.catalina.core.ApplicationContext.log Manager: list: Listing contexts for virtual host 'localhost'
16-Apr-2017 16:59:39.536 INFO [http-apr-8005-exec-286] org.apache.catalina.core.ApplicationContext.log Manager: restart: Reloading web application '/AnhKyYeu'
16-Apr-2017 17:00:49.610 INFO [http-apr-8005-exec-312] org.apache.catalina.core.ApplicationContext.log Manager: list: Listing contexts for virtual host 'localhost'
16-Apr-2017 17:02:12.385 INFO [http-apr-8005-exec-306] org.apache.catalina.core.ApplicationContext.log Manager: list: Listing contexts for virtual host 'localhost'
16-Apr-2017 17:02:19.839 INFO [http-apr-8005-exec-323] org.apache.catalina.core.ApplicationContext.log Manager: list: Listing contexts for virtual host 'localhost'
16-Apr-2017 17:03:13.712 INFO [http-apr-8005-exec-293] org.apache.catalina.core.ApplicationContext.log Manager: list: Listing contexts for virtual host 'localhost'
16-Apr-2017 17:04:13.855 INFO [http-apr-8005-exec-312] org.apache.catalina.core.ApplicationContext.log Manager: list: Listing contexts for virtual host 'localhost'
16-Apr-2017 17:04:13.869 INFO [http-apr-8005-exec-330] org.apache.catalina.core.ApplicationContext.log Manager: restart: Reloading web application '/AnhKyYeu'
16-Apr-2017 17:04:24.744 INFO [http-apr-8005-exec-318] org.apache.catalina.core.ApplicationContext.log Manager: list: Listing contexts for virtual host 'localhost'
16-Apr-2017 17:05:51.307 INFO [http-apr-8005-exec-314] org.apache.catalina.core.ApplicationContext.log Manager: list: Listing contexts for virtual host 'localhost'
16-Apr-2017 17:06:37.395 INFO [http-apr-8005-exec-321] org.apache.catalina.core.ApplicationContext.log Manager: list: Listing contexts for virtual host 'localhost'
16-Apr-2017 17:07:25.404 INFO [http-apr-8005-exec-333] org.apache.catalina.core.ApplicationContext.log Manager: list: Listing contexts for virtual host 'localhost'
16-Apr-2017 17:08:27.151 INFO [http-apr-8005-exec-339] org.apache.catalina.core.ApplicationContext.log Manager: list: Listing contexts for virtual host 'localhost'
16-Apr-2017 17:09:45.134 INFO [http-apr-8005-exec-348] org.apache.catalina.core.ApplicationContext.log Manager: list: Listing contexts for virtual host 'localhost'
16-Apr-2017 17:10:45.093 INFO [http-apr-8005-exec-350] org.apache.catalina.core.ApplicationContext.log Manager: list: Listing contexts for virtual host 'localhost'
16-Apr-2017 17:15:09.121 INFO [http-apr-8005-exec-339] org.apache.catalina.core.ApplicationContext.log Manager: list: Listing contexts for virtual host 'localhost'
16-Apr-2017 17:20:24.977 INFO [http-apr-8005-exec-348] org.apache.catalina.core.ApplicationContext.log Manager: list: Listing contexts for virtual host 'localhost'
16-Apr-2017 17:21:51.299 INFO [http-apr-8005-exec-337] org.apache.catalina.core.ApplicationContext.log Manager: list: Listing contexts for virtual host 'localhost'
16-Apr-2017 17:22:25.682 INFO [http-apr-8005-exec-335] org.apache.catalina.core.ApplicationContext.log Manager: list: Listing contexts for virtual host 'localhost'
16-Apr-2017 17:22:42.160 INFO [http-apr-8005-exec-333] org.apache.catalina.core.ApplicationContext.log Manager: list: Listing contexts for virtual host 'localhost'
16-Apr-2017 17:23:10.736 INFO [http-apr-8005-exec-339] org.apache.catalina.core.ApplicationContext.log Manager: list: Listing contexts for virtual host 'localhost'
16-Apr-2017 17:23:15.685 INFO [http-apr-8005-exec-356] org.apache.catalina.core.ApplicationContext.log Manager: list: Listing contexts for virtual host 'localhost'
16-Apr-2017 17:24:12.103 INFO [http-apr-8005-exec-347] org.apache.catalina.core.ApplicationContext.log Manager: list: Listing contexts for virtual host 'localhost'
16-Apr-2017 17:25:40.182 INFO [http-apr-8005-exec-351] org.apache.catalina.core.ApplicationContext.log Manager: list: Listing contexts for virtual host 'localhost'
16-Apr-2017 17:26:59.884 INFO [http-apr-8005-exec-340] org.apache.catalina.core.ApplicationContext.log Manager: list: Listing contexts for virtual host 'localhost'
16-Apr-2017 17:27:40.628 INFO [http-apr-8005-exec-334] org.apache.catalina.core.ApplicationContext.log Manager: list: Listing contexts for virtual host 'localhost'
16-Apr-2017 17:27:59.548 INFO [http-apr-8005-exec-349] org.apache.catalina.core.ApplicationContext.log Manager: list: Listing contexts for virtual host 'localhost'
16-Apr-2017 17:29:34.825 INFO [http-apr-8005-exec-333] org.apache.catalina.core.ApplicationContext.log Manager: list: Listing contexts for virtual host 'localhost'
16-Apr-2017 17:29:37.122 INFO [http-apr-8005-exec-341] org.apache.catalina.core.ApplicationContext.log Manager: list: Listing contexts for virtual host 'localhost'
16-Apr-2017 17:31:20.084 INFO [http-apr-8005-exec-356] org.apache.catalina.core.ApplicationContext.log Manager: list: Listing contexts for virtual host 'localhost'
16-Apr-2017 17:32:39.784 INFO [http-apr-8005-exec-343] org.apache.catalina.core.ApplicationContext.log Manager: list: Listing contexts for virtual host 'localhost'
16-Apr-2017 17:34:11.448 INFO [http-apr-8005-exec-353] org.apache.catalina.core.ApplicationContext.log Manager: list: Listing contexts for virtual host 'localhost'
16-Apr-2017 17:35:31.820 INFO [http-apr-8005-exec-352] org.apache.catalina.core.ApplicationContext.log Manager: list: Listing contexts for virtual host 'localhost'
16-Apr-2017 17:36:40.298 INFO [http-apr-8005-exec-345] org.apache.catalina.core.ApplicationContext.log Manager: list: Listing contexts for virtual host 'localhost'
16-Apr-2017 17:59:09.242 INFO [http-apr-8005-exec-348] org.apache.catalina.core.ApplicationContext.log Manager: list: Listing contexts for virtual host 'localhost'
16-Apr-2017 17:59:55.600 INFO [http-apr-8005-exec-341] org.apache.catalina.core.ApplicationContext.log Manager: list: Listing contexts for virtual host 'localhost'
16-Apr-2017 18:01:46.080 INFO [http-apr-8005-exec-333] org.apache.catalina.core.ApplicationContext.log Manager: list: Listing contexts for virtual host 'localhost'
16-Apr-2017 18:01:47.606 INFO [http-apr-8005-exec-340] org.apache.catalina.core.ApplicationContext.log Manager: list: Listing contexts for virtual host 'localhost'
16-Apr-2017 18:02:52.764 INFO [http-apr-8005-exec-349] org.apache.catalina.core.ApplicationContext.log Manager: list: Listing contexts for virtual host 'localhost'
16-Apr-2017 18:04:03.442 INFO [http-apr-8005-exec-354] org.apache.catalina.core.ApplicationContext.log Manager: list: Listing contexts for virtual host 'localhost'
16-Apr-2017 18:04:52.037 INFO [http-apr-8005-exec-338] org.apache.catalina.core.ApplicationContext.log Manager: list: Listing contexts for virtual host 'localhost'
16-Apr-2017 18:05:19.371 INFO [http-apr-8005-exec-344] org.apache.catalina.core.ApplicationContext.log Manager: list: Listing contexts for virtual host 'localhost'
16-Apr-2017 18:06:41.040 INFO [http-apr-8005-exec-339] org.apache.catalina.core.ApplicationContext.log Manager: list: Listing contexts for virtual host 'localhost'
16-Apr-2017 18:07:22.654 INFO [http-apr-8005-exec-343] org.apache.catalina.core.ApplicationContext.log Manager: list: Listing contexts for virtual host 'localhost'
16-Apr-2017 18:07:22.667 INFO [http-apr-8005-exec-335] org.apache.catalina.core.ApplicationContext.log Manager: restart: Reloading web application '/AnhKyYeu'
16-Apr-2017 18:07:35.670 INFO [http-apr-8005-exec-344] org.apache.catalina.core.ApplicationContext.log Manager: list: Listing contexts for virtual host 'localhost'
16-Apr-2017 18:07:35.676 INFO [http-apr-8005-exec-354] org.apache.catalina.core.ApplicationContext.log Manager: restart: Reloading web application '/AnhKyYeu'
16-Apr-2017 18:07:41.062 INFO [http-apr-8005-exec-357] org.apache.catalina.core.ApplicationContext.log Manager: list: Listing contexts for virtual host 'localhost'
16-Apr-2017 18:07:41.068 INFO [http-apr-8005-exec-343] org.apache.catalina.core.ApplicationContext.log Manager: restart: Reloading web application '/AnhKyYeu'
16-Apr-2017 18:12:38.601 INFO [http-apr-8005-exec-377] org.apache.catalina.core.ApplicationContext.log Manager: list: Listing contexts for virtual host 'localhost'
16-Apr-2017 18:13:11.022 INFO [http-apr-8005-exec-380] org.apache.catalina.core.ApplicationContext.log Manager: list: Listing contexts for virtual host 'localhost'
16-Apr-2017 18:16:54.397 INFO [http-apr-8005-exec-372] org.apache.catalina.core.ApplicationContext.log Manager: list: Listing contexts for virtual host 'localhost'
16-Apr-2017 18:18:28.552 INFO [http-apr-8005-exec-373] org.apache.catalina.core.ApplicationContext.log Manager: list: Listing contexts for virtual host 'localhost'
16-Apr-2017 18:20:48.748 INFO [http-apr-8005-exec-373] org.apache.catalina.core.ApplicationContext.log Manager: list: Listing contexts for virtual host 'localhost'
16-Apr-2017 18:22:09.396 INFO [http-apr-8005-exec-362] org.apache.catalina.core.ApplicationContext.log Manager: list: Listing contexts for virtual host 'localhost'
16-Apr-2017 18:22:58.908 INFO [http-apr-8005-exec-368] org.apache.catalina.core.ApplicationContext.log Manager: list: Listing contexts for virtual host 'localhost'
16-Apr-2017 18:24:29.468 INFO [http-apr-8005-exec-379] org.apache.catalina.core.ApplicationContext.log Manager: list: Listing contexts for virtual host 'localhost'
16-Apr-2017 18:24:44.526 INFO [http-apr-8005-exec-381] org.apache.catalina.core.ApplicationContext.log Manager: list: Listing contexts for virtual host 'localhost'
16-Apr-2017 18:24:55.007 INFO [http-apr-8005-exec-375] org.apache.catalina.core.ApplicationContext.log Manager: list: Listing contexts for virtual host 'localhost'
16-Apr-2017 18:25:19.651 INFO [http-apr-8005-exec-379] org.apache.catalina.core.ApplicationContext.log Manager: list: Listing contexts for virtual host 'localhost'
16-Apr-2017 18:25:33.781 INFO [http-apr-8005-exec-367] org.apache.catalina.core.ApplicationContext.log Manager: list: Listing contexts for virtual host 'localhost'
16-Apr-2017 18:26:02.106 INFO [http-apr-8005-exec-365] org.apache.catalina.core.ApplicationContext.log Manager: list: Listing contexts for virtual host 'localhost'
16-Apr-2017 18:26:44.541 INFO [http-apr-8005-exec-362] org.apache.catalina.core.ApplicationContext.log Manager: list: Listing contexts for virtual host 'localhost'
16-Apr-2017 18:27:32.468 INFO [http-apr-8005-exec-364] org.apache.catalina.core.ApplicationContext.log Manager: list: Listing contexts for virtual host 'localhost'
16-Apr-2017 18:28:04.041 INFO [http-apr-8005-exec-376] org.apache.catalina.core.ApplicationContext.log Manager: list: Listing contexts for virtual host 'localhost'
16-Apr-2017 18:28:52.299 INFO [http-apr-8005-exec-360] org.apache.catalina.core.ApplicationContext.log Manager: list: Listing contexts for virtual host 'localhost'
16-Apr-2017 18:29:18.860 INFO [http-apr-8005-exec-381] org.apache.catalina.core.ApplicationContext.log Manager: list: Listing contexts for virtual host 'localhost'
16-Apr-2017 18:29:19.667 INFO [http-apr-8005-exec-361] org.apache.catalina.core.ApplicationContext.log Manager: list: Listing contexts for virtual host 'localhost'
16-Apr-2017 18:30:04.087 INFO [http-apr-8005-exec-369] org.apache.catalina.core.ApplicationContext.log Manager: list: Listing contexts for virtual host 'localhost'
16-Apr-2017 18:30:40.867 INFO [http-apr-8005-exec-360] org.apache.catalina.core.ApplicationContext.log Manager: list: Listing contexts for virtual host 'localhost'
16-Apr-2017 18:31:48.032 INFO [http-apr-8005-exec-371] org.apache.catalina.core.ApplicationContext.log Manager: list: Listing contexts for virtual host 'localhost'
16-Apr-2017 18:32:24.354 INFO [http-apr-8005-exec-380] org.apache.catalina.core.ApplicationContext.log Manager: list: Listing contexts for virtual host 'localhost'
16-Apr-2017 18:33:43.852 INFO [http-apr-8005-exec-360] org.apache.catalina.core.ApplicationContext.log Manager: list: Listing contexts for virtual host 'localhost'
16-Apr-2017 18:34:20.870 INFO [http-apr-8005-exec-368] org.apache.catalina.core.ApplicationContext.log Manager: list: Listing contexts for virtual host 'localhost'
16-Apr-2017 18:34:50.888 INFO [http-apr-8005-exec-381] org.apache.catalina.core.ApplicationContext.log Manager: list: Listing contexts for virtual host 'localhost'
