28-Mar-2017 23:29:57.546 INFO [http-apr-8089-exec-10] org.apache.catalina.core.ApplicationContext.log Manager: init: Associated with Deployer 'Catalina:type=Deployer,host=localhost'
28-Mar-2017 23:29:57.546 INFO [http-apr-8089-exec-10] org.apache.catalina.core.ApplicationContext.log Manager: init: Global resources are available
28-Mar-2017 23:29:57.547 INFO [http-apr-8089-exec-10] org.apache.catalina.core.ApplicationContext.log Manager: list: Listing contexts for virtual host 'localhost'
28-Mar-2017 23:29:57.560 INFO [http-apr-8089-exec-11] org.apache.catalina.core.ApplicationContext.log Manager: undeploy: Undeploying web application at '/AnhKyYeu'
28-Mar-2017 23:29:58.111 INFO [http-apr-8089-exec-13] org.apache.catalina.core.ApplicationContext.log Manager: install: Installing context configuration at 'file:/C:/Users/BUIVAN~1/AppData/Local/Temp/context2446810554482400971.xml'
28-Mar-2017 23:30:01.987 INFO [http-apr-8089-exec-14] org.apache.catalina.core.ApplicationContext.log Manager: start: Starting web application '/AnhKyYeu'
28-Mar-2017 23:31:17.535 INFO [http-apr-8089-exec-21] org.apache.catalina.core.ApplicationContext.log Manager: list: Listing contexts for virtual host 'localhost'
28-Mar-2017 23:31:17.557 INFO [http-apr-8089-exec-24] org.apache.catalina.core.ApplicationContext.log Manager: restart: Reloading web application '/AnhKyYeu'
28-Mar-2017 23:31:24.543 INFO [http-apr-8089-exec-6] org.apache.catalina.core.ApplicationContext.log Manager: list: Listing contexts for virtual host 'localhost'
28-Mar-2017 23:31:24.551 INFO [http-apr-8089-exec-30] org.apache.catalina.core.ApplicationContext.log Manager: restart: Reloading web application '/AnhKyYeu'
28-Mar-2017 23:31:36.914 INFO [http-apr-8089-exec-13] org.apache.catalina.core.ApplicationContext.log Manager: list: Listing contexts for virtual host 'localhost'
28-Mar-2017 23:33:15.595 INFO [http-apr-8089-exec-33] org.apache.catalina.core.ApplicationContext.log Manager: list: Listing contexts for virtual host 'localhost'
28-Mar-2017 23:34:39.483 INFO [http-apr-8089-exec-34] org.apache.catalina.core.ApplicationContext.log Manager: list: Listing contexts for virtual host 'localhost'
28-Mar-2017 23:34:40.782 INFO [http-apr-8089-exec-47] org.apache.catalina.core.ApplicationContext.log Manager: list: Listing contexts for virtual host 'localhost'
28-Mar-2017 23:34:40.828 INFO [http-apr-8089-exec-23] org.apache.catalina.core.ApplicationContext.log Manager: restart: Reloading web application '/AnhKyYeu'
28-Mar-2017 23:34:48.345 INFO [http-apr-8089-exec-40] org.apache.catalina.core.ApplicationContext.log Manager: list: Listing contexts for virtual host 'localhost'
28-Mar-2017 23:34:48.355 INFO [http-apr-8089-exec-49] org.apache.catalina.core.ApplicationContext.log Manager: restart: Reloading web application '/AnhKyYeu'
28-Mar-2017 23:34:51.045 INFO [http-apr-8089-exec-45] org.apache.catalina.core.ApplicationContext.log Manager: list: Listing contexts for virtual host 'localhost'
28-Mar-2017 23:34:51.050 INFO [http-apr-8089-exec-41] org.apache.catalina.core.ApplicationContext.log Manager: restart: Reloading web application '/AnhKyYeu'
28-Mar-2017 23:35:40.034 INFO [http-apr-8089-exec-36] org.apache.catalina.core.ApplicationContext.log Manager: list: Listing contexts for virtual host 'localhost'
28-Mar-2017 23:35:40.046 INFO [http-apr-8089-exec-34] org.apache.catalina.core.ApplicationContext.log Manager: restart: Reloading web application '/AnhKyYeu'
28-Mar-2017 23:35:44.824 INFO [http-apr-8089-exec-40] org.apache.catalina.core.ApplicationContext.log Manager: list: Listing contexts for virtual host 'localhost'
28-Mar-2017 23:35:44.832 INFO [http-apr-8089-exec-52] org.apache.catalina.core.ApplicationContext.log Manager: restart: Reloading web application '/AnhKyYeu'
28-Mar-2017 23:35:57.290 INFO [http-apr-8089-exec-40] org.apache.catalina.core.ApplicationContext.log Manager: list: Listing contexts for virtual host 'localhost'
28-Mar-2017 23:35:57.307 INFO [http-apr-8089-exec-27] org.apache.catalina.core.ApplicationContext.log Manager: restart: Reloading web application '/AnhKyYeu'
28-Mar-2017 23:36:01.712 INFO [http-apr-8089-exec-45] org.apache.catalina.core.ApplicationContext.log Manager: list: Listing contexts for virtual host 'localhost'
28-Mar-2017 23:36:01.725 INFO [http-apr-8089-exec-55] org.apache.catalina.core.ApplicationContext.log Manager: stop: Stopping web application '/AnhKyYeu'
28-Mar-2017 23:36:01.755 INFO [http-apr-8089-exec-44] org.apache.catalina.core.ApplicationContext.log Manager: start: Starting web application '/AnhKyYeu'
28-Mar-2017 23:36:04.799 INFO [http-apr-8089-exec-35] org.apache.catalina.core.ApplicationContext.log Manager: list: Listing contexts for virtual host 'localhost'
28-Mar-2017 23:36:04.806 INFO [http-apr-8089-exec-45] org.apache.catalina.core.ApplicationContext.log Manager: restart: Reloading web application '/AnhKyYeu'
28-Mar-2017 23:36:24.806 INFO [http-apr-8089-exec-58] org.apache.catalina.core.ApplicationContext.log Manager: list: Listing contexts for virtual host 'localhost'
28-Mar-2017 23:36:24.810 INFO [http-apr-8089-exec-36] org.apache.catalina.core.ApplicationContext.log Manager: list: Listing contexts for virtual host 'localhost'
28-Mar-2017 23:36:24.884 INFO [http-apr-8089-exec-39] org.apache.catalina.core.ApplicationContext.log Manager: stop: Stopping web application '/AnhKyYeu'
28-Mar-2017 23:36:24.893 INFO [http-apr-8089-exec-60] org.apache.catalina.core.ApplicationContext.log Manager: start: Starting web application '/AnhKyYeu'
28-Mar-2017 23:36:56.421 INFO [http-apr-8089-exec-20] org.apache.catalina.core.ApplicationContext.log Manager: list: Listing contexts for virtual host 'localhost'
28-Mar-2017 23:37:26.306 INFO [http-apr-8089-exec-51] org.apache.catalina.core.ApplicationContext.log Manager: list: Listing contexts for virtual host 'localhost'
28-Mar-2017 23:38:29.410 INFO [http-apr-8089-exec-75] org.apache.catalina.core.ApplicationContext.log Manager: list: Listing contexts for virtual host 'localhost'
28-Mar-2017 23:38:45.837 INFO [http-apr-8089-exec-76] org.apache.catalina.core.ApplicationContext.log Manager: list: Listing contexts for virtual host 'localhost'
28-Mar-2017 23:39:40.420 INFO [http-apr-8089-exec-64] org.apache.catalina.core.ApplicationContext.log Manager: list: Listing contexts for virtual host 'localhost'
28-Mar-2017 23:39:53.553 INFO [http-apr-8089-exec-68] org.apache.catalina.core.ApplicationContext.log Manager: list: Listing contexts for virtual host 'localhost'
28-Mar-2017 23:40:08.852 INFO [http-apr-8089-exec-84] org.apache.catalina.core.ApplicationContext.log Manager: list: Listing contexts for virtual host 'localhost'
28-Mar-2017 23:41:03.550 INFO [http-apr-8089-exec-68] org.apache.catalina.core.ApplicationContext.log Manager: list: Listing contexts for virtual host 'localhost'
28-Mar-2017 23:41:15.364 INFO [http-apr-8089-exec-71] org.apache.catalina.core.ApplicationContext.log Manager: list: Listing contexts for virtual host 'localhost'
28-Mar-2017 23:41:25.516 INFO [http-apr-8089-exec-85] org.apache.catalina.core.ApplicationContext.log Manager: list: Listing contexts for virtual host 'localhost'
28-Mar-2017 23:43:58.097 INFO [http-apr-8089-exec-68] org.apache.catalina.core.ApplicationContext.log Manager: list: Listing contexts for virtual host 'localhost'
28-Mar-2017 23:45:18.419 INFO [http-apr-8089-exec-76] org.apache.catalina.core.ApplicationContext.log Manager: list: Listing contexts for virtual host 'localhost'
28-Mar-2017 23:45:57.648 INFO [http-apr-8089-exec-77] org.apache.catalina.core.ApplicationContext.log Manager: list: Listing contexts for virtual host 'localhost'
28-Mar-2017 23:47:19.367 INFO [http-apr-8089-exec-72] org.apache.catalina.core.ApplicationContext.log Manager: list: Listing contexts for virtual host 'localhost'
28-Mar-2017 23:47:39.303 INFO [http-apr-8089-exec-74] org.apache.catalina.core.ApplicationContext.log Manager: list: Listing contexts for virtual host 'localhost'
28-Mar-2017 23:47:58.107 INFO [http-apr-8089-exec-79] org.apache.catalina.core.ApplicationContext.log Manager: list: Listing contexts for virtual host 'localhost'
28-Mar-2017 23:48:23.407 INFO [http-apr-8089-exec-69] org.apache.catalina.core.ApplicationContext.log Manager: list: Listing contexts for virtual host 'localhost'
28-Mar-2017 23:48:44.173 INFO [http-apr-8089-exec-84] org.apache.catalina.core.ApplicationContext.log Manager: list: Listing contexts for virtual host 'localhost'
28-Mar-2017 23:49:05.990 INFO [http-apr-8089-exec-82] org.apache.catalina.core.ApplicationContext.log Manager: list: Listing contexts for virtual host 'localhost'
28-Mar-2017 23:50:06.859 INFO [http-apr-8089-exec-79] org.apache.catalina.core.ApplicationContext.log Manager: list: Listing contexts for virtual host 'localhost'
28-Mar-2017 23:50:12.509 INFO [http-apr-8089-exec-65] org.apache.catalina.core.ApplicationContext.log Manager: list: Listing contexts for virtual host 'localhost'
28-Mar-2017 23:50:12.511 INFO [http-apr-8089-exec-76] org.apache.catalina.core.ApplicationContext.log Manager: list: Listing contexts for virtual host 'localhost'
28-Mar-2017 23:52:56.090 INFO [http-apr-8089-exec-86] org.apache.catalina.core.ApplicationContext.log Manager: list: Listing contexts for virtual host 'localhost'
28-Mar-2017 23:52:56.110 INFO [http-apr-8089-exec-75] org.apache.catalina.core.ApplicationContext.log Manager: restart: Reloading web application '/AnhKyYeu'
28-Mar-2017 23:53:21.854 INFO [http-apr-8089-exec-88] org.apache.catalina.core.ApplicationContext.log Manager: list: Listing contexts for virtual host 'localhost'
28-Mar-2017 23:53:21.861 INFO [http-apr-8089-exec-82] org.apache.catalina.core.ApplicationContext.log Manager: restart: Reloading web application '/AnhKyYeu'
28-Mar-2017 23:53:27.463 INFO [http-apr-8089-exec-90] org.apache.catalina.core.ApplicationContext.log Manager: list: Listing contexts for virtual host 'localhost'
28-Mar-2017 23:53:27.471 INFO [http-apr-8089-exec-88] org.apache.catalina.core.ApplicationContext.log Manager: restart: Reloading web application '/AnhKyYeu'
28-Mar-2017 23:54:00.120 INFO [http-apr-8089-exec-90] org.apache.catalina.core.ApplicationContext.log Manager: list: Listing contexts for virtual host 'localhost'
28-Mar-2017 23:54:00.131 INFO [http-apr-8089-exec-68] org.apache.catalina.core.ApplicationContext.log Manager: restart: Reloading web application '/AnhKyYeu'
28-Mar-2017 23:54:50.914 INFO [http-apr-8089-exec-73] org.apache.catalina.core.ApplicationContext.log Manager: list: Listing contexts for virtual host 'localhost'
28-Mar-2017 23:54:50.929 INFO [http-apr-8089-exec-85] org.apache.catalina.core.ApplicationContext.log Manager: restart: Reloading web application '/AnhKyYeu'
28-Mar-2017 23:54:53.768 INFO [http-apr-8089-exec-71] org.apache.catalina.core.ApplicationContext.log Manager: list: Listing contexts for virtual host 'localhost'
28-Mar-2017 23:54:53.775 INFO [http-apr-8089-exec-77] org.apache.catalina.core.ApplicationContext.log Manager: restart: Reloading web application '/AnhKyYeu'
28-Mar-2017 23:56:04.008 INFO [http-apr-8089-exec-83] org.apache.catalina.core.ApplicationContext.log Manager: list: Listing contexts for virtual host 'localhost'
28-Mar-2017 23:56:04.023 INFO [http-apr-8089-exec-64] org.apache.catalina.core.ApplicationContext.log Manager: restart: Reloading web application '/AnhKyYeu'
28-Mar-2017 23:58:37.614 INFO [227] org.apache.catalina.core.ApplicationContext.log Manager: list: Listing contexts for virtual host 'localhost'
28-Mar-2017 23:58:37.624 INFO [http-apr-8089-exec-101] org.apache.catalina.core.ApplicationContext.log Manager: restart: Reloading web application '/AnhKyYeu'
28-Mar-2017 23:58:41.745 INFO [http-apr-8089-exec-91] org.apache.catalina.core.ApplicationContext.log Manager: list: Listing contexts for virtual host 'localhost'
28-Mar-2017 23:58:41.758 INFO [http-apr-8089-exec-107] org.apache.catalina.core.ApplicationContext.log Manager: restart: Reloading web application '/AnhKyYeu'
28-Mar-2017 23:59:41.981 INFO [http-apr-8089-exec-65] org.apache.catalina.core.ApplicationContext.log Manager: list: Listing contexts for virtual host 'localhost'
28-Mar-2017 23:59:41.983 INFO [http-apr-8089-exec-98] org.apache.catalina.core.ApplicationContext.log Manager: list: Listing contexts for virtual host 'localhost'
28-Mar-2017 23:59:42.053 INFO [http-apr-8089-exec-94] org.apache.catalina.core.ApplicationContext.log Manager: restart: Reloading web application '/AnhKyYeu'
