23-Feb-2017 23:40:07.186 INFO [http-apr-8086-exec-11] org.apache.catalina.core.ApplicationContext.log Manager: init: Associated with Deployer 'Catalina:type=Deployer,host=localhost'
23-Feb-2017 23:40:07.186 INFO [http-apr-8086-exec-11] org.apache.catalina.core.ApplicationContext.log Manager: init: Global resources are available
23-Feb-2017 23:40:07.186 INFO [http-apr-8086-exec-11] org.apache.catalina.core.ApplicationContext.log Manager: list: Listing contexts for virtual host 'localhost'
23-Feb-2017 23:40:07.206 INFO [http-apr-8086-exec-12] org.apache.catalina.core.ApplicationContext.log Manager: list: Listing contexts for virtual host 'localhost'
23-Feb-2017 23:40:07.254 INFO [http-apr-8086-exec-13] org.apache.catalina.core.ApplicationContext.log Manager: undeploy: Undeploying web application at '/AnhKyYeu'
23-Feb-2017 23:40:07.786 INFO [http-apr-8086-exec-14] org.apache.catalina.core.ApplicationContext.log Manager: install: Installing context configuration at 'file:/C:/Users/BVHIEN/AppData/Local/Temp/context2059639101930397318.xml'
23-Feb-2017 23:40:10.458 INFO [http-apr-8086-exec-15] org.apache.catalina.core.ApplicationContext.log Manager: start: Starting web application '/AnhKyYeu'
23-Feb-2017 23:42:44.139 INFO [http-apr-8086-exec-17] org.apache.catalina.core.ApplicationContext.log Manager: list: Listing contexts for virtual host 'localhost'
23-Feb-2017 23:42:44.155 INFO [http-apr-8086-exec-19] org.apache.catalina.core.ApplicationContext.log Manager: restart: Reloading web application '/AnhKyYeu'
23-Feb-2017 23:42:47.213 INFO [http-apr-8086-exec-32] org.apache.catalina.core.ApplicationContext.log Manager: list: Listing contexts for virtual host 'localhost'
23-Feb-2017 23:42:47.213 INFO [http-apr-8086-exec-15] org.apache.catalina.core.ApplicationContext.log Manager: restart: Reloading web application '/AnhKyYeu'
23-Feb-2017 23:42:54.821 INFO [http-apr-8086-exec-10] org.apache.catalina.core.ApplicationContext.log Manager: list: Listing contexts for virtual host 'localhost'
23-Feb-2017 23:42:54.821 INFO [http-apr-8086-exec-20] org.apache.catalina.core.ApplicationContext.log Manager: list: Listing contexts for virtual host 'localhost'
23-Feb-2017 23:42:54.842 INFO [http-apr-8086-exec-25] org.apache.catalina.core.ApplicationContext.log Manager: undeploy: Undeploying web application at '/AnhKyYeu'
23-Feb-2017 23:42:55.373 INFO [http-apr-8086-exec-7] org.apache.catalina.core.ApplicationContext.log Manager: install: Installing context configuration at 'file:/C:/Users/BVHIEN/AppData/Local/Temp/context792500505067206842.xml'
23-Feb-2017 23:42:58.123 INFO [http-apr-8086-exec-17] org.apache.catalina.core.ApplicationContext.log Manager: start: Starting web application '/AnhKyYeu'
23-Feb-2017 23:44:55.050 INFO [http-apr-8086-exec-38] org.apache.catalina.core.ApplicationContext.log Manager: list: Listing contexts for virtual host 'localhost'
23-Feb-2017 23:45:13.251 INFO [http-apr-8086-exec-14] org.apache.catalina.core.ApplicationContext.log Manager: list: Listing contexts for virtual host 'localhost'
23-Feb-2017 23:46:28.187 INFO [http-apr-8086-exec-37] org.apache.catalina.core.ApplicationContext.log Manager: list: Listing contexts for virtual host 'localhost'
23-Feb-2017 23:46:44.475 INFO [http-apr-8086-exec-31] org.apache.catalina.core.ApplicationContext.log Manager: list: Listing contexts for virtual host 'localhost'
23-Feb-2017 23:48:11.036 INFO [http-apr-8086-exec-49] org.apache.catalina.core.ApplicationContext.log Manager: list: Listing contexts for virtual host 'localhost'
23-Feb-2017 23:48:35.971 INFO [http-apr-8086-exec-55] org.apache.catalina.core.ApplicationContext.log Manager: list: Listing contexts for virtual host 'localhost'
23-Feb-2017 23:49:11.611 INFO [http-apr-8086-exec-36] org.apache.catalina.core.ApplicationContext.log Manager: list: Listing contexts for virtual host 'localhost'
23-Feb-2017 23:51:36.075 INFO [http-apr-8086-exec-46] org.apache.catalina.core.ApplicationContext.log Manager: list: Listing contexts for virtual host 'localhost'
23-Feb-2017 23:51:46.370 INFO [http-apr-8086-exec-38] org.apache.catalina.core.ApplicationContext.log Manager: list: Listing contexts for virtual host 'localhost'
23-Feb-2017 23:52:43.936 INFO [http-apr-8086-exec-51] org.apache.catalina.core.ApplicationContext.log Manager: list: Listing contexts for virtual host 'localhost'
23-Feb-2017 23:53:24.189 INFO [http-apr-8086-exec-57] org.apache.catalina.core.ApplicationContext.log Manager: list: Listing contexts for virtual host 'localhost'
23-Feb-2017 23:53:39.965 INFO [http-apr-8086-exec-44] org.apache.catalina.core.ApplicationContext.log Manager: list: Listing contexts for virtual host 'localhost'
23-Feb-2017 23:53:45.487 INFO [http-apr-8086-exec-46] org.apache.catalina.core.ApplicationContext.log Manager: list: Listing contexts for virtual host 'localhost'
23-Feb-2017 23:56:49.077 INFO [http-apr-8086-exec-38] org.apache.catalina.core.ApplicationContext.log Manager: list: Listing contexts for virtual host 'localhost'
23-Feb-2017 23:57:06.254 INFO [http-apr-8086-exec-51] org.apache.catalina.core.ApplicationContext.log Manager: list: Listing contexts for virtual host 'localhost'
23-Feb-2017 23:57:56.447 INFO [http-apr-8086-exec-57] org.apache.catalina.core.ApplicationContext.log Manager: list: Listing contexts for virtual host 'localhost'
23-Feb-2017 23:58:17.089 INFO [http-apr-8086-exec-44] org.apache.catalina.core.ApplicationContext.log Manager: list: Listing contexts for virtual host 'localhost'
23-Feb-2017 23:58:28.573 INFO [http-apr-8086-exec-46] org.apache.catalina.core.ApplicationContext.log Manager: list: Listing contexts for virtual host 'localhost'
23-Feb-2017 23:59:09.466 INFO [http-apr-8086-exec-38] org.apache.catalina.core.ApplicationContext.log Manager: list: Listing contexts for virtual host 'localhost'
23-Feb-2017 23:59:57.562 INFO [http-apr-8086-exec-51] org.apache.catalina.core.ApplicationContext.log Manager: list: Listing contexts for virtual host 'localhost'
23-Feb-2017 23:59:57.578 INFO [http-apr-8086-exec-41] org.apache.catalina.core.ApplicationContext.log Manager: restart: Reloading web application '/AnhKyYeu'
