13-Mar-2017 22:45:59.459 INFO [http-apr-8086-exec-13] org.apache.catalina.core.ApplicationContext.log Manager: init: Associated with Deployer 'Catalina:type=Deployer,host=localhost'
13-Mar-2017 22:45:59.463 INFO [http-apr-8086-exec-13] org.apache.catalina.core.ApplicationContext.log Manager: init: Global resources are available
13-Mar-2017 22:45:59.463 INFO [http-apr-8086-exec-13] org.apache.catalina.core.ApplicationContext.log Manager: list: Listing contexts for virtual host 'localhost'
13-Mar-2017 22:45:59.487 INFO [http-apr-8086-exec-14] org.apache.catalina.core.ApplicationContext.log Manager: list: Listing contexts for virtual host 'localhost'
13-Mar-2017 22:45:59.515 INFO [http-apr-8086-exec-15] org.apache.catalina.core.ApplicationContext.log Manager: undeploy: Undeploying web application at '/AnhKyYeu'
13-Mar-2017 22:46:00.216 INFO [http-apr-8086-exec-17] org.apache.catalina.core.ApplicationContext.log Manager: install: Installing context configuration at 'file:/C:/Users/BVHIEN/AppData/Local/Temp/context5774617782032270665.xml'
13-Mar-2017 22:46:03.334 INFO [http-apr-8086-exec-18] org.apache.catalina.core.ApplicationContext.log Manager: start: Starting web application '/AnhKyYeu'
13-Mar-2017 22:47:42.265 INFO [http-apr-8086-exec-23] org.apache.catalina.core.ApplicationContext.log Manager: list: Listing contexts for virtual host 'localhost'
13-Mar-2017 22:47:42.316 INFO [http-apr-8086-exec-26] org.apache.catalina.core.ApplicationContext.log Manager: restart: Reloading web application '/AnhKyYeu'
13-Mar-2017 22:50:43.282 INFO [http-apr-8086-exec-39] org.apache.catalina.core.ApplicationContext.log Manager: list: Listing contexts for virtual host 'localhost'
13-Mar-2017 22:54:11.463 INFO [http-apr-8086-exec-48] org.apache.catalina.core.ApplicationContext.log Manager: list: Listing contexts for virtual host 'localhost'
13-Mar-2017 22:55:22.568 INFO [http-apr-8086-exec-41] org.apache.catalina.core.ApplicationContext.log Manager: list: Listing contexts for virtual host 'localhost'
13-Mar-2017 22:55:48.774 INFO [http-apr-8086-exec-54] org.apache.catalina.core.ApplicationContext.log Manager: list: Listing contexts for virtual host 'localhost'
13-Mar-2017 22:57:09.670 INFO [http-apr-8086-exec-50] org.apache.catalina.core.ApplicationContext.log Manager: list: Listing contexts for virtual host 'localhost'
13-Mar-2017 23:03:17.329 INFO [http-apr-8086-exec-32] org.apache.catalina.core.ApplicationContext.log Manager: list: Listing contexts for virtual host 'localhost'
13-Mar-2017 23:05:02.911 INFO [http-apr-8086-exec-35] org.apache.catalina.core.ApplicationContext.log Manager: list: Listing contexts for virtual host 'localhost'
13-Mar-2017 23:19:16.721 INFO [http-apr-8086-exec-38] org.apache.catalina.core.ApplicationContext.log Manager: list: Listing contexts for virtual host 'localhost'
13-Mar-2017 23:29:22.256 INFO [http-apr-8086-exec-52] org.apache.catalina.core.ApplicationContext.log Manager: list: Listing contexts for virtual host 'localhost'
13-Mar-2017 23:29:25.785 INFO [http-apr-8086-exec-40] org.apache.catalina.core.ApplicationContext.log Manager: list: Listing contexts for virtual host 'localhost'
13-Mar-2017 23:29:33.275 INFO [http-apr-8086-exec-43] org.apache.catalina.core.ApplicationContext.log Manager: list: Listing contexts for virtual host 'localhost'
13-Mar-2017 23:30:07.593 INFO [http-apr-8086-exec-39] org.apache.catalina.core.ApplicationContext.log Manager: list: Listing contexts for virtual host 'localhost'
13-Mar-2017 23:30:14.761 INFO [http-apr-8086-exec-38] org.apache.catalina.core.ApplicationContext.log Manager: list: Listing contexts for virtual host 'localhost'
13-Mar-2017 23:30:46.354 INFO [http-apr-8086-exec-33] org.apache.catalina.core.ApplicationContext.log Manager: list: Listing contexts for virtual host 'localhost'
13-Mar-2017 23:31:31.597 INFO [http-apr-8086-exec-40] org.apache.catalina.core.ApplicationContext.log Manager: list: Listing contexts for virtual host 'localhost'
13-Mar-2017 23:31:51.196 INFO [http-apr-8086-exec-43] org.apache.catalina.core.ApplicationContext.log Manager: list: Listing contexts for virtual host 'localhost'
13-Mar-2017 23:34:07.785 INFO [http-apr-8086-exec-39] org.apache.catalina.core.ApplicationContext.log Manager: list: Listing contexts for virtual host 'localhost'
13-Mar-2017 23:35:50.939 INFO [http-apr-8086-exec-38] org.apache.catalina.core.ApplicationContext.log Manager: list: Listing contexts for virtual host 'localhost'
13-Mar-2017 23:39:00.940 INFO [http-apr-8086-exec-37] org.apache.catalina.core.ApplicationContext.log Manager: list: Listing contexts for virtual host 'localhost'
13-Mar-2017 23:39:02.748 INFO [http-apr-8086-exec-51] org.apache.catalina.core.ApplicationContext.log Manager: list: Listing contexts for virtual host 'localhost'
13-Mar-2017 23:39:28.806 INFO [http-apr-8086-exec-48] org.apache.catalina.core.ApplicationContext.log Manager: list: Listing contexts for virtual host 'localhost'
13-Mar-2017 23:39:35.954 INFO [http-apr-8086-exec-40] org.apache.catalina.core.ApplicationContext.log Manager: list: Listing contexts for virtual host 'localhost'
13-Mar-2017 23:39:52.176 INFO [http-apr-8086-exec-48] org.apache.catalina.core.ApplicationContext.log Manager: list: Listing contexts for virtual host 'localhost'
13-Mar-2017 23:40:56.697 INFO [http-apr-8086-exec-32] org.apache.catalina.core.ApplicationContext.log Manager: list: Listing contexts for virtual host 'localhost'
13-Mar-2017 23:41:25.269 INFO [http-apr-8086-exec-48] org.apache.catalina.core.ApplicationContext.log Manager: list: Listing contexts for virtual host 'localhost'
13-Mar-2017 23:42:24.593 INFO [http-apr-8086-exec-47] org.apache.catalina.core.ApplicationContext.log Manager: list: Listing contexts for virtual host 'localhost'
13-Mar-2017 23:42:48.375 INFO [http-apr-8086-exec-49] org.apache.catalina.core.ApplicationContext.log Manager: list: Listing contexts for virtual host 'localhost'
13-Mar-2017 23:43:35.620 INFO [http-apr-8086-exec-41] org.apache.catalina.core.ApplicationContext.log Manager: list: Listing contexts for virtual host 'localhost'
13-Mar-2017 23:44:07.075 INFO [http-apr-8086-exec-42] org.apache.catalina.core.ApplicationContext.log Manager: list: Listing contexts for virtual host 'localhost'
13-Mar-2017 23:44:18.016 INFO [http-apr-8086-exec-30] org.apache.catalina.core.ApplicationContext.log Manager: list: Listing contexts for virtual host 'localhost'
13-Mar-2017 23:44:26.641 INFO [http-apr-8086-exec-32] org.apache.catalina.core.ApplicationContext.log Manager: list: Listing contexts for virtual host 'localhost'
13-Mar-2017 23:44:35.385 INFO [http-apr-8086-exec-47] org.apache.catalina.core.ApplicationContext.log Manager: list: Listing contexts for virtual host 'localhost'
13-Mar-2017 23:44:50.591 INFO [http-apr-8086-exec-31] org.apache.catalina.core.ApplicationContext.log Manager: list: Listing contexts for virtual host 'localhost'
13-Mar-2017 23:45:39.992 INFO [http-apr-8086-exec-42] org.apache.catalina.core.ApplicationContext.log Manager: list: Listing contexts for virtual host 'localhost'
13-Mar-2017 23:46:16.809 INFO [http-apr-8086-exec-43] org.apache.catalina.core.ApplicationContext.log Manager: list: Listing contexts for virtual host 'localhost'
13-Mar-2017 23:46:32.730 INFO [http-apr-8086-exec-33] org.apache.catalina.core.ApplicationContext.log Manager: list: Listing contexts for virtual host 'localhost'
13-Mar-2017 23:48:30.091 INFO [http-apr-8086-exec-36] org.apache.catalina.core.ApplicationContext.log Manager: list: Listing contexts for virtual host 'localhost'
13-Mar-2017 23:48:38.160 INFO [http-apr-8086-exec-31] org.apache.catalina.core.ApplicationContext.log Manager: list: Listing contexts for virtual host 'localhost'
13-Mar-2017 23:49:11.289 INFO [http-apr-8086-exec-40] org.apache.catalina.core.ApplicationContext.log Manager: list: Listing contexts for virtual host 'localhost'
13-Mar-2017 23:49:57.941 INFO [http-apr-8086-exec-35] org.apache.catalina.core.ApplicationContext.log Manager: list: Listing contexts for virtual host 'localhost'
13-Mar-2017 23:50:07.368 INFO [http-apr-8086-exec-51] org.apache.catalina.core.ApplicationContext.log Manager: list: Listing contexts for virtual host 'localhost'
13-Mar-2017 23:50:17.956 INFO [http-apr-8086-exec-30] org.apache.catalina.core.ApplicationContext.log Manager: list: Listing contexts for virtual host 'localhost'
13-Mar-2017 23:52:37.885 INFO [http-apr-8086-exec-34] org.apache.catalina.core.ApplicationContext.log Manager: list: Listing contexts for virtual host 'localhost'
13-Mar-2017 23:52:57.617 INFO [http-apr-8086-exec-31] org.apache.catalina.core.ApplicationContext.log Manager: list: Listing contexts for virtual host 'localhost'
13-Mar-2017 23:54:23.991 INFO [http-apr-8086-exec-51] org.apache.catalina.core.ApplicationContext.log Manager: list: Listing contexts for virtual host 'localhost'
13-Mar-2017 23:55:43.522 INFO [http-apr-8086-exec-46] org.apache.catalina.core.ApplicationContext.log Manager: list: Listing contexts for virtual host 'localhost'
13-Mar-2017 23:59:24.121 INFO [http-apr-8086-exec-45] org.apache.catalina.core.ApplicationContext.log Manager: list: Listing contexts for virtual host 'localhost'
