15-Apr-2017 15:50:01.088 INFO [http-apr-8089-exec-13] org.apache.catalina.core.ApplicationContext.log Manager: init: Associated with Deployer 'Catalina:type=Deployer,host=localhost'
15-Apr-2017 15:50:01.089 INFO [http-apr-8089-exec-13] org.apache.catalina.core.ApplicationContext.log Manager: init: Global resources are available
15-Apr-2017 15:50:01.091 INFO [http-apr-8089-exec-13] org.apache.catalina.core.ApplicationContext.log Manager: list: Listing contexts for virtual host 'localhost'
15-Apr-2017 15:50:01.111 INFO [http-apr-8089-exec-14] org.apache.catalina.core.ApplicationContext.log Manager: list: Listing contexts for virtual host 'localhost'
15-Apr-2017 15:50:01.326 INFO [http-apr-8089-exec-15] org.apache.catalina.core.ApplicationContext.log Manager: restart: Reloading web application '/AnhKyYeu'
15-Apr-2017 16:04:01.361 INFO [http-apr-8089-exec-21] org.apache.catalina.core.ApplicationContext.log Manager: list: Listing contexts for virtual host 'localhost'
15-Apr-2017 16:04:01.379 INFO [http-apr-8089-exec-25] org.apache.catalina.core.ApplicationContext.log Manager: restart: Reloading web application '/AnhKyYeu'
15-Apr-2017 16:04:45.985 INFO [http-apr-8089-exec-16] org.apache.catalina.core.ApplicationContext.log Manager: list: Listing contexts for virtual host 'localhost'
15-Apr-2017 16:04:46.013 INFO [http-apr-8089-exec-38] org.apache.catalina.core.ApplicationContext.log Manager: restart: Reloading web application '/AnhKyYeu'
15-Apr-2017 16:12:21.049 INFO [http-apr-8089-exec-54] org.apache.catalina.core.ApplicationContext.log Manager: list: Listing contexts for virtual host 'localhost'
15-Apr-2017 16:12:21.067 INFO [http-apr-8089-exec-52] org.apache.catalina.core.ApplicationContext.log Manager: undeploy: Undeploying web application at '/AnhKyYeu'
15-Apr-2017 16:13:52.705 INFO [http-apr-8089-exec-53] org.apache.catalina.core.ApplicationContext.log Manager: list: Listing contexts for virtual host 'localhost'
15-Apr-2017 16:13:52.707 INFO [http-apr-8089-exec-62] org.apache.catalina.core.ApplicationContext.log Manager: list: Listing contexts for virtual host 'localhost'
15-Apr-2017 16:13:52.723 INFO [http-apr-8089-exec-59] org.apache.catalina.core.ApplicationContext.log Manager: install: Installing context configuration at 'file:/C:/Users/BUIVAN~1/AppData/Local/Temp/context7888703123704844736.xml'
15-Apr-2017 16:13:55.326 INFO [http-apr-8089-exec-46] org.apache.catalina.core.ApplicationContext.log Manager: start: Starting web application '/AnhKyYeu'
15-Apr-2017 16:14:56.321 INFO [http-apr-8089-exec-58] org.apache.catalina.core.ApplicationContext.log Manager: list: Listing contexts for virtual host 'localhost'
15-Apr-2017 16:14:56.324 INFO [http-apr-8089-exec-63] org.apache.catalina.core.ApplicationContext.log Manager: list: Listing contexts for virtual host 'localhost'
15-Apr-2017 16:19:57.910 INFO [http-apr-8089-exec-76] org.apache.catalina.core.ApplicationContext.log Manager: list: Listing contexts for virtual host 'localhost'
15-Apr-2017 16:22:54.440 INFO [http-apr-8089-exec-70] org.apache.catalina.core.ApplicationContext.log Manager: list: Listing contexts for virtual host 'localhost'
15-Apr-2017 16:27:07.416 INFO [http-apr-8089-exec-12] org.apache.catalina.core.ApplicationContext.log Manager: init: Associated with Deployer 'Catalina:type=Deployer,host=localhost'
15-Apr-2017 16:27:07.417 INFO [http-apr-8089-exec-12] org.apache.catalina.core.ApplicationContext.log Manager: init: Global resources are available
15-Apr-2017 16:27:07.418 INFO [http-apr-8089-exec-12] org.apache.catalina.core.ApplicationContext.log Manager: list: Listing contexts for virtual host 'localhost'
15-Apr-2017 16:27:07.434 INFO [http-apr-8089-exec-13] org.apache.catalina.core.ApplicationContext.log Manager: list: Listing contexts for virtual host 'localhost'
15-Apr-2017 16:30:35.457 INFO [http-apr-8089-exec-1] org.apache.catalina.core.ApplicationContext.log Manager: list: Listing contexts for virtual host 'localhost'
15-Apr-2017 16:32:29.043 INFO [http-apr-8089-exec-7] org.apache.catalina.core.ApplicationContext.log Manager: list: Listing contexts for virtual host 'localhost'
15-Apr-2017 17:03:59.290 INFO [http-apr-8005-exec-17] org.apache.catalina.core.ApplicationContext.log Manager: init: Associated with Deployer 'Catalina:type=Deployer,host=localhost'
15-Apr-2017 17:03:59.290 INFO [http-apr-8005-exec-17] org.apache.catalina.core.ApplicationContext.log Manager: init: Global resources are available
15-Apr-2017 17:03:59.290 INFO [http-apr-8005-exec-17] org.apache.catalina.core.ApplicationContext.log Manager: list: Listing contexts for virtual host 'localhost'
15-Apr-2017 17:04:06.331 INFO [http-apr-8005-exec-1] org.apache.catalina.core.ApplicationContext.log Manager: list: Listing contexts for virtual host 'localhost'
15-Apr-2017 17:04:06.336 INFO [http-apr-8005-exec-3] org.apache.catalina.core.ApplicationContext.log Manager: list: Listing contexts for virtual host 'localhost'
15-Apr-2017 17:04:06.346 INFO [http-apr-8005-exec-4] org.apache.catalina.core.ApplicationContext.log Manager: undeploy: Undeploying web application at '/AnhKyYeu'
15-Apr-2017 17:04:07.021 INFO [http-apr-8005-exec-17] org.apache.catalina.core.ApplicationContext.log Manager: install: Installing context configuration at 'file:/C:/Users/BUIVAN~1/AppData/Local/Temp/context4680156462213568664.xml'
15-Apr-2017 17:04:10.415 INFO [http-apr-8005-exec-10] org.apache.catalina.core.ApplicationContext.log Manager: start: Starting web application '/AnhKyYeu'
15-Apr-2017 17:39:07.939 INFO [http-apr-8005-exec-31] org.apache.catalina.core.ApplicationContext.log Manager: list: Listing contexts for virtual host 'localhost'
15-Apr-2017 17:39:07.952 INFO [http-apr-8005-exec-32] org.apache.catalina.core.ApplicationContext.log Manager: undeploy: Undeploying web application at '/AnhKyYeu'
15-Apr-2017 17:40:30.243 INFO [http-apr-8005-exec-44] org.apache.catalina.core.ApplicationContext.log Manager: list: Listing contexts for virtual host 'localhost'
15-Apr-2017 17:40:30.246 INFO [http-apr-8005-exec-34] org.apache.catalina.core.ApplicationContext.log Manager: list: Listing contexts for virtual host 'localhost'
15-Apr-2017 17:40:30.257 INFO [http-apr-8005-exec-28] org.apache.catalina.core.ApplicationContext.log Manager: install: Installing context configuration at 'file:/C:/Users/BUIVAN~1/AppData/Local/Temp/context2489951393401275539.xml'
15-Apr-2017 17:40:32.992 INFO [http-apr-8005-exec-48] org.apache.catalina.core.ApplicationContext.log Manager: start: Starting web application '/AnhKyYeu'
15-Apr-2017 17:42:34.729 INFO [http-apr-8005-exec-60] org.apache.catalina.core.ApplicationContext.log Manager: list: Listing contexts for virtual host 'localhost'
15-Apr-2017 17:44:03.304 INFO [http-apr-8005-exec-55] org.apache.catalina.core.ApplicationContext.log Manager: list: Listing contexts for virtual host 'localhost'
15-Apr-2017 17:44:03.311 INFO [http-apr-8005-exec-58] org.apache.catalina.core.ApplicationContext.log Manager: undeploy: Undeploying web application at '/AnhKyYeu'
15-Apr-2017 17:45:30.935 INFO [http-apr-8005-exec-65] org.apache.catalina.core.ApplicationContext.log Manager: list: Listing contexts for virtual host 'localhost'
15-Apr-2017 17:46:06.556 INFO [http-apr-8005-exec-53] org.apache.catalina.core.ApplicationContext.log Manager: list: Listing contexts for virtual host 'localhost'
15-Apr-2017 17:46:06.559 INFO [http-apr-8005-exec-55] org.apache.catalina.core.ApplicationContext.log Manager: list: Listing contexts for virtual host 'localhost'
15-Apr-2017 17:46:06.569 INFO [http-apr-8005-exec-57] org.apache.catalina.core.ApplicationContext.log Manager: install: Installing context configuration at 'file:/C:/Users/BUIVAN~1/AppData/Local/Temp/context6394202837172240294.xml'
15-Apr-2017 17:46:09.276 INFO [http-apr-8005-exec-54] org.apache.catalina.core.ApplicationContext.log Manager: start: Starting web application '/AnhKyYeu'
15-Apr-2017 17:50:55.588 INFO [http-apr-8005-exec-82] org.apache.catalina.core.ApplicationContext.log Manager: list: Listing contexts for virtual host 'localhost'
15-Apr-2017 17:57:26.941 INFO [http-apr-8005-exec-89] org.apache.catalina.core.ApplicationContext.log Manager: list: Listing contexts for virtual host 'localhost'
15-Apr-2017 18:03:23.238 INFO [http-apr-8005-exec-4] org.apache.catalina.core.ApplicationContext.log Manager: init: Associated with Deployer 'Catalina:type=Deployer,host=localhost'
15-Apr-2017 18:03:23.239 INFO [http-apr-8005-exec-4] org.apache.catalina.core.ApplicationContext.log Manager: init: Global resources are available
15-Apr-2017 18:03:23.244 INFO [http-apr-8005-exec-4] org.apache.catalina.core.ApplicationContext.log Manager: list: Listing contexts for virtual host 'localhost'
15-Apr-2017 18:03:23.250 INFO [http-apr-8005-exec-6] org.apache.catalina.core.ApplicationContext.log Manager: list: Listing contexts for virtual host 'localhost'
15-Apr-2017 18:03:23.269 INFO [http-apr-8005-exec-5] org.apache.catalina.core.ApplicationContext.log Manager: undeploy: Undeploying web application at '/AnhKyYeu'
15-Apr-2017 18:03:24.001 INFO [http-apr-8005-exec-21] org.apache.catalina.core.ApplicationContext.log Manager: install: Installing context configuration at 'file:/C:/Users/BUIVAN~1/AppData/Local/Temp/context8867758462390822596.xml'
15-Apr-2017 18:03:29.013 INFO [http-apr-8005-exec-1] org.apache.catalina.core.ApplicationContext.log Manager: start: Starting web application '/AnhKyYeu'
15-Apr-2017 18:05:59.202 INFO [http-apr-8005-exec-16] org.apache.catalina.core.ApplicationContext.log Manager: list: Listing contexts for virtual host 'localhost'
15-Apr-2017 18:16:09.859 INFO [http-apr-8005-exec-22] org.apache.catalina.core.ApplicationContext.log Manager: init: Associated with Deployer 'Catalina:type=Deployer,host=localhost'
15-Apr-2017 18:16:09.859 INFO [http-apr-8005-exec-22] org.apache.catalina.core.ApplicationContext.log Manager: init: Global resources are available
15-Apr-2017 18:16:09.863 INFO [http-apr-8005-exec-22] org.apache.catalina.core.ApplicationContext.log Manager: list: Listing contexts for virtual host 'localhost'
15-Apr-2017 18:16:09.873 INFO [http-apr-8005-exec-23] org.apache.catalina.core.ApplicationContext.log Manager: list: Listing contexts for virtual host 'localhost'
15-Apr-2017 18:17:42.243 INFO [http-apr-8005-exec-23] org.apache.catalina.core.ApplicationContext.log Manager: list: Listing contexts for virtual host 'localhost'
15-Apr-2017 18:20:00.971 INFO [http-apr-8005-exec-1] org.apache.catalina.core.ApplicationContext.log Manager: list: Listing contexts for virtual host 'localhost'
15-Apr-2017 18:20:01.642 INFO [http-apr-8005-exec-12] org.apache.catalina.core.ApplicationContext.log Manager: list: Listing contexts for virtual host 'localhost'
15-Apr-2017 18:22:30.135 INFO [http-apr-8005-exec-12] org.apache.catalina.core.ApplicationContext.log Manager: list: Listing contexts for virtual host 'localhost'
15-Apr-2017 18:26:16.061 INFO [http-apr-8005-exec-5] org.apache.catalina.core.ApplicationContext.log Manager: list: Listing contexts for virtual host 'localhost'
