29-Mar-2017 00:03:34.570 INFO [http-apr-8089-exec-127] org.apache.catalina.core.ApplicationContext.log Manager: list: Listing contexts for virtual host 'localhost'
29-Mar-2017 00:03:34.583 INFO [http-apr-8089-exec-128] org.apache.catalina.core.ApplicationContext.log Manager: restart: Reloading web application '/AnhKyYeu'
29-Mar-2017 00:03:43.835 INFO [http-apr-8089-exec-125] org.apache.catalina.core.ApplicationContext.log Manager: list: Listing contexts for virtual host 'localhost'
29-Mar-2017 00:03:43.837 INFO [http-apr-8089-exec-131] org.apache.catalina.core.ApplicationContext.log Manager: list: Listing contexts for virtual host 'localhost'
29-Mar-2017 00:03:43.905 INFO [http-apr-8089-exec-121] org.apache.catalina.core.ApplicationContext.log Manager: restart: Reloading web application '/AnhKyYeu'
29-Mar-2017 00:05:04.632 INFO [http-apr-8089-exec-138] org.apache.catalina.core.ApplicationContext.log Manager: list: Listing contexts for virtual host 'localhost'
29-Mar-2017 00:05:04.662 INFO [http-apr-8089-exec-116] org.apache.catalina.core.ApplicationContext.log Manager: undeploy: Undeploying web application at '/AnhKyYeu'
29-Mar-2017 00:05:21.677 INFO [http-apr-8089-exec-120] org.apache.catalina.core.ApplicationContext.log Manager: list: Listing contexts for virtual host 'localhost'
29-Mar-2017 00:05:21.680 INFO [http-apr-8089-exec-122] org.apache.catalina.core.ApplicationContext.log Manager: list: Listing contexts for virtual host 'localhost'
29-Mar-2017 00:05:21.693 INFO [http-apr-8089-exec-115] org.apache.catalina.core.ApplicationContext.log Manager: install: Installing context configuration at 'file:/C:/Users/BUIVAN~1/AppData/Local/Temp/context987188800706074477.xml'
29-Mar-2017 00:05:24.114 INFO [http-apr-8089-exec-138] org.apache.catalina.core.ApplicationContext.log Manager: start: Starting web application '/AnhKyYeu'
29-Mar-2017 00:07:58.081 INFO [http-apr-8089-exec-147] org.apache.catalina.core.ApplicationContext.log Manager: list: Listing contexts for virtual host 'localhost'
29-Mar-2017 00:14:24.400 INFO [http-apr-8089-exec-149] org.apache.catalina.core.ApplicationContext.log Manager: list: Listing contexts for virtual host 'localhost'
29-Mar-2017 00:15:19.403 INFO [http-apr-8089-exec-158] org.apache.catalina.core.ApplicationContext.log Manager: list: Listing contexts for virtual host 'localhost'
29-Mar-2017 00:19:16.785 INFO [http-apr-8089-exec-142] org.apache.catalina.core.ApplicationContext.log Manager: list: Listing contexts for virtual host 'localhost'
29-Mar-2017 00:29:53.793 INFO [http-apr-8089-exec-155] org.apache.catalina.core.ApplicationContext.log Manager: list: Listing contexts for virtual host 'localhost'
29-Mar-2017 00:30:50.319 INFO [http-apr-8089-exec-161] org.apache.catalina.core.ApplicationContext.log Manager: list: Listing contexts for virtual host 'localhost'
29-Mar-2017 00:33:01.451 INFO [http-apr-8089-exec-149] org.apache.catalina.core.ApplicationContext.log Manager: list: Listing contexts for virtual host 'localhost'
29-Mar-2017 00:33:48.368 INFO [http-apr-8089-exec-165] org.apache.catalina.core.ApplicationContext.log Manager: list: Listing contexts for virtual host 'localhost'
29-Mar-2017 00:34:31.578 INFO [http-apr-8089-exec-154] org.apache.catalina.core.ApplicationContext.log Manager: list: Listing contexts for virtual host 'localhost'
29-Mar-2017 00:34:31.601 INFO [http-apr-8089-exec-143] org.apache.catalina.core.ApplicationContext.log Manager: restart: Reloading web application '/AnhKyYeu'
29-Mar-2017 00:36:12.249 INFO [http-apr-8089-exec-147] org.apache.catalina.core.ApplicationContext.log Manager: list: Listing contexts for virtual host 'localhost'
29-Mar-2017 00:36:12.261 INFO [http-apr-8089-exec-148] org.apache.catalina.core.ApplicationContext.log Manager: restart: Reloading web application '/AnhKyYeu'
29-Mar-2017 00:36:19.919 INFO [http-apr-8089-exec-170] org.apache.catalina.core.ApplicationContext.log Manager: list: Listing contexts for virtual host 'localhost'
29-Mar-2017 00:36:19.929 INFO [http-apr-8089-exec-166] org.apache.catalina.core.ApplicationContext.log Manager: restart: Reloading web application '/AnhKyYeu'
29-Mar-2017 00:36:29.960 INFO [http-apr-8089-exec-160] org.apache.catalina.core.ApplicationContext.log Manager: list: Listing contexts for virtual host 'localhost'
29-Mar-2017 00:36:29.962 INFO [http-apr-8089-exec-146] org.apache.catalina.core.ApplicationContext.log Manager: list: Listing contexts for virtual host 'localhost'
29-Mar-2017 00:36:30.024 INFO [http-apr-8089-exec-163] org.apache.catalina.core.ApplicationContext.log Manager: restart: Reloading web application '/AnhKyYeu'
29-Mar-2017 00:38:01.905 INFO [http-apr-8089-exec-171] org.apache.catalina.core.ApplicationContext.log Manager: list: Listing contexts for virtual host 'localhost'
29-Mar-2017 00:38:01.914 INFO [http-apr-8089-exec-142] org.apache.catalina.core.ApplicationContext.log Manager: restart: Reloading web application '/AnhKyYeu'
29-Mar-2017 00:38:14.972 INFO [http-apr-8089-exec-176] org.apache.catalina.core.ApplicationContext.log Manager: list: Listing contexts for virtual host 'localhost'
29-Mar-2017 00:38:14.974 INFO [http-apr-8089-exec-160] org.apache.catalina.core.ApplicationContext.log Manager: list: Listing contexts for virtual host 'localhost'
29-Mar-2017 00:38:15.041 INFO [http-apr-8089-exec-146] org.apache.catalina.core.ApplicationContext.log Manager: restart: Reloading web application '/AnhKyYeu'
29-Mar-2017 00:39:01.344 INFO [http-apr-8089-exec-170] org.apache.catalina.core.ApplicationContext.log Manager: list: Listing contexts for virtual host 'localhost'
29-Mar-2017 00:39:01.347 INFO [http-apr-8089-exec-180] org.apache.catalina.core.ApplicationContext.log Manager: list: Listing contexts for virtual host 'localhost'
29-Mar-2017 00:40:04.343 INFO [http-apr-8089-exec-181] org.apache.catalina.core.ApplicationContext.log Manager: list: Listing contexts for virtual host 'localhost'
29-Mar-2017 00:40:16.881 INFO [http-apr-8089-exec-170] org.apache.catalina.core.ApplicationContext.log Manager: list: Listing contexts for virtual host 'localhost'
29-Mar-2017 00:41:04.020 INFO [http-apr-8089-exec-141] org.apache.catalina.core.ApplicationContext.log Manager: list: Listing contexts for virtual host 'localhost'
29-Mar-2017 00:41:04.022 INFO [http-apr-8089-exec-193] org.apache.catalina.core.ApplicationContext.log Manager: list: Listing contexts for virtual host 'localhost'
29-Mar-2017 00:41:23.433 INFO [http-apr-8089-exec-182] org.apache.catalina.core.ApplicationContext.log Manager: list: Listing contexts for virtual host 'localhost'
29-Mar-2017 00:41:28.287 INFO [http-apr-8089-exec-186] org.apache.catalina.core.ApplicationContext.log Manager: list: Listing contexts for virtual host 'localhost'
29-Mar-2017 00:41:32.199 INFO [http-apr-8089-exec-198] org.apache.catalina.core.ApplicationContext.log Manager: list: Listing contexts for virtual host 'localhost'
29-Mar-2017 00:41:39.232 INFO [http-apr-8089-exec-199] org.apache.catalina.core.ApplicationContext.log Manager: list: Listing contexts for virtual host 'localhost'
29-Mar-2017 00:41:39.234 INFO [http-apr-8089-exec-196] org.apache.catalina.core.ApplicationContext.log Manager: list: Listing contexts for virtual host 'localhost'
29-Mar-2017 00:45:41.595 INFO [http-apr-8089-exec-192] org.apache.catalina.core.ApplicationContext.log Manager: list: Listing contexts for virtual host 'localhost'
29-Mar-2017 00:45:41.604 INFO [http-apr-8089-exec-202] org.apache.catalina.core.ApplicationContext.log Manager: restart: Reloading web application '/AnhKyYeu'
29-Mar-2017 00:45:46.595 INFO [http-apr-8089-exec-204] org.apache.catalina.core.ApplicationContext.log Manager: list: Listing contexts for virtual host 'localhost'
29-Mar-2017 00:45:46.601 INFO [http-apr-8089-exec-184] org.apache.catalina.core.ApplicationContext.log Manager: restart: Reloading web application '/AnhKyYeu'
29-Mar-2017 00:45:47.092 INFO [http-apr-8089-exec-207] org.apache.catalina.core.ApplicationContext.log Manager: list: Listing contexts for virtual host 'localhost'
29-Mar-2017 00:45:49.929 INFO [http-apr-8089-exec-200] org.apache.catalina.core.ApplicationContext.log Manager: undeploy: Undeploying web application at '/AnhKyYeu'
29-Mar-2017 22:55:45.559 INFO [http-apr-8089-exec-10] org.apache.catalina.core.ApplicationContext.log Manager: init: Associated with Deployer 'Catalina:type=Deployer,host=localhost'
29-Mar-2017 22:55:45.559 INFO [http-apr-8089-exec-10] org.apache.catalina.core.ApplicationContext.log Manager: init: Global resources are available
29-Mar-2017 22:55:45.560 INFO [http-apr-8089-exec-10] org.apache.catalina.core.ApplicationContext.log Manager: list: Listing contexts for virtual host 'localhost'
29-Mar-2017 22:55:45.568 INFO [http-apr-8089-exec-11] org.apache.catalina.core.ApplicationContext.log Manager: list: Listing contexts for virtual host 'localhost'
29-Mar-2017 22:55:45.612 INFO [http-apr-8089-exec-12] org.apache.catalina.core.ApplicationContext.log Manager: install: Installing context configuration at 'file:/C:/Users/BUIVAN~1/AppData/Local/Temp/context4952827966982162992.xml'
29-Mar-2017 22:55:51.645 INFO [http-apr-8089-exec-13] org.apache.catalina.core.ApplicationContext.log Manager: start: Starting web application '/AnhKyYeu'
29-Mar-2017 22:58:18.635 INFO [http-apr-8089-exec-18] org.apache.catalina.core.ApplicationContext.log Manager: list: Listing contexts for virtual host 'localhost'
29-Mar-2017 22:58:18.639 INFO [http-apr-8089-exec-8] org.apache.catalina.core.ApplicationContext.log Manager: list: Listing contexts for virtual host 'localhost'
29-Mar-2017 23:00:17.960 INFO [http-apr-8089-exec-7] org.apache.catalina.core.ApplicationContext.log Manager: list: Listing contexts for virtual host 'localhost'
29-Mar-2017 23:00:17.976 INFO [http-apr-8089-exec-5] org.apache.catalina.core.ApplicationContext.log Manager: restart: Reloading web application '/AnhKyYeu'
29-Mar-2017 23:00:29.973 INFO [http-apr-8089-exec-14] org.apache.catalina.core.ApplicationContext.log Manager: list: Listing contexts for virtual host 'localhost'
29-Mar-2017 23:00:29.976 INFO [http-apr-8089-exec-4] org.apache.catalina.core.ApplicationContext.log Manager: list: Listing contexts for virtual host 'localhost'
29-Mar-2017 23:00:30.047 INFO [http-apr-8089-exec-15] org.apache.catalina.core.ApplicationContext.log Manager: restart: Reloading web application '/AnhKyYeu'
29-Mar-2017 23:14:41.761 INFO [http-apr-8089-exec-35] org.apache.catalina.core.ApplicationContext.log Manager: list: Listing contexts for virtual host 'localhost'
29-Mar-2017 23:20:21.950 INFO [http-apr-8089-exec-45] org.apache.catalina.core.ApplicationContext.log Manager: list: Listing contexts for virtual host 'localhost'
29-Mar-2017 23:20:39.192 INFO [http-apr-8089-exec-37] org.apache.catalina.core.ApplicationContext.log Manager: list: Listing contexts for virtual host 'localhost'
29-Mar-2017 23:20:48.766 INFO [http-apr-8089-exec-40] org.apache.catalina.core.ApplicationContext.log Manager: list: Listing contexts for virtual host 'localhost'
29-Mar-2017 23:21:06.057 INFO [http-apr-8089-exec-28] org.apache.catalina.core.ApplicationContext.log Manager: list: Listing contexts for virtual host 'localhost'
29-Mar-2017 23:21:52.611 INFO [http-apr-8089-exec-50] org.apache.catalina.core.ApplicationContext.log Manager: list: Listing contexts for virtual host 'localhost'
29-Mar-2017 23:22:04.747 INFO [http-apr-8089-exec-31] org.apache.catalina.core.ApplicationContext.log Manager: list: Listing contexts for virtual host 'localhost'
29-Mar-2017 23:22:04.749 INFO [http-apr-8089-exec-29] org.apache.catalina.core.ApplicationContext.log Manager: list: Listing contexts for virtual host 'localhost'
29-Mar-2017 23:22:58.700 INFO [http-apr-8089-exec-42] org.apache.catalina.core.ApplicationContext.log Manager: list: Listing contexts for virtual host 'localhost'
29-Mar-2017 23:23:04.094 INFO [http-apr-8089-exec-35] org.apache.catalina.core.ApplicationContext.log Manager: list: Listing contexts for virtual host 'localhost'
29-Mar-2017 23:25:28.777 INFO [http-apr-8089-exec-52] org.apache.catalina.core.ApplicationContext.log Manager: list: Listing contexts for virtual host 'localhost'
29-Mar-2017 23:26:16.688 INFO [http-apr-8089-exec-31] org.apache.catalina.core.ApplicationContext.log Manager: list: Listing contexts for virtual host 'localhost'
29-Mar-2017 23:36:59.617 INFO [http-apr-8089-exec-48] org.apache.catalina.core.ApplicationContext.log Manager: list: Listing contexts for virtual host 'localhost'
29-Mar-2017 23:37:14.050 INFO [http-apr-8089-exec-44] org.apache.catalina.core.ApplicationContext.log Manager: list: Listing contexts for virtual host 'localhost'
29-Mar-2017 23:37:14.053 INFO [http-apr-8089-exec-45] org.apache.catalina.core.ApplicationContext.log Manager: list: Listing contexts for virtual host 'localhost'
29-Mar-2017 23:38:38.724 INFO [http-apr-8089-exec-52] org.apache.catalina.core.ApplicationContext.log Manager: list: Listing contexts for virtual host 'localhost'
29-Mar-2017 23:41:23.272 INFO [http-apr-8089-exec-52] org.apache.catalina.core.ApplicationContext.log Manager: list: Listing contexts for virtual host 'localhost'
29-Mar-2017 23:41:33.377 INFO [http-apr-8089-exec-35] org.apache.catalina.core.ApplicationContext.log Manager: list: Listing contexts for virtual host 'localhost'
29-Mar-2017 23:41:33.379 INFO [http-apr-8089-exec-46] org.apache.catalina.core.ApplicationContext.log Manager: list: Listing contexts for virtual host 'localhost'
29-Mar-2017 23:41:44.414 INFO [http-apr-8089-exec-32] org.apache.catalina.core.ApplicationContext.log Manager: list: Listing contexts for virtual host 'localhost'
29-Mar-2017 23:42:05.181 INFO [http-apr-8089-exec-43] org.apache.catalina.core.ApplicationContext.log Manager: list: Listing contexts for virtual host 'localhost'
29-Mar-2017 23:42:42.780 INFO [http-apr-8089-exec-38] org.apache.catalina.core.ApplicationContext.log Manager: list: Listing contexts for virtual host 'localhost'
29-Mar-2017 23:42:57.338 INFO [http-apr-8089-exec-38] org.apache.catalina.core.ApplicationContext.log Manager: list: Listing contexts for virtual host 'localhost'
29-Mar-2017 23:43:04.263 INFO [http-apr-8089-exec-42] org.apache.catalina.core.ApplicationContext.log Manager: list: Listing contexts for virtual host 'localhost'
29-Mar-2017 23:45:31.892 INFO [http-apr-8089-exec-41] org.apache.catalina.core.ApplicationContext.log Manager: list: Listing contexts for virtual host 'localhost'
29-Mar-2017 23:45:34.376 INFO [http-apr-8089-exec-46] org.apache.catalina.core.ApplicationContext.log Manager: list: Listing contexts for virtual host 'localhost'
29-Mar-2017 23:47:24.184 INFO [http-apr-8089-exec-45] org.apache.catalina.core.ApplicationContext.log Manager: list: Listing contexts for virtual host 'localhost'
29-Mar-2017 23:48:56.285 INFO [http-apr-8089-exec-44] org.apache.catalina.core.ApplicationContext.log Manager: list: Listing contexts for virtual host 'localhost'
29-Mar-2017 23:49:15.552 INFO [http-apr-8089-exec-44] org.apache.catalina.core.ApplicationContext.log Manager: list: Listing contexts for virtual host 'localhost'
29-Mar-2017 23:49:27.562 INFO [http-apr-8089-exec-30] org.apache.catalina.core.ApplicationContext.log Manager: list: Listing contexts for virtual host 'localhost'
29-Mar-2017 23:49:45.785 INFO [http-apr-8089-exec-40] org.apache.catalina.core.ApplicationContext.log Manager: list: Listing contexts for virtual host 'localhost'
29-Mar-2017 23:49:47.823 INFO [http-apr-8089-exec-36] org.apache.catalina.core.ApplicationContext.log Manager: list: Listing contexts for virtual host 'localhost'
29-Mar-2017 23:50:08.991 INFO [http-apr-8089-exec-36] org.apache.catalina.core.ApplicationContext.log Manager: list: Listing contexts for virtual host 'localhost'
29-Mar-2017 23:50:44.653 INFO [http-apr-8089-exec-32] org.apache.catalina.core.ApplicationContext.log Manager: list: Listing contexts for virtual host 'localhost'
29-Mar-2017 23:50:50.305 INFO [http-apr-8089-exec-32] org.apache.catalina.core.ApplicationContext.log Manager: list: Listing contexts for virtual host 'localhost'
29-Mar-2017 23:50:57.741 INFO [http-apr-8089-exec-30] org.apache.catalina.core.ApplicationContext.log Manager: list: Listing contexts for virtual host 'localhost'
29-Mar-2017 23:50:57.743 INFO [http-apr-8089-exec-41] org.apache.catalina.core.ApplicationContext.log Manager: list: Listing contexts for virtual host 'localhost'
29-Mar-2017 23:51:35.498 INFO [http-apr-8089-exec-29] org.apache.catalina.core.ApplicationContext.log Manager: list: Listing contexts for virtual host 'localhost'
29-Mar-2017 23:56:35.270 INFO [http-apr-8089-exec-33] org.apache.catalina.core.ApplicationContext.log Manager: list: Listing contexts for virtual host 'localhost'
29-Mar-2017 23:58:30.099 INFO [http-apr-8089-exec-50] org.apache.catalina.core.ApplicationContext.log Manager: list: Listing contexts for virtual host 'localhost'
29-Mar-2017 23:59:18.323 INFO [http-apr-8089-exec-51] org.apache.catalina.core.ApplicationContext.log Manager: list: Listing contexts for virtual host 'localhost'
