09-Jan-2017 00:04:05.152 INFO [http-apr-8086-exec-12] org.apache.catalina.core.ApplicationContext.log Manager: list: Listing contexts for virtual host 'localhost'
09-Jan-2017 00:04:05.171 INFO [http-apr-8086-exec-15] org.apache.catalina.core.ApplicationContext.log Manager: restart: Reloading web application '/AnhKyYeu'
09-Jan-2017 00:04:11.836 INFO [http-apr-8086-exec-13] org.apache.catalina.core.ApplicationContext.log Manager: list: Listing contexts for virtual host 'localhost'
09-Jan-2017 00:04:11.854 INFO [http-apr-8086-exec-21] org.apache.catalina.core.ApplicationContext.log Manager: restart: Reloading web application '/AnhKyYeu'
09-Jan-2017 00:05:58.636 INFO [http-apr-8086-exec-29] org.apache.catalina.core.ApplicationContext.log Manager: list: Listing contexts for virtual host 'localhost'
09-Jan-2017 00:06:18.926 INFO [http-apr-8086-exec-29] org.apache.catalina.core.ApplicationContext.log Manager: list: Listing contexts for virtual host 'localhost'
09-Jan-2017 00:08:40.153 INFO [http-apr-8086-exec-32] org.apache.catalina.core.ApplicationContext.log Manager: list: Listing contexts for virtual host 'localhost'
09-Jan-2017 00:08:53.480 INFO [http-apr-8086-exec-32] org.apache.catalina.core.ApplicationContext.log Manager: list: Listing contexts for virtual host 'localhost'
09-Jan-2017 00:10:33.569 INFO [http-apr-8086-exec-32] org.apache.catalina.core.ApplicationContext.log Manager: list: Listing contexts for virtual host 'localhost'
09-Jan-2017 00:11:07.172 INFO [http-apr-8086-exec-32] org.apache.catalina.core.ApplicationContext.log Manager: list: Listing contexts for virtual host 'localhost'
09-Jan-2017 08:49:29.920 INFO [http-apr-8086-exec-4] org.apache.catalina.core.ApplicationContext.log Manager: init: Associated with Deployer 'Catalina:type=Deployer,host=localhost'
09-Jan-2017 08:49:29.920 INFO [http-apr-8086-exec-4] org.apache.catalina.core.ApplicationContext.log Manager: init: Global resources are available
09-Jan-2017 08:49:29.920 INFO [http-apr-8086-exec-4] org.apache.catalina.core.ApplicationContext.log Manager: list: Listing contexts for virtual host 'localhost'
09-Jan-2017 08:49:29.936 INFO [http-apr-8086-exec-2] org.apache.catalina.core.ApplicationContext.log Manager: list: Listing contexts for virtual host 'localhost'
09-Jan-2017 08:49:30.005 INFO [http-apr-8086-exec-6] org.apache.catalina.core.ApplicationContext.log Manager: restart: Reloading web application '/AnhKyYeu'
09-Jan-2017 08:50:20.499 INFO [http-apr-8086-exec-11] org.apache.catalina.core.ApplicationContext.log Manager: list: Listing contexts for virtual host 'localhost'
09-Jan-2017 08:50:20.499 INFO [http-apr-8086-exec-15] org.apache.catalina.core.ApplicationContext.log Manager: list: Listing contexts for virtual host 'localhost'
09-Jan-2017 08:51:39.511 INFO [http-apr-8086-exec-16] org.apache.catalina.core.ApplicationContext.log Manager: list: Listing contexts for virtual host 'localhost'
09-Jan-2017 08:58:35.848 INFO [http-apr-8086-exec-11] org.apache.catalina.core.ApplicationContext.log Manager: list: Listing contexts for virtual host 'localhost'
09-Jan-2017 08:58:47.989 INFO [http-apr-8086-exec-11] org.apache.catalina.core.ApplicationContext.log Manager: list: Listing contexts for virtual host 'localhost'
09-Jan-2017 08:59:19.280 INFO [http-apr-8086-exec-11] org.apache.catalina.core.ApplicationContext.log Manager: list: Listing contexts for virtual host 'localhost'
09-Jan-2017 08:59:29.198 INFO [http-apr-8086-exec-19] org.apache.catalina.core.ApplicationContext.log Manager: list: Listing contexts for virtual host 'localhost'
09-Jan-2017 09:00:26.671 INFO [http-apr-8086-exec-19] org.apache.catalina.core.ApplicationContext.log Manager: list: Listing contexts for virtual host 'localhost'
09-Jan-2017 09:07:12.971 INFO [http-apr-8086-exec-19] org.apache.catalina.core.ApplicationContext.log Manager: list: Listing contexts for virtual host 'localhost'
09-Jan-2017 09:07:14.592 INFO [http-apr-8086-exec-16] org.apache.catalina.core.ApplicationContext.log Manager: list: Listing contexts for virtual host 'localhost'
09-Jan-2017 09:08:26.263 INFO [http-apr-8086-exec-19] org.apache.catalina.core.ApplicationContext.log Manager: list: Listing contexts for virtual host 'localhost'
09-Jan-2017 09:10:44.704 INFO [http-apr-8086-exec-16] org.apache.catalina.core.ApplicationContext.log Manager: list: Listing contexts for virtual host 'localhost'
09-Jan-2017 09:11:35.100 INFO [http-apr-8086-exec-17] org.apache.catalina.core.ApplicationContext.log Manager: list: Listing contexts for virtual host 'localhost'
09-Jan-2017 09:13:00.222 INFO [http-apr-8086-exec-14] org.apache.catalina.core.ApplicationContext.log Manager: list: Listing contexts for virtual host 'localhost'
09-Jan-2017 09:13:19.505 INFO [http-apr-8086-exec-20] org.apache.catalina.core.ApplicationContext.log Manager: list: Listing contexts for virtual host 'localhost'
09-Jan-2017 09:13:30.430 INFO [http-apr-8086-exec-18] org.apache.catalina.core.ApplicationContext.log Manager: list: Listing contexts for virtual host 'localhost'
09-Jan-2017 10:00:44.162 INFO [http-apr-8086-exec-18] org.apache.catalina.core.ApplicationContext.log Manager: list: Listing contexts for virtual host 'localhost'
09-Jan-2017 10:01:05.187 INFO [http-apr-8086-exec-18] org.apache.catalina.core.ApplicationContext.log Manager: list: Listing contexts for virtual host 'localhost'
09-Jan-2017 10:01:26.483 INFO [http-apr-8086-exec-18] org.apache.catalina.core.ApplicationContext.log Manager: list: Listing contexts for virtual host 'localhost'
09-Jan-2017 10:01:52.784 INFO [http-apr-8086-exec-17] org.apache.catalina.core.ApplicationContext.log Manager: list: Listing contexts for virtual host 'localhost'
09-Jan-2017 10:02:11.223 INFO [http-apr-8086-exec-18] org.apache.catalina.core.ApplicationContext.log Manager: list: Listing contexts for virtual host 'localhost'
09-Jan-2017 10:02:45.205 INFO [http-apr-8086-exec-11] org.apache.catalina.core.ApplicationContext.log Manager: list: Listing contexts for virtual host 'localhost'
09-Jan-2017 10:03:00.434 INFO [http-apr-8086-exec-16] org.apache.catalina.core.ApplicationContext.log Manager: list: Listing contexts for virtual host 'localhost'
09-Jan-2017 10:03:00.451 INFO [http-apr-8086-exec-12] org.apache.catalina.core.ApplicationContext.log Manager: list: Listing contexts for virtual host 'localhost'
09-Jan-2017 10:03:17.178 INFO [http-apr-8086-exec-14] org.apache.catalina.core.ApplicationContext.log Manager: list: Listing contexts for virtual host 'localhost'
09-Jan-2017 10:03:21.327 INFO [http-apr-8086-exec-13] org.apache.catalina.core.ApplicationContext.log Manager: list: Listing contexts for virtual host 'localhost'
09-Jan-2017 10:03:21.343 INFO [http-apr-8086-exec-11] org.apache.catalina.core.ApplicationContext.log Manager: list: Listing contexts for virtual host 'localhost'
09-Jan-2017 10:03:31.003 INFO [http-apr-8086-exec-13] org.apache.catalina.core.ApplicationContext.log Manager: list: Listing contexts for virtual host 'localhost'
09-Jan-2017 10:03:36.449 INFO [http-apr-8086-exec-14] org.apache.catalina.core.ApplicationContext.log Manager: list: Listing contexts for virtual host 'localhost'
09-Jan-2017 10:03:36.464 INFO [http-apr-8086-exec-17] org.apache.catalina.core.ApplicationContext.log Manager: list: Listing contexts for virtual host 'localhost'
09-Jan-2017 10:05:11.421 INFO [http-apr-8086-exec-11] org.apache.catalina.core.ApplicationContext.log Manager: list: Listing contexts for virtual host 'localhost'
09-Jan-2017 10:05:11.424 INFO [http-apr-8086-exec-20] org.apache.catalina.core.ApplicationContext.log Manager: list: Listing contexts for virtual host 'localhost'
09-Jan-2017 10:12:43.819 INFO [http-apr-8086-exec-3] org.apache.catalina.core.ApplicationContext.log Manager: init: Associated with Deployer 'Catalina:type=Deployer,host=localhost'
09-Jan-2017 10:12:43.819 INFO [http-apr-8086-exec-3] org.apache.catalina.core.ApplicationContext.log Manager: init: Global resources are available
09-Jan-2017 10:12:43.822 INFO [http-apr-8086-exec-3] org.apache.catalina.core.ApplicationContext.log Manager: list: Listing contexts for virtual host 'localhost'
09-Jan-2017 10:12:43.843 INFO [http-apr-8086-exec-4] org.apache.catalina.core.ApplicationContext.log Manager: list: Listing contexts for virtual host 'localhost'
09-Jan-2017 10:46:51.914 INFO [http-apr-8086-exec-3] org.apache.catalina.core.ApplicationContext.log Manager: list: Listing contexts for virtual host 'localhost'
09-Jan-2017 10:46:51.917 INFO [http-apr-8086-exec-8] org.apache.catalina.core.ApplicationContext.log Manager: list: Listing contexts for virtual host 'localhost'
09-Jan-2017 11:36:39.907 INFO [http-apr-8086-exec-8] org.apache.catalina.core.ApplicationContext.log Manager: list: Listing contexts for virtual host 'localhost'
09-Jan-2017 11:37:20.261 INFO [http-apr-8086-exec-8] org.apache.catalina.core.ApplicationContext.log Manager: list: Listing contexts for virtual host 'localhost'
09-Jan-2017 11:37:49.196 INFO [http-apr-8086-exec-8] org.apache.catalina.core.ApplicationContext.log Manager: list: Listing contexts for virtual host 'localhost'
09-Jan-2017 11:38:07.275 INFO [http-apr-8086-exec-8] org.apache.catalina.core.ApplicationContext.log Manager: list: Listing contexts for virtual host 'localhost'
09-Jan-2017 11:38:31.473 INFO [http-apr-8086-exec-7] org.apache.catalina.core.ApplicationContext.log Manager: list: Listing contexts for virtual host 'localhost'
09-Jan-2017 11:38:43.050 INFO [http-apr-8086-exec-7] org.apache.catalina.core.ApplicationContext.log Manager: list: Listing contexts for virtual host 'localhost'
09-Jan-2017 11:39:42.175 INFO [http-apr-8086-exec-7] org.apache.catalina.core.ApplicationContext.log Manager: list: Listing contexts for virtual host 'localhost'
09-Jan-2017 11:39:55.269 INFO [http-apr-8086-exec-3] org.apache.catalina.core.ApplicationContext.log Manager: list: Listing contexts for virtual host 'localhost'
09-Jan-2017 11:39:55.272 INFO [http-apr-8086-exec-10] org.apache.catalina.core.ApplicationContext.log Manager: list: Listing contexts for virtual host 'localhost'
09-Jan-2017 11:41:05.142 INFO [http-apr-8086-exec-6] org.apache.catalina.core.ApplicationContext.log Manager: list: Listing contexts for virtual host 'localhost'
09-Jan-2017 11:41:44.650 INFO [http-apr-8086-exec-9] org.apache.catalina.core.ApplicationContext.log Manager: list: Listing contexts for virtual host 'localhost'
09-Jan-2017 11:43:11.172 INFO [http-apr-8086-exec-8] org.apache.catalina.core.ApplicationContext.log Manager: list: Listing contexts for virtual host 'localhost'
09-Jan-2017 11:45:32.590 INFO [http-apr-8086-exec-3] org.apache.catalina.core.ApplicationContext.log Manager: list: Listing contexts for virtual host 'localhost'
09-Jan-2017 11:46:06.035 INFO [http-apr-8086-exec-10] org.apache.catalina.core.ApplicationContext.log Manager: list: Listing contexts for virtual host 'localhost'
09-Jan-2017 11:46:26.771 INFO [http-apr-8086-exec-10] org.apache.catalina.core.ApplicationContext.log Manager: list: Listing contexts for virtual host 'localhost'
09-Jan-2017 11:46:48.975 INFO [http-apr-8086-exec-8] org.apache.catalina.core.ApplicationContext.log Manager: list: Listing contexts for virtual host 'localhost'
09-Jan-2017 11:47:41.942 INFO [http-apr-8086-exec-2] org.apache.catalina.core.ApplicationContext.log Manager: list: Listing contexts for virtual host 'localhost'
09-Jan-2017 11:56:14.297 INFO [http-apr-8086-exec-2] org.apache.catalina.core.ApplicationContext.log Manager: list: Listing contexts for virtual host 'localhost'
09-Jan-2017 11:56:17.750 INFO [http-apr-8086-exec-10] org.apache.catalina.core.ApplicationContext.log Manager: list: Listing contexts for virtual host 'localhost'
09-Jan-2017 11:57:08.184 INFO [http-apr-8086-exec-10] org.apache.catalina.core.ApplicationContext.log Manager: list: Listing contexts for virtual host 'localhost'
09-Jan-2017 11:57:21.259 INFO [http-apr-8086-exec-6] org.apache.catalina.core.ApplicationContext.log Manager: list: Listing contexts for virtual host 'localhost'
09-Jan-2017 11:57:21.262 INFO [http-apr-8086-exec-3] org.apache.catalina.core.ApplicationContext.log Manager: list: Listing contexts for virtual host 'localhost'
09-Jan-2017 11:59:28.285 INFO [http-apr-8086-exec-3] org.apache.catalina.core.ApplicationContext.log Manager: list: Listing contexts for virtual host 'localhost'
09-Jan-2017 11:59:42.419 INFO [http-apr-8086-exec-3] org.apache.catalina.core.ApplicationContext.log Manager: list: Listing contexts for virtual host 'localhost'
09-Jan-2017 12:00:04.819 INFO [http-apr-8086-exec-3] org.apache.catalina.core.ApplicationContext.log Manager: list: Listing contexts for virtual host 'localhost'
09-Jan-2017 12:00:37.225 INFO [http-apr-8086-exec-3] org.apache.catalina.core.ApplicationContext.log Manager: list: Listing contexts for virtual host 'localhost'
09-Jan-2017 12:00:38.564 INFO [http-apr-8086-exec-8] org.apache.catalina.core.ApplicationContext.log Manager: list: Listing contexts for virtual host 'localhost'
09-Jan-2017 12:00:41.558 INFO [http-apr-8086-exec-9] org.apache.catalina.core.ApplicationContext.log Manager: list: Listing contexts for virtual host 'localhost'
09-Jan-2017 12:00:45.263 INFO [http-apr-8086-exec-8] org.apache.catalina.core.ApplicationContext.log Manager: list: Listing contexts for virtual host 'localhost'
09-Jan-2017 12:00:45.266 INFO [http-apr-8086-exec-10] org.apache.catalina.core.ApplicationContext.log Manager: list: Listing contexts for virtual host 'localhost'
09-Jan-2017 12:01:46.072 INFO [http-apr-8086-exec-10] org.apache.catalina.core.ApplicationContext.log Manager: list: Listing contexts for virtual host 'localhost'
09-Jan-2017 12:01:48.487 INFO [http-apr-8086-exec-9] org.apache.catalina.core.ApplicationContext.log Manager: list: Listing contexts for virtual host 'localhost'
09-Jan-2017 12:01:57.688 INFO [http-apr-8086-exec-9] org.apache.catalina.core.ApplicationContext.log Manager: list: Listing contexts for virtual host 'localhost'
09-Jan-2017 12:02:04.114 INFO [http-apr-8086-exec-9] org.apache.catalina.core.ApplicationContext.log Manager: list: Listing contexts for virtual host 'localhost'
09-Jan-2017 12:02:40.079 INFO [http-apr-8086-exec-9] org.apache.catalina.core.ApplicationContext.log Manager: list: Listing contexts for virtual host 'localhost'
09-Jan-2017 12:03:30.285 INFO [http-apr-8086-exec-6] org.apache.catalina.core.ApplicationContext.log Manager: list: Listing contexts for virtual host 'localhost'
09-Jan-2017 12:03:44.340 INFO [http-apr-8086-exec-6] org.apache.catalina.core.ApplicationContext.log Manager: list: Listing contexts for virtual host 'localhost'
09-Jan-2017 12:03:49.341 INFO [http-apr-8086-exec-8] org.apache.catalina.core.ApplicationContext.log Manager: list: Listing contexts for virtual host 'localhost'
09-Jan-2017 12:04:07.412 INFO [http-apr-8086-exec-8] org.apache.catalina.core.ApplicationContext.log Manager: list: Listing contexts for virtual host 'localhost'
09-Jan-2017 13:11:34.261 INFO [http-apr-8086-exec-4] org.apache.catalina.core.ApplicationContext.log Manager: list: Listing contexts for virtual host 'localhost'
09-Jan-2017 13:11:38.589 INFO [http-apr-8086-exec-6] org.apache.catalina.core.ApplicationContext.log Manager: list: Listing contexts for virtual host 'localhost'
09-Jan-2017 13:12:40.998 INFO [http-apr-8086-exec-6] org.apache.catalina.core.ApplicationContext.log Manager: list: Listing contexts for virtual host 'localhost'
09-Jan-2017 13:12:48.225 INFO [http-apr-8086-exec-6] org.apache.catalina.core.ApplicationContext.log Manager: list: Listing contexts for virtual host 'localhost'
09-Jan-2017 13:12:51.728 INFO [http-apr-8086-exec-3] org.apache.catalina.core.ApplicationContext.log Manager: list: Listing contexts for virtual host 'localhost'
09-Jan-2017 13:13:00.049 INFO [http-apr-8086-exec-5] org.apache.catalina.core.ApplicationContext.log Manager: list: Listing contexts for virtual host 'localhost'
09-Jan-2017 13:13:00.051 INFO [http-apr-8086-exec-7] org.apache.catalina.core.ApplicationContext.log Manager: list: Listing contexts for virtual host 'localhost'
09-Jan-2017 13:13:32.303 INFO [http-apr-8086-exec-4] org.apache.catalina.core.ApplicationContext.log Manager: list: Listing contexts for virtual host 'localhost'
09-Jan-2017 13:14:05.791 INFO [http-apr-8086-exec-4] org.apache.catalina.core.ApplicationContext.log Manager: list: Listing contexts for virtual host 'localhost'
09-Jan-2017 13:14:51.079 INFO [http-apr-8086-exec-5] org.apache.catalina.core.ApplicationContext.log Manager: list: Listing contexts for virtual host 'localhost'
09-Jan-2017 13:15:23.479 INFO [http-apr-8086-exec-5] org.apache.catalina.core.ApplicationContext.log Manager: list: Listing contexts for virtual host 'localhost'
09-Jan-2017 13:15:37.139 INFO [http-apr-8086-exec-5] org.apache.catalina.core.ApplicationContext.log Manager: list: Listing contexts for virtual host 'localhost'
09-Jan-2017 13:15:55.359 INFO [http-apr-8086-exec-4] org.apache.catalina.core.ApplicationContext.log Manager: list: Listing contexts for virtual host 'localhost'
09-Jan-2017 13:16:28.502 INFO [http-apr-8086-exec-4] org.apache.catalina.core.ApplicationContext.log Manager: list: Listing contexts for virtual host 'localhost'
09-Jan-2017 13:17:00.697 INFO [http-apr-8086-exec-4] org.apache.catalina.core.ApplicationContext.log Manager: list: Listing contexts for virtual host 'localhost'
09-Jan-2017 13:17:07.792 INFO [http-apr-8086-exec-4] org.apache.catalina.core.ApplicationContext.log Manager: list: Listing contexts for virtual host 'localhost'
09-Jan-2017 13:17:12.904 INFO [http-apr-8086-exec-6] org.apache.catalina.core.ApplicationContext.log Manager: list: Listing contexts for virtual host 'localhost'
09-Jan-2017 13:17:12.907 INFO [http-apr-8086-exec-2] org.apache.catalina.core.ApplicationContext.log Manager: list: Listing contexts for virtual host 'localhost'
09-Jan-2017 13:18:50.686 INFO [http-apr-8086-exec-1] org.apache.catalina.core.ApplicationContext.log Manager: list: Listing contexts for virtual host 'localhost'
09-Jan-2017 13:19:20.247 INFO [http-apr-8086-exec-1] org.apache.catalina.core.ApplicationContext.log Manager: list: Listing contexts for virtual host 'localhost'
09-Jan-2017 13:19:34.004 INFO [http-apr-8086-exec-6] org.apache.catalina.core.ApplicationContext.log Manager: list: Listing contexts for virtual host 'localhost'
09-Jan-2017 13:19:34.007 INFO [http-apr-8086-exec-9] org.apache.catalina.core.ApplicationContext.log Manager: list: Listing contexts for virtual host 'localhost'
09-Jan-2017 13:22:51.301 INFO [http-apr-8086-exec-2] org.apache.catalina.core.ApplicationContext.log Manager: init: Associated with Deployer 'Catalina:type=Deployer,host=localhost'
09-Jan-2017 13:22:51.301 INFO [http-apr-8086-exec-2] org.apache.catalina.core.ApplicationContext.log Manager: init: Global resources are available
09-Jan-2017 13:22:51.302 INFO [http-apr-8086-exec-2] org.apache.catalina.core.ApplicationContext.log Manager: list: Listing contexts for virtual host 'localhost'
09-Jan-2017 13:22:51.309 INFO [http-apr-8086-exec-3] org.apache.catalina.core.ApplicationContext.log Manager: list: Listing contexts for virtual host 'localhost'
09-Jan-2017 13:57:14.719 INFO [http-apr-8086-exec-1] org.apache.catalina.core.ApplicationContext.log Manager: list: Listing contexts for virtual host 'localhost'
09-Jan-2017 13:57:40.240 INFO [http-apr-8086-exec-1] org.apache.catalina.core.ApplicationContext.log Manager: list: Listing contexts for virtual host 'localhost'
09-Jan-2017 13:58:09.368 INFO [http-apr-8086-exec-1] org.apache.catalina.core.ApplicationContext.log Manager: list: Listing contexts for virtual host 'localhost'
09-Jan-2017 13:58:41.526 INFO [http-apr-8086-exec-1] org.apache.catalina.core.ApplicationContext.log Manager: list: Listing contexts for virtual host 'localhost'
09-Jan-2017 13:59:57.442 INFO [http-apr-8086-exec-1] org.apache.catalina.core.ApplicationContext.log Manager: list: Listing contexts for virtual host 'localhost'
09-Jan-2017 14:05:37.259 INFO [http-apr-8086-exec-1] org.apache.catalina.core.ApplicationContext.log Manager: list: Listing contexts for virtual host 'localhost'
09-Jan-2017 14:07:08.503 INFO [http-apr-8086-exec-1] org.apache.catalina.core.ApplicationContext.log Manager: list: Listing contexts for virtual host 'localhost'
09-Jan-2017 14:07:11.211 INFO [http-apr-8086-exec-9] org.apache.catalina.core.ApplicationContext.log Manager: list: Listing contexts for virtual host 'localhost'
09-Jan-2017 14:09:22.867 INFO [http-apr-8086-exec-9] org.apache.catalina.core.ApplicationContext.log Manager: list: Listing contexts for virtual host 'localhost'
09-Jan-2017 14:10:25.972 INFO [http-apr-8086-exec-8] org.apache.catalina.core.ApplicationContext.log Manager: list: Listing contexts for virtual host 'localhost'
09-Jan-2017 14:10:50.754 INFO [http-apr-8086-exec-9] org.apache.catalina.core.ApplicationContext.log Manager: list: Listing contexts for virtual host 'localhost'
09-Jan-2017 14:10:59.313 INFO [http-apr-8086-exec-10] org.apache.catalina.core.ApplicationContext.log Manager: list: Listing contexts for virtual host 'localhost'
09-Jan-2017 14:10:59.316 INFO [http-apr-8086-exec-7] org.apache.catalina.core.ApplicationContext.log Manager: list: Listing contexts for virtual host 'localhost'
09-Jan-2017 14:12:35.130 INFO [http-apr-8086-exec-3] org.apache.catalina.core.ApplicationContext.log Manager: list: Listing contexts for virtual host 'localhost'
09-Jan-2017 14:13:53.172 INFO [http-apr-8086-exec-4] org.apache.catalina.core.ApplicationContext.log Manager: list: Listing contexts for virtual host 'localhost'
09-Jan-2017 14:14:41.837 INFO [http-apr-8086-exec-4] org.apache.catalina.core.ApplicationContext.log Manager: list: Listing contexts for virtual host 'localhost'
09-Jan-2017 14:21:06.712 INFO [http-apr-8086-exec-7] org.apache.catalina.core.ApplicationContext.log Manager: list: Listing contexts for virtual host 'localhost'
09-Jan-2017 14:21:56.955 INFO [http-apr-8086-exec-10] org.apache.catalina.core.ApplicationContext.log Manager: list: Listing contexts for virtual host 'localhost'
09-Jan-2017 14:22:10.054 INFO [http-apr-8086-exec-5] org.apache.catalina.core.ApplicationContext.log Manager: list: Listing contexts for virtual host 'localhost'
09-Jan-2017 14:22:26.003 INFO [http-apr-8086-exec-1] org.apache.catalina.core.ApplicationContext.log Manager: list: Listing contexts for virtual host 'localhost'
09-Jan-2017 14:22:27.427 INFO [http-apr-8086-exec-9] org.apache.catalina.core.ApplicationContext.log Manager: list: Listing contexts for virtual host 'localhost'
09-Jan-2017 14:23:14.319 INFO [http-apr-8086-exec-4] org.apache.catalina.core.ApplicationContext.log Manager: list: Listing contexts for virtual host 'localhost'
09-Jan-2017 14:23:27.607 INFO [http-apr-8086-exec-4] org.apache.catalina.core.ApplicationContext.log Manager: list: Listing contexts for virtual host 'localhost'
09-Jan-2017 14:23:36.147 INFO [http-apr-8086-exec-4] org.apache.catalina.core.ApplicationContext.log Manager: list: Listing contexts for virtual host 'localhost'
09-Jan-2017 14:23:52.759 INFO [http-apr-8086-exec-4] org.apache.catalina.core.ApplicationContext.log Manager: list: Listing contexts for virtual host 'localhost'
09-Jan-2017 14:24:02.935 INFO [http-apr-8086-exec-4] org.apache.catalina.core.ApplicationContext.log Manager: list: Listing contexts for virtual host 'localhost'
09-Jan-2017 14:24:20.703 INFO [http-apr-8086-exec-4] org.apache.catalina.core.ApplicationContext.log Manager: list: Listing contexts for virtual host 'localhost'
09-Jan-2017 14:25:56.919 INFO [http-apr-8086-exec-9] org.apache.catalina.core.ApplicationContext.log Manager: list: Listing contexts for virtual host 'localhost'
09-Jan-2017 14:26:48.479 INFO [http-apr-8086-exec-9] org.apache.catalina.core.ApplicationContext.log Manager: list: Listing contexts for virtual host 'localhost'
09-Jan-2017 14:26:55.257 INFO [http-apr-8086-exec-9] org.apache.catalina.core.ApplicationContext.log Manager: list: Listing contexts for virtual host 'localhost'
09-Jan-2017 14:26:58.754 INFO [http-apr-8086-exec-2] org.apache.catalina.core.ApplicationContext.log Manager: list: Listing contexts for virtual host 'localhost'
09-Jan-2017 14:27:32.766 INFO [http-apr-8086-exec-1] org.apache.catalina.core.ApplicationContext.log Manager: list: Listing contexts for virtual host 'localhost'
09-Jan-2017 14:28:11.873 INFO [http-apr-8086-exec-9] org.apache.catalina.core.ApplicationContext.log Manager: list: Listing contexts for virtual host 'localhost'
09-Jan-2017 14:28:17.144 INFO [http-apr-8086-exec-9] org.apache.catalina.core.ApplicationContext.log Manager: list: Listing contexts for virtual host 'localhost'
09-Jan-2017 14:28:18.947 INFO [http-apr-8086-exec-2] org.apache.catalina.core.ApplicationContext.log Manager: list: Listing contexts for virtual host 'localhost'
09-Jan-2017 14:28:48.527 INFO [http-apr-8086-exec-1] org.apache.catalina.core.ApplicationContext.log Manager: list: Listing contexts for virtual host 'localhost'
09-Jan-2017 14:31:03.767 INFO [http-apr-8086-exec-1] org.apache.catalina.core.ApplicationContext.log Manager: list: Listing contexts for virtual host 'localhost'
09-Jan-2017 14:31:05.197 INFO [http-apr-8086-exec-8] org.apache.catalina.core.ApplicationContext.log Manager: list: Listing contexts for virtual host 'localhost'
09-Jan-2017 14:31:12.812 INFO [http-apr-8086-exec-8] org.apache.catalina.core.ApplicationContext.log Manager: list: Listing contexts for virtual host 'localhost'
09-Jan-2017 14:31:31.345 INFO [http-apr-8086-exec-6] org.apache.catalina.core.ApplicationContext.log Manager: list: Listing contexts for virtual host 'localhost'
09-Jan-2017 14:31:33.265 INFO [http-apr-8086-exec-8] org.apache.catalina.core.ApplicationContext.log Manager: list: Listing contexts for virtual host 'localhost'
09-Jan-2017 14:34:55.827 INFO [http-apr-8086-exec-7] org.apache.catalina.core.ApplicationContext.log Manager: list: Listing contexts for virtual host 'localhost'
09-Jan-2017 14:35:07.835 INFO [http-apr-8086-exec-5] org.apache.catalina.core.ApplicationContext.log Manager: list: Listing contexts for virtual host 'localhost'
09-Jan-2017 14:35:17.670 INFO [http-apr-8086-exec-8] org.apache.catalina.core.ApplicationContext.log Manager: list: Listing contexts for virtual host 'localhost'
09-Jan-2017 14:36:12.881 INFO [http-apr-8086-exec-1] org.apache.catalina.core.ApplicationContext.log Manager: list: Listing contexts for virtual host 'localhost'
09-Jan-2017 14:37:56.434 INFO [http-apr-8086-exec-8] org.apache.catalina.core.ApplicationContext.log Manager: list: Listing contexts for virtual host 'localhost'
09-Jan-2017 14:38:01.665 INFO [http-apr-8086-exec-8] org.apache.catalina.core.ApplicationContext.log Manager: list: Listing contexts for virtual host 'localhost'
09-Jan-2017 14:38:06.083 INFO [http-apr-8086-exec-1] org.apache.catalina.core.ApplicationContext.log Manager: list: Listing contexts for virtual host 'localhost'
09-Jan-2017 14:43:51.983 INFO [http-apr-8086-exec-1] org.apache.catalina.core.ApplicationContext.log Manager: list: Listing contexts for virtual host 'localhost'
09-Jan-2017 14:44:06.183 INFO [http-apr-8086-exec-7] org.apache.catalina.core.ApplicationContext.log Manager: list: Listing contexts for virtual host 'localhost'
09-Jan-2017 14:44:27.167 INFO [http-apr-8086-exec-7] org.apache.catalina.core.ApplicationContext.log Manager: list: Listing contexts for virtual host 'localhost'
09-Jan-2017 14:45:46.528 INFO [http-apr-8086-exec-9] org.apache.catalina.core.ApplicationContext.log Manager: list: Listing contexts for virtual host 'localhost'
09-Jan-2017 14:45:58.624 INFO [http-apr-8086-exec-7] org.apache.catalina.core.ApplicationContext.log Manager: list: Listing contexts for virtual host 'localhost'
09-Jan-2017 14:49:44.189 INFO [http-apr-8086-exec-7] org.apache.catalina.core.ApplicationContext.log Manager: list: Listing contexts for virtual host 'localhost'
09-Jan-2017 14:49:50.127 INFO [http-apr-8086-exec-7] org.apache.catalina.core.ApplicationContext.log Manager: list: Listing contexts for virtual host 'localhost'
09-Jan-2017 14:50:27.195 INFO [http-apr-8086-exec-9] org.apache.catalina.core.ApplicationContext.log Manager: list: Listing contexts for virtual host 'localhost'
09-Jan-2017 15:07:42.652 INFO [http-apr-8086-exec-9] org.apache.catalina.core.ApplicationContext.log Manager: list: Listing contexts for virtual host 'localhost'
09-Jan-2017 15:08:10.557 INFO [http-apr-8086-exec-9] org.apache.catalina.core.ApplicationContext.log Manager: list: Listing contexts for virtual host 'localhost'
09-Jan-2017 15:09:02.699 INFO [http-apr-8086-exec-7] org.apache.catalina.core.ApplicationContext.log Manager: list: Listing contexts for virtual host 'localhost'
09-Jan-2017 15:09:16.542 INFO [http-apr-8086-exec-4] org.apache.catalina.core.ApplicationContext.log Manager: list: Listing contexts for virtual host 'localhost'
09-Jan-2017 15:09:32.492 INFO [http-apr-8086-exec-6] org.apache.catalina.core.ApplicationContext.log Manager: list: Listing contexts for virtual host 'localhost'
09-Jan-2017 15:09:43.186 INFO [http-apr-8086-exec-4] org.apache.catalina.core.ApplicationContext.log Manager: list: Listing contexts for virtual host 'localhost'
09-Jan-2017 15:10:03.762 INFO [http-apr-8086-exec-6] org.apache.catalina.core.ApplicationContext.log Manager: list: Listing contexts for virtual host 'localhost'
09-Jan-2017 15:10:13.277 INFO [http-apr-8086-exec-3] org.apache.catalina.core.ApplicationContext.log Manager: list: Listing contexts for virtual host 'localhost'
09-Jan-2017 15:11:43.152 INFO [http-apr-8086-exec-5] org.apache.catalina.core.ApplicationContext.log Manager: list: Listing contexts for virtual host 'localhost'
09-Jan-2017 15:12:06.481 INFO [http-apr-8086-exec-3] org.apache.catalina.core.ApplicationContext.log Manager: list: Listing contexts for virtual host 'localhost'
09-Jan-2017 15:12:13.485 INFO [http-apr-8086-exec-3] org.apache.catalina.core.ApplicationContext.log Manager: list: Listing contexts for virtual host 'localhost'
09-Jan-2017 15:12:31.314 INFO [http-apr-8086-exec-3] org.apache.catalina.core.ApplicationContext.log Manager: list: Listing contexts for virtual host 'localhost'
09-Jan-2017 15:14:07.858 INFO [http-apr-8086-exec-6] org.apache.catalina.core.ApplicationContext.log Manager: list: Listing contexts for virtual host 'localhost'
09-Jan-2017 15:14:21.343 INFO [http-apr-8086-exec-7] org.apache.catalina.core.ApplicationContext.log Manager: list: Listing contexts for virtual host 'localhost'
09-Jan-2017 15:16:51.878 INFO [http-apr-8086-exec-7] org.apache.catalina.core.ApplicationContext.log Manager: list: Listing contexts for virtual host 'localhost'
09-Jan-2017 15:17:31.419 INFO [http-apr-8086-exec-1] org.apache.catalina.core.ApplicationContext.log Manager: list: Listing contexts for virtual host 'localhost'
09-Jan-2017 15:18:19.894 INFO [http-apr-8086-exec-6] org.apache.catalina.core.ApplicationContext.log Manager: list: Listing contexts for virtual host 'localhost'
09-Jan-2017 15:18:33.870 INFO [http-apr-8086-exec-6] org.apache.catalina.core.ApplicationContext.log Manager: list: Listing contexts for virtual host 'localhost'
09-Jan-2017 15:18:47.182 INFO [http-apr-8086-exec-6] org.apache.catalina.core.ApplicationContext.log Manager: list: Listing contexts for virtual host 'localhost'
09-Jan-2017 15:19:09.444 INFO [http-apr-8086-exec-2] org.apache.catalina.core.ApplicationContext.log Manager: list: Listing contexts for virtual host 'localhost'
09-Jan-2017 15:20:04.271 INFO [http-apr-8086-exec-7] org.apache.catalina.core.ApplicationContext.log Manager: list: Listing contexts for virtual host 'localhost'
09-Jan-2017 15:20:12.255 INFO [http-apr-8086-exec-7] org.apache.catalina.core.ApplicationContext.log Manager: list: Listing contexts for virtual host 'localhost'
09-Jan-2017 15:20:43.525 INFO [http-apr-8086-exec-5] org.apache.catalina.core.ApplicationContext.log Manager: list: Listing contexts for virtual host 'localhost'
09-Jan-2017 15:20:45.524 INFO [http-apr-8086-exec-9] org.apache.catalina.core.ApplicationContext.log Manager: list: Listing contexts for virtual host 'localhost'
09-Jan-2017 15:20:54.455 INFO [http-apr-8086-exec-9] org.apache.catalina.core.ApplicationContext.log Manager: list: Listing contexts for virtual host 'localhost'
09-Jan-2017 15:20:59.519 INFO [http-apr-8086-exec-9] org.apache.catalina.core.ApplicationContext.log Manager: list: Listing contexts for virtual host 'localhost'
09-Jan-2017 15:21:08.512 INFO [http-apr-8086-exec-9] org.apache.catalina.core.ApplicationContext.log Manager: list: Listing contexts for virtual host 'localhost'
09-Jan-2017 15:21:59.218 INFO [http-apr-8086-exec-3] org.apache.catalina.core.ApplicationContext.log Manager: list: Listing contexts for virtual host 'localhost'
09-Jan-2017 15:26:16.588 INFO [http-apr-8086-exec-4] org.apache.catalina.core.ApplicationContext.log Manager: list: Listing contexts for virtual host 'localhost'
09-Jan-2017 15:54:13.513 INFO [http-apr-8086-exec-4] org.apache.catalina.core.ApplicationContext.log Manager: list: Listing contexts for virtual host 'localhost'
09-Jan-2017 15:54:19.037 INFO [http-apr-8086-exec-4] org.apache.catalina.core.ApplicationContext.log Manager: list: Listing contexts for virtual host 'localhost'
09-Jan-2017 15:54:47.655 INFO [http-apr-8086-exec-4] org.apache.catalina.core.ApplicationContext.log Manager: list: Listing contexts for virtual host 'localhost'
09-Jan-2017 15:55:02.655 INFO [http-apr-8086-exec-4] org.apache.catalina.core.ApplicationContext.log Manager: list: Listing contexts for virtual host 'localhost'
09-Jan-2017 15:55:14.736 INFO [http-apr-8086-exec-4] org.apache.catalina.core.ApplicationContext.log Manager: list: Listing contexts for virtual host 'localhost'
09-Jan-2017 15:56:29.772 INFO [http-apr-8086-exec-4] org.apache.catalina.core.ApplicationContext.log Manager: list: Listing contexts for virtual host 'localhost'
09-Jan-2017 15:56:29.792 INFO [http-apr-8086-exec-3] org.apache.catalina.core.ApplicationContext.log Manager: restart: Reloading web application '/AnhKyYeu'
09-Jan-2017 15:57:04.386 INFO [http-apr-8086-exec-11] org.apache.catalina.core.ApplicationContext.log Manager: list: Listing contexts for virtual host 'localhost'
09-Jan-2017 15:57:04.395 INFO [http-apr-8086-exec-10] org.apache.catalina.core.ApplicationContext.log Manager: restart: Reloading web application '/AnhKyYeu'
09-Jan-2017 15:57:12.931 INFO [http-apr-8086-exec-13] org.apache.catalina.core.ApplicationContext.log Manager: list: Listing contexts for virtual host 'localhost'
09-Jan-2017 15:57:12.941 INFO [http-apr-8086-exec-5] org.apache.catalina.core.ApplicationContext.log Manager: restart: Reloading web application '/AnhKyYeu'
09-Jan-2017 15:57:26.141 INFO [http-apr-8086-exec-15] org.apache.catalina.core.ApplicationContext.log Manager: list: Listing contexts for virtual host 'localhost'
09-Jan-2017 15:57:26.155 INFO [http-apr-8086-exec-9] org.apache.catalina.core.ApplicationContext.log Manager: restart: Reloading web application '/AnhKyYeu'
09-Jan-2017 15:58:26.540 INFO [http-apr-8086-exec-11] org.apache.catalina.core.ApplicationContext.log Manager: list: Listing contexts for virtual host 'localhost'
09-Jan-2017 15:58:26.550 INFO [http-apr-8086-exec-14] org.apache.catalina.core.ApplicationContext.log Manager: restart: Reloading web application '/AnhKyYeu'
09-Jan-2017 15:58:29.895 INFO [http-apr-8086-exec-15] org.apache.catalina.core.ApplicationContext.log Manager: list: Listing contexts for virtual host 'localhost'
09-Jan-2017 15:58:29.904 INFO [http-apr-8086-exec-4] org.apache.catalina.core.ApplicationContext.log Manager: restart: Reloading web application '/AnhKyYeu'
09-Jan-2017 16:03:39.036 INFO [http-apr-8086-exec-17] org.apache.catalina.core.ApplicationContext.log Manager: list: Listing contexts for virtual host 'localhost'
09-Jan-2017 16:03:40.478 INFO [http-apr-8086-exec-24] org.apache.catalina.core.ApplicationContext.log Manager: list: Listing contexts for virtual host 'localhost'
09-Jan-2017 16:03:40.488 INFO [http-apr-8086-exec-25] org.apache.catalina.core.ApplicationContext.log Manager: restart: Reloading web application '/AnhKyYeu'
09-Jan-2017 16:03:59.463 INFO [http-apr-8086-exec-21] org.apache.catalina.core.ApplicationContext.log Manager: list: Listing contexts for virtual host 'localhost'
09-Jan-2017 16:03:59.471 INFO [http-apr-8086-exec-29] org.apache.catalina.core.ApplicationContext.log Manager: restart: Reloading web application '/AnhKyYeu'
09-Jan-2017 16:04:12.925 INFO [http-apr-8086-exec-22] org.apache.catalina.core.ApplicationContext.log Manager: list: Listing contexts for virtual host 'localhost'
09-Jan-2017 16:04:12.947 INFO [http-apr-8086-exec-32] org.apache.catalina.core.ApplicationContext.log Manager: restart: Reloading web application '/AnhKyYeu'
09-Jan-2017 16:04:17.705 INFO [http-apr-8086-exec-24] org.apache.catalina.core.ApplicationContext.log Manager: list: Listing contexts for virtual host 'localhost'
09-Jan-2017 16:04:17.724 INFO [http-apr-8086-exec-21] org.apache.catalina.core.ApplicationContext.log Manager: stop: Stopping web application '/AnhKyYeu'
09-Jan-2017 16:04:17.739 INFO [http-apr-8086-exec-21] org.apache.catalina.core.ApplicationContext.log Manager: start: Starting web application '/AnhKyYeu'
09-Jan-2017 16:04:20.780 INFO [http-apr-8086-exec-26] org.apache.catalina.core.ApplicationContext.log Manager: list: Listing contexts for virtual host 'localhost'
09-Jan-2017 16:04:20.787 INFO [http-apr-8086-exec-33] org.apache.catalina.core.ApplicationContext.log Manager: restart: Reloading web application '/AnhKyYeu'
09-Jan-2017 16:05:34.450 INFO [http-apr-8086-exec-36] org.apache.catalina.core.ApplicationContext.log Manager: list: Listing contexts for virtual host 'localhost'
09-Jan-2017 16:05:34.458 INFO [http-apr-8086-exec-38] org.apache.catalina.core.ApplicationContext.log Manager: restart: Reloading web application '/AnhKyYeu'
09-Jan-2017 16:05:37.123 INFO [http-apr-8086-exec-39] org.apache.catalina.core.ApplicationContext.log Manager: list: Listing contexts for virtual host 'localhost'
09-Jan-2017 16:05:37.136 INFO [http-apr-8086-exec-37] org.apache.catalina.core.ApplicationContext.log Manager: restart: Reloading web application '/AnhKyYeu'
09-Jan-2017 16:05:43.573 INFO [http-apr-8086-exec-36] org.apache.catalina.core.ApplicationContext.log Manager: list: Listing contexts for virtual host 'localhost'
09-Jan-2017 16:05:43.581 INFO [http-apr-8086-exec-34] org.apache.catalina.core.ApplicationContext.log Manager: restart: Reloading web application '/AnhKyYeu'
09-Jan-2017 16:07:18.325 INFO [http-apr-8086-exec-44] org.apache.catalina.core.ApplicationContext.log Manager: list: Listing contexts for virtual host 'localhost'
09-Jan-2017 16:07:18.335 INFO [http-apr-8086-exec-45] org.apache.catalina.core.ApplicationContext.log Manager: restart: Reloading web application '/AnhKyYeu'
09-Jan-2017 16:08:01.504 INFO [http-apr-8086-exec-28] org.apache.catalina.core.ApplicationContext.log Manager: list: Listing contexts for virtual host 'localhost'
09-Jan-2017 16:08:01.519 INFO [http-apr-8086-exec-47] org.apache.catalina.core.ApplicationContext.log Manager: restart: Reloading web application '/AnhKyYeu'
09-Jan-2017 16:08:06.701 INFO [http-apr-8086-exec-28] org.apache.catalina.core.ApplicationContext.log Manager: list: Listing contexts for virtual host 'localhost'
09-Jan-2017 16:08:06.709 INFO [http-apr-8086-exec-49] org.apache.catalina.core.ApplicationContext.log Manager: restart: Reloading web application '/AnhKyYeu'
09-Jan-2017 16:08:50.292 INFO [http-apr-8086-exec-19] org.apache.catalina.core.ApplicationContext.log Manager: list: Listing contexts for virtual host 'localhost'
09-Jan-2017 16:08:50.302 INFO [http-apr-8086-exec-52] org.apache.catalina.core.ApplicationContext.log Manager: restart: Reloading web application '/AnhKyYeu'
09-Jan-2017 16:09:23.916 INFO [http-apr-8086-exec-53] org.apache.catalina.core.ApplicationContext.log Manager: list: Listing contexts for virtual host 'localhost'
09-Jan-2017 16:09:23.926 INFO [http-apr-8086-exec-54] org.apache.catalina.core.ApplicationContext.log Manager: restart: Reloading web application '/AnhKyYeu'
09-Jan-2017 16:09:40.793 INFO [http-apr-8086-exec-53] org.apache.catalina.core.ApplicationContext.log Manager: list: Listing contexts for virtual host 'localhost'
09-Jan-2017 16:09:40.804 INFO [http-apr-8086-exec-55] org.apache.catalina.core.ApplicationContext.log Manager: restart: Reloading web application '/AnhKyYeu'
09-Jan-2017 16:11:28.908 INFO [http-apr-8086-exec-58] org.apache.catalina.core.ApplicationContext.log Manager: list: Listing contexts for virtual host 'localhost'
09-Jan-2017 16:11:28.916 INFO [http-apr-8086-exec-56] org.apache.catalina.core.ApplicationContext.log Manager: restart: Reloading web application '/AnhKyYeu'
09-Jan-2017 16:11:47.061 INFO [http-apr-8086-exec-62] org.apache.catalina.core.ApplicationContext.log Manager: list: Listing contexts for virtual host 'localhost'
09-Jan-2017 16:11:47.069 INFO [http-apr-8086-exec-43] org.apache.catalina.core.ApplicationContext.log Manager: restart: Reloading web application '/AnhKyYeu'
09-Jan-2017 16:12:10.846 INFO [http-apr-8086-exec-63] org.apache.catalina.core.ApplicationContext.log Manager: list: Listing contexts for virtual host 'localhost'
09-Jan-2017 16:12:10.849 INFO [http-apr-8086-exec-62] org.apache.catalina.core.ApplicationContext.log Manager: list: Listing contexts for virtual host 'localhost'
09-Jan-2017 16:12:10.906 INFO [http-apr-8086-exec-66] org.apache.catalina.core.ApplicationContext.log Manager: stop: Stopping web application '/AnhKyYeu'
09-Jan-2017 16:12:10.913 INFO [http-apr-8086-exec-67] org.apache.catalina.core.ApplicationContext.log Manager: start: Starting web application '/AnhKyYeu'
09-Jan-2017 16:13:33.796 INFO [http-apr-8086-exec-68] org.apache.catalina.core.ApplicationContext.log Manager: list: Listing contexts for virtual host 'localhost'
09-Jan-2017 16:16:12.708 INFO [http-apr-8086-exec-73] org.apache.catalina.core.ApplicationContext.log Manager: list: Listing contexts for virtual host 'localhost'
09-Jan-2017 16:16:12.718 INFO [http-apr-8086-exec-76] org.apache.catalina.core.ApplicationContext.log Manager: restart: Reloading web application '/AnhKyYeu'
09-Jan-2017 16:17:52.742 INFO [http-apr-8086-exec-70] org.apache.catalina.core.ApplicationContext.log Manager: list: Listing contexts for virtual host 'localhost'
09-Jan-2017 16:17:52.755 INFO [http-apr-8086-exec-83] org.apache.catalina.core.ApplicationContext.log Manager: restart: Reloading web application '/AnhKyYeu'
09-Jan-2017 16:18:53.881 INFO [http-apr-8086-exec-80] org.apache.catalina.core.ApplicationContext.log Manager: list: Listing contexts for virtual host 'localhost'
09-Jan-2017 16:18:53.890 INFO [http-apr-8086-exec-82] org.apache.catalina.core.ApplicationContext.log Manager: undeploy: Undeploying web application at '/AnhKyYeu'
09-Jan-2017 16:18:54.457 SEVERE [http-apr-8086-exec-82] org.apache.catalina.core.ApplicationContext.log Manager: ManagerServlet.undeploy[/AnhKyYeu]
 javax.management.RuntimeErrorException: java.lang.OutOfMemoryError: PermGen space
	at com.sun.jmx.interceptor.DefaultMBeanServerInterceptor.rethrow(DefaultMBeanServerInterceptor.java:841)
	at com.sun.jmx.interceptor.DefaultMBeanServerInterceptor.rethrowMaybeMBeanException(DefaultMBeanServerInterceptor.java:852)
	at com.sun.jmx.interceptor.DefaultMBeanServerInterceptor.invoke(DefaultMBeanServerInterceptor.java:821)
	at com.sun.jmx.mbeanserver.JmxMBeanServer.invoke(JmxMBeanServer.java:801)
	at org.apache.catalina.manager.ManagerServlet.isDeployed(ManagerServlet.java:1438)
	at org.apache.catalina.manager.ManagerServlet.undeploy(ManagerServlet.java:1377)
	at org.apache.catalina.manager.ManagerServlet.doGet(ManagerServlet.java:361)
	at javax.servlet.http.HttpServlet.service(HttpServlet.java:622)
	at javax.servlet.http.HttpServlet.service(HttpServlet.java:729)
	at org.apache.catalina.core.ApplicationFilterChain.internalDoFilter(ApplicationFilterChain.java:292)
	at org.apache.catalina.core.ApplicationFilterChain.doFilter(ApplicationFilterChain.java:207)
	at org.apache.tomcat.websocket.server.WsFilter.doFilter(WsFilter.java:52)
	at org.apache.catalina.core.ApplicationFilterChain.internalDoFilter(ApplicationFilterChain.java:240)
	at org.apache.catalina.core.ApplicationFilterChain.doFilter(ApplicationFilterChain.java:207)
	at org.apache.catalina.filters.SetCharacterEncodingFilter.doFilter(SetCharacterEncodingFilter.java:108)
	at org.apache.catalina.core.ApplicationFilterChain.internalDoFilter(ApplicationFilterChain.java:240)
	at org.apache.catalina.core.ApplicationFilterChain.doFilter(ApplicationFilterChain.java:207)
	at org.apache.catalina.core.StandardWrapperValve.invoke(StandardWrapperValve.java:212)
	at org.apache.catalina.core.StandardContextValve.invoke(StandardContextValve.java:106)
	at org.apache.catalina.authenticator.AuthenticatorBase.invoke(AuthenticatorBase.java:614)
	at org.apache.catalina.core.StandardHostValve.invoke(StandardHostValve.java:141)
	at org.apache.catalina.valves.ErrorReportValve.invoke(ErrorReportValve.java:79)
	at org.apache.catalina.valves.AbstractAccessLogValve.invoke(AbstractAccessLogValve.java:616)
	at org.apache.catalina.core.StandardEngineValve.invoke(StandardEngineValve.java:88)
	at org.apache.catalina.connector.CoyoteAdapter.service(CoyoteAdapter.java:509)
	at org.apache.coyote.http11.AbstractHttp11Processor.process(AbstractHttp11Processor.java:1104)
	at org.apache.coyote.AbstractProtocol$AbstractConnectionHandler.process(AbstractProtocol.java:684)
	at org.apache.tomcat.util.net.AprEndpoint$SocketProcessor.doRun(AprEndpoint.java:2508)
	at org.apache.tomcat.util.net.AprEndpoint$SocketProcessor.run(AprEndpoint.java:2497)
	at java.util.concurrent.ThreadPoolExecutor.runWorker(ThreadPoolExecutor.java:1145)
	at java.util.concurrent.ThreadPoolExecutor$Worker.run(ThreadPoolExecutor.java:615)
	at org.apache.tomcat.util.threads.TaskThread$WrappingRunnable.run(TaskThread.java:61)
	at java.lang.Thread.run(Thread.java:745)
Caused by: java.lang.OutOfMemoryError: PermGen space

09-Jan-2017 16:24:07.503 INFO [http-apr-8086-exec-3] org.apache.catalina.core.ApplicationContext.log Manager: init: Associated with Deployer 'Catalina:type=Deployer,host=localhost'
09-Jan-2017 16:24:07.504 INFO [http-apr-8086-exec-3] org.apache.catalina.core.ApplicationContext.log Manager: init: Global resources are available
09-Jan-2017 16:24:07.505 INFO [http-apr-8086-exec-3] org.apache.catalina.core.ApplicationContext.log Manager: list: Listing contexts for virtual host 'localhost'
09-Jan-2017 16:24:07.508 INFO [http-apr-8086-exec-2] org.apache.catalina.core.ApplicationContext.log Manager: list: Listing contexts for virtual host 'localhost'
09-Jan-2017 16:24:07.570 INFO [http-apr-8086-exec-5] org.apache.catalina.core.ApplicationContext.log Manager: undeploy: Undeploying web application at '/AnhKyYeu'
09-Jan-2017 16:24:08.139 INFO [http-apr-8086-exec-2] org.apache.catalina.core.ApplicationContext.log Manager: install: Installing context configuration at 'file:/C:/Users/BVHIEN/AppData/Local/Temp/context544113933086713297.xml'
09-Jan-2017 16:27:27.976 INFO [http-apr-8086-exec-18] org.apache.catalina.core.ApplicationContext.log Manager: list: Listing contexts for virtual host 'localhost'
09-Jan-2017 16:27:27.984 INFO [http-apr-8086-exec-9] org.apache.catalina.core.ApplicationContext.log Manager: restart: Reloading web application '/AnhKyYeu'
09-Jan-2017 16:27:32.569 INFO [http-apr-8086-exec-18] org.apache.catalina.core.ApplicationContext.log Manager: list: Listing contexts for virtual host 'localhost'
09-Jan-2017 16:27:32.583 INFO [http-apr-8086-exec-11] org.apache.catalina.core.ApplicationContext.log Manager: restart: Reloading web application '/AnhKyYeu'
09-Jan-2017 16:29:07.001 INFO [http-apr-8086-exec-12] org.apache.catalina.core.ApplicationContext.log Manager: list: Listing contexts for virtual host 'localhost'
09-Jan-2017 16:29:07.005 INFO [http-apr-8086-exec-21] org.apache.catalina.core.ApplicationContext.log Manager: list: Listing contexts for virtual host 'localhost'
09-Jan-2017 16:29:07.061 INFO [http-apr-8086-exec-24] org.apache.catalina.core.ApplicationContext.log Manager: restart: Reloading web application '/AnhKyYeu'
09-Jan-2017 16:33:05.290 INFO [http-apr-8086-exec-19] org.apache.catalina.core.ApplicationContext.log Manager: list: Listing contexts for virtual host 'localhost'
09-Jan-2017 16:33:05.299 INFO [http-apr-8086-exec-22] org.apache.catalina.core.ApplicationContext.log Manager: restart: Reloading web application '/AnhKyYeu'
09-Jan-2017 16:34:03.224 INFO [http-apr-8086-exec-32] org.apache.catalina.core.ApplicationContext.log Manager: list: Listing contexts for virtual host 'localhost'
09-Jan-2017 16:34:03.234 INFO [http-apr-8086-exec-25] org.apache.catalina.core.ApplicationContext.log Manager: restart: Reloading web application '/AnhKyYeu'
09-Jan-2017 16:34:07.748 INFO [http-apr-8086-exec-30] org.apache.catalina.core.ApplicationContext.log Manager: list: Listing contexts for virtual host 'localhost'
09-Jan-2017 16:34:07.756 INFO [http-apr-8086-exec-33] org.apache.catalina.core.ApplicationContext.log Manager: restart: Reloading web application '/AnhKyYeu'
09-Jan-2017 16:34:16.675 INFO [http-apr-8086-exec-35] org.apache.catalina.core.ApplicationContext.log Manager: list: Listing contexts for virtual host 'localhost'
09-Jan-2017 16:34:16.684 INFO [http-apr-8086-exec-27] org.apache.catalina.core.ApplicationContext.log Manager: restart: Reloading web application '/AnhKyYeu'
09-Jan-2017 16:34:19.974 INFO [http-apr-8086-exec-35] org.apache.catalina.core.ApplicationContext.log Manager: list: Listing contexts for virtual host 'localhost'
09-Jan-2017 16:34:19.982 INFO [http-apr-8086-exec-26] org.apache.catalina.core.ApplicationContext.log Manager: restart: Reloading web application '/AnhKyYeu'
09-Jan-2017 16:35:23.133 INFO [http-apr-8086-exec-31] org.apache.catalina.core.ApplicationContext.log Manager: list: Listing contexts for virtual host 'localhost'
09-Jan-2017 16:35:23.136 INFO [http-apr-8086-exec-40] org.apache.catalina.core.ApplicationContext.log Manager: list: Listing contexts for virtual host 'localhost'
09-Jan-2017 16:35:23.203 INFO [http-apr-8086-exec-38] org.apache.catalina.core.ApplicationContext.log Manager: restart: Reloading web application '/AnhKyYeu'
09-Jan-2017 16:36:08.824 INFO [http-apr-8086-exec-25] org.apache.catalina.core.ApplicationContext.log Manager: list: Listing contexts for virtual host 'localhost'
09-Jan-2017 16:36:08.833 INFO [http-apr-8086-exec-42] org.apache.catalina.core.ApplicationContext.log Manager: restart: Reloading web application '/AnhKyYeu'
09-Jan-2017 16:36:17.861 INFO [http-apr-8086-exec-25] org.apache.catalina.core.ApplicationContext.log Manager: list: Listing contexts for virtual host 'localhost'
09-Jan-2017 16:36:17.865 INFO [http-apr-8086-exec-47] org.apache.catalina.core.ApplicationContext.log Manager: list: Listing contexts for virtual host 'localhost'
09-Jan-2017 16:36:17.924 INFO [http-apr-8086-exec-43] org.apache.catalina.core.ApplicationContext.log Manager: restart: Reloading web application '/AnhKyYeu'
09-Jan-2017 16:40:13.162 INFO [http-apr-8086-exec-3] org.apache.catalina.core.ApplicationContext.log Manager: init: Associated with Deployer 'Catalina:type=Deployer,host=localhost'
09-Jan-2017 16:40:13.162 INFO [http-apr-8086-exec-3] org.apache.catalina.core.ApplicationContext.log Manager: init: Global resources are available
09-Jan-2017 16:40:13.163 INFO [http-apr-8086-exec-3] org.apache.catalina.core.ApplicationContext.log Manager: list: Listing contexts for virtual host 'localhost'
09-Jan-2017 16:40:13.168 INFO [http-apr-8086-exec-1] org.apache.catalina.core.ApplicationContext.log Manager: list: Listing contexts for virtual host 'localhost'
09-Jan-2017 16:52:34.558 INFO [http-apr-8086-exec-3] org.apache.catalina.core.ApplicationContext.log Manager: init: Associated with Deployer 'Catalina:type=Deployer,host=localhost'
09-Jan-2017 16:52:34.558 INFO [http-apr-8086-exec-3] org.apache.catalina.core.ApplicationContext.log Manager: init: Global resources are available
09-Jan-2017 16:52:34.559 INFO [http-apr-8086-exec-3] org.apache.catalina.core.ApplicationContext.log Manager: list: Listing contexts for virtual host 'localhost'
09-Jan-2017 16:52:34.566 INFO [http-apr-8086-exec-4] org.apache.catalina.core.ApplicationContext.log Manager: list: Listing contexts for virtual host 'localhost'
09-Jan-2017 16:52:34.643 INFO [http-apr-8086-exec-5] org.apache.catalina.core.ApplicationContext.log Manager: restart: Reloading web application '/AnhKyYeu'
09-Jan-2017 16:55:40.107 INFO [http-apr-8086-exec-18] org.apache.catalina.core.ApplicationContext.log Manager: list: Listing contexts for virtual host 'localhost'
09-Jan-2017 16:55:50.338 INFO [http-apr-8086-exec-18] org.apache.catalina.core.ApplicationContext.log Manager: list: Listing contexts for virtual host 'localhost'
09-Jan-2017 16:55:58.955 INFO [http-apr-8086-exec-20] org.apache.catalina.core.ApplicationContext.log Manager: list: Listing contexts for virtual host 'localhost'
09-Jan-2017 16:55:58.958 INFO [http-apr-8086-exec-15] org.apache.catalina.core.ApplicationContext.log Manager: list: Listing contexts for virtual host 'localhost'
09-Jan-2017 17:01:12.691 INFO [http-apr-8086-exec-11] org.apache.catalina.core.ApplicationContext.log Manager: list: Listing contexts for virtual host 'localhost'
09-Jan-2017 17:03:06.450 INFO [http-apr-8086-exec-15] org.apache.catalina.core.ApplicationContext.log Manager: list: Listing contexts for virtual host 'localhost'
09-Jan-2017 17:04:01.794 INFO [http-apr-8086-exec-15] org.apache.catalina.core.ApplicationContext.log Manager: list: Listing contexts for virtual host 'localhost'
09-Jan-2017 17:05:38.247 INFO [http-apr-8086-exec-15] org.apache.catalina.core.ApplicationContext.log Manager: list: Listing contexts for virtual host 'localhost'
09-Jan-2017 17:13:34.254 INFO [http-apr-8086-exec-12] org.apache.catalina.core.ApplicationContext.log Manager: list: Listing contexts for virtual host 'localhost'
09-Jan-2017 17:14:42.520 INFO [http-apr-8086-exec-16] org.apache.catalina.core.ApplicationContext.log Manager: list: Listing contexts for virtual host 'localhost'
09-Jan-2017 17:15:02.896 INFO [http-apr-8086-exec-11] org.apache.catalina.core.ApplicationContext.log Manager: list: Listing contexts for virtual host 'localhost'
09-Jan-2017 17:15:20.472 INFO [http-apr-8086-exec-20] org.apache.catalina.core.ApplicationContext.log Manager: list: Listing contexts for virtual host 'localhost'
09-Jan-2017 17:15:28.616 INFO [http-apr-8086-exec-12] org.apache.catalina.core.ApplicationContext.log Manager: list: Listing contexts for virtual host 'localhost'
09-Jan-2017 17:17:07.309 INFO [http-apr-8086-exec-11] org.apache.catalina.core.ApplicationContext.log Manager: list: Listing contexts for virtual host 'localhost'
09-Jan-2017 17:17:19.974 INFO [http-apr-8086-exec-11] org.apache.catalina.core.ApplicationContext.log Manager: list: Listing contexts for virtual host 'localhost'
09-Jan-2017 17:17:49.098 INFO [http-apr-8086-exec-13] org.apache.catalina.core.ApplicationContext.log Manager: list: Listing contexts for virtual host 'localhost'
09-Jan-2017 17:19:44.094 INFO [http-apr-8086-exec-17] org.apache.catalina.core.ApplicationContext.log Manager: list: Listing contexts for virtual host 'localhost'
09-Jan-2017 17:19:52.049 INFO [http-apr-8086-exec-17] org.apache.catalina.core.ApplicationContext.log Manager: list: Listing contexts for virtual host 'localhost'
09-Jan-2017 17:20:21.524 INFO [http-apr-8086-exec-17] org.apache.catalina.core.ApplicationContext.log Manager: list: Listing contexts for virtual host 'localhost'
09-Jan-2017 17:20:41.626 INFO [http-apr-8086-exec-17] org.apache.catalina.core.ApplicationContext.log Manager: list: Listing contexts for virtual host 'localhost'
09-Jan-2017 17:21:46.750 INFO [http-apr-8086-exec-17] org.apache.catalina.core.ApplicationContext.log Manager: list: Listing contexts for virtual host 'localhost'
09-Jan-2017 17:21:48.128 INFO [http-apr-8086-exec-11] org.apache.catalina.core.ApplicationContext.log Manager: list: Listing contexts for virtual host 'localhost'
09-Jan-2017 17:29:48.689 INFO [http-apr-8086-exec-16] org.apache.catalina.core.ApplicationContext.log Manager: list: Listing contexts for virtual host 'localhost'
09-Jan-2017 17:29:59.054 INFO [http-apr-8086-exec-16] org.apache.catalina.core.ApplicationContext.log Manager: list: Listing contexts for virtual host 'localhost'
09-Jan-2017 17:30:01.064 INFO [http-apr-8086-exec-14] org.apache.catalina.core.ApplicationContext.log Manager: list: Listing contexts for virtual host 'localhost'
09-Jan-2017 17:30:28.274 INFO [http-apr-8086-exec-14] org.apache.catalina.core.ApplicationContext.log Manager: list: Listing contexts for virtual host 'localhost'
09-Jan-2017 17:31:32.658 INFO [http-apr-8086-exec-16] org.apache.catalina.core.ApplicationContext.log Manager: list: Listing contexts for virtual host 'localhost'
09-Jan-2017 17:32:17.307 INFO [http-apr-8086-exec-12] org.apache.catalina.core.ApplicationContext.log Manager: list: Listing contexts for virtual host 'localhost'
09-Jan-2017 17:32:29.361 INFO [http-apr-8086-exec-11] org.apache.catalina.core.ApplicationContext.log Manager: list: Listing contexts for virtual host 'localhost'
09-Jan-2017 19:40:05.387 INFO [http-apr-8086-exec-3] org.apache.catalina.core.ApplicationContext.log Manager: init: Associated with Deployer 'Catalina:type=Deployer,host=localhost'
09-Jan-2017 19:40:05.388 INFO [http-apr-8086-exec-3] org.apache.catalina.core.ApplicationContext.log Manager: init: Global resources are available
09-Jan-2017 19:40:05.391 INFO [http-apr-8086-exec-3] org.apache.catalina.core.ApplicationContext.log Manager: list: Listing contexts for virtual host 'localhost'
09-Jan-2017 19:40:05.423 INFO [http-apr-8086-exec-5] org.apache.catalina.core.ApplicationContext.log Manager: list: Listing contexts for virtual host 'localhost'
09-Jan-2017 19:46:57.505 INFO [http-apr-8086-exec-8] org.apache.catalina.core.ApplicationContext.log Manager: list: Listing contexts for virtual host 'localhost'
09-Jan-2017 19:47:24.835 INFO [http-apr-8086-exec-8] org.apache.catalina.core.ApplicationContext.log Manager: list: Listing contexts for virtual host 'localhost'
09-Jan-2017 19:58:39.258 INFO [http-apr-8086-exec-5] org.apache.catalina.core.ApplicationContext.log Manager: list: Listing contexts for virtual host 'localhost'
09-Jan-2017 19:58:42.860 INFO [http-apr-8086-exec-7] org.apache.catalina.core.ApplicationContext.log Manager: list: Listing contexts for virtual host 'localhost'
09-Jan-2017 20:04:28.771 INFO [http-apr-8086-exec-5] org.apache.catalina.core.ApplicationContext.log Manager: list: Listing contexts for virtual host 'localhost'
09-Jan-2017 20:04:49.881 INFO [http-apr-8086-exec-5] org.apache.catalina.core.ApplicationContext.log Manager: list: Listing contexts for virtual host 'localhost'
09-Jan-2017 20:05:10.368 INFO [http-apr-8086-exec-5] org.apache.catalina.core.ApplicationContext.log Manager: list: Listing contexts for virtual host 'localhost'
09-Jan-2017 20:05:18.548 INFO [http-apr-8086-exec-4] org.apache.catalina.core.ApplicationContext.log Manager: list: Listing contexts for virtual host 'localhost'
09-Jan-2017 20:05:18.551 INFO [http-apr-8086-exec-3] org.apache.catalina.core.ApplicationContext.log Manager: list: Listing contexts for virtual host 'localhost'
09-Jan-2017 20:11:07.944 INFO [http-apr-8086-exec-9] org.apache.catalina.core.ApplicationContext.log Manager: list: Listing contexts for virtual host 'localhost'
09-Jan-2017 20:11:19.529 INFO [http-apr-8086-exec-9] org.apache.catalina.core.ApplicationContext.log Manager: list: Listing contexts for virtual host 'localhost'
09-Jan-2017 20:12:36.562 INFO [http-apr-8086-exec-9] org.apache.catalina.core.ApplicationContext.log Manager: list: Listing contexts for virtual host 'localhost'
09-Jan-2017 20:14:09.947 INFO [http-apr-8086-exec-9] org.apache.catalina.core.ApplicationContext.log Manager: list: Listing contexts for virtual host 'localhost'
09-Jan-2017 22:42:18.616 INFO [http-apr-8086-exec-9] org.apache.catalina.core.ApplicationContext.log Manager: list: Listing contexts for virtual host 'localhost'
09-Jan-2017 22:43:04.154 INFO [http-apr-8086-exec-9] org.apache.catalina.core.ApplicationContext.log Manager: list: Listing contexts for virtual host 'localhost'
09-Jan-2017 22:44:03.463 INFO [http-apr-8086-exec-9] org.apache.catalina.core.ApplicationContext.log Manager: list: Listing contexts for virtual host 'localhost'
09-Jan-2017 22:44:14.295 INFO [http-apr-8086-exec-9] org.apache.catalina.core.ApplicationContext.log Manager: list: Listing contexts for virtual host 'localhost'
09-Jan-2017 22:44:48.375 INFO [http-apr-8086-exec-9] org.apache.catalina.core.ApplicationContext.log Manager: list: Listing contexts for virtual host 'localhost'
09-Jan-2017 22:45:27.566 INFO [http-apr-8086-exec-9] org.apache.catalina.core.ApplicationContext.log Manager: list: Listing contexts for virtual host 'localhost'
09-Jan-2017 22:45:54.959 INFO [http-apr-8086-exec-9] org.apache.catalina.core.ApplicationContext.log Manager: list: Listing contexts for virtual host 'localhost'
09-Jan-2017 22:46:07.191 INFO [http-apr-8086-exec-9] org.apache.catalina.core.ApplicationContext.log Manager: list: Listing contexts for virtual host 'localhost'
09-Jan-2017 22:46:15.883 INFO [http-apr-8086-exec-7] org.apache.catalina.core.ApplicationContext.log Manager: list: Listing contexts for virtual host 'localhost'
09-Jan-2017 22:46:15.886 INFO [http-apr-8086-exec-2] org.apache.catalina.core.ApplicationContext.log Manager: list: Listing contexts for virtual host 'localhost'
09-Jan-2017 22:47:51.893 INFO [http-apr-8086-exec-5] org.apache.catalina.core.ApplicationContext.log Manager: list: Listing contexts for virtual host 'localhost'
09-Jan-2017 22:47:51.905 INFO [http-apr-8086-exec-4] org.apache.catalina.core.ApplicationContext.log Manager: restart: Reloading web application '/AnhKyYeu'
09-Jan-2017 22:50:01.277 INFO [http-apr-8086-exec-7] org.apache.catalina.core.ApplicationContext.log Manager: list: Listing contexts for virtual host 'localhost'
09-Jan-2017 22:51:04.308 INFO [http-apr-8086-exec-17] org.apache.catalina.core.ApplicationContext.log Manager: list: Listing contexts for virtual host 'localhost'
09-Jan-2017 22:51:12.225 INFO [http-apr-8086-exec-17] org.apache.catalina.core.ApplicationContext.log Manager: list: Listing contexts for virtual host 'localhost'
09-Jan-2017 22:51:17.883 INFO [http-apr-8086-exec-17] org.apache.catalina.core.ApplicationContext.log Manager: list: Listing contexts for virtual host 'localhost'
09-Jan-2017 22:51:24.444 INFO [http-apr-8086-exec-17] org.apache.catalina.core.ApplicationContext.log Manager: list: Listing contexts for virtual host 'localhost'
09-Jan-2017 22:52:48.453 INFO [http-apr-8086-exec-17] org.apache.catalina.core.ApplicationContext.log Manager: list: Listing contexts for virtual host 'localhost'
09-Jan-2017 22:53:13.259 INFO [http-apr-8086-exec-17] org.apache.catalina.core.ApplicationContext.log Manager: list: Listing contexts for virtual host 'localhost'
09-Jan-2017 22:53:20.486 INFO [http-apr-8086-exec-17] org.apache.catalina.core.ApplicationContext.log Manager: list: Listing contexts for virtual host 'localhost'
09-Jan-2017 23:14:05.335 INFO [http-apr-8086-exec-17] org.apache.catalina.core.ApplicationContext.log Manager: list: Listing contexts for virtual host 'localhost'
09-Jan-2017 23:14:05.346 INFO [http-apr-8086-exec-13] org.apache.catalina.core.ApplicationContext.log Manager: restart: Reloading web application '/AnhKyYeu'
09-Jan-2017 23:15:02.165 INFO [http-apr-8086-exec-21] org.apache.catalina.core.ApplicationContext.log Manager: list: Listing contexts for virtual host 'localhost'
09-Jan-2017 23:15:02.174 INFO [http-apr-8086-exec-12] org.apache.catalina.core.ApplicationContext.log Manager: restart: Reloading web application '/AnhKyYeu'
09-Jan-2017 23:22:41.406 INFO [http-apr-8086-exec-30] org.apache.catalina.core.ApplicationContext.log Manager: list: Listing contexts for virtual host 'localhost'
09-Jan-2017 23:22:41.413 INFO [http-apr-8086-exec-31] org.apache.catalina.core.ApplicationContext.log Manager: restart: Reloading web application '/AnhKyYeu'
09-Jan-2017 23:23:22.618 INFO [http-apr-8086-exec-33] org.apache.catalina.core.ApplicationContext.log Manager: list: Listing contexts for virtual host 'localhost'
09-Jan-2017 23:23:22.653 INFO [http-apr-8086-exec-28] org.apache.catalina.core.ApplicationContext.log Manager: restart: Reloading web application '/AnhKyYeu'
09-Jan-2017 23:23:43.526 INFO [http-apr-8086-exec-35] org.apache.catalina.core.ApplicationContext.log Manager: list: Listing contexts for virtual host 'localhost'
09-Jan-2017 23:23:43.533 INFO [http-apr-8086-exec-30] org.apache.catalina.core.ApplicationContext.log Manager: restart: Reloading web application '/AnhKyYeu'
09-Jan-2017 23:25:08.447 INFO [http-apr-8086-exec-38] org.apache.catalina.core.ApplicationContext.log Manager: list: Listing contexts for virtual host 'localhost'
09-Jan-2017 23:25:08.479 INFO [http-apr-8086-exec-35] org.apache.catalina.core.ApplicationContext.log Manager: restart: Reloading web application '/AnhKyYeu'
09-Jan-2017 23:25:26.472 INFO [http-apr-8086-exec-41] org.apache.catalina.core.ApplicationContext.log Manager: list: Listing contexts for virtual host 'localhost'
09-Jan-2017 23:25:26.494 INFO [http-apr-8086-exec-40] org.apache.catalina.core.ApplicationContext.log Manager: restart: Reloading web application '/AnhKyYeu'
09-Jan-2017 23:25:49.175 INFO [http-apr-8086-exec-43] org.apache.catalina.core.ApplicationContext.log Manager: list: Listing contexts for virtual host 'localhost'
09-Jan-2017 23:25:49.216 INFO [http-apr-8086-exec-37] org.apache.catalina.core.ApplicationContext.log Manager: restart: Reloading web application '/AnhKyYeu'
09-Jan-2017 23:26:11.809 INFO [http-apr-8086-exec-44] org.apache.catalina.core.ApplicationContext.log Manager: list: Listing contexts for virtual host 'localhost'
09-Jan-2017 23:26:11.829 INFO [http-apr-8086-exec-45] org.apache.catalina.core.ApplicationContext.log Manager: restart: Reloading web application '/AnhKyYeu'
09-Jan-2017 23:26:21.309 INFO [http-apr-8086-exec-44] org.apache.catalina.core.ApplicationContext.log Manager: list: Listing contexts for virtual host 'localhost'
09-Jan-2017 23:26:21.312 INFO [http-apr-8086-exec-48] org.apache.catalina.core.ApplicationContext.log Manager: list: Listing contexts for virtual host 'localhost'
09-Jan-2017 23:26:21.369 INFO [http-apr-8086-exec-38] org.apache.catalina.core.ApplicationContext.log Manager: restart: Reloading web application '/AnhKyYeu'
09-Jan-2017 23:26:56.027 INFO [http-apr-8086-exec-51] org.apache.catalina.core.ApplicationContext.log Manager: list: Listing contexts for virtual host 'localhost'
09-Jan-2017 23:26:56.037 INFO [http-apr-8086-exec-47] org.apache.catalina.core.ApplicationContext.log Manager: restart: Reloading web application '/AnhKyYeu'
09-Jan-2017 23:27:43.522 INFO [http-apr-8086-exec-51] org.apache.catalina.core.ApplicationContext.log Manager: list: Listing contexts for virtual host 'localhost'
09-Jan-2017 23:27:43.531 INFO [http-apr-8086-exec-53] org.apache.catalina.core.ApplicationContext.log Manager: restart: Reloading web application '/AnhKyYeu'
09-Jan-2017 23:27:47.337 INFO [http-apr-8086-exec-33] org.apache.catalina.core.ApplicationContext.log Manager: list: Listing contexts for virtual host 'localhost'
09-Jan-2017 23:27:47.348 INFO [http-apr-8086-exec-29] org.apache.catalina.core.ApplicationContext.log Manager: restart: Reloading web application '/AnhKyYeu'
09-Jan-2017 23:27:51.012 INFO [http-apr-8086-exec-42] org.apache.catalina.core.ApplicationContext.log Manager: list: Listing contexts for virtual host 'localhost'
09-Jan-2017 23:27:51.018 INFO [http-apr-8086-exec-33] org.apache.catalina.core.ApplicationContext.log Manager: restart: Reloading web application '/AnhKyYeu'
09-Jan-2017 23:27:57.068 INFO [http-apr-8086-exec-42] org.apache.catalina.core.ApplicationContext.log Manager: list: Listing contexts for virtual host 'localhost'
09-Jan-2017 23:27:57.076 INFO [http-apr-8086-exec-57] org.apache.catalina.core.ApplicationContext.log Manager: restart: Reloading web application '/AnhKyYeu'
09-Jan-2017 23:28:02.377 INFO [http-apr-8086-exec-49] org.apache.catalina.core.ApplicationContext.log Manager: list: Listing contexts for virtual host 'localhost'
09-Jan-2017 23:28:02.384 INFO [http-apr-8086-exec-42] org.apache.catalina.core.ApplicationContext.log Manager: restart: Reloading web application '/AnhKyYeu'
09-Jan-2017 23:33:53.841 INFO [http-apr-8086-exec-54] org.apache.catalina.core.ApplicationContext.log Manager: list: Listing contexts for virtual host 'localhost'
09-Jan-2017 23:33:53.850 INFO [http-apr-8086-exec-58] org.apache.catalina.core.ApplicationContext.log Manager: restart: Reloading web application '/AnhKyYeu'
09-Jan-2017 23:34:01.645 INFO [http-apr-8086-exec-62] org.apache.catalina.core.ApplicationContext.log Manager: list: Listing contexts for virtual host 'localhost'
09-Jan-2017 23:34:01.662 INFO [http-apr-8086-exec-70] org.apache.catalina.core.ApplicationContext.log Manager: restart: Reloading web application '/AnhKyYeu'
09-Jan-2017 23:35:23.679 INFO [http-apr-8086-exec-73] org.apache.catalina.core.ApplicationContext.log Manager: list: Listing contexts for virtual host 'localhost'
09-Jan-2017 23:35:23.688 INFO [http-apr-8086-exec-74] org.apache.catalina.core.ApplicationContext.log Manager: restart: Reloading web application '/AnhKyYeu'
09-Jan-2017 23:35:42.796 INFO [http-apr-8086-exec-76] org.apache.catalina.core.ApplicationContext.log Manager: list: Listing contexts for virtual host 'localhost'
09-Jan-2017 23:35:42.813 INFO [http-apr-8086-exec-72] org.apache.catalina.core.ApplicationContext.log Manager: restart: Reloading web application '/AnhKyYeu'
09-Jan-2017 23:37:35.610 INFO [http-apr-8086-exec-80] org.apache.catalina.core.ApplicationContext.log Manager: list: Listing contexts for virtual host 'localhost'
09-Jan-2017 23:37:35.613 INFO [http-apr-8086-exec-78] org.apache.catalina.core.ApplicationContext.log Manager: list: Listing contexts for virtual host 'localhost'
09-Jan-2017 23:37:35.668 INFO [http-apr-8086-exec-81] org.apache.catalina.core.ApplicationContext.log Manager: restart: Reloading web application '/AnhKyYeu'
09-Jan-2017 23:39:29.468 INFO [http-apr-8086-exec-2] org.apache.catalina.core.ApplicationContext.log Manager: init: Associated with Deployer 'Catalina:type=Deployer,host=localhost'
09-Jan-2017 23:39:29.468 INFO [http-apr-8086-exec-2] org.apache.catalina.core.ApplicationContext.log Manager: init: Global resources are available
09-Jan-2017 23:39:29.469 INFO [http-apr-8086-exec-2] org.apache.catalina.core.ApplicationContext.log Manager: list: Listing contexts for virtual host 'localhost'
09-Jan-2017 23:39:29.475 INFO [http-apr-8086-exec-1] org.apache.catalina.core.ApplicationContext.log Manager: list: Listing contexts for virtual host 'localhost'
09-Jan-2017 23:42:10.293 INFO [http-apr-8086-exec-5] org.apache.catalina.core.ApplicationContext.log Manager: list: Listing contexts for virtual host 'localhost'
09-Jan-2017 23:42:10.304 INFO [http-apr-8086-exec-7] org.apache.catalina.core.ApplicationContext.log Manager: restart: Reloading web application '/AnhKyYeu'
09-Jan-2017 23:42:58.061 INFO [http-apr-8086-exec-4] org.apache.catalina.core.ApplicationContext.log Manager: list: Listing contexts for virtual host 'localhost'
09-Jan-2017 23:42:58.084 INFO [http-apr-8086-exec-2] org.apache.catalina.core.ApplicationContext.log Manager: restart: Reloading web application '/AnhKyYeu'
09-Jan-2017 23:47:36.678 INFO [http-apr-8086-exec-21] org.apache.catalina.core.ApplicationContext.log Manager: list: Listing contexts for virtual host 'localhost'
09-Jan-2017 23:47:48.625 INFO [http-apr-8086-exec-21] org.apache.catalina.core.ApplicationContext.log Manager: list: Listing contexts for virtual host 'localhost'
09-Jan-2017 23:49:10.400 INFO [http-apr-8086-exec-23] org.apache.catalina.core.ApplicationContext.log Manager: list: Listing contexts for virtual host 'localhost'
09-Jan-2017 23:49:15.888 INFO [http-apr-8086-exec-23] org.apache.catalina.core.ApplicationContext.log Manager: list: Listing contexts for virtual host 'localhost'
09-Jan-2017 23:53:56.698 INFO [http-apr-8086-exec-19] org.apache.catalina.core.ApplicationContext.log Manager: list: Listing contexts for virtual host 'localhost'
09-Jan-2017 23:54:05.318 INFO [http-apr-8086-exec-19] org.apache.catalina.core.ApplicationContext.log Manager: list: Listing contexts for virtual host 'localhost'
09-Jan-2017 23:54:22.791 INFO [http-apr-8086-exec-19] org.apache.catalina.core.ApplicationContext.log Manager: list: Listing contexts for virtual host 'localhost'
09-Jan-2017 23:54:31.345 INFO [http-apr-8086-exec-19] org.apache.catalina.core.ApplicationContext.log Manager: list: Listing contexts for virtual host 'localhost'
09-Jan-2017 23:56:34.120 INFO [http-apr-8086-exec-23] org.apache.catalina.core.ApplicationContext.log Manager: list: Listing contexts for virtual host 'localhost'
09-Jan-2017 23:57:25.046 INFO [http-apr-8086-exec-15] org.apache.catalina.core.ApplicationContext.log Manager: list: Listing contexts for virtual host 'localhost'
09-Jan-2017 23:58:58.182 INFO [http-apr-8086-exec-14] org.apache.catalina.core.ApplicationContext.log Manager: list: Listing contexts for virtual host 'localhost'
09-Jan-2017 23:59:05.714 INFO [http-apr-8086-exec-14] org.apache.catalina.core.ApplicationContext.log Manager: list: Listing contexts for virtual host 'localhost'
09-Jan-2017 23:59:12.228 INFO [http-apr-8086-exec-14] org.apache.catalina.core.ApplicationContext.log Manager: list: Listing contexts for virtual host 'localhost'
