27-Jan-2017 16:44:14.025 INFO [http-apr-8086-exec-5] org.apache.catalina.core.ApplicationContext.log Manager: init: Associated with Deployer 'Catalina:type=Deployer,host=localhost'
27-Jan-2017 16:44:14.025 INFO [http-apr-8086-exec-5] org.apache.catalina.core.ApplicationContext.log Manager: init: Global resources are available
27-Jan-2017 16:44:14.027 INFO [http-apr-8086-exec-5] org.apache.catalina.core.ApplicationContext.log Manager: list: Listing contexts for virtual host 'localhost'
27-Jan-2017 16:44:14.053 INFO [http-apr-8086-exec-4] org.apache.catalina.core.ApplicationContext.log Manager: list: Listing contexts for virtual host 'localhost'
27-Jan-2017 16:44:14.241 INFO [http-apr-8086-exec-7] org.apache.catalina.core.ApplicationContext.log Manager: restart: Reloading web application '/AnhKyYeu'
27-Jan-2017 16:46:37.845 INFO [http-apr-8086-exec-16] org.apache.catalina.core.ApplicationContext.log Manager: list: Listing contexts for virtual host 'localhost'
27-Jan-2017 16:47:54.695 INFO [http-apr-8086-exec-14] org.apache.catalina.core.ApplicationContext.log Manager: list: Listing contexts for virtual host 'localhost'
27-Jan-2017 17:00:25.917 INFO [http-apr-8086-exec-14] org.apache.catalina.core.ApplicationContext.log Manager: list: Listing contexts for virtual host 'localhost'
27-Jan-2017 17:04:11.819 INFO [http-apr-8086-exec-17] org.apache.catalina.core.ApplicationContext.log Manager: list: Listing contexts for virtual host 'localhost'
27-Jan-2017 17:04:11.828 INFO [http-apr-8086-exec-16] org.apache.catalina.core.ApplicationContext.log Manager: restart: Reloading web application '/AnhKyYeu'
27-Jan-2017 17:11:08.680 INFO [http-apr-8086-exec-6] org.apache.catalina.core.ApplicationContext.log Manager: init: Associated with Deployer 'Catalina:type=Deployer,host=localhost'
27-Jan-2017 17:11:08.681 INFO [http-apr-8086-exec-6] org.apache.catalina.core.ApplicationContext.log Manager: init: Global resources are available
27-Jan-2017 17:11:08.682 INFO [http-apr-8086-exec-6] org.apache.catalina.core.ApplicationContext.log Manager: list: Listing contexts for virtual host 'localhost'
27-Jan-2017 17:11:08.687 INFO [http-apr-8086-exec-7] org.apache.catalina.core.ApplicationContext.log Manager: list: Listing contexts for virtual host 'localhost'
27-Jan-2017 17:11:08.699 INFO [http-apr-8086-exec-8] org.apache.catalina.core.ApplicationContext.log Manager: undeploy: Undeploying web application at '/AnhKyYeu'
27-Jan-2017 17:11:09.307 INFO [http-apr-8086-exec-6] org.apache.catalina.core.ApplicationContext.log Manager: install: Installing context configuration at 'file:/C:/Users/BVHIEN/AppData/Local/Temp/context873573501202329290.xml'
27-Jan-2017 17:11:12.343 INFO [http-apr-8086-exec-4] org.apache.catalina.core.ApplicationContext.log Manager: start: Starting web application '/AnhKyYeu'
27-Jan-2017 17:24:07.454 INFO [http-apr-8086-exec-18] org.apache.catalina.core.ApplicationContext.log Manager: list: Listing contexts for virtual host 'localhost'
27-Jan-2017 17:25:16.260 INFO [http-apr-8086-exec-18] org.apache.catalina.core.ApplicationContext.log Manager: list: Listing contexts for virtual host 'localhost'
27-Jan-2017 17:25:36.196 INFO [http-apr-8086-exec-18] org.apache.catalina.core.ApplicationContext.log Manager: list: Listing contexts for virtual host 'localhost'
27-Jan-2017 17:26:00.606 INFO [http-apr-8086-exec-18] org.apache.catalina.core.ApplicationContext.log Manager: list: Listing contexts for virtual host 'localhost'
27-Jan-2017 17:29:12.234 INFO [http-apr-8086-exec-14] org.apache.catalina.core.ApplicationContext.log Manager: list: Listing contexts for virtual host 'localhost'
27-Jan-2017 17:29:23.327 INFO [http-apr-8086-exec-14] org.apache.catalina.core.ApplicationContext.log Manager: list: Listing contexts for virtual host 'localhost'
27-Jan-2017 17:30:27.480 INFO [http-apr-8086-exec-20] org.apache.catalina.core.ApplicationContext.log Manager: list: Listing contexts for virtual host 'localhost'
27-Jan-2017 17:33:52.631 INFO [http-apr-8086-exec-18] org.apache.catalina.core.ApplicationContext.log Manager: list: Listing contexts for virtual host 'localhost'
27-Jan-2017 17:33:52.643 INFO [http-apr-8086-exec-17] org.apache.catalina.core.ApplicationContext.log Manager: restart: Reloading web application '/AnhKyYeu'
27-Jan-2017 17:34:21.798 INFO [http-apr-8086-exec-13] org.apache.catalina.core.ApplicationContext.log Manager: list: Listing contexts for virtual host 'localhost'
27-Jan-2017 17:34:21.830 INFO [http-apr-8086-exec-21] org.apache.catalina.core.ApplicationContext.log Manager: restart: Reloading web application '/AnhKyYeu'
27-Jan-2017 17:34:47.008 INFO [http-apr-8086-exec-13] org.apache.catalina.core.ApplicationContext.log Manager: list: Listing contexts for virtual host 'localhost'
27-Jan-2017 17:34:47.021 INFO [http-apr-8086-exec-22] org.apache.catalina.core.ApplicationContext.log Manager: restart: Reloading web application '/AnhKyYeu'
27-Jan-2017 17:34:54.190 INFO [http-apr-8086-exec-24] org.apache.catalina.core.ApplicationContext.log Manager: list: Listing contexts for virtual host 'localhost'
27-Jan-2017 17:34:54.208 INFO [http-apr-8086-exec-14] org.apache.catalina.core.ApplicationContext.log Manager: restart: Reloading web application '/AnhKyYeu'
27-Jan-2017 17:35:15.652 INFO [http-apr-8086-exec-13] org.apache.catalina.core.ApplicationContext.log Manager: list: Listing contexts for virtual host 'localhost'
27-Jan-2017 17:35:15.661 INFO [http-apr-8086-exec-28] org.apache.catalina.core.ApplicationContext.log Manager: restart: Reloading web application '/AnhKyYeu'
27-Jan-2017 17:35:19.084 INFO [http-apr-8086-exec-25] org.apache.catalina.core.ApplicationContext.log Manager: list: Listing contexts for virtual host 'localhost'
27-Jan-2017 17:35:19.090 INFO [http-apr-8086-exec-15] org.apache.catalina.core.ApplicationContext.log Manager: restart: Reloading web application '/AnhKyYeu'
27-Jan-2017 17:36:28.305 INFO [http-apr-8086-exec-31] org.apache.catalina.core.ApplicationContext.log Manager: list: Listing contexts for virtual host 'localhost'
27-Jan-2017 17:36:28.326 INFO [http-apr-8086-exec-25] org.apache.catalina.core.ApplicationContext.log Manager: restart: Reloading web application '/AnhKyYeu'
27-Jan-2017 17:36:31.616 INFO [http-apr-8086-exec-26] org.apache.catalina.core.ApplicationContext.log Manager: list: Listing contexts for virtual host 'localhost'
27-Jan-2017 17:36:31.624 INFO [http-apr-8086-exec-34] org.apache.catalina.core.ApplicationContext.log Manager: restart: Reloading web application '/AnhKyYeu'
27-Jan-2017 17:41:59.801 INFO [http-apr-8086-exec-35] org.apache.catalina.core.ApplicationContext.log Manager: list: Listing contexts for virtual host 'localhost'
27-Jan-2017 17:41:59.809 INFO [http-apr-8086-exec-24] org.apache.catalina.core.ApplicationContext.log Manager: restart: Reloading web application '/AnhKyYeu'
27-Jan-2017 17:42:03.764 INFO [http-apr-8086-exec-37] org.apache.catalina.core.ApplicationContext.log Manager: list: Listing contexts for virtual host 'localhost'
27-Jan-2017 17:42:29.025 INFO [http-apr-8086-exec-37] org.apache.catalina.core.ApplicationContext.log Manager: list: Listing contexts for virtual host 'localhost'
27-Jan-2017 17:42:48.849 INFO [http-apr-8086-exec-37] org.apache.catalina.core.ApplicationContext.log Manager: list: Listing contexts for virtual host 'localhost'
27-Jan-2017 17:43:09.353 INFO [http-apr-8086-exec-37] org.apache.catalina.core.ApplicationContext.log Manager: list: Listing contexts for virtual host 'localhost'
27-Jan-2017 17:43:46.660 INFO [http-apr-8086-exec-45] org.apache.catalina.core.ApplicationContext.log Manager: list: Listing contexts for virtual host 'localhost'
27-Jan-2017 17:46:06.888 INFO [http-apr-8086-exec-47] org.apache.catalina.core.ApplicationContext.log Manager: list: Listing contexts for virtual host 'localhost'
27-Jan-2017 17:51:17.956 INFO [http-apr-8086-exec-50] org.apache.catalina.core.ApplicationContext.log Manager: list: Listing contexts for virtual host 'localhost'
27-Jan-2017 17:51:23.605 INFO [http-apr-8086-exec-50] org.apache.catalina.core.ApplicationContext.log Manager: list: Listing contexts for virtual host 'localhost'
27-Jan-2017 17:51:48.158 INFO [http-apr-8086-exec-50] org.apache.catalina.core.ApplicationContext.log Manager: list: Listing contexts for virtual host 'localhost'
27-Jan-2017 17:52:06.785 INFO [http-apr-8086-exec-50] org.apache.catalina.core.ApplicationContext.log Manager: list: Listing contexts for virtual host 'localhost'
27-Jan-2017 17:53:33.546 INFO [http-apr-8086-exec-53] org.apache.catalina.core.ApplicationContext.log Manager: list: Listing contexts for virtual host 'localhost'
27-Jan-2017 17:54:01.129 INFO [http-apr-8086-exec-46] org.apache.catalina.core.ApplicationContext.log Manager: list: Listing contexts for virtual host 'localhost'
27-Jan-2017 17:54:19.140 INFO [http-apr-8086-exec-46] org.apache.catalina.core.ApplicationContext.log Manager: list: Listing contexts for virtual host 'localhost'
27-Jan-2017 17:54:19.162 INFO [http-apr-8086-exec-48] org.apache.catalina.core.ApplicationContext.log Manager: restart: Reloading web application '/AnhKyYeu'
27-Jan-2017 17:56:38.978 INFO [http-apr-8086-exec-46] org.apache.catalina.core.ApplicationContext.log Manager: list: Listing contexts for virtual host 'localhost'
27-Jan-2017 17:56:38.988 INFO [http-apr-8086-exec-50] org.apache.catalina.core.ApplicationContext.log Manager: restart: Reloading web application '/AnhKyYeu'
27-Jan-2017 17:56:41.688 INFO [http-apr-8086-exec-59] org.apache.catalina.core.ApplicationContext.log Manager: list: Listing contexts for virtual host 'localhost'
27-Jan-2017 17:56:41.697 INFO [http-apr-8086-exec-58] org.apache.catalina.core.ApplicationContext.log Manager: restart: Reloading web application '/AnhKyYeu'
27-Jan-2017 18:01:11.386 INFO [http-apr-8086-exec-72] org.apache.catalina.core.ApplicationContext.log Manager: list: Listing contexts for virtual host 'localhost'
27-Jan-2017 18:01:13.511 INFO [http-apr-8086-exec-67] org.apache.catalina.core.ApplicationContext.log Manager: list: Listing contexts for virtual host 'localhost'
27-Jan-2017 18:01:58.965 INFO [http-apr-8086-exec-67] org.apache.catalina.core.ApplicationContext.log Manager: list: Listing contexts for virtual host 'localhost'
27-Jan-2017 18:03:55.457 INFO [http-apr-8086-exec-70] org.apache.catalina.core.ApplicationContext.log Manager: list: Listing contexts for virtual host 'localhost'
27-Jan-2017 19:30:48.784 INFO [http-apr-8086-exec-74] org.apache.catalina.core.ApplicationContext.log Manager: list: Listing contexts for virtual host 'localhost'
27-Jan-2017 19:31:04.969 INFO [http-apr-8086-exec-74] org.apache.catalina.core.ApplicationContext.log Manager: list: Listing contexts for virtual host 'localhost'
27-Jan-2017 19:31:23.223 INFO [http-apr-8086-exec-74] org.apache.catalina.core.ApplicationContext.log Manager: list: Listing contexts for virtual host 'localhost'
27-Jan-2017 19:37:05.867 INFO [http-apr-8086-exec-74] org.apache.catalina.core.ApplicationContext.log Manager: list: Listing contexts for virtual host 'localhost'
27-Jan-2017 19:39:40.842 INFO [http-apr-8086-exec-74] org.apache.catalina.core.ApplicationContext.log Manager: list: Listing contexts for virtual host 'localhost'
27-Jan-2017 19:39:49.226 INFO [http-apr-8086-exec-74] org.apache.catalina.core.ApplicationContext.log Manager: list: Listing contexts for virtual host 'localhost'
27-Jan-2017 19:44:01.265 INFO [http-apr-8086-exec-74] org.apache.catalina.core.ApplicationContext.log Manager: list: Listing contexts for virtual host 'localhost'
27-Jan-2017 19:45:11.381 INFO [http-apr-8086-exec-74] org.apache.catalina.core.ApplicationContext.log Manager: list: Listing contexts for virtual host 'localhost'
27-Jan-2017 19:45:43.534 INFO [http-apr-8086-exec-74] org.apache.catalina.core.ApplicationContext.log Manager: list: Listing contexts for virtual host 'localhost'
27-Jan-2017 19:46:07.697 INFO [http-apr-8086-exec-74] org.apache.catalina.core.ApplicationContext.log Manager: list: Listing contexts for virtual host 'localhost'
27-Jan-2017 19:46:11.292 INFO [http-apr-8086-exec-73] org.apache.catalina.core.ApplicationContext.log Manager: list: Listing contexts for virtual host 'localhost'
27-Jan-2017 19:48:35.886 INFO [http-apr-8086-exec-68] org.apache.catalina.core.ApplicationContext.log Manager: list: Listing contexts for virtual host 'localhost'
27-Jan-2017 19:49:46.971 INFO [http-apr-8086-exec-68] org.apache.catalina.core.ApplicationContext.log Manager: list: Listing contexts for virtual host 'localhost'
27-Jan-2017 19:49:46.985 INFO [http-apr-8086-exec-65] org.apache.catalina.core.ApplicationContext.log Manager: restart: Reloading web application '/AnhKyYeu'
27-Jan-2017 19:50:11.621 INFO [http-apr-8086-exec-71] org.apache.catalina.core.ApplicationContext.log Manager: list: Listing contexts for virtual host 'localhost'
27-Jan-2017 19:50:11.638 INFO [http-apr-8086-exec-75] org.apache.catalina.core.ApplicationContext.log Manager: restart: Reloading web application '/AnhKyYeu'
