22-Mar-2017 00:00:00.100 INFO [http-apr-8086-exec-156] org.apache.catalina.core.ApplicationContext.log Manager: list: Listing contexts for virtual host 'localhost'
22-Mar-2017 00:00:00.530 INFO [http-apr-8086-exec-171] org.apache.catalina.core.ApplicationContext.log Manager: restart: Reloading web application '/AnhKyYeu'
22-Mar-2017 00:00:03.299 INFO [http-apr-8086-exec-154] org.apache.catalina.core.ApplicationContext.log Manager: list: Listing contexts for virtual host 'localhost'
22-Mar-2017 00:00:03.309 INFO [http-apr-8086-exec-173] org.apache.catalina.core.ApplicationContext.log Manager: stop: Stopping web application '/AnhKyYeu'
22-Mar-2017 00:00:03.315 INFO [http-apr-8086-exec-164] org.apache.catalina.core.ApplicationContext.log Manager: start: Starting web application '/AnhKyYeu'
22-Mar-2017 00:00:05.920 INFO [http-apr-8086-exec-151] org.apache.catalina.core.ApplicationContext.log Manager: list: Listing contexts for virtual host 'localhost'
22-Mar-2017 00:00:05.929 INFO [http-apr-8086-exec-156] org.apache.catalina.core.ApplicationContext.log Manager: restart: Reloading web application '/AnhKyYeu'
22-Mar-2017 00:00:12.753 INFO [http-apr-8086-exec-174] org.apache.catalina.core.ApplicationContext.log Manager: list: Listing contexts for virtual host 'localhost'
22-Mar-2017 00:00:12.759 INFO [http-apr-8086-exec-146] org.apache.catalina.core.ApplicationContext.log Manager: restart: Reloading web application '/AnhKyYeu'
22-Mar-2017 00:00:15.659 INFO [http-apr-8086-exec-158] org.apache.catalina.core.ApplicationContext.log Manager: list: Listing contexts for virtual host 'localhost'
22-Mar-2017 00:00:15.667 INFO [http-apr-8086-exec-177] org.apache.catalina.core.ApplicationContext.log Manager: restart: Reloading web application '/AnhKyYeu'
22-Mar-2017 00:00:18.415 INFO [http-apr-8086-exec-154] org.apache.catalina.core.ApplicationContext.log Manager: list: Listing contexts for virtual host 'localhost'
22-Mar-2017 00:00:18.422 INFO [http-apr-8086-exec-173] org.apache.catalina.core.ApplicationContext.log Manager: restart: Reloading web application '/AnhKyYeu'
22-Mar-2017 00:00:48.919 INFO [http-apr-8086-exec-167] org.apache.catalina.core.ApplicationContext.log Manager: list: Listing contexts for virtual host 'localhost'
22-Mar-2017 00:00:48.922 INFO [http-apr-8086-exec-157] org.apache.catalina.core.ApplicationContext.log Manager: list: Listing contexts for virtual host 'localhost'
22-Mar-2017 00:00:49.003 INFO [http-apr-8086-exec-147] org.apache.catalina.core.ApplicationContext.log Manager: undeploy: Undeploying web application at '/AnhKyYeu'
22-Mar-2017 00:00:49.622 INFO [http-apr-8086-exec-160] org.apache.catalina.core.ApplicationContext.log Manager: install: Installing context configuration at 'file:/C:/Users/BVHIEN/AppData/Local/Temp/context5409287889819515485.xml'
22-Mar-2017 00:00:52.558 INFO [http-apr-8086-exec-181] org.apache.catalina.core.ApplicationContext.log Manager: start: Starting web application '/AnhKyYeu'
22-Mar-2017 00:02:11.909 INFO [http-apr-8086-exec-190] org.apache.catalina.core.ApplicationContext.log Manager: list: Listing contexts for virtual host 'localhost'
22-Mar-2017 23:02:09.457 INFO [http-apr-8086-exec-13] org.apache.catalina.core.ApplicationContext.log Manager: init: Associated with Deployer 'Catalina:type=Deployer,host=localhost'
22-Mar-2017 23:02:09.457 INFO [http-apr-8086-exec-13] org.apache.catalina.core.ApplicationContext.log Manager: init: Global resources are available
22-Mar-2017 23:02:09.457 INFO [http-apr-8086-exec-13] org.apache.catalina.core.ApplicationContext.log Manager: list: Listing contexts for virtual host 'localhost'
22-Mar-2017 23:02:09.473 INFO [http-apr-8086-exec-14] org.apache.catalina.core.ApplicationContext.log Manager: list: Listing contexts for virtual host 'localhost'
22-Mar-2017 23:02:09.511 INFO [http-apr-8086-exec-15] org.apache.catalina.core.ApplicationContext.log Manager: undeploy: Undeploying web application at '/AnhKyYeu'
22-Mar-2017 23:02:10.173 INFO [http-apr-8086-exec-17] org.apache.catalina.core.ApplicationContext.log Manager: install: Installing context configuration at 'file:/C:/Users/BVHIEN/AppData/Local/Temp/context8443034591254991995.xml'
22-Mar-2017 23:02:13.147 INFO [http-apr-8086-exec-18] org.apache.catalina.core.ApplicationContext.log Manager: start: Starting web application '/AnhKyYeu'
22-Mar-2017 23:03:52.241 INFO [http-apr-8086-exec-30] org.apache.catalina.core.ApplicationContext.log Manager: list: Listing contexts for virtual host 'localhost'
22-Mar-2017 23:04:02.555 INFO [http-apr-8086-exec-26] org.apache.catalina.core.ApplicationContext.log Manager: list: Listing contexts for virtual host 'localhost'
22-Mar-2017 23:04:04.935 INFO [http-apr-8086-exec-3] org.apache.catalina.core.ApplicationContext.log Manager: list: Listing contexts for virtual host 'localhost'
22-Mar-2017 23:04:37.401 INFO [http-apr-8086-exec-31] org.apache.catalina.core.ApplicationContext.log Manager: list: Listing contexts for virtual host 'localhost'
22-Mar-2017 23:10:46.467 INFO [http-apr-8086-exec-17] org.apache.catalina.core.ApplicationContext.log Manager: list: Listing contexts for virtual host 'localhost'
22-Mar-2017 23:11:31.459 INFO [http-apr-8086-exec-34] org.apache.catalina.core.ApplicationContext.log Manager: list: Listing contexts for virtual host 'localhost'
22-Mar-2017 23:11:41.454 INFO [http-apr-8086-exec-19] org.apache.catalina.core.ApplicationContext.log Manager: list: Listing contexts for virtual host 'localhost'
22-Mar-2017 23:11:41.454 INFO [http-apr-8086-exec-32] org.apache.catalina.core.ApplicationContext.log Manager: list: Listing contexts for virtual host 'localhost'
22-Mar-2017 23:11:41.470 INFO [http-apr-8086-exec-20] org.apache.catalina.core.ApplicationContext.log Manager: undeploy: Undeploying web application at '/AnhKyYeu'
22-Mar-2017 23:11:42.317 INFO [http-apr-8086-exec-25] org.apache.catalina.core.ApplicationContext.log Manager: install: Installing context configuration at 'file:/C:/Users/BVHIEN/AppData/Local/Temp/context7642215174687610316.xml'
22-Mar-2017 23:11:45.002 INFO [http-apr-8086-exec-26] org.apache.catalina.core.ApplicationContext.log Manager: start: Starting web application '/AnhKyYeu'
22-Mar-2017 23:13:58.971 INFO [http-apr-8086-exec-41] org.apache.catalina.core.ApplicationContext.log Manager: list: Listing contexts for virtual host 'localhost'
22-Mar-2017 23:13:58.986 INFO [http-apr-8086-exec-42] org.apache.catalina.core.ApplicationContext.log Manager: restart: Reloading web application '/AnhKyYeu'
22-Mar-2017 23:15:18.398 INFO [http-apr-8086-exec-51] org.apache.catalina.core.ApplicationContext.log Manager: list: Listing contexts for virtual host 'localhost'
22-Mar-2017 23:16:18.061 INFO [http-apr-8086-exec-51] org.apache.catalina.core.ApplicationContext.log Manager: list: Listing contexts for virtual host 'localhost'
22-Mar-2017 23:34:06.803 INFO [http-apr-8086-exec-55] org.apache.catalina.core.ApplicationContext.log Manager: list: Listing contexts for virtual host 'localhost'
22-Mar-2017 23:35:48.106 INFO [http-apr-8086-exec-63] org.apache.catalina.core.ApplicationContext.log Manager: list: Listing contexts for virtual host 'localhost'
22-Mar-2017 23:38:44.319 INFO [http-apr-8086-exec-64] org.apache.catalina.core.ApplicationContext.log Manager: list: Listing contexts for virtual host 'localhost'
22-Mar-2017 23:39:33.573 INFO [http-apr-8086-exec-67] org.apache.catalina.core.ApplicationContext.log Manager: list: Listing contexts for virtual host 'localhost'
22-Mar-2017 23:41:00.408 INFO [http-apr-8086-exec-68] org.apache.catalina.core.ApplicationContext.log Manager: list: Listing contexts for virtual host 'localhost'
22-Mar-2017 23:41:31.834 INFO [http-apr-8086-exec-70] org.apache.catalina.core.ApplicationContext.log Manager: list: Listing contexts for virtual host 'localhost'
22-Mar-2017 23:43:19.839 INFO [http-apr-8086-exec-72] org.apache.catalina.core.ApplicationContext.log Manager: list: Listing contexts for virtual host 'localhost'
22-Mar-2017 23:43:49.025 INFO [http-apr-8086-exec-77] org.apache.catalina.core.ApplicationContext.log Manager: list: Listing contexts for virtual host 'localhost'
22-Mar-2017 23:45:34.946 INFO [http-apr-8086-exec-55] org.apache.catalina.core.ApplicationContext.log Manager: list: Listing contexts for virtual host 'localhost'
22-Mar-2017 23:46:49.146 INFO [http-apr-8086-exec-68] org.apache.catalina.core.ApplicationContext.log Manager: list: Listing contexts for virtual host 'localhost'
22-Mar-2017 23:47:51.442 INFO [http-apr-8086-exec-61] org.apache.catalina.core.ApplicationContext.log Manager: list: Listing contexts for virtual host 'localhost'
