17-Jan-2017 17:44:18.716 INFO [http-apr-8086-exec-3] org.apache.catalina.core.ApplicationContext.log Manager: init: Associated with Deployer 'Catalina:type=Deployer,host=localhost'
17-Jan-2017 17:44:18.717 INFO [http-apr-8086-exec-3] org.apache.catalina.core.ApplicationContext.log Manager: init: Global resources are available
17-Jan-2017 17:44:18.719 INFO [http-apr-8086-exec-3] org.apache.catalina.core.ApplicationContext.log Manager: list: Listing contexts for virtual host 'localhost'
17-Jan-2017 17:44:18.735 INFO [http-apr-8086-exec-4] org.apache.catalina.core.ApplicationContext.log Manager: list: Listing contexts for virtual host 'localhost'
17-Jan-2017 17:44:18.872 INFO [http-apr-8086-exec-6] org.apache.catalina.core.ApplicationContext.log Manager: restart: Reloading web application '/AnhKyYeu'
17-Jan-2017 17:45:32.273 INFO [http-apr-8086-exec-9] org.apache.catalina.core.ApplicationContext.log Manager: list: Listing contexts for virtual host 'localhost'
17-Jan-2017 17:45:32.285 INFO [http-apr-8086-exec-16] org.apache.catalina.core.ApplicationContext.log Manager: restart: Reloading web application '/AnhKyYeu'
17-Jan-2017 17:45:38.851 INFO [http-apr-8086-exec-12] org.apache.catalina.core.ApplicationContext.log Manager: list: Listing contexts for virtual host 'localhost'
17-Jan-2017 17:45:38.860 INFO [http-apr-8086-exec-5] org.apache.catalina.core.ApplicationContext.log Manager: restart: Reloading web application '/AnhKyYeu'
17-Jan-2017 17:45:49.853 INFO [http-apr-8086-exec-21] org.apache.catalina.core.ApplicationContext.log Manager: list: Listing contexts for virtual host 'localhost'
17-Jan-2017 17:45:49.864 INFO [http-apr-8086-exec-17] org.apache.catalina.core.ApplicationContext.log Manager: restart: Reloading web application '/AnhKyYeu'
17-Jan-2017 17:45:54.304 INFO [http-apr-8086-exec-13] org.apache.catalina.core.ApplicationContext.log Manager: list: Listing contexts for virtual host 'localhost'
17-Jan-2017 17:45:54.312 INFO [http-apr-8086-exec-9] org.apache.catalina.core.ApplicationContext.log Manager: restart: Reloading web application '/AnhKyYeu'
17-Jan-2017 17:46:36.462 INFO [http-apr-8086-exec-25] org.apache.catalina.core.ApplicationContext.log Manager: list: Listing contexts for virtual host 'localhost'
17-Jan-2017 17:46:36.477 INFO [http-apr-8086-exec-26] org.apache.catalina.core.ApplicationContext.log Manager: restart: Reloading web application '/AnhKyYeu'
17-Jan-2017 17:48:28.583 INFO [http-apr-8086-exec-12] org.apache.catalina.core.ApplicationContext.log Manager: list: Listing contexts for virtual host 'localhost'
17-Jan-2017 17:48:28.594 INFO [http-apr-8086-exec-32] org.apache.catalina.core.ApplicationContext.log Manager: restart: Reloading web application '/AnhKyYeu'
17-Jan-2017 17:49:24.755 INFO [http-apr-8086-exec-12] org.apache.catalina.core.ApplicationContext.log Manager: list: Listing contexts for virtual host 'localhost'
17-Jan-2017 17:49:24.773 INFO [http-apr-8086-exec-13] org.apache.catalina.core.ApplicationContext.log Manager: restart: Reloading web application '/AnhKyYeu'
17-Jan-2017 17:50:49.730 INFO [http-apr-8086-exec-38] org.apache.catalina.core.ApplicationContext.log Manager: list: Listing contexts for virtual host 'localhost'
17-Jan-2017 17:53:42.924 INFO [http-apr-8086-exec-36] org.apache.catalina.core.ApplicationContext.log Manager: list: Listing contexts for virtual host 'localhost'
17-Jan-2017 17:54:40.551 INFO [http-apr-8086-exec-43] org.apache.catalina.core.ApplicationContext.log Manager: list: Listing contexts for virtual host 'localhost'
17-Jan-2017 17:55:06.581 INFO [http-apr-8086-exec-45] org.apache.catalina.core.ApplicationContext.log Manager: list: Listing contexts for virtual host 'localhost'
17-Jan-2017 17:55:06.584 INFO [http-apr-8086-exec-40] org.apache.catalina.core.ApplicationContext.log Manager: list: Listing contexts for virtual host 'localhost'
17-Jan-2017 17:55:06.664 INFO [http-apr-8086-exec-46] org.apache.catalina.core.ApplicationContext.log Manager: restart: Reloading web application '/AnhKyYeu'
17-Jan-2017 17:55:33.265 INFO [http-apr-8086-exec-48] org.apache.catalina.core.ApplicationContext.log Manager: list: Listing contexts for virtual host 'localhost'
17-Jan-2017 17:58:23.731 INFO [http-apr-8086-exec-53] org.apache.catalina.core.ApplicationContext.log Manager: list: Listing contexts for virtual host 'localhost'
17-Jan-2017 21:51:54.245 INFO [http-apr-8086-exec-3] org.apache.catalina.core.ApplicationContext.log Manager: init: Associated with Deployer 'Catalina:type=Deployer,host=localhost'
17-Jan-2017 21:51:54.245 INFO [http-apr-8086-exec-3] org.apache.catalina.core.ApplicationContext.log Manager: init: Global resources are available
17-Jan-2017 21:51:54.245 INFO [http-apr-8086-exec-3] org.apache.catalina.core.ApplicationContext.log Manager: list: Listing contexts for virtual host 'localhost'
17-Jan-2017 21:51:54.261 INFO [http-apr-8086-exec-4] org.apache.catalina.core.ApplicationContext.log Manager: list: Listing contexts for virtual host 'localhost'
17-Jan-2017 21:51:54.461 INFO [http-apr-8086-exec-6] org.apache.catalina.core.ApplicationContext.log Manager: restart: Reloading web application '/AnhKyYeu'
17-Jan-2017 21:53:33.641 INFO [http-apr-8086-exec-7] org.apache.catalina.core.ApplicationContext.log Manager: list: Listing contexts for virtual host 'localhost'
17-Jan-2017 21:53:33.649 INFO [http-apr-8086-exec-14] org.apache.catalina.core.ApplicationContext.log Manager: restart: Reloading web application '/AnhKyYeu'
17-Jan-2017 21:54:23.875 INFO [http-apr-8086-exec-16] org.apache.catalina.core.ApplicationContext.log Manager: list: Listing contexts for virtual host 'localhost'
17-Jan-2017 21:54:23.883 INFO [http-apr-8086-exec-15] org.apache.catalina.core.ApplicationContext.log Manager: restart: Reloading web application '/AnhKyYeu'
17-Jan-2017 21:56:08.509 INFO [http-apr-8086-exec-22] org.apache.catalina.core.ApplicationContext.log Manager: list: Listing contexts for virtual host 'localhost'
17-Jan-2017 21:56:08.525 INFO [http-apr-8086-exec-18] org.apache.catalina.core.ApplicationContext.log Manager: list: Listing contexts for virtual host 'localhost'
17-Jan-2017 21:56:08.594 INFO [http-apr-8086-exec-23] org.apache.catalina.core.ApplicationContext.log Manager: restart: Reloading web application '/AnhKyYeu'
17-Jan-2017 21:57:15.550 INFO [http-apr-8086-exec-1] org.apache.catalina.core.ApplicationContext.log Manager: init: Associated with Deployer 'Catalina:type=Deployer,host=localhost'
17-Jan-2017 21:57:15.550 INFO [http-apr-8086-exec-1] org.apache.catalina.core.ApplicationContext.log Manager: init: Global resources are available
17-Jan-2017 21:57:15.566 INFO [http-apr-8086-exec-1] org.apache.catalina.core.ApplicationContext.log Manager: list: Listing contexts for virtual host 'localhost'
17-Jan-2017 21:57:15.566 INFO [http-apr-8086-exec-3] org.apache.catalina.core.ApplicationContext.log Manager: list: Listing contexts for virtual host 'localhost'
17-Jan-2017 21:58:51.257 INFO [http-apr-8086-exec-6] org.apache.catalina.core.ApplicationContext.log Manager: list: Listing contexts for virtual host 'localhost'
17-Jan-2017 21:58:51.272 INFO [http-apr-8086-exec-5] org.apache.catalina.core.ApplicationContext.log Manager: restart: Reloading web application '/AnhKyYeu'
17-Jan-2017 22:01:15.018 INFO [http-apr-8086-exec-9] org.apache.catalina.core.ApplicationContext.log Manager: list: Listing contexts for virtual host 'localhost'
17-Jan-2017 22:01:15.018 INFO [http-apr-8086-exec-14] org.apache.catalina.core.ApplicationContext.log Manager: restart: Reloading web application '/AnhKyYeu'
17-Jan-2017 22:02:16.552 INFO [http-apr-8086-exec-11] org.apache.catalina.core.ApplicationContext.log Manager: list: Listing contexts for virtual host 'localhost'
17-Jan-2017 22:02:16.567 INFO [http-apr-8086-exec-20] org.apache.catalina.core.ApplicationContext.log Manager: restart: Reloading web application '/AnhKyYeu'
17-Jan-2017 22:02:53.124 INFO [http-apr-8086-exec-5] org.apache.catalina.core.ApplicationContext.log Manager: init: Associated with Deployer 'Catalina:type=Deployer,host=localhost'
17-Jan-2017 22:02:53.124 INFO [http-apr-8086-exec-5] org.apache.catalina.core.ApplicationContext.log Manager: init: Global resources are available
17-Jan-2017 22:02:53.125 INFO [http-apr-8086-exec-5] org.apache.catalina.core.ApplicationContext.log Manager: list: Listing contexts for virtual host 'localhost'
17-Jan-2017 22:02:53.125 INFO [http-apr-8086-exec-6] org.apache.catalina.core.ApplicationContext.log Manager: list: Listing contexts for virtual host 'localhost'
17-Jan-2017 22:02:53.141 INFO [http-apr-8086-exec-7] org.apache.catalina.core.ApplicationContext.log Manager: undeploy: Undeploying web application at '/AnhKyYeu'
17-Jan-2017 22:02:53.803 INFO [http-apr-8086-exec-4] org.apache.catalina.core.ApplicationContext.log Manager: install: Installing context configuration at 'file:/C:/Users/BVHIEN/AppData/Local/Temp/context3096431649700212330.xml'
17-Jan-2017 22:02:56.760 INFO [http-apr-8086-exec-2] org.apache.catalina.core.ApplicationContext.log Manager: start: Starting web application '/AnhKyYeu'
17-Jan-2017 22:03:28.456 INFO [http-apr-8086-exec-6] org.apache.catalina.core.ApplicationContext.log Manager: list: Listing contexts for virtual host 'localhost'
17-Jan-2017 22:04:20.719 INFO [http-apr-8086-exec-11] org.apache.catalina.core.ApplicationContext.log Manager: list: Listing contexts for virtual host 'localhost'
17-Jan-2017 22:04:20.719 INFO [http-apr-8086-exec-15] org.apache.catalina.core.ApplicationContext.log Manager: restart: Reloading web application '/AnhKyYeu'
17-Jan-2017 22:18:27.076 INFO [http-apr-8086-exec-26] org.apache.catalina.core.ApplicationContext.log Manager: list: Listing contexts for virtual host 'localhost'
17-Jan-2017 22:18:27.108 INFO [http-apr-8086-exec-27] org.apache.catalina.core.ApplicationContext.log Manager: restart: Reloading web application '/AnhKyYeu'
17-Jan-2017 22:18:36.036 INFO [http-apr-8086-exec-29] org.apache.catalina.core.ApplicationContext.log Manager: list: Listing contexts for virtual host 'localhost'
17-Jan-2017 22:18:36.054 INFO [http-apr-8086-exec-21] org.apache.catalina.core.ApplicationContext.log Manager: restart: Reloading web application '/AnhKyYeu'
17-Jan-2017 22:22:40.914 INFO [http-apr-8086-exec-26] org.apache.catalina.core.ApplicationContext.log Manager: list: Listing contexts for virtual host 'localhost'
17-Jan-2017 22:22:40.914 INFO [http-apr-8086-exec-23] org.apache.catalina.core.ApplicationContext.log Manager: restart: Reloading web application '/AnhKyYeu'
17-Jan-2017 22:22:47.020 INFO [http-apr-8086-exec-31] org.apache.catalina.core.ApplicationContext.log Manager: list: Listing contexts for virtual host 'localhost'
17-Jan-2017 22:22:47.052 INFO [http-apr-8086-exec-39] org.apache.catalina.core.ApplicationContext.log Manager: restart: Reloading web application '/AnhKyYeu'
17-Jan-2017 22:23:43.358 INFO [http-apr-8086-exec-35] org.apache.catalina.core.ApplicationContext.log Manager: list: Listing contexts for virtual host 'localhost'
17-Jan-2017 22:23:43.374 INFO [http-apr-8086-exec-41] org.apache.catalina.core.ApplicationContext.log Manager: restart: Reloading web application '/AnhKyYeu'
17-Jan-2017 22:24:43.969 INFO [http-apr-8086-exec-40] org.apache.catalina.core.ApplicationContext.log Manager: list: Listing contexts for virtual host 'localhost'
17-Jan-2017 22:24:43.975 INFO [http-apr-8086-exec-37] org.apache.catalina.core.ApplicationContext.log Manager: restart: Reloading web application '/AnhKyYeu'
17-Jan-2017 22:24:46.882 INFO [http-apr-8086-exec-33] org.apache.catalina.core.ApplicationContext.log Manager: list: Listing contexts for virtual host 'localhost'
17-Jan-2017 22:24:46.882 INFO [http-apr-8086-exec-44] org.apache.catalina.core.ApplicationContext.log Manager: restart: Reloading web application '/AnhKyYeu'
17-Jan-2017 22:25:28.888 INFO [http-apr-8086-exec-33] org.apache.catalina.core.ApplicationContext.log Manager: list: Listing contexts for virtual host 'localhost'
17-Jan-2017 22:25:28.910 INFO [http-apr-8086-exec-46] org.apache.catalina.core.ApplicationContext.log Manager: restart: Reloading web application '/AnhKyYeu'
17-Jan-2017 22:26:02.777 INFO [http-apr-8086-exec-47] org.apache.catalina.core.ApplicationContext.log Manager: list: Listing contexts for virtual host 'localhost'
17-Jan-2017 22:26:02.808 INFO [http-apr-8086-exec-49] org.apache.catalina.core.ApplicationContext.log Manager: restart: Reloading web application '/AnhKyYeu'
17-Jan-2017 22:26:13.522 INFO [http-apr-8086-exec-33] org.apache.catalina.core.ApplicationContext.log Manager: list: Listing contexts for virtual host 'localhost'
17-Jan-2017 22:26:13.538 INFO [http-apr-8086-exec-51] org.apache.catalina.core.ApplicationContext.log Manager: restart: Reloading web application '/AnhKyYeu'
17-Jan-2017 22:27:37.597 INFO [http-apr-8086-exec-53] org.apache.catalina.core.ApplicationContext.log Manager: list: Listing contexts for virtual host 'localhost'
17-Jan-2017 22:28:05.387 INFO [http-apr-8086-exec-53] org.apache.catalina.core.ApplicationContext.log Manager: list: Listing contexts for virtual host 'localhost'
17-Jan-2017 22:28:24.588 INFO [http-apr-8086-exec-53] org.apache.catalina.core.ApplicationContext.log Manager: list: Listing contexts for virtual host 'localhost'
17-Jan-2017 22:29:49.152 INFO [http-apr-8086-exec-33] org.apache.catalina.core.ApplicationContext.log Manager: list: Listing contexts for virtual host 'localhost'
17-Jan-2017 22:29:56.374 INFO [http-apr-8086-exec-33] org.apache.catalina.core.ApplicationContext.log Manager: list: Listing contexts for virtual host 'localhost'
17-Jan-2017 22:30:31.393 INFO [http-apr-8086-exec-61] org.apache.catalina.core.ApplicationContext.log Manager: list: Listing contexts for virtual host 'localhost'
17-Jan-2017 22:32:30.254 INFO [http-apr-8086-exec-61] org.apache.catalina.core.ApplicationContext.log Manager: list: Listing contexts for virtual host 'localhost'
17-Jan-2017 22:32:42.079 INFO [http-apr-8086-exec-61] org.apache.catalina.core.ApplicationContext.log Manager: list: Listing contexts for virtual host 'localhost'
17-Jan-2017 22:32:47.100 INFO [http-apr-8086-exec-61] org.apache.catalina.core.ApplicationContext.log Manager: list: Listing contexts for virtual host 'localhost'
17-Jan-2017 22:33:03.292 INFO [http-apr-8086-exec-61] org.apache.catalina.core.ApplicationContext.log Manager: list: Listing contexts for virtual host 'localhost'
17-Jan-2017 22:33:03.323 INFO [http-apr-8086-exec-59] org.apache.catalina.core.ApplicationContext.log Manager: restart: Reloading web application '/AnhKyYeu'
17-Jan-2017 22:33:31.375 INFO [http-apr-8086-exec-63] org.apache.catalina.core.ApplicationContext.log Manager: list: Listing contexts for virtual host 'localhost'
17-Jan-2017 22:33:31.406 INFO [http-apr-8086-exec-55] org.apache.catalina.core.ApplicationContext.log Manager: restart: Reloading web application '/AnhKyYeu'
17-Jan-2017 22:34:05.418 INFO [http-apr-8086-exec-65] org.apache.catalina.core.ApplicationContext.log Manager: list: Listing contexts for virtual host 'localhost'
17-Jan-2017 22:34:05.449 INFO [http-apr-8086-exec-54] org.apache.catalina.core.ApplicationContext.log Manager: restart: Reloading web application '/AnhKyYeu'
17-Jan-2017 22:34:08.250 INFO [http-apr-8086-exec-53] org.apache.catalina.core.ApplicationContext.log Manager: list: Listing contexts for virtual host 'localhost'
17-Jan-2017 22:34:08.250 INFO [http-apr-8086-exec-62] org.apache.catalina.core.ApplicationContext.log Manager: restart: Reloading web application '/AnhKyYeu'
17-Jan-2017 22:34:33.448 INFO [http-apr-8086-exec-68] org.apache.catalina.core.ApplicationContext.log Manager: list: Listing contexts for virtual host 'localhost'
17-Jan-2017 22:34:33.468 INFO [http-apr-8086-exec-66] org.apache.catalina.core.ApplicationContext.log Manager: restart: Reloading web application '/AnhKyYeu'
17-Jan-2017 22:35:40.796 INFO [http-apr-8086-exec-71] org.apache.catalina.core.ApplicationContext.log Manager: list: Listing contexts for virtual host 'localhost'
17-Jan-2017 22:35:40.796 INFO [http-apr-8086-exec-65] org.apache.catalina.core.ApplicationContext.log Manager: restart: Reloading web application '/AnhKyYeu'
17-Jan-2017 22:35:54.811 INFO [http-apr-8086-exec-74] org.apache.catalina.core.ApplicationContext.log Manager: list: Listing contexts for virtual host 'localhost'
17-Jan-2017 22:35:54.840 INFO [http-apr-8086-exec-70] org.apache.catalina.core.ApplicationContext.log Manager: restart: Reloading web application '/AnhKyYeu'
17-Jan-2017 22:36:02.536 INFO [http-apr-8086-exec-76] org.apache.catalina.core.ApplicationContext.log Manager: list: Listing contexts for virtual host 'localhost'
17-Jan-2017 22:36:02.573 INFO [http-apr-8086-exec-75] org.apache.catalina.core.ApplicationContext.log Manager: restart: Reloading web application '/AnhKyYeu'
17-Jan-2017 22:36:05.826 INFO [http-apr-8086-exec-67] org.apache.catalina.core.ApplicationContext.log Manager: list: Listing contexts for virtual host 'localhost'
17-Jan-2017 22:36:05.841 INFO [http-apr-8086-exec-63] org.apache.catalina.core.ApplicationContext.log Manager: restart: Reloading web application '/AnhKyYeu'
17-Jan-2017 22:36:26.075 INFO [http-apr-8086-exec-73] org.apache.catalina.core.ApplicationContext.log Manager: list: Listing contexts for virtual host 'localhost'
17-Jan-2017 22:36:26.090 INFO [http-apr-8086-exec-80] org.apache.catalina.core.ApplicationContext.log Manager: list: Listing contexts for virtual host 'localhost'
17-Jan-2017 22:36:26.159 INFO [http-apr-8086-exec-67] org.apache.catalina.core.ApplicationContext.log Manager: restart: Reloading web application '/AnhKyYeu'
17-Jan-2017 22:37:28.134 INFO [http-apr-8086-exec-68] org.apache.catalina.core.ApplicationContext.log Manager: list: Listing contexts for virtual host 'localhost'
17-Jan-2017 22:38:11.065 INFO [http-apr-8086-exec-68] org.apache.catalina.core.ApplicationContext.log Manager: list: Listing contexts for virtual host 'localhost'
17-Jan-2017 22:38:23.131 INFO [http-apr-8086-exec-68] org.apache.catalina.core.ApplicationContext.log Manager: list: Listing contexts for virtual host 'localhost'
17-Jan-2017 22:38:30.472 INFO [http-apr-8086-exec-68] org.apache.catalina.core.ApplicationContext.log Manager: list: Listing contexts for virtual host 'localhost'
17-Jan-2017 22:38:36.638 INFO [http-apr-8086-exec-68] org.apache.catalina.core.ApplicationContext.log Manager: list: Listing contexts for virtual host 'localhost'
17-Jan-2017 22:38:47.867 INFO [http-apr-8086-exec-81] org.apache.catalina.core.ApplicationContext.log Manager: list: Listing contexts for virtual host 'localhost'
17-Jan-2017 22:38:47.871 INFO [http-apr-8086-exec-83] org.apache.catalina.core.ApplicationContext.log Manager: list: Listing contexts for virtual host 'localhost'
17-Jan-2017 22:40:13.264 INFO [http-apr-8086-exec-86] org.apache.catalina.core.ApplicationContext.log Manager: list: Listing contexts for virtual host 'localhost'
17-Jan-2017 22:40:13.280 INFO [http-apr-8086-exec-89] org.apache.catalina.core.ApplicationContext.log Manager: restart: Reloading web application '/AnhKyYeu'
17-Jan-2017 22:40:33.128 INFO [http-apr-8086-exec-82] org.apache.catalina.core.ApplicationContext.log Manager: list: Listing contexts for virtual host 'localhost'
17-Jan-2017 22:40:33.143 INFO [http-apr-8086-exec-91] org.apache.catalina.core.ApplicationContext.log Manager: list: Listing contexts for virtual host 'localhost'
17-Jan-2017 22:40:33.212 INFO [http-apr-8086-exec-93] org.apache.catalina.core.ApplicationContext.log Manager: restart: Reloading web application '/AnhKyYeu'
17-Jan-2017 22:41:34.600 INFO [http-apr-8086-exec-83] org.apache.catalina.core.ApplicationContext.log Manager: list: Listing contexts for virtual host 'localhost'
17-Jan-2017 22:41:34.638 INFO [http-apr-8086-exec-85] org.apache.catalina.core.ApplicationContext.log Manager: restart: Reloading web application '/AnhKyYeu'
17-Jan-2017 22:41:39.806 INFO [http-apr-8086-exec-95] org.apache.catalina.core.ApplicationContext.log Manager: list: Listing contexts for virtual host 'localhost'
17-Jan-2017 22:41:39.837 INFO [http-apr-8086-exec-97] org.apache.catalina.core.ApplicationContext.log Manager: restart: Reloading web application '/AnhKyYeu'
17-Jan-2017 22:41:54.765 INFO [http-apr-8086-exec-99] org.apache.catalina.core.ApplicationContext.log Manager: list: Listing contexts for virtual host 'localhost'
17-Jan-2017 22:41:54.802 INFO [http-apr-8086-exec-82] org.apache.catalina.core.ApplicationContext.log Manager: restart: Reloading web application '/AnhKyYeu'
17-Jan-2017 22:42:37.093 INFO [http-apr-8086-exec-84] org.apache.catalina.core.ApplicationContext.log Manager: list: Listing contexts for virtual host 'localhost'
17-Jan-2017 22:43:09.872 INFO [http-apr-8086-exec-83] org.apache.catalina.core.ApplicationContext.log Manager: list: Listing contexts for virtual host 'localhost'
17-Jan-2017 22:44:05.747 INFO [http-apr-8086-exec-102] org.apache.catalina.core.ApplicationContext.log Manager: list: Listing contexts for virtual host 'localhost'
17-Jan-2017 22:44:09.536 INFO [http-apr-8086-exec-105] org.apache.catalina.core.ApplicationContext.log Manager: list: Listing contexts for virtual host 'localhost'
17-Jan-2017 22:45:16.162 INFO [http-apr-8086-exec-102] org.apache.catalina.core.ApplicationContext.log Manager: list: Listing contexts for virtual host 'localhost'
17-Jan-2017 22:45:59.863 INFO [http-apr-8086-exec-105] org.apache.catalina.core.ApplicationContext.log Manager: list: Listing contexts for virtual host 'localhost'
17-Jan-2017 22:46:02.249 INFO [http-apr-8086-exec-101] org.apache.catalina.core.ApplicationContext.log Manager: list: Listing contexts for virtual host 'localhost'
17-Jan-2017 22:46:04.820 INFO [http-apr-8086-exec-107] org.apache.catalina.core.ApplicationContext.log Manager: list: Listing contexts for virtual host 'localhost'
17-Jan-2017 22:46:52.172 INFO [http-apr-8086-exec-106] org.apache.catalina.core.ApplicationContext.log Manager: list: Listing contexts for virtual host 'localhost'
17-Jan-2017 22:47:12.842 INFO [http-apr-8086-exec-109] org.apache.catalina.core.ApplicationContext.log Manager: list: Listing contexts for virtual host 'localhost'
17-Jan-2017 22:47:21.701 INFO [http-apr-8086-exec-109] org.apache.catalina.core.ApplicationContext.log Manager: list: Listing contexts for virtual host 'localhost'
17-Jan-2017 22:47:25.774 INFO [http-apr-8086-exec-110] org.apache.catalina.core.ApplicationContext.log Manager: list: Listing contexts for virtual host 'localhost'
17-Jan-2017 22:47:48.107 INFO [http-apr-8086-exec-104] org.apache.catalina.core.ApplicationContext.log Manager: list: Listing contexts for virtual host 'localhost'
17-Jan-2017 22:47:48.122 INFO [http-apr-8086-exec-109] org.apache.catalina.core.ApplicationContext.log Manager: restart: Reloading web application '/AnhKyYeu'
17-Jan-2017 22:48:12.684 INFO [http-apr-8086-exec-104] org.apache.catalina.core.ApplicationContext.log Manager: list: Listing contexts for virtual host 'localhost'
17-Jan-2017 22:48:12.705 INFO [http-apr-8086-exec-111] org.apache.catalina.core.ApplicationContext.log Manager: restart: Reloading web application '/AnhKyYeu'
17-Jan-2017 22:49:38.211 INFO [http-apr-8086-exec-110] org.apache.catalina.core.ApplicationContext.log Manager: list: Listing contexts for virtual host 'localhost'
17-Jan-2017 22:49:38.230 INFO [http-apr-8086-exec-116] org.apache.catalina.core.ApplicationContext.log Manager: restart: Reloading web application '/AnhKyYeu'
17-Jan-2017 22:49:44.086 INFO [http-apr-8086-exec-108] org.apache.catalina.core.ApplicationContext.log Manager: list: Listing contexts for virtual host 'localhost'
17-Jan-2017 22:49:44.118 INFO [http-apr-8086-exec-121] org.apache.catalina.core.ApplicationContext.log Manager: restart: Reloading web application '/AnhKyYeu'
17-Jan-2017 22:51:10.400 INFO [http-apr-8086-exec-125] org.apache.catalina.core.ApplicationContext.log Manager: list: Listing contexts for virtual host 'localhost'
17-Jan-2017 22:51:28.536 INFO [http-apr-8086-exec-125] org.apache.catalina.core.ApplicationContext.log Manager: list: Listing contexts for virtual host 'localhost'
17-Jan-2017 22:51:47.486 INFO [http-apr-8086-exec-125] org.apache.catalina.core.ApplicationContext.log Manager: list: Listing contexts for virtual host 'localhost'
17-Jan-2017 22:55:50.779 INFO [http-apr-8086-exec-125] org.apache.catalina.core.ApplicationContext.log Manager: list: Listing contexts for virtual host 'localhost'
17-Jan-2017 22:56:29.799 INFO [http-apr-8086-exec-125] org.apache.catalina.core.ApplicationContext.log Manager: list: Listing contexts for virtual host 'localhost'
17-Jan-2017 22:56:45.243 INFO [http-apr-8086-exec-125] org.apache.catalina.core.ApplicationContext.log Manager: list: Listing contexts for virtual host 'localhost'
17-Jan-2017 22:56:52.640 INFO [http-apr-8086-exec-125] org.apache.catalina.core.ApplicationContext.log Manager: list: Listing contexts for virtual host 'localhost'
17-Jan-2017 22:57:02.703 INFO [http-apr-8086-exec-125] org.apache.catalina.core.ApplicationContext.log Manager: list: Listing contexts for virtual host 'localhost'
17-Jan-2017 22:57:39.599 INFO [http-apr-8086-exec-125] org.apache.catalina.core.ApplicationContext.log Manager: list: Listing contexts for virtual host 'localhost'
17-Jan-2017 22:57:44.954 INFO [http-apr-8086-exec-125] org.apache.catalina.core.ApplicationContext.log Manager: list: Listing contexts for virtual host 'localhost'
17-Jan-2017 22:58:04.098 INFO [http-apr-8086-exec-125] org.apache.catalina.core.ApplicationContext.log Manager: list: Listing contexts for virtual host 'localhost'
17-Jan-2017 22:58:13.184 INFO [http-apr-8086-exec-124] org.apache.catalina.core.ApplicationContext.log Manager: list: Listing contexts for virtual host 'localhost'
17-Jan-2017 22:58:13.199 INFO [http-apr-8086-exec-123] org.apache.catalina.core.ApplicationContext.log Manager: list: Listing contexts for virtual host 'localhost'
17-Jan-2017 22:58:13.315 INFO [http-apr-8086-exec-130] org.apache.catalina.core.ApplicationContext.log Manager: restart: Reloading web application '/AnhKyYeu'
17-Jan-2017 23:01:16.840 INFO [http-apr-8086-exec-136] org.apache.catalina.core.ApplicationContext.log Manager: list: Listing contexts for virtual host 'localhost'
17-Jan-2017 23:01:22.605 INFO [http-apr-8086-exec-123] org.apache.catalina.core.ApplicationContext.log Manager: list: Listing contexts for virtual host 'localhost'
17-Jan-2017 23:01:22.609 INFO [http-apr-8086-exec-133] org.apache.catalina.core.ApplicationContext.log Manager: list: Listing contexts for virtual host 'localhost'
17-Jan-2017 23:01:54.197 INFO [http-apr-8086-exec-125] org.apache.catalina.core.ApplicationContext.log Manager: list: Listing contexts for virtual host 'localhost'
17-Jan-2017 23:02:24.475 INFO [http-apr-8086-exec-125] org.apache.catalina.core.ApplicationContext.log Manager: list: Listing contexts for virtual host 'localhost'
17-Jan-2017 23:02:28.341 INFO [http-apr-8086-exec-141] org.apache.catalina.core.ApplicationContext.log Manager: list: Listing contexts for virtual host 'localhost'
17-Jan-2017 23:02:47.876 INFO [http-apr-8086-exec-142] org.apache.catalina.core.ApplicationContext.log Manager: list: Listing contexts for virtual host 'localhost'
17-Jan-2017 23:02:47.876 INFO [http-apr-8086-exec-133] org.apache.catalina.core.ApplicationContext.log Manager: list: Listing contexts for virtual host 'localhost'
17-Jan-2017 23:04:27.689 INFO [http-apr-8086-exec-140] org.apache.catalina.core.ApplicationContext.log Manager: list: Listing contexts for virtual host 'localhost'
17-Jan-2017 23:04:39.948 INFO [http-apr-8086-exec-140] org.apache.catalina.core.ApplicationContext.log Manager: list: Listing contexts for virtual host 'localhost'
17-Jan-2017 23:04:55.541 INFO [http-apr-8086-exec-140] org.apache.catalina.core.ApplicationContext.log Manager: list: Listing contexts for virtual host 'localhost'
17-Jan-2017 23:07:28.666 INFO [http-apr-8086-exec-140] org.apache.catalina.core.ApplicationContext.log Manager: list: Listing contexts for virtual host 'localhost'
17-Jan-2017 23:07:31.323 INFO [http-apr-8086-exec-141] org.apache.catalina.core.ApplicationContext.log Manager: list: Listing contexts for virtual host 'localhost'
17-Jan-2017 23:07:57.664 INFO [http-apr-8086-exec-141] org.apache.catalina.core.ApplicationContext.log Manager: list: Listing contexts for virtual host 'localhost'
17-Jan-2017 23:08:12.116 INFO [http-apr-8086-exec-141] org.apache.catalina.core.ApplicationContext.log Manager: list: Listing contexts for virtual host 'localhost'
17-Jan-2017 23:09:51.613 INFO [http-apr-8086-exec-141] org.apache.catalina.core.ApplicationContext.log Manager: list: Listing contexts for virtual host 'localhost'
17-Jan-2017 23:10:05.260 INFO [http-apr-8086-exec-142] org.apache.catalina.core.ApplicationContext.log Manager: list: Listing contexts for virtual host 'localhost'
17-Jan-2017 23:10:05.276 INFO [http-apr-8086-exec-133] org.apache.catalina.core.ApplicationContext.log Manager: list: Listing contexts for virtual host 'localhost'
17-Jan-2017 23:11:08.769 INFO [http-apr-8086-exec-134] org.apache.catalina.core.ApplicationContext.log Manager: list: Listing contexts for virtual host 'localhost'
17-Jan-2017 23:12:26.593 INFO [http-apr-8086-exec-140] org.apache.catalina.core.ApplicationContext.log Manager: list: Listing contexts for virtual host 'localhost'
17-Jan-2017 23:12:26.593 INFO [http-apr-8086-exec-136] org.apache.catalina.core.ApplicationContext.log Manager: list: Listing contexts for virtual host 'localhost'
17-Jan-2017 23:12:26.593 INFO [http-apr-8086-exec-137] org.apache.catalina.core.ApplicationContext.log Manager: undeploy: Undeploying web application at '/AnhKyYeu'
17-Jan-2017 23:12:27.178 INFO [http-apr-8086-exec-141] org.apache.catalina.core.ApplicationContext.log Manager: install: Installing context configuration at 'file:/C:/Users/BVHIEN/AppData/Local/Temp/context32899152789513766.xml'
17-Jan-2017 23:12:29.980 INFO [http-apr-8086-exec-140] org.apache.catalina.core.ApplicationContext.log Manager: start: Starting web application '/AnhKyYeu'
17-Jan-2017 23:14:38.967 INFO [http-apr-8086-exec-150] org.apache.catalina.core.ApplicationContext.log Manager: list: Listing contexts for virtual host 'localhost'
17-Jan-2017 23:14:38.983 INFO [http-apr-8086-exec-151] org.apache.catalina.core.ApplicationContext.log Manager: restart: Reloading web application '/AnhKyYeu'
17-Jan-2017 23:16:25.478 INFO [http-apr-8086-exec-144] org.apache.catalina.core.ApplicationContext.log Manager: list: Listing contexts for virtual host 'localhost'
17-Jan-2017 23:16:25.500 INFO [http-apr-8086-exec-147] org.apache.catalina.core.ApplicationContext.log Manager: restart: Reloading web application '/AnhKyYeu'
17-Jan-2017 23:17:41.434 INFO [http-apr-8086-exec-153] org.apache.catalina.core.ApplicationContext.log Manager: list: Listing contexts for virtual host 'localhost'
17-Jan-2017 23:17:41.454 INFO [http-apr-8086-exec-155] org.apache.catalina.core.ApplicationContext.log Manager: restart: Reloading web application '/AnhKyYeu'
17-Jan-2017 23:21:18.534 INFO [http-apr-8086-exec-174] org.apache.catalina.core.ApplicationContext.log Manager: list: Listing contexts for virtual host 'localhost'
17-Jan-2017 23:21:18.581 INFO [http-apr-8086-exec-175] org.apache.catalina.core.ApplicationContext.log Manager: restart: Reloading web application '/AnhKyYeu'
17-Jan-2017 23:23:29.712 INFO [http-apr-8086-exec-186] org.apache.catalina.core.ApplicationContext.log Manager: list: Listing contexts for virtual host 'localhost'
17-Jan-2017 23:23:29.735 INFO [http-apr-8086-exec-177] org.apache.catalina.core.ApplicationContext.log Manager: restart: Reloading web application '/AnhKyYeu'
17-Jan-2017 23:23:40.943 INFO [http-apr-8086-exec-187] org.apache.catalina.core.ApplicationContext.log Manager: list: Listing contexts for virtual host 'localhost'
17-Jan-2017 23:23:40.955 INFO [http-apr-8086-exec-186] org.apache.catalina.core.ApplicationContext.log Manager: restart: Reloading web application '/AnhKyYeu'
17-Jan-2017 23:24:43.613 INFO [http-apr-8086-exec-191] org.apache.catalina.core.ApplicationContext.log Manager: list: Listing contexts for virtual host 'localhost'
17-Jan-2017 23:24:43.629 INFO [http-apr-8086-exec-193] org.apache.catalina.core.ApplicationContext.log Manager: list: Listing contexts for virtual host 'localhost'
17-Jan-2017 23:24:43.713 INFO [http-apr-8086-exec-194] org.apache.catalina.core.ApplicationContext.log Manager: restart: Reloading web application '/AnhKyYeu'
17-Jan-2017 23:27:49.959 INFO [http-apr-8086-exec-6] org.apache.catalina.core.ApplicationContext.log Manager: init: Associated with Deployer 'Catalina:type=Deployer,host=localhost'
17-Jan-2017 23:27:49.959 INFO [http-apr-8086-exec-6] org.apache.catalina.core.ApplicationContext.log Manager: init: Global resources are available
17-Jan-2017 23:27:49.959 INFO [http-apr-8086-exec-6] org.apache.catalina.core.ApplicationContext.log Manager: list: Listing contexts for virtual host 'localhost'
17-Jan-2017 23:27:49.974 INFO [http-apr-8086-exec-7] org.apache.catalina.core.ApplicationContext.log Manager: list: Listing contexts for virtual host 'localhost'
17-Jan-2017 23:27:49.990 INFO [http-apr-8086-exec-8] org.apache.catalina.core.ApplicationContext.log Manager: undeploy: Undeploying web application at '/AnhKyYeu'
17-Jan-2017 23:27:50.592 INFO [http-apr-8086-exec-10] org.apache.catalina.core.ApplicationContext.log Manager: install: Installing context configuration at 'file:/C:/Users/BVHIEN/AppData/Local/Temp/context5320334811488689736.xml'
17-Jan-2017 23:27:53.635 INFO [http-apr-8086-exec-6] org.apache.catalina.core.ApplicationContext.log Manager: start: Starting web application '/AnhKyYeu'
17-Jan-2017 23:36:53.965 INFO [http-apr-8086-exec-13] org.apache.catalina.core.ApplicationContext.log Manager: list: Listing contexts for virtual host 'localhost'
17-Jan-2017 23:36:53.982 INFO [http-apr-8086-exec-19] org.apache.catalina.core.ApplicationContext.log Manager: restart: Reloading web application '/AnhKyYeu'
17-Jan-2017 23:38:09.877 INFO [http-apr-8086-exec-22] org.apache.catalina.core.ApplicationContext.log Manager: list: Listing contexts for virtual host 'localhost'
17-Jan-2017 23:38:09.889 INFO [http-apr-8086-exec-23] org.apache.catalina.core.ApplicationContext.log Manager: restart: Reloading web application '/AnhKyYeu'
17-Jan-2017 23:39:20.736 INFO [http-apr-8086-exec-28] org.apache.catalina.core.ApplicationContext.log Manager: list: Listing contexts for virtual host 'localhost'
17-Jan-2017 23:39:20.752 INFO [http-apr-8086-exec-29] org.apache.catalina.core.ApplicationContext.log Manager: list: Listing contexts for virtual host 'localhost'
17-Jan-2017 23:39:20.867 INFO [http-apr-8086-exec-21] org.apache.catalina.core.ApplicationContext.log Manager: restart: Reloading web application '/AnhKyYeu'
17-Jan-2017 23:44:50.119 INFO [http-apr-8086-exec-1] org.apache.catalina.core.ApplicationContext.log Manager: init: Associated with Deployer 'Catalina:type=Deployer,host=localhost'
17-Jan-2017 23:44:50.119 INFO [http-apr-8086-exec-1] org.apache.catalina.core.ApplicationContext.log Manager: init: Global resources are available
17-Jan-2017 23:44:50.119 INFO [http-apr-8086-exec-1] org.apache.catalina.core.ApplicationContext.log Manager: list: Listing contexts for virtual host 'localhost'
17-Jan-2017 23:44:50.135 INFO [http-apr-8086-exec-2] org.apache.catalina.core.ApplicationContext.log Manager: list: Listing contexts for virtual host 'localhost'
17-Jan-2017 23:45:16.393 INFO [http-apr-8086-exec-5] org.apache.catalina.core.ApplicationContext.log Manager: init: Associated with Deployer 'Catalina:type=Deployer,host=localhost'
17-Jan-2017 23:45:16.393 INFO [http-apr-8086-exec-5] org.apache.catalina.core.ApplicationContext.log Manager: init: Global resources are available
17-Jan-2017 23:45:16.393 INFO [http-apr-8086-exec-5] org.apache.catalina.core.ApplicationContext.log Manager: list: Listing contexts for virtual host 'localhost'
17-Jan-2017 23:45:16.393 INFO [http-apr-8086-exec-6] org.apache.catalina.core.ApplicationContext.log Manager: list: Listing contexts for virtual host 'localhost'
17-Jan-2017 23:45:16.409 INFO [http-apr-8086-exec-7] org.apache.catalina.core.ApplicationContext.log Manager: undeploy: Undeploying web application at '/AnhKyYeu'
17-Jan-2017 23:45:16.972 INFO [http-apr-8086-exec-3] org.apache.catalina.core.ApplicationContext.log Manager: install: Installing context configuration at 'file:/C:/Users/BVHIEN/AppData/Local/Temp/context7275159051906246516.xml'
17-Jan-2017 23:45:19.862 INFO [http-apr-8086-exec-6] org.apache.catalina.core.ApplicationContext.log Manager: start: Starting web application '/AnhKyYeu'
17-Jan-2017 23:49:04.123 INFO [http-apr-8086-exec-17] org.apache.catalina.core.ApplicationContext.log Manager: list: Listing contexts for virtual host 'localhost'
17-Jan-2017 23:50:06.886 INFO [http-apr-8086-exec-19] org.apache.catalina.core.ApplicationContext.log Manager: list: Listing contexts for virtual host 'localhost'
17-Jan-2017 23:51:00.912 INFO [http-apr-8086-exec-16] org.apache.catalina.core.ApplicationContext.log Manager: list: Listing contexts for virtual host 'localhost'
17-Jan-2017 23:51:03.515 INFO [http-apr-8086-exec-17] org.apache.catalina.core.ApplicationContext.log Manager: list: Listing contexts for virtual host 'localhost'
17-Jan-2017 23:51:21.982 INFO [http-apr-8086-exec-17] org.apache.catalina.core.ApplicationContext.log Manager: list: Listing contexts for virtual host 'localhost'
17-Jan-2017 23:52:43.339 INFO [http-apr-8086-exec-17] org.apache.catalina.core.ApplicationContext.log Manager: list: Listing contexts for virtual host 'localhost'
17-Jan-2017 23:52:57.911 INFO [http-apr-8086-exec-17] org.apache.catalina.core.ApplicationContext.log Manager: list: Listing contexts for virtual host 'localhost'
17-Jan-2017 23:54:54.705 INFO [http-apr-8086-exec-13] org.apache.catalina.core.ApplicationContext.log Manager: list: Listing contexts for virtual host 'localhost'
17-Jan-2017 23:55:03.151 INFO [http-apr-8086-exec-13] org.apache.catalina.core.ApplicationContext.log Manager: list: Listing contexts for virtual host 'localhost'
17-Jan-2017 23:55:21.997 INFO [http-apr-8086-exec-13] org.apache.catalina.core.ApplicationContext.log Manager: list: Listing contexts for virtual host 'localhost'
