28-Feb-2017 00:00:01.991 INFO [http-apr-8086-exec-175] org.apache.catalina.core.ApplicationContext.log Manager: list: Listing contexts for virtual host 'localhost'
28-Feb-2017 00:00:02.007 INFO [http-apr-8086-exec-172] org.apache.catalina.core.ApplicationContext.log Manager: restart: Reloading web application '/AnhKyYeu'
28-Feb-2017 00:00:16.564 INFO [http-apr-8086-exec-183] org.apache.catalina.core.ApplicationContext.log Manager: list: Listing contexts for virtual host 'localhost'
28-Feb-2017 00:00:16.579 INFO [http-apr-8086-exec-188] org.apache.catalina.core.ApplicationContext.log Manager: restart: Reloading web application '/AnhKyYeu'
28-Feb-2017 00:00:20.928 INFO [http-apr-8086-exec-162] org.apache.catalina.core.ApplicationContext.log Manager: list: Listing contexts for virtual host 'localhost'
28-Feb-2017 00:00:20.946 INFO [http-apr-8086-exec-175] org.apache.catalina.core.ApplicationContext.log Manager: restart: Reloading web application '/AnhKyYeu'
28-Feb-2017 00:06:23.720 INFO [http-apr-8086-exec-203] org.apache.catalina.core.ApplicationContext.log Manager: list: Listing contexts for virtual host 'localhost'
28-Feb-2017 00:06:23.738 INFO [http-apr-8086-exec-189] org.apache.catalina.core.ApplicationContext.log Manager: restart: Reloading web application '/AnhKyYeu'
28-Feb-2017 00:08:41.778 INFO [http-apr-8086-exec-186] org.apache.catalina.core.ApplicationContext.log Manager: list: Listing contexts for virtual host 'localhost'
28-Feb-2017 00:08:41.797 INFO [http-apr-8086-exec-202] org.apache.catalina.core.ApplicationContext.log Manager: restart: Reloading web application '/AnhKyYeu'
28-Feb-2017 00:09:19.183 INFO [http-apr-8086-exec-205] org.apache.catalina.core.ApplicationContext.log Manager: list: Listing contexts for virtual host 'localhost'
28-Feb-2017 00:09:19.214 INFO [http-apr-8086-exec-196] org.apache.catalina.core.ApplicationContext.log Manager: restart: Reloading web application '/AnhKyYeu'
28-Feb-2017 00:09:38.857 INFO [http-apr-8086-exec-210] org.apache.catalina.core.ApplicationContext.log Manager: list: Listing contexts for virtual host 'localhost'
28-Feb-2017 00:09:38.860 INFO [http-apr-8086-exec-207] org.apache.catalina.core.ApplicationContext.log Manager: list: Listing contexts for virtual host 'localhost'
28-Feb-2017 00:09:38.870 INFO [http-apr-8086-exec-201] org.apache.catalina.core.ApplicationContext.log Manager: undeploy: Undeploying web application at '/AnhKyYeu'
28-Feb-2017 00:09:39.439 INFO [http-apr-8086-exec-183] org.apache.catalina.core.ApplicationContext.log Manager: install: Installing context configuration at 'file:/C:/Users/BVHIEN/AppData/Local/Temp/context5248698738541891253.xml'
28-Feb-2017 00:09:41.833 INFO [http-apr-8086-exec-206] org.apache.catalina.core.ApplicationContext.log Manager: start: Starting web application '/AnhKyYeu'
28-Feb-2017 00:14:08.137 INFO [http-apr-8086-exec-231] org.apache.catalina.core.ApplicationContext.log Manager: list: Listing contexts for virtual host 'localhost'
28-Feb-2017 00:14:08.155 INFO [http-apr-8086-exec-221] org.apache.catalina.core.ApplicationContext.log Manager: restart: Reloading web application '/AnhKyYeu'
28-Feb-2017 00:14:57.251 INFO [http-apr-8086-exec-215] org.apache.catalina.core.ApplicationContext.log Manager: list: Listing contexts for virtual host 'localhost'
28-Feb-2017 00:14:57.273 INFO [http-apr-8086-exec-236] org.apache.catalina.core.ApplicationContext.log Manager: restart: Reloading web application '/AnhKyYeu'
28-Feb-2017 00:15:25.811 INFO [http-apr-8086-exec-195] org.apache.catalina.core.ApplicationContext.log Manager: list: Listing contexts for virtual host 'localhost'
28-Feb-2017 00:15:25.830 INFO [http-apr-8086-exec-222] org.apache.catalina.core.ApplicationContext.log Manager: restart: Reloading web application '/AnhKyYeu'
28-Feb-2017 00:16:24.981 INFO [http-apr-8086-exec-239] org.apache.catalina.core.ApplicationContext.log Manager: list: Listing contexts for virtual host 'localhost'
28-Feb-2017 00:16:24.997 INFO [http-apr-8086-exec-238] org.apache.catalina.core.ApplicationContext.log Manager: restart: Reloading web application '/AnhKyYeu'
28-Feb-2017 22:25:43.209 INFO [http-apr-8086-exec-13] org.apache.catalina.core.ApplicationContext.log Manager: init: Associated with Deployer 'Catalina:type=Deployer,host=localhost'
28-Feb-2017 22:25:43.209 INFO [http-apr-8086-exec-13] org.apache.catalina.core.ApplicationContext.log Manager: init: Global resources are available
28-Feb-2017 22:25:43.211 INFO [http-apr-8086-exec-13] org.apache.catalina.core.ApplicationContext.log Manager: list: Listing contexts for virtual host 'localhost'
28-Feb-2017 22:25:43.232 INFO [http-apr-8086-exec-14] org.apache.catalina.core.ApplicationContext.log Manager: list: Listing contexts for virtual host 'localhost'
28-Feb-2017 22:25:43.288 INFO [http-apr-8086-exec-15] org.apache.catalina.core.ApplicationContext.log Manager: undeploy: Undeploying web application at '/AnhKyYeu'
28-Feb-2017 22:25:44.039 INFO [http-apr-8086-exec-17] org.apache.catalina.core.ApplicationContext.log Manager: install: Installing context configuration at 'file:/C:/Users/BVHIEN/AppData/Local/Temp/context8670080782953070487.xml'
28-Feb-2017 22:25:47.534 INFO [http-apr-8086-exec-18] org.apache.catalina.core.ApplicationContext.log Manager: start: Starting web application '/AnhKyYeu'
28-Feb-2017 22:28:25.447 INFO [http-apr-8086-exec-9] org.apache.catalina.core.ApplicationContext.log Manager: list: Listing contexts for virtual host 'localhost'
28-Feb-2017 22:28:30.425 INFO [http-apr-8086-exec-24] org.apache.catalina.core.ApplicationContext.log Manager: list: Listing contexts for virtual host 'localhost'
28-Feb-2017 22:29:19.596 INFO [http-apr-8086-exec-20] org.apache.catalina.core.ApplicationContext.log Manager: list: Listing contexts for virtual host 'localhost'
28-Feb-2017 22:30:42.216 INFO [http-apr-8086-exec-16] org.apache.catalina.core.ApplicationContext.log Manager: list: Listing contexts for virtual host 'localhost'
28-Feb-2017 22:31:13.233 INFO [http-apr-8086-exec-35] org.apache.catalina.core.ApplicationContext.log Manager: list: Listing contexts for virtual host 'localhost'
28-Feb-2017 22:31:39.239 INFO [http-apr-8086-exec-24] org.apache.catalina.core.ApplicationContext.log Manager: list: Listing contexts for virtual host 'localhost'
28-Feb-2017 22:31:58.380 INFO [http-apr-8086-exec-3] org.apache.catalina.core.ApplicationContext.log Manager: list: Listing contexts for virtual host 'localhost'
28-Feb-2017 22:32:14.794 INFO [http-apr-8086-exec-17] org.apache.catalina.core.ApplicationContext.log Manager: list: Listing contexts for virtual host 'localhost'
28-Feb-2017 22:35:26.850 INFO [http-apr-8086-exec-34] org.apache.catalina.core.ApplicationContext.log Manager: list: Listing contexts for virtual host 'localhost'
28-Feb-2017 22:35:26.860 INFO [http-apr-8086-exec-16] org.apache.catalina.core.ApplicationContext.log Manager: restart: Reloading web application '/AnhKyYeu'
28-Feb-2017 22:36:21.163 INFO [http-apr-8086-exec-28] org.apache.catalina.core.ApplicationContext.log Manager: list: Listing contexts for virtual host 'localhost'
28-Feb-2017 22:36:21.171 INFO [http-apr-8086-exec-37] org.apache.catalina.core.ApplicationContext.log Manager: restart: Reloading web application '/AnhKyYeu'
28-Feb-2017 22:39:34.148 INFO [http-apr-8086-exec-50] org.apache.catalina.core.ApplicationContext.log Manager: list: Listing contexts for virtual host 'localhost'
28-Feb-2017 22:40:34.415 INFO [http-apr-8086-exec-50] org.apache.catalina.core.ApplicationContext.log Manager: list: Listing contexts for virtual host 'localhost'
28-Feb-2017 22:41:12.253 INFO [http-apr-8086-exec-52] org.apache.catalina.core.ApplicationContext.log Manager: list: Listing contexts for virtual host 'localhost'
28-Feb-2017 22:41:29.439 INFO [http-apr-8086-exec-49] org.apache.catalina.core.ApplicationContext.log Manager: list: Listing contexts for virtual host 'localhost'
28-Feb-2017 22:41:45.083 INFO [http-apr-8086-exec-58] org.apache.catalina.core.ApplicationContext.log Manager: list: Listing contexts for virtual host 'localhost'
28-Feb-2017 22:51:27.600 INFO [http-apr-8086-exec-43] org.apache.catalina.core.ApplicationContext.log Manager: list: Listing contexts for virtual host 'localhost'
28-Feb-2017 22:51:31.858 INFO [http-apr-8086-exec-52] org.apache.catalina.core.ApplicationContext.log Manager: list: Listing contexts for virtual host 'localhost'
28-Feb-2017 22:52:12.134 INFO [http-apr-8086-exec-60] org.apache.catalina.core.ApplicationContext.log Manager: list: Listing contexts for virtual host 'localhost'
28-Feb-2017 22:52:16.288 INFO [http-apr-8086-exec-46] org.apache.catalina.core.ApplicationContext.log Manager: list: Listing contexts for virtual host 'localhost'
28-Feb-2017 22:52:28.180 INFO [http-apr-8086-exec-63] org.apache.catalina.core.ApplicationContext.log Manager: list: Listing contexts for virtual host 'localhost'
28-Feb-2017 22:52:32.908 INFO [http-apr-8086-exec-62] org.apache.catalina.core.ApplicationContext.log Manager: list: Listing contexts for virtual host 'localhost'
28-Feb-2017 22:52:36.890 INFO [http-apr-8086-exec-49] org.apache.catalina.core.ApplicationContext.log Manager: list: Listing contexts for virtual host 'localhost'
28-Feb-2017 22:53:33.088 INFO [http-apr-8086-exec-66] org.apache.catalina.core.ApplicationContext.log Manager: list: Listing contexts for virtual host 'localhost'
28-Feb-2017 22:53:33.102 INFO [http-apr-8086-exec-67] org.apache.catalina.core.ApplicationContext.log Manager: restart: Reloading web application '/AnhKyYeu'
28-Feb-2017 22:53:44.666 INFO [http-apr-8086-exec-56] org.apache.catalina.core.ApplicationContext.log Manager: list: Listing contexts for virtual host 'localhost'
28-Feb-2017 22:53:44.675 INFO [http-apr-8086-exec-47] org.apache.catalina.core.ApplicationContext.log Manager: restart: Reloading web application '/AnhKyYeu'
28-Feb-2017 22:53:51.456 INFO [http-apr-8086-exec-65] org.apache.catalina.core.ApplicationContext.log Manager: list: Listing contexts for virtual host 'localhost'
28-Feb-2017 22:53:51.466 INFO [http-apr-8086-exec-61] org.apache.catalina.core.ApplicationContext.log Manager: restart: Reloading web application '/AnhKyYeu'
28-Feb-2017 22:54:15.349 INFO [http-apr-8086-exec-60] org.apache.catalina.core.ApplicationContext.log Manager: list: Listing contexts for virtual host 'localhost'
28-Feb-2017 22:54:15.363 INFO [http-apr-8086-exec-57] org.apache.catalina.core.ApplicationContext.log Manager: restart: Reloading web application '/AnhKyYeu'
28-Feb-2017 22:54:36.041 INFO [http-apr-8086-exec-66] org.apache.catalina.core.ApplicationContext.log Manager: list: Listing contexts for virtual host 'localhost'
28-Feb-2017 22:54:36.051 INFO [http-apr-8086-exec-68] org.apache.catalina.core.ApplicationContext.log Manager: restart: Reloading web application '/AnhKyYeu'
28-Feb-2017 22:54:38.136 INFO [http-apr-8086-exec-60] org.apache.catalina.core.ApplicationContext.log Manager: list: Listing contexts for virtual host 'localhost'
28-Feb-2017 22:54:38.144 INFO [http-apr-8086-exec-56] org.apache.catalina.core.ApplicationContext.log Manager: restart: Reloading web application '/AnhKyYeu'
28-Feb-2017 22:54:43.489 INFO [http-apr-8086-exec-58] org.apache.catalina.core.ApplicationContext.log Manager: list: Listing contexts for virtual host 'localhost'
28-Feb-2017 22:54:43.496 INFO [http-apr-8086-exec-60] org.apache.catalina.core.ApplicationContext.log Manager: restart: Reloading web application '/AnhKyYeu'
28-Feb-2017 22:54:46.545 INFO [http-apr-8086-exec-71] org.apache.catalina.core.ApplicationContext.log Manager: list: Listing contexts for virtual host 'localhost'
28-Feb-2017 22:54:46.557 INFO [http-apr-8086-exec-54] org.apache.catalina.core.ApplicationContext.log Manager: restart: Reloading web application '/AnhKyYeu'
28-Feb-2017 22:54:57.034 INFO [http-apr-8086-exec-75] org.apache.catalina.core.ApplicationContext.log Manager: list: Listing contexts for virtual host 'localhost'
28-Feb-2017 22:54:57.045 INFO [http-apr-8086-exec-71] org.apache.catalina.core.ApplicationContext.log Manager: restart: Reloading web application '/AnhKyYeu'
28-Feb-2017 22:55:10.799 INFO [http-apr-8086-exec-78] org.apache.catalina.core.ApplicationContext.log Manager: list: Listing contexts for virtual host 'localhost'
28-Feb-2017 22:55:10.811 INFO [http-apr-8086-exec-51] org.apache.catalina.core.ApplicationContext.log Manager: restart: Reloading web application '/AnhKyYeu'
28-Feb-2017 22:59:05.758 INFO [http-apr-8086-exec-81] org.apache.catalina.core.ApplicationContext.log Manager: list: Listing contexts for virtual host 'localhost'
28-Feb-2017 22:59:05.766 INFO [http-apr-8086-exec-90] org.apache.catalina.core.ApplicationContext.log Manager: restart: Reloading web application '/AnhKyYeu'
28-Feb-2017 23:01:00.849 INFO [http-apr-8086-exec-79] org.apache.catalina.core.ApplicationContext.log Manager: list: Listing contexts for virtual host 'localhost'
28-Feb-2017 23:01:00.857 INFO [http-apr-8086-exec-89] org.apache.catalina.core.ApplicationContext.log Manager: restart: Reloading web application '/AnhKyYeu'
28-Feb-2017 23:01:04.161 INFO [http-apr-8086-exec-66] org.apache.catalina.core.ApplicationContext.log Manager: list: Listing contexts for virtual host 'localhost'
28-Feb-2017 23:01:04.189 INFO [http-apr-8086-exec-81] org.apache.catalina.core.ApplicationContext.log Manager: restart: Reloading web application '/AnhKyYeu'
28-Feb-2017 23:01:27.802 INFO [http-apr-8086-exec-78] org.apache.catalina.core.ApplicationContext.log Manager: list: Listing contexts for virtual host 'localhost'
28-Feb-2017 23:01:27.814 INFO [http-apr-8086-exec-43] org.apache.catalina.core.ApplicationContext.log Manager: restart: Reloading web application '/AnhKyYeu'
28-Feb-2017 23:02:48.272 INFO [http-apr-8086-exec-94] org.apache.catalina.core.ApplicationContext.log Manager: list: Listing contexts for virtual host 'localhost'
28-Feb-2017 23:02:48.282 INFO [http-apr-8086-exec-79] org.apache.catalina.core.ApplicationContext.log Manager: restart: Reloading web application '/AnhKyYeu'
28-Feb-2017 23:04:41.595 INFO [http-apr-8086-exec-62] org.apache.catalina.core.ApplicationContext.log Manager: list: Listing contexts for virtual host 'localhost'
28-Feb-2017 23:04:41.604 INFO [http-apr-8086-exec-83] org.apache.catalina.core.ApplicationContext.log Manager: restart: Reloading web application '/AnhKyYeu'
28-Feb-2017 23:06:25.461 INFO [http-apr-8086-exec-102] org.apache.catalina.core.ApplicationContext.log Manager: list: Listing contexts for virtual host 'localhost'
28-Feb-2017 23:06:25.475 INFO [http-apr-8086-exec-94] org.apache.catalina.core.ApplicationContext.log Manager: restart: Reloading web application '/AnhKyYeu'
28-Feb-2017 23:07:03.635 INFO [http-apr-8086-exec-52] org.apache.catalina.core.ApplicationContext.log Manager: list: Listing contexts for virtual host 'localhost'
28-Feb-2017 23:07:03.645 INFO [http-apr-8086-exec-103] org.apache.catalina.core.ApplicationContext.log Manager: restart: Reloading web application '/AnhKyYeu'
28-Feb-2017 23:07:39.564 INFO [http-apr-8086-exec-98] org.apache.catalina.core.ApplicationContext.log Manager: list: Listing contexts for virtual host 'localhost'
28-Feb-2017 23:08:39.922 INFO [http-apr-8086-exec-78] org.apache.catalina.core.ApplicationContext.log Manager: list: Listing contexts for virtual host 'localhost'
28-Feb-2017 23:10:11.290 INFO [http-apr-8086-exec-111] org.apache.catalina.core.ApplicationContext.log Manager: list: Listing contexts for virtual host 'localhost'
28-Feb-2017 23:10:11.305 INFO [http-apr-8086-exec-101] org.apache.catalina.core.ApplicationContext.log Manager: restart: Reloading web application '/AnhKyYeu'
28-Feb-2017 23:11:45.131 INFO [http-apr-8086-exec-117] org.apache.catalina.core.ApplicationContext.log Manager: list: Listing contexts for virtual host 'localhost'
28-Feb-2017 23:11:45.141 INFO [http-apr-8086-exec-131] org.apache.catalina.core.ApplicationContext.log Manager: restart: Reloading web application '/AnhKyYeu'
28-Feb-2017 23:12:20.103 INFO [http-apr-8086-exec-118] org.apache.catalina.core.ApplicationContext.log Manager: list: Listing contexts for virtual host 'localhost'
28-Feb-2017 23:12:20.114 INFO [http-apr-8086-exec-130] org.apache.catalina.core.ApplicationContext.log Manager: restart: Reloading web application '/AnhKyYeu'
28-Feb-2017 23:14:56.693 INFO [http-apr-8086-exec-49] org.apache.catalina.core.ApplicationContext.log Manager: list: Listing contexts for virtual host 'localhost'
28-Feb-2017 23:14:56.703 INFO [http-apr-8086-exec-125] org.apache.catalina.core.ApplicationContext.log Manager: restart: Reloading web application '/AnhKyYeu'
28-Feb-2017 23:18:23.628 INFO [http-apr-8086-exec-78] org.apache.catalina.core.ApplicationContext.log Manager: list: Listing contexts for virtual host 'localhost'
28-Feb-2017 23:18:23.637 INFO [http-apr-8086-exec-143] org.apache.catalina.core.ApplicationContext.log Manager: restart: Reloading web application '/AnhKyYeu'
28-Feb-2017 23:18:26.626 INFO [http-apr-8086-exec-105] org.apache.catalina.core.ApplicationContext.log Manager: list: Listing contexts for virtual host 'localhost'
28-Feb-2017 23:18:26.634 INFO [http-apr-8086-exec-117] org.apache.catalina.core.ApplicationContext.log Manager: restart: Reloading web application '/AnhKyYeu'
28-Feb-2017 23:19:38.854 INFO [http-apr-8086-exec-152] org.apache.catalina.core.ApplicationContext.log Manager: list: Listing contexts for virtual host 'localhost'
28-Feb-2017 23:20:31.684 INFO [http-apr-8086-exec-133] org.apache.catalina.core.ApplicationContext.log Manager: list: Listing contexts for virtual host 'localhost'
28-Feb-2017 23:22:29.705 INFO [http-apr-8086-exec-154] org.apache.catalina.core.ApplicationContext.log Manager: list: Listing contexts for virtual host 'localhost'
28-Feb-2017 23:23:55.546 INFO [http-apr-8086-exec-156] org.apache.catalina.core.ApplicationContext.log Manager: list: Listing contexts for virtual host 'localhost'
28-Feb-2017 23:23:55.554 INFO [http-apr-8086-exec-158] org.apache.catalina.core.ApplicationContext.log Manager: restart: Reloading web application '/AnhKyYeu'
28-Feb-2017 23:24:05.374 INFO [http-apr-8086-exec-136] org.apache.catalina.core.ApplicationContext.log Manager: list: Listing contexts for virtual host 'localhost'
28-Feb-2017 23:24:05.383 INFO [http-apr-8086-exec-132] org.apache.catalina.core.ApplicationContext.log Manager: restart: Reloading web application '/AnhKyYeu'
28-Feb-2017 23:28:55.886 INFO [http-apr-8086-exec-174] org.apache.catalina.core.ApplicationContext.log Manager: list: Listing contexts for virtual host 'localhost'
28-Feb-2017 23:28:55.898 INFO [http-apr-8086-exec-185] org.apache.catalina.core.ApplicationContext.log Manager: restart: Reloading web application '/AnhKyYeu'
28-Feb-2017 23:29:00.447 INFO [http-apr-8086-exec-187] org.apache.catalina.core.ApplicationContext.log Manager: list: Listing contexts for virtual host 'localhost'
28-Feb-2017 23:29:00.457 INFO [http-apr-8086-exec-177] org.apache.catalina.core.ApplicationContext.log Manager: restart: Reloading web application '/AnhKyYeu'
28-Feb-2017 23:29:03.253 INFO [http-apr-8086-exec-180] org.apache.catalina.core.ApplicationContext.log Manager: list: Listing contexts for virtual host 'localhost'
28-Feb-2017 23:29:03.262 INFO [http-apr-8086-exec-187] org.apache.catalina.core.ApplicationContext.log Manager: restart: Reloading web application '/AnhKyYeu'
28-Feb-2017 23:29:57.254 INFO [http-apr-8086-exec-184] org.apache.catalina.core.ApplicationContext.log Manager: list: Listing contexts for virtual host 'localhost'
28-Feb-2017 23:29:57.268 INFO [http-apr-8086-exec-159] org.apache.catalina.core.ApplicationContext.log Manager: restart: Reloading web application '/AnhKyYeu'
28-Feb-2017 23:30:52.769 INFO [http-apr-8086-exec-184] org.apache.catalina.core.ApplicationContext.log Manager: list: Listing contexts for virtual host 'localhost'
28-Feb-2017 23:30:52.779 INFO [http-apr-8086-exec-152] org.apache.catalina.core.ApplicationContext.log Manager: restart: Reloading web application '/AnhKyYeu'
28-Feb-2017 23:31:59.115 INFO [http-apr-8086-exec-188] org.apache.catalina.core.ApplicationContext.log Manager: list: Listing contexts for virtual host 'localhost'
28-Feb-2017 23:31:59.130 INFO [http-apr-8086-exec-178] org.apache.catalina.core.ApplicationContext.log Manager: restart: Reloading web application '/AnhKyYeu'
28-Feb-2017 23:32:41.540 INFO [http-apr-8086-exec-166] org.apache.catalina.core.ApplicationContext.log Manager: list: Listing contexts for virtual host 'localhost'
28-Feb-2017 23:32:41.553 INFO [http-apr-8086-exec-203] org.apache.catalina.core.ApplicationContext.log Manager: restart: Reloading web application '/AnhKyYeu'
28-Feb-2017 23:33:22.472 INFO [http-apr-8086-exec-206] org.apache.catalina.core.ApplicationContext.log Manager: list: Listing contexts for virtual host 'localhost'
28-Feb-2017 23:33:22.482 INFO [http-apr-8086-exec-204] org.apache.catalina.core.ApplicationContext.log Manager: restart: Reloading web application '/AnhKyYeu'
28-Feb-2017 23:34:19.768 INFO [http-apr-8086-exec-133] org.apache.catalina.core.ApplicationContext.log Manager: list: Listing contexts for virtual host 'localhost'
28-Feb-2017 23:34:19.778 INFO [http-apr-8086-exec-211] org.apache.catalina.core.ApplicationContext.log Manager: restart: Reloading web application '/AnhKyYeu'
28-Feb-2017 23:37:06.502 INFO [http-apr-8086-exec-190] org.apache.catalina.core.ApplicationContext.log Manager: list: Listing contexts for virtual host 'localhost'
28-Feb-2017 23:37:06.511 INFO [http-apr-8086-exec-207] org.apache.catalina.core.ApplicationContext.log Manager: restart: Reloading web application '/AnhKyYeu'
28-Feb-2017 23:37:58.888 INFO [http-apr-8086-exec-205] org.apache.catalina.core.ApplicationContext.log Manager: list: Listing contexts for virtual host 'localhost'
28-Feb-2017 23:37:58.897 INFO [http-apr-8086-exec-229] org.apache.catalina.core.ApplicationContext.log Manager: restart: Reloading web application '/AnhKyYeu'
28-Feb-2017 23:40:22.424 INFO [http-apr-8086-exec-240] org.apache.catalina.core.ApplicationContext.log Manager: list: Listing contexts for virtual host 'localhost'
28-Feb-2017 23:40:22.438 INFO [http-apr-8086-exec-173] org.apache.catalina.core.ApplicationContext.log Manager: restart: Reloading web application '/AnhKyYeu'
28-Feb-2017 23:42:11.161 INFO [http-apr-8086-exec-202] org.apache.catalina.core.ApplicationContext.log Manager: list: Listing contexts for virtual host 'localhost'
28-Feb-2017 23:43:00.526 INFO [http-apr-8086-exec-166] org.apache.catalina.core.ApplicationContext.log Manager: list: Listing contexts for virtual host 'localhost'
28-Feb-2017 23:45:08.292 INFO [http-apr-8086-exec-254] org.apache.catalina.core.ApplicationContext.log Manager: list: Listing contexts for virtual host 'localhost'
28-Feb-2017 23:45:26.374 INFO [http-apr-8086-exec-239] org.apache.catalina.core.ApplicationContext.log Manager: list: Listing contexts for virtual host 'localhost'
28-Feb-2017 23:46:03.915 INFO [http-apr-8086-exec-260] org.apache.catalina.core.ApplicationContext.log Manager: list: Listing contexts for virtual host 'localhost'
28-Feb-2017 23:46:03.929 INFO [http-apr-8086-exec-258] org.apache.catalina.core.ApplicationContext.log Manager: restart: Reloading web application '/AnhKyYeu'
28-Feb-2017 23:48:13.738 INFO [http-apr-8086-exec-271] org.apache.catalina.core.ApplicationContext.log Manager: list: Listing contexts for virtual host 'localhost'
28-Feb-2017 23:50:30.087 INFO [http-apr-8086-exec-273] org.apache.catalina.core.ApplicationContext.log Manager: list: Listing contexts for virtual host 'localhost'
28-Feb-2017 23:50:44.104 INFO [http-apr-8086-exec-256] org.apache.catalina.core.ApplicationContext.log Manager: list: Listing contexts for virtual host 'localhost'
28-Feb-2017 23:51:37.978 INFO [http-apr-8086-exec-271] org.apache.catalina.core.ApplicationContext.log Manager: list: Listing contexts for virtual host 'localhost'
28-Feb-2017 23:53:54.971 INFO [http-apr-8086-exec-271] org.apache.catalina.core.ApplicationContext.log Manager: list: Listing contexts for virtual host 'localhost'
28-Feb-2017 23:55:13.897 INFO [http-apr-8086-exec-271] org.apache.catalina.core.ApplicationContext.log Manager: list: Listing contexts for virtual host 'localhost'
28-Feb-2017 23:55:20.775 INFO [http-apr-8086-exec-284] org.apache.catalina.core.ApplicationContext.log Manager: list: Listing contexts for virtual host 'localhost'
28-Feb-2017 23:57:41.100 INFO [http-apr-8086-exec-272] org.apache.catalina.core.ApplicationContext.log Manager: list: Listing contexts for virtual host 'localhost'
28-Feb-2017 23:57:42.605 INFO [http-apr-8086-exec-280] org.apache.catalina.core.ApplicationContext.log Manager: list: Listing contexts for virtual host 'localhost'
28-Feb-2017 23:57:54.436 INFO [http-apr-8086-exec-290] org.apache.catalina.core.ApplicationContext.log Manager: list: Listing contexts for virtual host 'localhost'
28-Feb-2017 23:58:16.516 INFO [http-apr-8086-exec-271] org.apache.catalina.core.ApplicationContext.log Manager: list: Listing contexts for virtual host 'localhost'
28-Feb-2017 23:59:53.254 INFO [http-apr-8086-exec-268] org.apache.catalina.core.ApplicationContext.log Manager: list: Listing contexts for virtual host 'localhost'
