21-Mar-2017 22:07:51.322 INFO [http-apr-8086-exec-12] org.apache.catalina.core.ApplicationContext.log Manager: init: Associated with Deployer 'Catalina:type=Deployer,host=localhost'
21-Mar-2017 22:07:51.322 INFO [http-apr-8086-exec-12] org.apache.catalina.core.ApplicationContext.log Manager: init: Global resources are available
21-Mar-2017 22:07:51.322 INFO [http-apr-8086-exec-12] org.apache.catalina.core.ApplicationContext.log Manager: list: Listing contexts for virtual host 'localhost'
21-Mar-2017 22:07:51.338 INFO [http-apr-8086-exec-13] org.apache.catalina.core.ApplicationContext.log Manager: list: Listing contexts for virtual host 'localhost'
21-Mar-2017 22:07:51.385 INFO [http-apr-8086-exec-14] org.apache.catalina.core.ApplicationContext.log Manager: undeploy: Undeploying web application at '/AnhKyYeu'
21-Mar-2017 22:07:52.057 INFO [http-apr-8086-exec-16] org.apache.catalina.core.ApplicationContext.log Manager: install: Installing context configuration at 'file:/C:/Users/BVHIEN/AppData/Local/Temp/context8326648195397504382.xml'
21-Mar-2017 22:07:55.010 INFO [http-apr-8086-exec-17] org.apache.catalina.core.ApplicationContext.log Manager: start: Starting web application '/AnhKyYeu'
21-Mar-2017 22:19:54.118 INFO [http-apr-8086-exec-18] org.apache.catalina.core.ApplicationContext.log Manager: list: Listing contexts for virtual host 'localhost'
21-Mar-2017 22:20:51.169 INFO [http-apr-8086-exec-32] org.apache.catalina.core.ApplicationContext.log Manager: list: Listing contexts for virtual host 'localhost'
21-Mar-2017 22:22:01.537 INFO [http-apr-8086-exec-29] org.apache.catalina.core.ApplicationContext.log Manager: list: Listing contexts for virtual host 'localhost'
21-Mar-2017 22:22:01.552 INFO [http-apr-8086-exec-15] org.apache.catalina.core.ApplicationContext.log Manager: restart: Reloading web application '/AnhKyYeu'
21-Mar-2017 22:31:34.948 INFO [http-apr-8086-exec-47] org.apache.catalina.core.ApplicationContext.log Manager: list: Listing contexts for virtual host 'localhost'
21-Mar-2017 22:31:34.964 INFO [http-apr-8086-exec-48] org.apache.catalina.core.ApplicationContext.log Manager: restart: Reloading web application '/AnhKyYeu'
21-Mar-2017 22:31:43.590 INFO [http-apr-8086-exec-41] org.apache.catalina.core.ApplicationContext.log Manager: list: Listing contexts for virtual host 'localhost'
21-Mar-2017 22:31:43.621 INFO [http-apr-8086-exec-30] org.apache.catalina.core.ApplicationContext.log Manager: restart: Reloading web application '/AnhKyYeu'
21-Mar-2017 22:32:13.089 INFO [http-apr-8086-exec-43] org.apache.catalina.core.ApplicationContext.log Manager: list: Listing contexts for virtual host 'localhost'
21-Mar-2017 22:32:13.105 INFO [http-apr-8086-exec-51] org.apache.catalina.core.ApplicationContext.log Manager: restart: Reloading web application '/AnhKyYeu'
21-Mar-2017 22:32:16.012 INFO [http-apr-8086-exec-20] org.apache.catalina.core.ApplicationContext.log Manager: list: Listing contexts for virtual host 'localhost'
21-Mar-2017 22:32:16.012 INFO [http-apr-8086-exec-43] org.apache.catalina.core.ApplicationContext.log Manager: restart: Reloading web application '/AnhKyYeu'
21-Mar-2017 22:36:48.473 INFO [http-apr-8086-exec-42] org.apache.catalina.core.ApplicationContext.log Manager: list: Listing contexts for virtual host 'localhost'
21-Mar-2017 22:36:48.473 INFO [http-apr-8086-exec-20] org.apache.catalina.core.ApplicationContext.log Manager: restart: Reloading web application '/AnhKyYeu'
21-Mar-2017 22:36:51.380 INFO [http-apr-8086-exec-64] org.apache.catalina.core.ApplicationContext.log Manager: list: Listing contexts for virtual host 'localhost'
21-Mar-2017 22:36:51.395 INFO [http-apr-8086-exec-62] org.apache.catalina.core.ApplicationContext.log Manager: restart: Reloading web application '/AnhKyYeu'
21-Mar-2017 22:37:12.784 INFO [http-apr-8086-exec-63] org.apache.catalina.core.ApplicationContext.log Manager: list: Listing contexts for virtual host 'localhost'
21-Mar-2017 22:37:12.800 INFO [http-apr-8086-exec-46] org.apache.catalina.core.ApplicationContext.log Manager: restart: Reloading web application '/AnhKyYeu'
21-Mar-2017 22:41:33.346 INFO [http-apr-8086-exec-66] org.apache.catalina.core.ApplicationContext.log Manager: list: Listing contexts for virtual host 'localhost'
21-Mar-2017 22:41:33.364 INFO [http-apr-8086-exec-38] org.apache.catalina.core.ApplicationContext.log Manager: restart: Reloading web application '/AnhKyYeu'
21-Mar-2017 22:42:23.405 INFO [http-apr-8086-exec-69] org.apache.catalina.core.ApplicationContext.log Manager: list: Listing contexts for virtual host 'localhost'
21-Mar-2017 22:42:23.422 INFO [http-apr-8086-exec-68] org.apache.catalina.core.ApplicationContext.log Manager: restart: Reloading web application '/AnhKyYeu'
21-Mar-2017 22:45:28.531 INFO [http-apr-8086-exec-63] org.apache.catalina.core.ApplicationContext.log Manager: list: Listing contexts for virtual host 'localhost'
21-Mar-2017 22:45:28.543 INFO [http-apr-8086-exec-86] org.apache.catalina.core.ApplicationContext.log Manager: restart: Reloading web application '/AnhKyYeu'
21-Mar-2017 22:46:25.123 INFO [http-apr-8086-exec-65] org.apache.catalina.core.ApplicationContext.log Manager: list: Listing contexts for virtual host 'localhost'
21-Mar-2017 22:47:25.064 INFO [http-apr-8086-exec-89] org.apache.catalina.core.ApplicationContext.log Manager: list: Listing contexts for virtual host 'localhost'
21-Mar-2017 22:48:03.904 INFO [http-apr-8086-exec-80] org.apache.catalina.core.ApplicationContext.log Manager: list: Listing contexts for virtual host 'localhost'
21-Mar-2017 22:48:03.919 INFO [http-apr-8086-exec-81] org.apache.catalina.core.ApplicationContext.log Manager: restart: Reloading web application '/AnhKyYeu'
21-Mar-2017 22:49:04.119 INFO [http-apr-8086-exec-77] org.apache.catalina.core.ApplicationContext.log Manager: list: Listing contexts for virtual host 'localhost'
21-Mar-2017 22:49:09.760 INFO [http-apr-8086-exec-104] org.apache.catalina.core.ApplicationContext.log Manager: list: Listing contexts for virtual host 'localhost'
21-Mar-2017 22:49:41.643 INFO [http-apr-8086-exec-101] org.apache.catalina.core.ApplicationContext.log Manager: list: Listing contexts for virtual host 'localhost'
21-Mar-2017 22:49:41.655 INFO [http-apr-8086-exec-77] org.apache.catalina.core.ApplicationContext.log Manager: restart: Reloading web application '/AnhKyYeu'
21-Mar-2017 22:51:25.661 INFO [http-apr-8086-exec-19] org.apache.catalina.core.ApplicationContext.log Manager: list: Listing contexts for virtual host 'localhost'
21-Mar-2017 22:51:26.043 INFO [http-apr-8086-exec-96] org.apache.catalina.core.ApplicationContext.log Manager: restart: Reloading web application '/AnhKyYeu'
21-Mar-2017 22:51:43.259 INFO [http-apr-8086-exec-84] org.apache.catalina.core.ApplicationContext.log Manager: list: Listing contexts for virtual host 'localhost'
21-Mar-2017 22:51:43.267 INFO [http-apr-8086-exec-90] org.apache.catalina.core.ApplicationContext.log Manager: restart: Reloading web application '/AnhKyYeu'
21-Mar-2017 22:51:58.661 INFO [http-apr-8086-exec-65] org.apache.catalina.core.ApplicationContext.log Manager: list: Listing contexts for virtual host 'localhost'
21-Mar-2017 22:52:54.476 INFO [http-apr-8086-exec-107] org.apache.catalina.core.ApplicationContext.log Manager: list: Listing contexts for virtual host 'localhost'
21-Mar-2017 22:52:54.975 INFO [http-apr-8086-exec-19] org.apache.catalina.core.ApplicationContext.log Manager: list: Listing contexts for virtual host 'localhost'
21-Mar-2017 22:52:56.470 INFO [http-apr-8086-exec-110] org.apache.catalina.core.ApplicationContext.log Manager: list: Listing contexts for virtual host 'localhost'
21-Mar-2017 22:52:56.489 INFO [http-apr-8086-exec-119] org.apache.catalina.core.ApplicationContext.log Manager: restart: Reloading web application '/AnhKyYeu'
21-Mar-2017 22:53:07.421 INFO [http-apr-8086-exec-63] org.apache.catalina.core.ApplicationContext.log Manager: list: Listing contexts for virtual host 'localhost'
21-Mar-2017 22:53:07.431 INFO [http-apr-8086-exec-104] org.apache.catalina.core.ApplicationContext.log Manager: restart: Reloading web application '/AnhKyYeu'
21-Mar-2017 22:53:30.456 INFO [http-apr-8086-exec-116] org.apache.catalina.core.ApplicationContext.log Manager: list: Listing contexts for virtual host 'localhost'
21-Mar-2017 22:53:30.475 INFO [http-apr-8086-exec-107] org.apache.catalina.core.ApplicationContext.log Manager: restart: Reloading web application '/AnhKyYeu'
21-Mar-2017 22:53:33.540 INFO [http-apr-8086-exec-118] org.apache.catalina.core.ApplicationContext.log Manager: list: Listing contexts for virtual host 'localhost'
21-Mar-2017 22:53:33.553 INFO [http-apr-8086-exec-98] org.apache.catalina.core.ApplicationContext.log Manager: stop: Stopping web application '/AnhKyYeu'
21-Mar-2017 22:53:33.563 INFO [http-apr-8086-exec-125] org.apache.catalina.core.ApplicationContext.log Manager: start: Starting web application '/AnhKyYeu'
21-Mar-2017 22:53:44.835 INFO [http-apr-8086-exec-127] org.apache.catalina.core.ApplicationContext.log Manager: list: Listing contexts for virtual host 'localhost'
21-Mar-2017 22:53:44.844 INFO [http-apr-8086-exec-102] org.apache.catalina.core.ApplicationContext.log Manager: restart: Reloading web application '/AnhKyYeu'
21-Mar-2017 22:53:47.863 INFO [http-apr-8086-exec-128] org.apache.catalina.core.ApplicationContext.log Manager: list: Listing contexts for virtual host 'localhost'
21-Mar-2017 22:53:47.873 INFO [http-apr-8086-exec-116] org.apache.catalina.core.ApplicationContext.log Manager: restart: Reloading web application '/AnhKyYeu'
21-Mar-2017 22:53:50.760 INFO [http-apr-8086-exec-124] org.apache.catalina.core.ApplicationContext.log Manager: list: Listing contexts for virtual host 'localhost'
21-Mar-2017 22:53:50.768 INFO [http-apr-8086-exec-99] org.apache.catalina.core.ApplicationContext.log Manager: restart: Reloading web application '/AnhKyYeu'
21-Mar-2017 22:54:30.334 INFO [http-apr-8086-exec-112] org.apache.catalina.core.ApplicationContext.log Manager: list: Listing contexts for virtual host 'localhost'
21-Mar-2017 22:56:00.867 INFO [http-apr-8086-exec-139] org.apache.catalina.core.ApplicationContext.log Manager: list: Listing contexts for virtual host 'localhost'
21-Mar-2017 22:56:00.876 INFO [http-apr-8086-exec-135] org.apache.catalina.core.ApplicationContext.log Manager: restart: Reloading web application '/AnhKyYeu'
21-Mar-2017 22:56:03.702 INFO [http-apr-8086-exec-132] org.apache.catalina.core.ApplicationContext.log Manager: list: Listing contexts for virtual host 'localhost'
21-Mar-2017 22:56:03.712 INFO [http-apr-8086-exec-136] org.apache.catalina.core.ApplicationContext.log Manager: restart: Reloading web application '/AnhKyYeu'
21-Mar-2017 23:57:57.172 INFO [http-apr-8086-exec-157] org.apache.catalina.core.ApplicationContext.log Manager: list: Listing contexts for virtual host 'localhost'
21-Mar-2017 23:58:21.888 INFO [http-apr-8086-exec-148] org.apache.catalina.core.ApplicationContext.log Manager: list: Listing contexts for virtual host 'localhost'
21-Mar-2017 23:59:34.241 INFO [http-apr-8086-exec-157] org.apache.catalina.core.ApplicationContext.log Manager: list: Listing contexts for virtual host 'localhost'
21-Mar-2017 23:59:34.800 INFO [http-apr-8086-exec-161] org.apache.catalina.core.ApplicationContext.log Manager: list: Listing contexts for virtual host 'localhost'
21-Mar-2017 23:59:36.511 INFO [http-apr-8086-exec-147] org.apache.catalina.core.ApplicationContext.log Manager: list: Listing contexts for virtual host 'localhost'
21-Mar-2017 23:59:36.522 INFO [http-apr-8086-exec-148] org.apache.catalina.core.ApplicationContext.log Manager: restart: Reloading web application '/AnhKyYeu'
21-Mar-2017 23:59:49.195 INFO [http-apr-8086-exec-156] org.apache.catalina.core.ApplicationContext.log Manager: list: Listing contexts for virtual host 'localhost'
21-Mar-2017 23:59:49.206 INFO [http-apr-8086-exec-165] org.apache.catalina.core.ApplicationContext.log Manager: restart: Reloading web application '/AnhKyYeu'
