24-Feb-2017 00:01:20.986 INFO [http-apr-8086-exec-53] org.apache.catalina.core.ApplicationContext.log Manager: list: Listing contexts for virtual host 'localhost'
24-Feb-2017 00:01:20.991 INFO [http-apr-8086-exec-40] org.apache.catalina.core.ApplicationContext.log Manager: restart: Reloading web application '/AnhKyYeu'
24-Feb-2017 00:02:10.498 INFO [http-apr-8086-exec-42] org.apache.catalina.core.ApplicationContext.log Manager: list: Listing contexts for virtual host 'localhost'
24-Feb-2017 00:02:10.514 INFO [http-apr-8086-exec-55] org.apache.catalina.core.ApplicationContext.log Manager: restart: Reloading web application '/AnhKyYeu'
24-Feb-2017 00:04:07.344 INFO [http-apr-8086-exec-52] org.apache.catalina.core.ApplicationContext.log Manager: list: Listing contexts for virtual host 'localhost'
24-Feb-2017 00:04:07.360 INFO [http-apr-8086-exec-50] org.apache.catalina.core.ApplicationContext.log Manager: restart: Reloading web application '/AnhKyYeu'
24-Feb-2017 00:04:23.505 INFO [http-apr-8086-exec-38] org.apache.catalina.core.ApplicationContext.log Manager: list: Listing contexts for virtual host 'localhost'
24-Feb-2017 00:04:23.527 INFO [http-apr-8086-exec-54] org.apache.catalina.core.ApplicationContext.log Manager: restart: Reloading web application '/AnhKyYeu'
24-Feb-2017 00:04:57.712 INFO [http-apr-8086-exec-44] org.apache.catalina.core.ApplicationContext.log Manager: list: Listing contexts for virtual host 'localhost'
24-Feb-2017 00:04:57.728 INFO [http-apr-8086-exec-42] org.apache.catalina.core.ApplicationContext.log Manager: restart: Reloading web application '/AnhKyYeu'
24-Feb-2017 00:06:07.187 INFO [http-apr-8086-exec-74] org.apache.catalina.core.ApplicationContext.log Manager: list: Listing contexts for virtual host 'localhost'
24-Feb-2017 00:06:07.203 INFO [http-apr-8086-exec-53] org.apache.catalina.core.ApplicationContext.log Manager: restart: Reloading web application '/AnhKyYeu'
24-Feb-2017 00:06:09.908 INFO [http-apr-8086-exec-73] org.apache.catalina.core.ApplicationContext.log Manager: list: Listing contexts for virtual host 'localhost'
24-Feb-2017 00:06:09.908 INFO [http-apr-8086-exec-44] org.apache.catalina.core.ApplicationContext.log Manager: restart: Reloading web application '/AnhKyYeu'
24-Feb-2017 00:06:53.263 INFO [http-apr-8086-exec-46] org.apache.catalina.core.ApplicationContext.log Manager: list: Listing contexts for virtual host 'localhost'
24-Feb-2017 00:06:53.295 INFO [http-apr-8086-exec-77] org.apache.catalina.core.ApplicationContext.log Manager: restart: Reloading web application '/AnhKyYeu'
24-Feb-2017 00:07:19.105 INFO [http-apr-8086-exec-51] org.apache.catalina.core.ApplicationContext.log Manager: list: Listing contexts for virtual host 'localhost'
24-Feb-2017 00:07:19.105 INFO [http-apr-8086-exec-82] org.apache.catalina.core.ApplicationContext.log Manager: restart: Reloading web application '/AnhKyYeu'
24-Feb-2017 00:07:21.812 INFO [http-apr-8086-exec-57] org.apache.catalina.core.ApplicationContext.log Manager: list: Listing contexts for virtual host 'localhost'
24-Feb-2017 00:07:21.828 INFO [http-apr-8086-exec-65] org.apache.catalina.core.ApplicationContext.log Manager: restart: Reloading web application '/AnhKyYeu'
24-Feb-2017 00:07:52.748 INFO [http-apr-8086-exec-85] org.apache.catalina.core.ApplicationContext.log Manager: list: Listing contexts for virtual host 'localhost'
24-Feb-2017 00:07:52.753 INFO [http-apr-8086-exec-74] org.apache.catalina.core.ApplicationContext.log Manager: restart: Reloading web application '/AnhKyYeu'
24-Feb-2017 00:07:59.840 INFO [http-apr-8086-exec-51] org.apache.catalina.core.ApplicationContext.log Manager: list: Listing contexts for virtual host 'localhost'
24-Feb-2017 00:07:59.859 INFO [http-apr-8086-exec-46] org.apache.catalina.core.ApplicationContext.log Manager: restart: Reloading web application '/AnhKyYeu'
24-Feb-2017 00:12:27.536 INFO [http-apr-8086-exec-100] org.apache.catalina.core.ApplicationContext.log Manager: list: Listing contexts for virtual host 'localhost'
24-Feb-2017 00:12:27.536 INFO [http-apr-8086-exec-97] org.apache.catalina.core.ApplicationContext.log Manager: list: Listing contexts for virtual host 'localhost'
24-Feb-2017 00:12:27.536 INFO [http-apr-8086-exec-94] org.apache.catalina.core.ApplicationContext.log Manager: undeploy: Undeploying web application at '/AnhKyYeu'
24-Feb-2017 00:12:28.552 INFO [http-apr-8086-exec-101] org.apache.catalina.core.ApplicationContext.log Manager: install: Installing context configuration at 'file:/C:/Users/BVHIEN/AppData/Local/Temp/context8432739743790360421.xml'
24-Feb-2017 00:12:31.274 INFO [http-apr-8086-exec-39] org.apache.catalina.core.ApplicationContext.log Manager: start: Starting web application '/AnhKyYeu'
24-Feb-2017 00:16:42.335 INFO [http-apr-8086-exec-118] org.apache.catalina.core.ApplicationContext.log Manager: list: Listing contexts for virtual host 'localhost'
24-Feb-2017 00:16:42.356 INFO [http-apr-8086-exec-119] org.apache.catalina.core.ApplicationContext.log Manager: restart: Reloading web application '/AnhKyYeu'
24-Feb-2017 00:16:45.593 INFO [http-apr-8086-exec-102] org.apache.catalina.core.ApplicationContext.log Manager: list: Listing contexts for virtual host 'localhost'
24-Feb-2017 00:16:45.608 INFO [http-apr-8086-exec-103] org.apache.catalina.core.ApplicationContext.log Manager: restart: Reloading web application '/AnhKyYeu'
24-Feb-2017 00:19:04.782 INFO [http-apr-8086-exec-133] org.apache.catalina.core.ApplicationContext.log Manager: list: Listing contexts for virtual host 'localhost'
24-Feb-2017 00:19:04.805 INFO [http-apr-8086-exec-134] org.apache.catalina.core.ApplicationContext.log Manager: restart: Reloading web application '/AnhKyYeu'
24-Feb-2017 00:19:28.696 INFO [http-apr-8086-exec-126] org.apache.catalina.core.ApplicationContext.log Manager: list: Listing contexts for virtual host 'localhost'
24-Feb-2017 00:20:29.335 INFO [http-apr-8086-exec-146] org.apache.catalina.core.ApplicationContext.log Manager: list: Listing contexts for virtual host 'localhost'
24-Feb-2017 00:21:26.040 INFO [http-apr-8086-exec-112] org.apache.catalina.core.ApplicationContext.log Manager: list: Listing contexts for virtual host 'localhost'
24-Feb-2017 00:22:19.555 INFO [http-apr-8086-exec-128] org.apache.catalina.core.ApplicationContext.log Manager: list: Listing contexts for virtual host 'localhost'
24-Feb-2017 00:22:49.638 INFO [http-apr-8086-exec-155] org.apache.catalina.core.ApplicationContext.log Manager: list: Listing contexts for virtual host 'localhost'
24-Feb-2017 00:22:49.638 INFO [http-apr-8086-exec-158] org.apache.catalina.core.ApplicationContext.log Manager: restart: Reloading web application '/AnhKyYeu'
24-Feb-2017 00:23:03.597 INFO [http-apr-8086-exec-142] org.apache.catalina.core.ApplicationContext.log Manager: list: Listing contexts for virtual host 'localhost'
24-Feb-2017 00:24:18.438 INFO [http-apr-8086-exec-152] org.apache.catalina.core.ApplicationContext.log Manager: list: Listing contexts for virtual host 'localhost'
24-Feb-2017 00:24:34.609 INFO [http-apr-8086-exec-126] org.apache.catalina.core.ApplicationContext.log Manager: list: Listing contexts for virtual host 'localhost'
