30-Mar-2017 00:00:07.084 INFO [http-apr-8089-exec-51] org.apache.catalina.core.ApplicationContext.log Manager: list: Listing contexts for virtual host 'localhost'
30-Mar-2017 00:00:42.942 INFO [http-apr-8089-exec-35] org.apache.catalina.core.ApplicationContext.log Manager: list: Listing contexts for virtual host 'localhost'
30-Mar-2017 00:00:45.633 INFO [http-apr-8089-exec-38] org.apache.catalina.core.ApplicationContext.log Manager: list: Listing contexts for virtual host 'localhost'
30-Mar-2017 00:01:11.782 INFO [http-apr-8089-exec-46] org.apache.catalina.core.ApplicationContext.log Manager: list: Listing contexts for virtual host 'localhost'
30-Mar-2017 00:01:28.662 INFO [http-apr-8089-exec-40] org.apache.catalina.core.ApplicationContext.log Manager: list: Listing contexts for virtual host 'localhost'
30-Mar-2017 00:01:55.429 INFO [http-apr-8089-exec-39] org.apache.catalina.core.ApplicationContext.log Manager: list: Listing contexts for virtual host 'localhost'
30-Mar-2017 00:01:55.431 INFO [http-apr-8089-exec-30] org.apache.catalina.core.ApplicationContext.log Manager: list: Listing contexts for virtual host 'localhost'
30-Mar-2017 22:05:08.284 INFO [http-apr-8089-exec-12] org.apache.catalina.core.ApplicationContext.log Manager: init: Associated with Deployer 'Catalina:type=Deployer,host=localhost'
30-Mar-2017 22:05:08.285 INFO [http-apr-8089-exec-12] org.apache.catalina.core.ApplicationContext.log Manager: init: Global resources are available
30-Mar-2017 22:05:08.286 INFO [http-apr-8089-exec-12] org.apache.catalina.core.ApplicationContext.log Manager: list: Listing contexts for virtual host 'localhost'
30-Mar-2017 22:05:08.298 INFO [http-apr-8089-exec-13] org.apache.catalina.core.ApplicationContext.log Manager: list: Listing contexts for virtual host 'localhost'
30-Mar-2017 22:05:08.429 INFO [http-apr-8089-exec-14] org.apache.catalina.core.ApplicationContext.log Manager: restart: Reloading web application '/AnhKyYeu'
30-Mar-2017 22:08:18.514 INFO [http-apr-8089-exec-26] org.apache.catalina.core.ApplicationContext.log Manager: list: Listing contexts for virtual host 'localhost'
30-Mar-2017 22:09:34.506 INFO [http-apr-8089-exec-18] org.apache.catalina.core.ApplicationContext.log Manager: list: Listing contexts for virtual host 'localhost'
30-Mar-2017 22:09:34.510 INFO [http-apr-8089-exec-16] org.apache.catalina.core.ApplicationContext.log Manager: list: Listing contexts for virtual host 'localhost'
30-Mar-2017 22:11:31.495 INFO [http-apr-8089-exec-26] org.apache.catalina.core.ApplicationContext.log Manager: list: Listing contexts for virtual host 'localhost'
30-Mar-2017 22:12:43.442 INFO [http-apr-8089-exec-30] org.apache.catalina.core.ApplicationContext.log Manager: list: Listing contexts for virtual host 'localhost'
30-Mar-2017 22:12:56.237 INFO [http-apr-8089-exec-29] org.apache.catalina.core.ApplicationContext.log Manager: list: Listing contexts for virtual host 'localhost'
30-Mar-2017 22:14:33.962 INFO [http-apr-8089-exec-23] org.apache.catalina.core.ApplicationContext.log Manager: list: Listing contexts for virtual host 'localhost'
30-Mar-2017 22:15:33.740 INFO [http-apr-8089-exec-31] org.apache.catalina.core.ApplicationContext.log Manager: list: Listing contexts for virtual host 'localhost'
30-Mar-2017 22:15:44.397 INFO [http-apr-8089-exec-17] org.apache.catalina.core.ApplicationContext.log Manager: list: Listing contexts for virtual host 'localhost'
30-Mar-2017 22:16:12.558 INFO [http-apr-8089-exec-29] org.apache.catalina.core.ApplicationContext.log Manager: list: Listing contexts for virtual host 'localhost'
30-Mar-2017 22:21:08.632 INFO [http-apr-8089-exec-21] org.apache.catalina.core.ApplicationContext.log Manager: list: Listing contexts for virtual host 'localhost'
30-Mar-2017 22:26:41.004 INFO [http-apr-8089-exec-24] org.apache.catalina.core.ApplicationContext.log Manager: list: Listing contexts for virtual host 'localhost'
30-Mar-2017 22:26:41.006 INFO [http-apr-8089-exec-29] org.apache.catalina.core.ApplicationContext.log Manager: list: Listing contexts for virtual host 'localhost'
30-Mar-2017 22:36:21.869 INFO [http-apr-8089-exec-31] org.apache.catalina.core.ApplicationContext.log Manager: list: Listing contexts for virtual host 'localhost'
30-Mar-2017 22:36:46.812 INFO [http-apr-8089-exec-20] org.apache.catalina.core.ApplicationContext.log Manager: list: Listing contexts for virtual host 'localhost'
30-Mar-2017 22:36:48.341 INFO [http-apr-8089-exec-21] org.apache.catalina.core.ApplicationContext.log Manager: list: Listing contexts for virtual host 'localhost'
30-Mar-2017 22:36:48.691 INFO [http-apr-8089-exec-24] org.apache.catalina.core.ApplicationContext.log Manager: list: Listing contexts for virtual host 'localhost'
30-Mar-2017 22:36:50.001 INFO [http-apr-8089-exec-17] org.apache.catalina.core.ApplicationContext.log Manager: list: Listing contexts for virtual host 'localhost'
30-Mar-2017 22:36:51.431 INFO [http-apr-8089-exec-16] org.apache.catalina.core.ApplicationContext.log Manager: list: Listing contexts for virtual host 'localhost'
30-Mar-2017 22:37:08.834 INFO [http-apr-8089-exec-32] org.apache.catalina.core.ApplicationContext.log Manager: list: Listing contexts for virtual host 'localhost'
30-Mar-2017 22:40:15.731 INFO [http-apr-8089-exec-24] org.apache.catalina.core.ApplicationContext.log Manager: list: Listing contexts for virtual host 'localhost'
30-Mar-2017 22:40:52.785 INFO [http-apr-8089-exec-34] org.apache.catalina.core.ApplicationContext.log Manager: list: Listing contexts for virtual host 'localhost'
30-Mar-2017 22:41:08.770 INFO [http-apr-8089-exec-18] org.apache.catalina.core.ApplicationContext.log Manager: list: Listing contexts for virtual host 'localhost'
30-Mar-2017 22:41:09.163 INFO [http-apr-8089-exec-20] org.apache.catalina.core.ApplicationContext.log Manager: list: Listing contexts for virtual host 'localhost'
30-Mar-2017 22:41:35.053 INFO [http-apr-8089-exec-33] org.apache.catalina.core.ApplicationContext.log Manager: list: Listing contexts for virtual host 'localhost'
30-Mar-2017 22:41:35.397 INFO [http-apr-8089-exec-30] org.apache.catalina.core.ApplicationContext.log Manager: list: Listing contexts for virtual host 'localhost'
30-Mar-2017 22:41:52.160 INFO [http-apr-8089-exec-25] org.apache.catalina.core.ApplicationContext.log Manager: list: Listing contexts for virtual host 'localhost'
30-Mar-2017 22:42:06.483 INFO [http-apr-8089-exec-15] org.apache.catalina.core.ApplicationContext.log Manager: list: Listing contexts for virtual host 'localhost'
30-Mar-2017 22:42:48.823 INFO [http-apr-8089-exec-17] org.apache.catalina.core.ApplicationContext.log Manager: list: Listing contexts for virtual host 'localhost'
30-Mar-2017 22:42:49.243 INFO [http-apr-8089-exec-38] org.apache.catalina.core.ApplicationContext.log Manager: list: Listing contexts for virtual host 'localhost'
30-Mar-2017 22:42:50.336 INFO [http-apr-8089-exec-29] org.apache.catalina.core.ApplicationContext.log Manager: list: Listing contexts for virtual host 'localhost'
30-Mar-2017 22:43:09.888 INFO [http-apr-8089-exec-35] org.apache.catalina.core.ApplicationContext.log Manager: list: Listing contexts for virtual host 'localhost'
30-Mar-2017 22:43:10.411 INFO [http-apr-8089-exec-20] org.apache.catalina.core.ApplicationContext.log Manager: list: Listing contexts for virtual host 'localhost'
30-Mar-2017 22:43:11.409 INFO [http-apr-8089-exec-24] org.apache.catalina.core.ApplicationContext.log Manager: list: Listing contexts for virtual host 'localhost'
30-Mar-2017 22:43:23.652 INFO [http-apr-8089-exec-37] org.apache.catalina.core.ApplicationContext.log Manager: list: Listing contexts for virtual host 'localhost'
30-Mar-2017 22:43:24.056 INFO [http-apr-8089-exec-22] org.apache.catalina.core.ApplicationContext.log Manager: list: Listing contexts for virtual host 'localhost'
30-Mar-2017 22:43:35.038 INFO [http-apr-8089-exec-31] org.apache.catalina.core.ApplicationContext.log Manager: list: Listing contexts for virtual host 'localhost'
30-Mar-2017 22:44:07.427 INFO [http-apr-8089-exec-38] org.apache.catalina.core.ApplicationContext.log Manager: list: Listing contexts for virtual host 'localhost'
30-Mar-2017 22:44:07.446 INFO [http-apr-8089-exec-27] org.apache.catalina.core.ApplicationContext.log Manager: list: Listing contexts for virtual host 'localhost'
30-Mar-2017 22:45:02.542 INFO [http-apr-8089-exec-18] org.apache.catalina.core.ApplicationContext.log Manager: list: Listing contexts for virtual host 'localhost'
30-Mar-2017 22:46:29.175 INFO [http-apr-8089-exec-27] org.apache.catalina.core.ApplicationContext.log Manager: list: Listing contexts for virtual host 'localhost'
30-Mar-2017 22:46:47.724 INFO [http-apr-8089-exec-21] org.apache.catalina.core.ApplicationContext.log Manager: list: Listing contexts for virtual host 'localhost'
30-Mar-2017 22:47:31.149 INFO [http-apr-8089-exec-38] org.apache.catalina.core.ApplicationContext.log Manager: list: Listing contexts for virtual host 'localhost'
30-Mar-2017 22:47:43.969 INFO [http-apr-8089-exec-22] org.apache.catalina.core.ApplicationContext.log Manager: list: Listing contexts for virtual host 'localhost'
30-Mar-2017 22:49:24.332 INFO [http-apr-8089-exec-35] org.apache.catalina.core.ApplicationContext.log Manager: list: Listing contexts for virtual host 'localhost'
30-Mar-2017 22:49:43.987 INFO [http-apr-8089-exec-21] org.apache.catalina.core.ApplicationContext.log Manager: list: Listing contexts for virtual host 'localhost'
30-Mar-2017 22:49:56.482 INFO [http-apr-8089-exec-34] org.apache.catalina.core.ApplicationContext.log Manager: list: Listing contexts for virtual host 'localhost'
30-Mar-2017 22:50:04.898 INFO [http-apr-8089-exec-25] org.apache.catalina.core.ApplicationContext.log Manager: list: Listing contexts for virtual host 'localhost'
30-Mar-2017 22:54:45.588 INFO [http-apr-8089-exec-11] org.apache.catalina.core.ApplicationContext.log Manager: init: Associated with Deployer 'Catalina:type=Deployer,host=localhost'
30-Mar-2017 22:54:45.589 INFO [http-apr-8089-exec-11] org.apache.catalina.core.ApplicationContext.log Manager: init: Global resources are available
30-Mar-2017 22:54:45.590 INFO [http-apr-8089-exec-11] org.apache.catalina.core.ApplicationContext.log Manager: list: Listing contexts for virtual host 'localhost'
30-Mar-2017 22:54:45.621 INFO [http-apr-8089-exec-12] org.apache.catalina.core.ApplicationContext.log Manager: list: Listing contexts for virtual host 'localhost'
30-Mar-2017 22:54:45.736 INFO [http-apr-8089-exec-13] org.apache.catalina.core.ApplicationContext.log Manager: stop: Stopping web application '/AnhKyYeu'
30-Mar-2017 22:54:45.787 INFO [http-apr-8089-exec-14] org.apache.catalina.core.ApplicationContext.log Manager: start: Starting web application '/AnhKyYeu'
30-Mar-2017 22:55:01.082 INFO [http-apr-8089-exec-6] org.apache.catalina.core.ApplicationContext.log Manager: list: Listing contexts for virtual host 'localhost'
30-Mar-2017 22:55:01.085 INFO [http-apr-8089-exec-3] org.apache.catalina.core.ApplicationContext.log Manager: list: Listing contexts for virtual host 'localhost'
30-Mar-2017 22:55:14.671 INFO [http-apr-8089-exec-12] org.apache.catalina.core.ApplicationContext.log Manager: list: Listing contexts for virtual host 'localhost'
30-Mar-2017 22:55:14.682 INFO [http-apr-8089-exec-15] org.apache.catalina.core.ApplicationContext.log Manager: stop: Stopping web application '/AnhKyYeu'
30-Mar-2017 22:55:14.735 INFO [http-apr-8089-exec-15] org.apache.catalina.core.ApplicationContext.log Manager: start: Starting web application '/AnhKyYeu'
30-Mar-2017 22:55:17.713 INFO [http-apr-8089-exec-32] org.apache.catalina.core.ApplicationContext.log Manager: list: Listing contexts for virtual host 'localhost'
30-Mar-2017 22:55:17.723 INFO [http-apr-8089-exec-20] org.apache.catalina.core.ApplicationContext.log Manager: list: Listing contexts for virtual host 'localhost'
30-Mar-2017 22:55:18.994 INFO [http-apr-8089-exec-6] org.apache.catalina.core.ApplicationContext.log Manager: stop: Stopping web application '/AnhKyYeu'
30-Mar-2017 22:55:19.012 INFO [http-apr-8089-exec-24] org.apache.catalina.core.ApplicationContext.log Manager: start: Starting web application '/AnhKyYeu'
30-Mar-2017 22:55:47.677 INFO [http-apr-8089-exec-4] org.apache.catalina.core.ApplicationContext.log Manager: list: Listing contexts for virtual host 'localhost'
30-Mar-2017 22:55:47.691 INFO [http-apr-8089-exec-1] org.apache.catalina.core.ApplicationContext.log Manager: stop: Stopping web application '/AnhKyYeu'
30-Mar-2017 22:55:47.700 INFO [http-apr-8089-exec-31] org.apache.catalina.core.ApplicationContext.log Manager: start: Starting web application '/AnhKyYeu'
30-Mar-2017 22:55:55.553 INFO [http-apr-8089-exec-27] org.apache.catalina.core.ApplicationContext.log Manager: list: Listing contexts for virtual host 'localhost'
30-Mar-2017 22:55:55.556 INFO [http-apr-8089-exec-32] org.apache.catalina.core.ApplicationContext.log Manager: list: Listing contexts for virtual host 'localhost'
30-Mar-2017 22:55:55.666 INFO [http-apr-8089-exec-5] org.apache.catalina.core.ApplicationContext.log Manager: stop: Stopping web application '/AnhKyYeu'
30-Mar-2017 22:55:55.680 INFO [http-apr-8089-exec-25] org.apache.catalina.core.ApplicationContext.log Manager: start: Starting web application '/AnhKyYeu'
30-Mar-2017 22:56:05.361 INFO [http-apr-8089-exec-11] org.apache.catalina.core.ApplicationContext.log Manager: list: Listing contexts for virtual host 'localhost'
30-Mar-2017 22:56:05.374 INFO [http-apr-8089-exec-37] org.apache.catalina.core.ApplicationContext.log Manager: stop: Stopping web application '/AnhKyYeu'
30-Mar-2017 22:56:05.390 INFO [http-apr-8089-exec-34] org.apache.catalina.core.ApplicationContext.log Manager: start: Starting web application '/AnhKyYeu'
30-Mar-2017 22:56:10.794 INFO [http-apr-8089-exec-32] org.apache.catalina.core.ApplicationContext.log Manager: list: Listing contexts for virtual host 'localhost'
30-Mar-2017 22:56:10.797 INFO [http-apr-8089-exec-27] org.apache.catalina.core.ApplicationContext.log Manager: list: Listing contexts for virtual host 'localhost'
30-Mar-2017 22:56:10.910 INFO [http-apr-8089-exec-5] org.apache.catalina.core.ApplicationContext.log Manager: stop: Stopping web application '/AnhKyYeu'
30-Mar-2017 22:56:11.085 INFO [http-apr-8089-exec-37] org.apache.catalina.core.ApplicationContext.log Manager: start: Starting web application '/AnhKyYeu'
30-Mar-2017 22:58:35.703 INFO [http-apr-8089-exec-14] org.apache.catalina.core.ApplicationContext.log Manager: list: Listing contexts for virtual host 'localhost'
30-Mar-2017 22:58:35.714 INFO [http-apr-8089-exec-18] org.apache.catalina.core.ApplicationContext.log Manager: stop: Stopping web application '/AnhKyYeu'
30-Mar-2017 22:58:35.733 INFO [http-apr-8089-exec-18] org.apache.catalina.core.ApplicationContext.log Manager: start: Starting web application '/AnhKyYeu'
30-Mar-2017 22:58:42.235 INFO [http-apr-8089-exec-49] org.apache.catalina.core.ApplicationContext.log Manager: list: Listing contexts for virtual host 'localhost'
30-Mar-2017 22:58:42.238 INFO [http-apr-8089-exec-8] org.apache.catalina.core.ApplicationContext.log Manager: list: Listing contexts for virtual host 'localhost'
30-Mar-2017 22:58:42.356 INFO [http-apr-8089-exec-28] org.apache.catalina.core.ApplicationContext.log Manager: stop: Stopping web application '/AnhKyYeu'
30-Mar-2017 22:58:44.051 INFO [http-apr-8089-exec-1] org.apache.catalina.core.ApplicationContext.log Manager: start: Starting web application '/AnhKyYeu'
30-Mar-2017 22:58:59.486 INFO [http-apr-8089-exec-42] org.apache.catalina.core.ApplicationContext.log Manager: list: Listing contexts for virtual host 'localhost'
30-Mar-2017 22:58:59.496 INFO [http-apr-8089-exec-46] org.apache.catalina.core.ApplicationContext.log Manager: stop: Stopping web application '/AnhKyYeu'
30-Mar-2017 22:58:59.513 INFO [http-apr-8089-exec-52] org.apache.catalina.core.ApplicationContext.log Manager: start: Starting web application '/AnhKyYeu'
30-Mar-2017 22:59:02.143 INFO [http-apr-8089-exec-14] org.apache.catalina.core.ApplicationContext.log Manager: list: Listing contexts for virtual host 'localhost'
30-Mar-2017 22:59:02.146 INFO [http-apr-8089-exec-11] org.apache.catalina.core.ApplicationContext.log Manager: list: Listing contexts for virtual host 'localhost'
30-Mar-2017 22:59:02.304 INFO [http-apr-8089-exec-35] org.apache.catalina.core.ApplicationContext.log Manager: stop: Stopping web application '/AnhKyYeu'
30-Mar-2017 22:59:02.312 INFO [http-apr-8089-exec-52] org.apache.catalina.core.ApplicationContext.log Manager: start: Starting web application '/AnhKyYeu'
30-Mar-2017 22:59:14.901 INFO [http-apr-8089-exec-14] org.apache.catalina.core.ApplicationContext.log Manager: list: Listing contexts for virtual host 'localhost'
30-Mar-2017 22:59:14.910 INFO [http-apr-8089-exec-42] org.apache.catalina.core.ApplicationContext.log Manager: stop: Stopping web application '/AnhKyYeu'
30-Mar-2017 22:59:14.918 INFO [http-apr-8089-exec-45] org.apache.catalina.core.ApplicationContext.log Manager: start: Starting web application '/AnhKyYeu'
30-Mar-2017 22:59:18.648 INFO [http-apr-8089-exec-32] org.apache.catalina.core.ApplicationContext.log Manager: list: Listing contexts for virtual host 'localhost'
30-Mar-2017 22:59:18.651 INFO [http-apr-8089-exec-38] org.apache.catalina.core.ApplicationContext.log Manager: list: Listing contexts for virtual host 'localhost'
30-Mar-2017 22:59:18.751 INFO [http-apr-8089-exec-35] org.apache.catalina.core.ApplicationContext.log Manager: stop: Stopping web application '/AnhKyYeu'
30-Mar-2017 22:59:18.765 INFO [http-apr-8089-exec-35] org.apache.catalina.core.ApplicationContext.log Manager: start: Starting web application '/AnhKyYeu'
30-Mar-2017 23:00:45.248 INFO [http-apr-8089-exec-61] org.apache.catalina.core.ApplicationContext.log Manager: list: Listing contexts for virtual host 'localhost'
30-Mar-2017 23:00:45.259 INFO [http-apr-8089-exec-57] org.apache.catalina.core.ApplicationContext.log Manager: stop: Stopping web application '/AnhKyYeu'
30-Mar-2017 23:00:45.277 INFO [http-apr-8089-exec-11] org.apache.catalina.core.ApplicationContext.log Manager: start: Starting web application '/AnhKyYeu'
30-Mar-2017 23:00:50.934 INFO [http-apr-8089-exec-58] org.apache.catalina.core.ApplicationContext.log Manager: list: Listing contexts for virtual host 'localhost'
30-Mar-2017 23:00:50.937 INFO [http-apr-8089-exec-56] org.apache.catalina.core.ApplicationContext.log Manager: list: Listing contexts for virtual host 'localhost'
30-Mar-2017 23:00:51.024 INFO [http-apr-8089-exec-38] org.apache.catalina.core.ApplicationContext.log Manager: stop: Stopping web application '/AnhKyYeu'
30-Mar-2017 23:00:51.033 INFO [http-apr-8089-exec-27] org.apache.catalina.core.ApplicationContext.log Manager: start: Starting web application '/AnhKyYeu'
30-Mar-2017 23:02:15.932 INFO [http-apr-8089-exec-43] org.apache.catalina.core.ApplicationContext.log Manager: list: Listing contexts for virtual host 'localhost'
30-Mar-2017 23:02:15.934 INFO [http-apr-8089-exec-65] org.apache.catalina.core.ApplicationContext.log Manager: list: Listing contexts for virtual host 'localhost'
30-Mar-2017 23:02:46.995 INFO [http-apr-8089-exec-51] org.apache.catalina.core.ApplicationContext.log Manager: list: Listing contexts for virtual host 'localhost'
30-Mar-2017 23:02:46.997 INFO [http-apr-8089-exec-53] org.apache.catalina.core.ApplicationContext.log Manager: list: Listing contexts for virtual host 'localhost'
30-Mar-2017 23:03:29.098 INFO [http-apr-8089-exec-65] org.apache.catalina.core.ApplicationContext.log Manager: list: Listing contexts for virtual host 'localhost'
30-Mar-2017 23:03:29.105 INFO [http-apr-8089-exec-43] org.apache.catalina.core.ApplicationContext.log Manager: stop: Stopping web application '/AnhKyYeu'
30-Mar-2017 23:03:29.401 INFO [http-apr-8089-exec-57] org.apache.catalina.core.ApplicationContext.log Manager: start: Starting web application '/AnhKyYeu'
30-Mar-2017 23:04:20.624 INFO [http-apr-8089-exec-53] org.apache.catalina.core.ApplicationContext.log Manager: list: Listing contexts for virtual host 'localhost'
30-Mar-2017 23:04:20.632 INFO [http-apr-8089-exec-43] org.apache.catalina.core.ApplicationContext.log Manager: undeploy: Undeploying web application at '/AnhKyYeu'
30-Mar-2017 23:04:41.347 INFO [http-apr-8089-exec-48] org.apache.catalina.core.ApplicationContext.log Manager: list: Listing contexts for virtual host 'localhost'
30-Mar-2017 23:04:41.350 INFO [http-apr-8089-exec-88] org.apache.catalina.core.ApplicationContext.log Manager: list: Listing contexts for virtual host 'localhost'
30-Mar-2017 23:04:41.365 INFO [http-apr-8089-exec-70] org.apache.catalina.core.ApplicationContext.log Manager: install: Installing context configuration at 'file:/C:/Users/BUIVAN~1/AppData/Local/Temp/context7190272340478830563.xml'
30-Mar-2017 23:04:43.959 INFO [http-apr-8089-exec-63] org.apache.catalina.core.ApplicationContext.log Manager: start: Starting web application '/AnhKyYeu'
30-Mar-2017 23:06:25.940 INFO [110] org.apache.catalina.core.ApplicationContext.log Manager: list: Listing contexts for virtual host 'localhost'
30-Mar-2017 23:06:25.949 INFO [http-apr-8089-exec-87] org.apache.catalina.core.ApplicationContext.log Manager: restart: Reloading web application '/AnhKyYeu'
30-Mar-2017 23:06:39.151 INFO [http-apr-8089-exec-91] org.apache.catalina.core.ApplicationContext.log Manager: list: Listing contexts for virtual host 'localhost'
30-Mar-2017 23:06:39.161 INFO [http-apr-8089-exec-78] org.apache.catalina.core.ApplicationContext.log Manager: restart: Reloading web application '/AnhKyYeu'
30-Mar-2017 23:07:00.837 INFO [http-apr-8089-exec-94] org.apache.catalina.core.ApplicationContext.log Manager: list: Listing contexts for virtual host 'localhost'
30-Mar-2017 23:07:00.840 INFO [http-apr-8089-exec-95] org.apache.catalina.core.ApplicationContext.log Manager: list: Listing contexts for virtual host 'localhost'
30-Mar-2017 23:07:00.929 INFO [http-apr-8089-exec-97] org.apache.catalina.core.ApplicationContext.log Manager: restart: Reloading web application '/AnhKyYeu'
30-Mar-2017 23:08:02.825 INFO [http-apr-8089-exec-60] org.apache.catalina.core.ApplicationContext.log Manager: list: Listing contexts for virtual host 'localhost'
30-Mar-2017 23:08:02.833 INFO [http-apr-8089-exec-107] org.apache.catalina.core.ApplicationContext.log Manager: stop: Stopping web application '/AnhKyYeu'
30-Mar-2017 23:08:02.848 INFO [http-apr-8089-exec-88] org.apache.catalina.core.ApplicationContext.log Manager: start: Starting web application '/AnhKyYeu'
30-Mar-2017 23:08:18.995 INFO [http-apr-8089-exec-105] org.apache.catalina.core.ApplicationContext.log Manager: list: Listing contexts for virtual host 'localhost'
30-Mar-2017 23:08:18.998 INFO [http-apr-8089-exec-91] org.apache.catalina.core.ApplicationContext.log Manager: list: Listing contexts for virtual host 'localhost'
30-Mar-2017 23:08:19.081 INFO [http-apr-8089-exec-60] org.apache.catalina.core.ApplicationContext.log Manager: stop: Stopping web application '/AnhKyYeu'
30-Mar-2017 23:08:19.089 INFO [http-apr-8089-exec-106] org.apache.catalina.core.ApplicationContext.log Manager: start: Starting web application '/AnhKyYeu'
30-Mar-2017 23:10:29.776 INFO [http-apr-8089-exec-101] org.apache.catalina.core.ApplicationContext.log Manager: list: Listing contexts for virtual host 'localhost'
30-Mar-2017 23:10:30.154 INFO [http-apr-8089-exec-95] org.apache.catalina.core.ApplicationContext.log Manager: list: Listing contexts for virtual host 'localhost'
30-Mar-2017 23:10:45.655 INFO [http-apr-8089-exec-14] org.apache.catalina.core.ApplicationContext.log Manager: list: Listing contexts for virtual host 'localhost'
30-Mar-2017 23:11:03.677 INFO [http-apr-8089-exec-94] org.apache.catalina.core.ApplicationContext.log Manager: list: Listing contexts for virtual host 'localhost'
30-Mar-2017 23:11:13.424 INFO [http-apr-8089-exec-109] org.apache.catalina.core.ApplicationContext.log Manager: list: Listing contexts for virtual host 'localhost'
30-Mar-2017 23:11:27.588 INFO [http-apr-8089-exec-111] org.apache.catalina.core.ApplicationContext.log Manager: list: Listing contexts for virtual host 'localhost'
30-Mar-2017 23:11:54.007 INFO [http-apr-8089-exec-124] org.apache.catalina.core.ApplicationContext.log Manager: list: Listing contexts for virtual host 'localhost'
30-Mar-2017 23:12:30.521 INFO [http-apr-8089-exec-124] org.apache.catalina.core.ApplicationContext.log Manager: list: Listing contexts for virtual host 'localhost'
30-Mar-2017 23:12:30.879 INFO [http-apr-8089-exec-129] org.apache.catalina.core.ApplicationContext.log Manager: list: Listing contexts for virtual host 'localhost'
30-Mar-2017 23:14:55.822 INFO [http-apr-8089-exec-136] org.apache.catalina.core.ApplicationContext.log Manager: list: Listing contexts for virtual host 'localhost'
30-Mar-2017 23:15:12.434 INFO [http-apr-8089-exec-135] org.apache.catalina.core.ApplicationContext.log Manager: list: Listing contexts for virtual host 'localhost'
30-Mar-2017 23:15:21.919 INFO [http-apr-8089-exec-130] org.apache.catalina.core.ApplicationContext.log Manager: list: Listing contexts for virtual host 'localhost'
30-Mar-2017 23:35:53.585 INFO [http-apr-8089-exec-123] org.apache.catalina.core.ApplicationContext.log Manager: list: Listing contexts for virtual host 'localhost'
30-Mar-2017 23:36:20.078 INFO [http-apr-8089-exec-124] org.apache.catalina.core.ApplicationContext.log Manager: list: Listing contexts for virtual host 'localhost'
30-Mar-2017 23:36:29.790 INFO [http-apr-8089-exec-120] org.apache.catalina.core.ApplicationContext.log Manager: list: Listing contexts for virtual host 'localhost'
30-Mar-2017 23:36:40.202 INFO [http-apr-8089-exec-125] org.apache.catalina.core.ApplicationContext.log Manager: list: Listing contexts for virtual host 'localhost'
30-Mar-2017 23:42:36.000 INFO [http-apr-8089-exec-117] org.apache.catalina.core.ApplicationContext.log Manager: list: Listing contexts for virtual host 'localhost'
30-Mar-2017 23:42:46.798 INFO [http-apr-8089-exec-120] org.apache.catalina.core.ApplicationContext.log Manager: list: Listing contexts for virtual host 'localhost'
30-Mar-2017 23:43:02.843 INFO [http-apr-8089-exec-120] org.apache.catalina.core.ApplicationContext.log Manager: list: Listing contexts for virtual host 'localhost'
30-Mar-2017 23:43:20.256 INFO [http-apr-8089-exec-115] org.apache.catalina.core.ApplicationContext.log Manager: list: Listing contexts for virtual host 'localhost'
30-Mar-2017 23:54:02.117 INFO [http-apr-8089-exec-130] org.apache.catalina.core.ApplicationContext.log Manager: list: Listing contexts for virtual host 'localhost'
30-Mar-2017 23:54:22.798 INFO [http-apr-8089-exec-131] org.apache.catalina.core.ApplicationContext.log Manager: list: Listing contexts for virtual host 'localhost'
30-Mar-2017 23:54:23.143 INFO [http-apr-8089-exec-134] org.apache.catalina.core.ApplicationContext.log Manager: list: Listing contexts for virtual host 'localhost'
30-Mar-2017 23:54:32.467 INFO [http-apr-8089-exec-121] org.apache.catalina.core.ApplicationContext.log Manager: list: Listing contexts for virtual host 'localhost'
30-Mar-2017 23:54:43.264 INFO [http-apr-8089-exec-131] org.apache.catalina.core.ApplicationContext.log Manager: list: Listing contexts for virtual host 'localhost'
