08-Mar-2017 00:05:10.849 INFO [http-apr-8086-exec-11] org.apache.catalina.core.ApplicationContext.log Manager: init: Associated with Deployer 'Catalina:type=Deployer,host=localhost'
08-Mar-2017 00:05:10.849 INFO [http-apr-8086-exec-11] org.apache.catalina.core.ApplicationContext.log Manager: init: Global resources are available
08-Mar-2017 00:05:10.850 INFO [http-apr-8086-exec-11] org.apache.catalina.core.ApplicationContext.log Manager: list: Listing contexts for virtual host 'localhost'
08-Mar-2017 00:05:10.858 INFO [http-apr-8086-exec-12] org.apache.catalina.core.ApplicationContext.log Manager: list: Listing contexts for virtual host 'localhost'
08-Mar-2017 00:05:10.875 INFO [http-apr-8086-exec-13] org.apache.catalina.core.ApplicationContext.log Manager: undeploy: Undeploying web application at '/AnhKyYeu'
08-Mar-2017 00:05:11.462 INFO [http-apr-8086-exec-15] org.apache.catalina.core.ApplicationContext.log Manager: install: Installing context configuration at 'file:/C:/Users/BVHIEN/AppData/Local/Temp/context7401004768854066269.xml'
08-Mar-2017 00:05:14.481 INFO [http-apr-8086-exec-16] org.apache.catalina.core.ApplicationContext.log Manager: start: Starting web application '/AnhKyYeu'
08-Mar-2017 00:08:28.906 INFO [http-apr-8086-exec-18] org.apache.catalina.core.ApplicationContext.log Manager: list: Listing contexts for virtual host 'localhost'
08-Mar-2017 00:08:28.947 INFO [http-apr-8086-exec-16] org.apache.catalina.core.ApplicationContext.log Manager: restart: Reloading web application '/AnhKyYeu'
08-Mar-2017 00:08:42.048 INFO [http-apr-8086-exec-35] org.apache.catalina.core.ApplicationContext.log Manager: list: Listing contexts for virtual host 'localhost'
08-Mar-2017 00:08:42.051 INFO [http-apr-8086-exec-29] org.apache.catalina.core.ApplicationContext.log Manager: list: Listing contexts for virtual host 'localhost'
08-Mar-2017 00:08:42.063 INFO [http-apr-8086-exec-25] org.apache.catalina.core.ApplicationContext.log Manager: undeploy: Undeploying web application at '/AnhKyYeu'
08-Mar-2017 00:08:42.633 INFO [http-apr-8086-exec-27] org.apache.catalina.core.ApplicationContext.log Manager: install: Installing context configuration at 'file:/C:/Users/BVHIEN/AppData/Local/Temp/context8322220143426068634.xml'
08-Mar-2017 00:08:45.490 INFO [http-apr-8086-exec-33] org.apache.catalina.core.ApplicationContext.log Manager: start: Starting web application '/AnhKyYeu'
08-Mar-2017 00:13:40.968 INFO [http-apr-8086-exec-55] org.apache.catalina.core.ApplicationContext.log Manager: list: Listing contexts for virtual host 'localhost'
08-Mar-2017 00:13:41.004 INFO [http-apr-8086-exec-53] org.apache.catalina.core.ApplicationContext.log Manager: restart: Reloading web application '/AnhKyYeu'
08-Mar-2017 00:13:58.058 INFO [http-apr-8086-exec-46] org.apache.catalina.core.ApplicationContext.log Manager: list: Listing contexts for virtual host 'localhost'
08-Mar-2017 00:13:58.071 INFO [http-apr-8086-exec-57] org.apache.catalina.core.ApplicationContext.log Manager: restart: Reloading web application '/AnhKyYeu'
08-Mar-2017 00:14:39.081 INFO [http-apr-8086-exec-48] org.apache.catalina.core.ApplicationContext.log Manager: list: Listing contexts for virtual host 'localhost'
08-Mar-2017 00:14:39.116 INFO [http-apr-8086-exec-14] org.apache.catalina.core.ApplicationContext.log Manager: restart: Reloading web application '/AnhKyYeu'
08-Mar-2017 00:14:42.648 INFO [http-apr-8086-exec-54] org.apache.catalina.core.ApplicationContext.log Manager: list: Listing contexts for virtual host 'localhost'
08-Mar-2017 00:14:42.656 INFO [http-apr-8086-exec-66] org.apache.catalina.core.ApplicationContext.log Manager: restart: Reloading web application '/AnhKyYeu'
08-Mar-2017 14:25:00.799 INFO [http-apr-8086-exec-13] org.apache.catalina.core.ApplicationContext.log Manager: init: Associated with Deployer 'Catalina:type=Deployer,host=localhost'
08-Mar-2017 14:25:00.801 INFO [http-apr-8086-exec-13] org.apache.catalina.core.ApplicationContext.log Manager: init: Global resources are available
08-Mar-2017 14:25:00.807 INFO [http-apr-8086-exec-13] org.apache.catalina.core.ApplicationContext.log Manager: list: Listing contexts for virtual host 'localhost'
08-Mar-2017 14:25:00.838 INFO [http-apr-8086-exec-14] org.apache.catalina.core.ApplicationContext.log Manager: list: Listing contexts for virtual host 'localhost'
08-Mar-2017 14:25:00.883 INFO [http-apr-8086-exec-15] org.apache.catalina.core.ApplicationContext.log Manager: undeploy: Undeploying web application at '/AnhKyYeu'
08-Mar-2017 14:25:01.545 INFO [http-apr-8086-exec-17] org.apache.catalina.core.ApplicationContext.log Manager: install: Installing context configuration at 'file:/C:/Users/BVHIEN/AppData/Local/Temp/context8504113423509160298.xml'
08-Mar-2017 14:25:04.888 INFO [http-apr-8086-exec-18] org.apache.catalina.core.ApplicationContext.log Manager: start: Starting web application '/AnhKyYeu'
08-Mar-2017 14:28:31.291 INFO [http-apr-8086-exec-26] org.apache.catalina.core.ApplicationContext.log Manager: list: Listing contexts for virtual host 'localhost'
08-Mar-2017 14:28:31.314 INFO [http-apr-8086-exec-25] org.apache.catalina.core.ApplicationContext.log Manager: restart: Reloading web application '/AnhKyYeu'
08-Mar-2017 14:44:35.833 INFO [http-apr-8086-exec-49] org.apache.catalina.core.ApplicationContext.log Manager: list: Listing contexts for virtual host 'localhost'
08-Mar-2017 14:44:35.911 INFO [http-apr-8086-exec-55] org.apache.catalina.core.ApplicationContext.log Manager: list: Listing contexts for virtual host 'localhost'
08-Mar-2017 14:44:39.655 INFO [http-apr-8086-exec-44] org.apache.catalina.core.ApplicationContext.log Manager: list: Listing contexts for virtual host 'localhost'
08-Mar-2017 14:44:39.676 INFO [http-apr-8086-exec-45] org.apache.catalina.core.ApplicationContext.log Manager: restart: Reloading web application '/AnhKyYeu'
08-Mar-2017 14:45:10.294 INFO [http-apr-8086-exec-52] org.apache.catalina.core.ApplicationContext.log Manager: list: Listing contexts for virtual host 'localhost'
08-Mar-2017 14:45:10.314 INFO [http-apr-8086-exec-47] org.apache.catalina.core.ApplicationContext.log Manager: restart: Reloading web application '/AnhKyYeu'
08-Mar-2017 14:46:19.198 INFO [http-apr-8086-exec-62] org.apache.catalina.core.ApplicationContext.log Manager: list: Listing contexts for virtual host 'localhost'
08-Mar-2017 14:46:19.225 INFO [http-apr-8086-exec-64] org.apache.catalina.core.ApplicationContext.log Manager: restart: Reloading web application '/AnhKyYeu'
08-Mar-2017 14:46:23.449 INFO [http-apr-8086-exec-56] org.apache.catalina.core.ApplicationContext.log Manager: list: Listing contexts for virtual host 'localhost'
08-Mar-2017 14:46:23.461 INFO [http-apr-8086-exec-59] org.apache.catalina.core.ApplicationContext.log Manager: stop: Stopping web application '/AnhKyYeu'
08-Mar-2017 14:46:23.472 INFO [http-apr-8086-exec-31] org.apache.catalina.core.ApplicationContext.log Manager: start: Starting web application '/AnhKyYeu'
08-Mar-2017 14:46:26.572 INFO [http-apr-8086-exec-61] org.apache.catalina.core.ApplicationContext.log Manager: list: Listing contexts for virtual host 'localhost'
08-Mar-2017 14:46:26.581 INFO [http-apr-8086-exec-59] org.apache.catalina.core.ApplicationContext.log Manager: restart: Reloading web application '/AnhKyYeu'
08-Mar-2017 14:48:25.696 INFO [http-apr-8086-exec-61] org.apache.catalina.core.ApplicationContext.log Manager: list: Listing contexts for virtual host 'localhost'
08-Mar-2017 14:48:25.718 INFO [http-apr-8086-exec-41] org.apache.catalina.core.ApplicationContext.log Manager: restart: Reloading web application '/AnhKyYeu'
08-Mar-2017 14:48:58.806 INFO [http-apr-8086-exec-69] org.apache.catalina.core.ApplicationContext.log Manager: list: Listing contexts for virtual host 'localhost'
08-Mar-2017 14:48:58.815 INFO [http-apr-8086-exec-72] org.apache.catalina.core.ApplicationContext.log Manager: restart: Reloading web application '/AnhKyYeu'
08-Mar-2017 14:49:25.448 INFO [http-apr-8086-exec-67] org.apache.catalina.core.ApplicationContext.log Manager: list: Listing contexts for virtual host 'localhost'
08-Mar-2017 14:49:25.451 INFO [http-apr-8086-exec-62] org.apache.catalina.core.ApplicationContext.log Manager: list: Listing contexts for virtual host 'localhost'
08-Mar-2017 14:49:25.463 INFO [http-apr-8086-exec-55] org.apache.catalina.core.ApplicationContext.log Manager: undeploy: Undeploying web application at '/AnhKyYeu'
08-Mar-2017 14:49:26.042 INFO [http-apr-8086-exec-80] org.apache.catalina.core.ApplicationContext.log Manager: install: Installing context configuration at 'file:/C:/Users/BVHIEN/AppData/Local/Temp/context4411867491809005975.xml'
08-Mar-2017 14:49:28.897 INFO [http-apr-8086-exec-78] org.apache.catalina.core.ApplicationContext.log Manager: start: Starting web application '/AnhKyYeu'
08-Mar-2017 14:51:17.118 INFO [http-apr-8086-exec-91] org.apache.catalina.core.ApplicationContext.log Manager: list: Listing contexts for virtual host 'localhost'
08-Mar-2017 14:51:17.130 INFO [http-apr-8086-exec-86] org.apache.catalina.core.ApplicationContext.log Manager: restart: Reloading web application '/AnhKyYeu'
08-Mar-2017 14:51:33.032 INFO [http-apr-8086-exec-83] org.apache.catalina.core.ApplicationContext.log Manager: list: Listing contexts for virtual host 'localhost'
08-Mar-2017 14:51:33.040 INFO [http-apr-8086-exec-82] org.apache.catalina.core.ApplicationContext.log Manager: restart: Reloading web application '/AnhKyYeu'
08-Mar-2017 15:04:08.028 INFO [http-apr-8086-exec-108] org.apache.catalina.core.ApplicationContext.log Manager: list: Listing contexts for virtual host 'localhost'
08-Mar-2017 15:04:08.044 INFO [http-apr-8086-exec-109] org.apache.catalina.core.ApplicationContext.log Manager: restart: Reloading web application '/AnhKyYeu'
08-Mar-2017 15:04:13.046 INFO [http-apr-8086-exec-103] org.apache.catalina.core.ApplicationContext.log Manager: list: Listing contexts for virtual host 'localhost'
08-Mar-2017 15:04:13.054 INFO [http-apr-8086-exec-106] org.apache.catalina.core.ApplicationContext.log Manager: restart: Reloading web application '/AnhKyYeu'
08-Mar-2017 15:04:28.516 INFO [http-apr-8086-exec-113] org.apache.catalina.core.ApplicationContext.log Manager: list: Listing contexts for virtual host 'localhost'
08-Mar-2017 15:04:28.530 INFO [http-apr-8086-exec-91] org.apache.catalina.core.ApplicationContext.log Manager: restart: Reloading web application '/AnhKyYeu'
08-Mar-2017 15:10:06.875 INFO [http-apr-8086-exec-116] org.apache.catalina.core.ApplicationContext.log Manager: list: Listing contexts for virtual host 'localhost'
08-Mar-2017 15:10:06.878 INFO [http-apr-8086-exec-101] org.apache.catalina.core.ApplicationContext.log Manager: list: Listing contexts for virtual host 'localhost'
08-Mar-2017 15:10:06.889 INFO [http-apr-8086-exec-112] org.apache.catalina.core.ApplicationContext.log Manager: undeploy: Undeploying web application at '/AnhKyYeu'
08-Mar-2017 15:10:07.476 INFO [http-apr-8086-exec-124] org.apache.catalina.core.ApplicationContext.log Manager: install: Installing context configuration at 'file:/C:/Users/BVHIEN/AppData/Local/Temp/context4829263525328667825.xml'
08-Mar-2017 15:10:10.128 INFO [http-apr-8086-exec-114] org.apache.catalina.core.ApplicationContext.log Manager: start: Starting web application '/AnhKyYeu'
