08-Feb-2017 00:02:08.322 INFO [215] org.apache.catalina.core.ApplicationContext.log Manager: list: Listing contexts for virtual host 'localhost'
08-Feb-2017 00:02:08.360 INFO [http-apr-8086-exec-97] org.apache.catalina.core.ApplicationContext.log Manager: restart: Reloading web application '/AnhKyYeu'
08-Feb-2017 00:02:33.892 INFO [http-apr-8086-exec-154] org.apache.catalina.core.ApplicationContext.log Manager: list: Listing contexts for virtual host 'localhost'
08-Feb-2017 00:02:33.922 INFO [http-apr-8086-exec-152] org.apache.catalina.core.ApplicationContext.log Manager: restart: Reloading web application '/AnhKyYeu'
08-Feb-2017 00:02:36.640 INFO [http-apr-8086-exec-134] org.apache.catalina.core.ApplicationContext.log Manager: list: Listing contexts for virtual host 'localhost'
08-Feb-2017 00:02:36.650 INFO [http-apr-8086-exec-153] org.apache.catalina.core.ApplicationContext.log Manager: restart: Reloading web application '/AnhKyYeu'
08-Feb-2017 00:03:05.007 INFO [http-apr-8086-exec-156] org.apache.catalina.core.ApplicationContext.log Manager: list: Listing contexts for virtual host 'localhost'
08-Feb-2017 00:03:05.030 INFO [http-apr-8086-exec-161] org.apache.catalina.core.ApplicationContext.log Manager: restart: Reloading web application '/AnhKyYeu'
08-Feb-2017 00:03:08.666 INFO [http-apr-8086-exec-156] org.apache.catalina.core.ApplicationContext.log Manager: list: Listing contexts for virtual host 'localhost'
08-Feb-2017 00:03:18.538 INFO [http-apr-8086-exec-160] org.apache.catalina.core.ApplicationContext.log Manager: list: Listing contexts for virtual host 'localhost'
08-Feb-2017 00:07:16.786 INFO [http-apr-8086-exec-1] org.apache.catalina.core.ApplicationContext.log Manager: init: Associated with Deployer 'Catalina:type=Deployer,host=localhost'
08-Feb-2017 00:07:16.786 INFO [http-apr-8086-exec-1] org.apache.catalina.core.ApplicationContext.log Manager: init: Global resources are available
08-Feb-2017 00:07:16.787 INFO [http-apr-8086-exec-1] org.apache.catalina.core.ApplicationContext.log Manager: list: Listing contexts for virtual host 'localhost'
08-Feb-2017 00:07:16.794 INFO [http-apr-8086-exec-2] org.apache.catalina.core.ApplicationContext.log Manager: list: Listing contexts for virtual host 'localhost'
08-Feb-2017 00:07:16.805 INFO [http-apr-8086-exec-3] org.apache.catalina.core.ApplicationContext.log Manager: undeploy: Undeploying web application at '/AnhKyYeu'
08-Feb-2017 00:07:17.435 INFO [http-apr-8086-exec-24] org.apache.catalina.core.ApplicationContext.log Manager: install: Installing context configuration at 'file:/C:/Users/BVHIEN/AppData/Local/Temp/context2618225432147403535.xml'
08-Feb-2017 00:07:20.418 INFO [http-apr-8086-exec-15] org.apache.catalina.core.ApplicationContext.log Manager: start: Starting web application '/AnhKyYeu'
08-Feb-2017 00:12:07.350 INFO [http-apr-8086-exec-43] org.apache.catalina.core.ApplicationContext.log Manager: list: Listing contexts for virtual host 'localhost'
08-Feb-2017 00:12:07.354 INFO [http-apr-8086-exec-44] org.apache.catalina.core.ApplicationContext.log Manager: list: Listing contexts for virtual host 'localhost'
08-Feb-2017 00:12:07.401 INFO [http-apr-8086-exec-11] org.apache.catalina.core.ApplicationContext.log Manager: undeploy: Undeploying web application at '/AnhKyYeu'
08-Feb-2017 00:12:08.210 INFO [http-apr-8086-exec-42] org.apache.catalina.core.ApplicationContext.log Manager: install: Installing context configuration at 'file:/C:/Users/BVHIEN/AppData/Local/Temp/context8696869231422129431.xml'
08-Feb-2017 00:12:11.614 INFO [http-apr-8086-exec-41] org.apache.catalina.core.ApplicationContext.log Manager: start: Starting web application '/AnhKyYeu'
08-Feb-2017 00:14:33.193 INFO [http-apr-8086-exec-40] org.apache.catalina.core.ApplicationContext.log Manager: list: Listing contexts for virtual host 'localhost'
08-Feb-2017 00:17:37.684 INFO [http-apr-8086-exec-55] org.apache.catalina.core.ApplicationContext.log Manager: list: Listing contexts for virtual host 'localhost'
08-Feb-2017 00:23:00.576 INFO [http-apr-8086-exec-57] org.apache.catalina.core.ApplicationContext.log Manager: list: Listing contexts for virtual host 'localhost'
08-Feb-2017 00:23:23.411 INFO [http-apr-8086-exec-67] org.apache.catalina.core.ApplicationContext.log Manager: list: Listing contexts for virtual host 'localhost'
08-Feb-2017 00:29:25.155 INFO [http-apr-8086-exec-52] org.apache.catalina.core.ApplicationContext.log Manager: list: Listing contexts for virtual host 'localhost'
08-Feb-2017 00:29:25.198 INFO [http-apr-8086-exec-56] org.apache.catalina.core.ApplicationContext.log Manager: restart: Reloading web application '/AnhKyYeu'
08-Feb-2017 00:29:36.832 INFO [http-apr-8086-exec-61] org.apache.catalina.core.ApplicationContext.log Manager: list: Listing contexts for virtual host 'localhost'
08-Feb-2017 00:29:42.815 INFO [http-apr-8086-exec-68] org.apache.catalina.core.ApplicationContext.log Manager: list: Listing contexts for virtual host 'localhost'
08-Feb-2017 00:29:48.292 INFO [http-apr-8086-exec-63] org.apache.catalina.core.ApplicationContext.log Manager: list: Listing contexts for virtual host 'localhost'
08-Feb-2017 00:35:27.696 INFO [http-apr-8086-exec-74] org.apache.catalina.core.ApplicationContext.log Manager: list: Listing contexts for virtual host 'localhost'
08-Feb-2017 00:35:27.708 INFO [http-apr-8086-exec-79] org.apache.catalina.core.ApplicationContext.log Manager: restart: Reloading web application '/AnhKyYeu'
08-Feb-2017 00:37:20.497 INFO [http-apr-8086-exec-78] org.apache.catalina.core.ApplicationContext.log Manager: list: Listing contexts for virtual host 'localhost'
08-Feb-2017 00:37:20.511 INFO [http-apr-8086-exec-87] org.apache.catalina.core.ApplicationContext.log Manager: restart: Reloading web application '/AnhKyYeu'
08-Feb-2017 00:38:28.159 INFO [http-apr-8086-exec-86] org.apache.catalina.core.ApplicationContext.log Manager: list: Listing contexts for virtual host 'localhost'
08-Feb-2017 00:38:28.169 INFO [http-apr-8086-exec-65] org.apache.catalina.core.ApplicationContext.log Manager: restart: Reloading web application '/AnhKyYeu'
08-Feb-2017 00:42:19.415 INFO [http-apr-8086-exec-85] org.apache.catalina.core.ApplicationContext.log Manager: list: Listing contexts for virtual host 'localhost'
08-Feb-2017 00:42:19.425 INFO [http-apr-8086-exec-98] org.apache.catalina.core.ApplicationContext.log Manager: restart: Reloading web application '/AnhKyYeu'
08-Feb-2017 00:42:23.227 INFO [http-apr-8086-exec-99] org.apache.catalina.core.ApplicationContext.log Manager: list: Listing contexts for virtual host 'localhost'
08-Feb-2017 00:42:23.236 INFO [http-apr-8086-exec-75] org.apache.catalina.core.ApplicationContext.log Manager: restart: Reloading web application '/AnhKyYeu'
08-Feb-2017 00:43:01.781 INFO [http-apr-8086-exec-67] org.apache.catalina.core.ApplicationContext.log Manager: list: Listing contexts for virtual host 'localhost'
08-Feb-2017 00:43:01.789 INFO [http-apr-8086-exec-73] org.apache.catalina.core.ApplicationContext.log Manager: restart: Reloading web application '/AnhKyYeu'
08-Feb-2017 00:43:05.606 INFO [http-apr-8086-exec-76] org.apache.catalina.core.ApplicationContext.log Manager: list: Listing contexts for virtual host 'localhost'
08-Feb-2017 00:43:05.616 INFO [http-apr-8086-exec-113] org.apache.catalina.core.ApplicationContext.log Manager: restart: Reloading web application '/AnhKyYeu'
08-Feb-2017 00:44:30.956 INFO [http-apr-8086-exec-102] org.apache.catalina.core.ApplicationContext.log Manager: list: Listing contexts for virtual host 'localhost'
08-Feb-2017 00:44:30.997 INFO [http-apr-8086-exec-76] org.apache.catalina.core.ApplicationContext.log Manager: restart: Reloading web application '/AnhKyYeu'
