19-Mar-2017 18:32:26.725 INFO [http-apr-8086-exec-14] org.apache.catalina.core.ApplicationContext.log Manager: init: Associated with Deployer 'Catalina:type=Deployer,host=localhost'
19-Mar-2017 18:32:26.725 INFO [http-apr-8086-exec-14] org.apache.catalina.core.ApplicationContext.log Manager: init: Global resources are available
19-Mar-2017 18:32:26.725 INFO [http-apr-8086-exec-14] org.apache.catalina.core.ApplicationContext.log Manager: list: Listing contexts for virtual host 'localhost'
19-Mar-2017 18:32:26.741 INFO [http-apr-8086-exec-15] org.apache.catalina.core.ApplicationContext.log Manager: list: Listing contexts for virtual host 'localhost'
19-Mar-2017 18:32:26.772 INFO [http-apr-8086-exec-16] org.apache.catalina.core.ApplicationContext.log Manager: undeploy: Undeploying web application at '/AnhKyYeu'
19-Mar-2017 18:32:27.442 INFO [http-apr-8086-exec-18] org.apache.catalina.core.ApplicationContext.log Manager: install: Installing context configuration at 'file:/C:/Users/BVHIEN/AppData/Local/Temp/context3584468378414950252.xml'
19-Mar-2017 18:32:31.067 INFO [http-apr-8086-exec-19] org.apache.catalina.core.ApplicationContext.log Manager: start: Starting web application '/AnhKyYeu'
19-Mar-2017 18:33:06.444 INFO [http-apr-8086-exec-22] org.apache.catalina.core.ApplicationContext.log Manager: list: Listing contexts for virtual host 'localhost'
19-Mar-2017 18:33:06.459 INFO [http-apr-8086-exec-25] org.apache.catalina.core.ApplicationContext.log Manager: list: Listing contexts for virtual host 'localhost'
19-Mar-2017 18:33:06.480 INFO [http-apr-8086-exec-24] org.apache.catalina.core.ApplicationContext.log Manager: undeploy: Undeploying web application at '/AnhKyYeu'
19-Mar-2017 18:33:11.446 INFO [http-apr-8086-exec-29] org.apache.catalina.core.ApplicationContext.log Manager: install: Installing context configuration at 'file:/C:/Users/BVHIEN/AppData/Local/Temp/context6773603865242153375.xml'
19-Mar-2017 18:33:14.421 INFO [http-apr-8086-exec-27] org.apache.catalina.core.ApplicationContext.log Manager: start: Starting web application '/AnhKyYeu'
19-Mar-2017 18:33:52.073 INFO [http-apr-8086-exec-37] org.apache.catalina.core.ApplicationContext.log Manager: list: Listing contexts for virtual host 'localhost'
19-Mar-2017 18:35:39.915 INFO [http-apr-8086-exec-39] org.apache.catalina.core.ApplicationContext.log Manager: list: Listing contexts for virtual host 'localhost'
19-Mar-2017 18:39:12.879 INFO [http-apr-8086-exec-36] org.apache.catalina.core.ApplicationContext.log Manager: list: Listing contexts for virtual host 'localhost'
19-Mar-2017 18:39:43.065 INFO [http-apr-8086-exec-51] org.apache.catalina.core.ApplicationContext.log Manager: list: Listing contexts for virtual host 'localhost'
19-Mar-2017 18:40:47.870 INFO [http-apr-8086-exec-36] org.apache.catalina.core.ApplicationContext.log Manager: list: Listing contexts for virtual host 'localhost'
19-Mar-2017 18:42:33.195 INFO [http-apr-8086-exec-51] org.apache.catalina.core.ApplicationContext.log Manager: list: Listing contexts for virtual host 'localhost'
19-Mar-2017 18:42:56.904 INFO [http-apr-8086-exec-53] org.apache.catalina.core.ApplicationContext.log Manager: list: Listing contexts for virtual host 'localhost'
19-Mar-2017 18:43:37.142 INFO [http-apr-8086-exec-56] org.apache.catalina.core.ApplicationContext.log Manager: list: Listing contexts for virtual host 'localhost'
19-Mar-2017 18:44:00.034 INFO [http-apr-8086-exec-37] org.apache.catalina.core.ApplicationContext.log Manager: list: Listing contexts for virtual host 'localhost'
19-Mar-2017 18:44:04.778 INFO [http-apr-8086-exec-44] org.apache.catalina.core.ApplicationContext.log Manager: list: Listing contexts for virtual host 'localhost'
19-Mar-2017 18:48:15.879 INFO [http-apr-8086-exec-57] org.apache.catalina.core.ApplicationContext.log Manager: list: Listing contexts for virtual host 'localhost'
19-Mar-2017 18:55:21.167 INFO [http-apr-8086-exec-43] org.apache.catalina.core.ApplicationContext.log Manager: list: Listing contexts for virtual host 'localhost'
19-Mar-2017 18:57:55.072 INFO [http-apr-8086-exec-48] org.apache.catalina.core.ApplicationContext.log Manager: list: Listing contexts for virtual host 'localhost'
19-Mar-2017 18:59:56.352 INFO [http-apr-8086-exec-34] org.apache.catalina.core.ApplicationContext.log Manager: list: Listing contexts for virtual host 'localhost'
19-Mar-2017 19:00:08.363 INFO [http-apr-8086-exec-37] org.apache.catalina.core.ApplicationContext.log Manager: list: Listing contexts for virtual host 'localhost'
19-Mar-2017 19:00:16.909 INFO [http-apr-8086-exec-57] org.apache.catalina.core.ApplicationContext.log Manager: list: Listing contexts for virtual host 'localhost'
19-Mar-2017 19:00:30.470 INFO [http-apr-8086-exec-47] org.apache.catalina.core.ApplicationContext.log Manager: list: Listing contexts for virtual host 'localhost'
19-Mar-2017 19:01:41.392 INFO [http-apr-8086-exec-50] org.apache.catalina.core.ApplicationContext.log Manager: list: Listing contexts for virtual host 'localhost'
19-Mar-2017 19:02:35.858 INFO [http-apr-8086-exec-47] org.apache.catalina.core.ApplicationContext.log Manager: list: Listing contexts for virtual host 'localhost'
19-Mar-2017 19:05:19.155 INFO [http-apr-8086-exec-50] org.apache.catalina.core.ApplicationContext.log Manager: list: Listing contexts for virtual host 'localhost'
19-Mar-2017 19:06:41.798 INFO [http-apr-8086-exec-48] org.apache.catalina.core.ApplicationContext.log Manager: list: Listing contexts for virtual host 'localhost'
19-Mar-2017 19:07:17.223 INFO [http-apr-8086-exec-37] org.apache.catalina.core.ApplicationContext.log Manager: list: Listing contexts for virtual host 'localhost'
19-Mar-2017 19:07:29.782 INFO [http-apr-8086-exec-48] org.apache.catalina.core.ApplicationContext.log Manager: list: Listing contexts for virtual host 'localhost'
19-Mar-2017 19:08:58.383 INFO [http-apr-8086-exec-37] org.apache.catalina.core.ApplicationContext.log Manager: list: Listing contexts for virtual host 'localhost'
19-Mar-2017 19:10:28.570 INFO [http-apr-8086-exec-56] org.apache.catalina.core.ApplicationContext.log Manager: list: Listing contexts for virtual host 'localhost'
19-Mar-2017 19:20:54.328 INFO [http-apr-8086-exec-54] org.apache.catalina.core.ApplicationContext.log Manager: list: Listing contexts for virtual host 'localhost'
19-Mar-2017 19:22:07.086 INFO [http-apr-8086-exec-37] org.apache.catalina.core.ApplicationContext.log Manager: list: Listing contexts for virtual host 'localhost'
19-Mar-2017 19:23:28.177 INFO [http-apr-8086-exec-58] org.apache.catalina.core.ApplicationContext.log Manager: list: Listing contexts for virtual host 'localhost'
19-Mar-2017 19:23:28.219 INFO [http-apr-8086-exec-54] org.apache.catalina.core.ApplicationContext.log Manager: restart: Reloading web application '/AnhKyYeu'
19-Mar-2017 19:23:32.731 INFO [http-apr-8086-exec-35] org.apache.catalina.core.ApplicationContext.log Manager: list: Listing contexts for virtual host 'localhost'
19-Mar-2017 19:23:32.738 INFO [http-apr-8086-exec-38] org.apache.catalina.core.ApplicationContext.log Manager: restart: Reloading web application '/AnhKyYeu'
19-Mar-2017 19:25:03.302 INFO [http-apr-8086-exec-35] org.apache.catalina.core.ApplicationContext.log Manager: list: Listing contexts for virtual host 'localhost'
19-Mar-2017 19:25:03.325 INFO [http-apr-8086-exec-44] org.apache.catalina.core.ApplicationContext.log Manager: restart: Reloading web application '/AnhKyYeu'
19-Mar-2017 19:25:10.243 INFO [http-apr-8086-exec-61] org.apache.catalina.core.ApplicationContext.log Manager: list: Listing contexts for virtual host 'localhost'
19-Mar-2017 19:25:10.254 INFO [http-apr-8086-exec-55] org.apache.catalina.core.ApplicationContext.log Manager: restart: Reloading web application '/AnhKyYeu'
19-Mar-2017 19:25:21.214 INFO [http-apr-8086-exec-61] org.apache.catalina.core.ApplicationContext.log Manager: list: Listing contexts for virtual host 'localhost'
19-Mar-2017 19:25:21.236 INFO [http-apr-8086-exec-49] org.apache.catalina.core.ApplicationContext.log Manager: restart: Reloading web application '/AnhKyYeu'
19-Mar-2017 19:30:20.731 INFO [http-apr-8086-exec-53] org.apache.catalina.core.ApplicationContext.log Manager: list: Listing contexts for virtual host 'localhost'
19-Mar-2017 19:30:20.741 INFO [http-apr-8086-exec-57] org.apache.catalina.core.ApplicationContext.log Manager: restart: Reloading web application '/AnhKyYeu'
19-Mar-2017 19:30:37.590 INFO [http-apr-8086-exec-63] org.apache.catalina.core.ApplicationContext.log Manager: list: Listing contexts for virtual host 'localhost'
19-Mar-2017 19:30:37.620 INFO [http-apr-8086-exec-41] org.apache.catalina.core.ApplicationContext.log Manager: restart: Reloading web application '/AnhKyYeu'
19-Mar-2017 19:30:45.586 INFO [http-apr-8086-exec-63] org.apache.catalina.core.ApplicationContext.log Manager: list: Listing contexts for virtual host 'localhost'
19-Mar-2017 19:31:20.902 INFO [http-apr-8086-exec-46] org.apache.catalina.core.ApplicationContext.log Manager: list: Listing contexts for virtual host 'localhost'
19-Mar-2017 19:31:20.921 INFO [http-apr-8086-exec-52] org.apache.catalina.core.ApplicationContext.log Manager: restart: Reloading web application '/AnhKyYeu'
19-Mar-2017 19:31:23.959 INFO [http-apr-8086-exec-69] org.apache.catalina.core.ApplicationContext.log Manager: list: Listing contexts for virtual host 'localhost'
19-Mar-2017 19:31:23.967 INFO [http-apr-8086-exec-72] org.apache.catalina.core.ApplicationContext.log Manager: restart: Reloading web application '/AnhKyYeu'
19-Mar-2017 19:31:26.567 INFO [http-apr-8086-exec-79] org.apache.catalina.core.ApplicationContext.log Manager: list: Listing contexts for virtual host 'localhost'
19-Mar-2017 19:31:26.574 INFO [http-apr-8086-exec-69] org.apache.catalina.core.ApplicationContext.log Manager: restart: Reloading web application '/AnhKyYeu'
19-Mar-2017 19:31:50.294 INFO [http-apr-8086-exec-83] org.apache.catalina.core.ApplicationContext.log Manager: list: Listing contexts for virtual host 'localhost'
19-Mar-2017 19:31:50.319 INFO [http-apr-8086-exec-70] org.apache.catalina.core.ApplicationContext.log Manager: restart: Reloading web application '/AnhKyYeu'
19-Mar-2017 19:32:06.250 INFO [http-apr-8086-exec-63] org.apache.catalina.core.ApplicationContext.log Manager: list: Listing contexts for virtual host 'localhost'
19-Mar-2017 19:32:06.261 INFO [http-apr-8086-exec-68] org.apache.catalina.core.ApplicationContext.log Manager: restart: Reloading web application '/AnhKyYeu'
19-Mar-2017 19:32:09.219 INFO [http-apr-8086-exec-86] org.apache.catalina.core.ApplicationContext.log Manager: list: Listing contexts for virtual host 'localhost'
19-Mar-2017 19:32:09.226 INFO [http-apr-8086-exec-79] org.apache.catalina.core.ApplicationContext.log Manager: restart: Reloading web application '/AnhKyYeu'
19-Mar-2017 19:34:04.117 INFO [http-apr-8086-exec-71] org.apache.catalina.core.ApplicationContext.log Manager: list: Listing contexts for virtual host 'localhost'
19-Mar-2017 19:34:04.149 INFO [http-apr-8086-exec-88] org.apache.catalina.core.ApplicationContext.log Manager: restart: Reloading web application '/AnhKyYeu'
19-Mar-2017 21:43:11.497 INFO [http-apr-8086-exec-100] org.apache.catalina.core.ApplicationContext.log Manager: list: Listing contexts for virtual host 'localhost'
19-Mar-2017 21:43:11.506 INFO [http-apr-8086-exec-101] org.apache.catalina.core.ApplicationContext.log Manager: restart: Reloading web application '/AnhKyYeu'
19-Mar-2017 21:43:23.202 INFO [http-apr-8086-exec-116] org.apache.catalina.core.ApplicationContext.log Manager: list: Listing contexts for virtual host 'localhost'
19-Mar-2017 21:43:23.224 INFO [http-apr-8086-exec-114] org.apache.catalina.core.ApplicationContext.log Manager: restart: Reloading web application '/AnhKyYeu'
19-Mar-2017 21:44:13.237 INFO [http-apr-8086-exec-110] org.apache.catalina.core.ApplicationContext.log Manager: list: Listing contexts for virtual host 'localhost'
19-Mar-2017 21:44:13.245 INFO [http-apr-8086-exec-104] org.apache.catalina.core.ApplicationContext.log Manager: restart: Reloading web application '/AnhKyYeu'
19-Mar-2017 21:44:56.948 INFO [http-apr-8086-exec-118] org.apache.catalina.core.ApplicationContext.log Manager: list: Listing contexts for virtual host 'localhost'
19-Mar-2017 21:44:56.956 INFO [http-apr-8086-exec-95] org.apache.catalina.core.ApplicationContext.log Manager: restart: Reloading web application '/AnhKyYeu'
19-Mar-2017 21:52:56.947 INFO [http-apr-8086-exec-132] org.apache.catalina.core.ApplicationContext.log Manager: list: Listing contexts for virtual host 'localhost'
19-Mar-2017 21:54:31.916 INFO [http-apr-8086-exec-131] org.apache.catalina.core.ApplicationContext.log Manager: list: Listing contexts for virtual host 'localhost'
19-Mar-2017 21:55:11.529 INFO [http-apr-8086-exec-111] org.apache.catalina.core.ApplicationContext.log Manager: list: Listing contexts for virtual host 'localhost'
19-Mar-2017 22:17:32.570 INFO [http-apr-8086-exec-131] org.apache.catalina.core.ApplicationContext.log Manager: list: Listing contexts for virtual host 'localhost'
19-Mar-2017 22:17:32.580 INFO [http-apr-8086-exec-142] org.apache.catalina.core.ApplicationContext.log Manager: restart: Reloading web application '/AnhKyYeu'
19-Mar-2017 22:22:13.889 INFO [http-apr-8086-exec-134] org.apache.catalina.core.ApplicationContext.log Manager: list: Listing contexts for virtual host 'localhost'
19-Mar-2017 22:22:13.898 INFO [http-apr-8086-exec-141] org.apache.catalina.core.ApplicationContext.log Manager: restart: Reloading web application '/AnhKyYeu'
19-Mar-2017 22:23:50.428 INFO [http-apr-8086-exec-126] org.apache.catalina.core.ApplicationContext.log Manager: list: Listing contexts for virtual host 'localhost'
19-Mar-2017 22:24:20.022 INFO [http-apr-8086-exec-154] org.apache.catalina.core.ApplicationContext.log Manager: list: Listing contexts for virtual host 'localhost'
19-Mar-2017 22:25:06.660 INFO [http-apr-8086-exec-146] org.apache.catalina.core.ApplicationContext.log Manager: list: Listing contexts for virtual host 'localhost'
19-Mar-2017 22:25:06.669 INFO [http-apr-8086-exec-154] org.apache.catalina.core.ApplicationContext.log Manager: restart: Reloading web application '/AnhKyYeu'
19-Mar-2017 22:25:09.631 INFO [http-apr-8086-exec-127] org.apache.catalina.core.ApplicationContext.log Manager: list: Listing contexts for virtual host 'localhost'
19-Mar-2017 22:25:09.638 INFO [http-apr-8086-exec-146] org.apache.catalina.core.ApplicationContext.log Manager: restart: Reloading web application '/AnhKyYeu'
19-Mar-2017 22:25:50.462 INFO [http-apr-8086-exec-144] org.apache.catalina.core.ApplicationContext.log Manager: list: Listing contexts for virtual host 'localhost'
19-Mar-2017 22:25:50.470 INFO [http-apr-8086-exec-171] org.apache.catalina.core.ApplicationContext.log Manager: restart: Reloading web application '/AnhKyYeu'
19-Mar-2017 22:29:47.145 INFO [http-apr-8086-exec-181] org.apache.catalina.core.ApplicationContext.log Manager: list: Listing contexts for virtual host 'localhost'
19-Mar-2017 22:29:47.158 INFO [http-apr-8086-exec-182] org.apache.catalina.core.ApplicationContext.log Manager: restart: Reloading web application '/AnhKyYeu'
19-Mar-2017 22:39:39.775 INFO [http-apr-8086-exec-193] org.apache.catalina.core.ApplicationContext.log Manager: list: Listing contexts for virtual host 'localhost'
19-Mar-2017 22:39:41.411 INFO [http-apr-8086-exec-200] org.apache.catalina.core.ApplicationContext.log Manager: list: Listing contexts for virtual host 'localhost'
19-Mar-2017 22:39:41.422 INFO [http-apr-8086-exec-201] org.apache.catalina.core.ApplicationContext.log Manager: restart: Reloading web application '/AnhKyYeu'
19-Mar-2017 22:39:53.606 INFO [http-apr-8086-exec-200] org.apache.catalina.core.ApplicationContext.log Manager: list: Listing contexts for virtual host 'localhost'
19-Mar-2017 22:39:53.617 INFO [http-apr-8086-exec-208] org.apache.catalina.core.ApplicationContext.log Manager: restart: Reloading web application '/AnhKyYeu'
19-Mar-2017 22:40:17.138 INFO [http-apr-8086-exec-196] org.apache.catalina.core.ApplicationContext.log Manager: list: Listing contexts for virtual host 'localhost'
19-Mar-2017 22:40:17.166 INFO [http-apr-8086-exec-194] org.apache.catalina.core.ApplicationContext.log Manager: restart: Reloading web application '/AnhKyYeu'
19-Mar-2017 22:40:20.576 INFO [http-apr-8086-exec-195] org.apache.catalina.core.ApplicationContext.log Manager: list: Listing contexts for virtual host 'localhost'
19-Mar-2017 22:40:20.586 INFO [http-apr-8086-exec-200] org.apache.catalina.core.ApplicationContext.log Manager: stop: Stopping web application '/AnhKyYeu'
19-Mar-2017 22:40:20.597 INFO [http-apr-8086-exec-206] org.apache.catalina.core.ApplicationContext.log Manager: start: Starting web application '/AnhKyYeu'
19-Mar-2017 22:40:23.677 INFO [http-apr-8086-exec-196] org.apache.catalina.core.ApplicationContext.log Manager: list: Listing contexts for virtual host 'localhost'
19-Mar-2017 22:40:23.683 INFO [http-apr-8086-exec-211] org.apache.catalina.core.ApplicationContext.log Manager: restart: Reloading web application '/AnhKyYeu'
19-Mar-2017 22:43:01.300 INFO [http-apr-8086-exec-196] org.apache.catalina.core.ApplicationContext.log Manager: list: Listing contexts for virtual host 'localhost'
19-Mar-2017 22:43:01.308 INFO [http-apr-8086-exec-192] org.apache.catalina.core.ApplicationContext.log Manager: restart: Reloading web application '/AnhKyYeu'
19-Mar-2017 22:43:42.414 INFO [http-apr-8086-exec-191] org.apache.catalina.core.ApplicationContext.log Manager: list: Listing contexts for virtual host 'localhost'
19-Mar-2017 22:43:42.417 INFO [http-apr-8086-exec-212] org.apache.catalina.core.ApplicationContext.log Manager: list: Listing contexts for virtual host 'localhost'
19-Mar-2017 22:43:42.435 INFO [http-apr-8086-exec-144] org.apache.catalina.core.ApplicationContext.log Manager: undeploy: Undeploying web application at '/AnhKyYeu'
19-Mar-2017 22:43:43.020 INFO [http-apr-8086-exec-187] org.apache.catalina.core.ApplicationContext.log Manager: install: Installing context configuration at 'file:/C:/Users/BVHIEN/AppData/Local/Temp/context4025848755368963146.xml'
19-Mar-2017 22:43:45.436 INFO [http-apr-8086-exec-219] org.apache.catalina.core.ApplicationContext.log Manager: start: Starting web application '/AnhKyYeu'
19-Mar-2017 23:19:35.222 INFO [http-apr-8086-exec-223] org.apache.catalina.core.ApplicationContext.log Manager: list: Listing contexts for virtual host 'localhost'
19-Mar-2017 23:19:35.245 INFO [http-apr-8086-exec-225] org.apache.catalina.core.ApplicationContext.log Manager: restart: Reloading web application '/AnhKyYeu'
19-Mar-2017 23:25:04.833 INFO [http-apr-8086-exec-255] org.apache.catalina.core.ApplicationContext.log Manager: list: Listing contexts for virtual host 'localhost'
19-Mar-2017 23:25:04.846 INFO [http-apr-8086-exec-256] org.apache.catalina.core.ApplicationContext.log Manager: restart: Reloading web application '/AnhKyYeu'
19-Mar-2017 23:25:13.534 INFO [http-apr-8086-exec-261] org.apache.catalina.core.ApplicationContext.log Manager: list: Listing contexts for virtual host 'localhost'
19-Mar-2017 23:25:13.537 INFO [http-apr-8086-exec-241] org.apache.catalina.core.ApplicationContext.log Manager: list: Listing contexts for virtual host 'localhost'
19-Mar-2017 23:25:13.547 INFO [http-apr-8086-exec-228] org.apache.catalina.core.ApplicationContext.log Manager: undeploy: Undeploying web application at '/AnhKyYeu'
19-Mar-2017 23:25:14.123 INFO [http-apr-8086-exec-265] org.apache.catalina.core.ApplicationContext.log Manager: install: Installing context configuration at 'file:/C:/Users/BVHIEN/AppData/Local/Temp/context5504872081885485269.xml'
19-Mar-2017 23:25:16.516 INFO [http-apr-8086-exec-248] org.apache.catalina.core.ApplicationContext.log Manager: start: Starting web application '/AnhKyYeu'
19-Mar-2017 23:34:47.815 INFO [http-apr-8086-exec-273] org.apache.catalina.core.ApplicationContext.log Manager: list: Listing contexts for virtual host 'localhost'
19-Mar-2017 23:34:47.832 INFO [http-apr-8086-exec-274] org.apache.catalina.core.ApplicationContext.log Manager: restart: Reloading web application '/AnhKyYeu'
19-Mar-2017 23:38:42.586 INFO [http-apr-8086-exec-298] org.apache.catalina.core.ApplicationContext.log Manager: list: Listing contexts for virtual host 'localhost'
19-Mar-2017 23:38:42.604 INFO [http-apr-8086-exec-299] org.apache.catalina.core.ApplicationContext.log Manager: restart: Reloading web application '/AnhKyYeu'
19-Mar-2017 23:40:34.086 INFO [http-apr-8086-exec-296] org.apache.catalina.core.ApplicationContext.log Manager: list: Listing contexts for virtual host 'localhost'
19-Mar-2017 23:40:34.093 INFO [http-apr-8086-exec-287] org.apache.catalina.core.ApplicationContext.log Manager: undeploy: Undeploying web application at '/AnhKyYeu'
19-Mar-2017 23:42:43.180 INFO [http-apr-8086-exec-297] org.apache.catalina.core.ApplicationContext.log Manager: list: Listing contexts for virtual host 'localhost'
19-Mar-2017 23:42:43.183 INFO [http-apr-8086-exec-294] org.apache.catalina.core.ApplicationContext.log Manager: list: Listing contexts for virtual host 'localhost'
19-Mar-2017 23:42:43.193 INFO [http-apr-8086-exec-276] org.apache.catalina.core.ApplicationContext.log Manager: install: Installing context configuration at 'file:/C:/Users/BVHIEN/AppData/Local/Temp/context4419864364745068932.xml'
19-Mar-2017 23:42:45.605 INFO [http-apr-8086-exec-296] org.apache.catalina.core.ApplicationContext.log Manager: start: Starting web application '/AnhKyYeu'
19-Mar-2017 23:44:38.046 INFO [http-apr-8086-exec-307] org.apache.catalina.core.ApplicationContext.log Manager: list: Listing contexts for virtual host 'localhost'
19-Mar-2017 23:44:39.122 INFO [http-apr-8086-exec-300] org.apache.catalina.core.ApplicationContext.log Manager: list: Listing contexts for virtual host 'localhost'
19-Mar-2017 23:44:39.139 INFO [http-apr-8086-exec-303] org.apache.catalina.core.ApplicationContext.log Manager: restart: Reloading web application '/AnhKyYeu'
19-Mar-2017 23:44:50.862 INFO [http-apr-8086-exec-315] org.apache.catalina.core.ApplicationContext.log Manager: list: Listing contexts for virtual host 'localhost'
19-Mar-2017 23:44:50.880 INFO [http-apr-8086-exec-312] org.apache.catalina.core.ApplicationContext.log Manager: restart: Reloading web application '/AnhKyYeu'
19-Mar-2017 23:45:28.625 INFO [http-apr-8086-exec-315] org.apache.catalina.core.ApplicationContext.log Manager: list: Listing contexts for virtual host 'localhost'
19-Mar-2017 23:45:28.635 INFO [http-apr-8086-exec-283] org.apache.catalina.core.ApplicationContext.log Manager: restart: Reloading web application '/AnhKyYeu'
19-Mar-2017 23:45:31.658 INFO [http-apr-8086-exec-290] org.apache.catalina.core.ApplicationContext.log Manager: list: Listing contexts for virtual host 'localhost'
19-Mar-2017 23:45:31.668 INFO [http-apr-8086-exec-315] org.apache.catalina.core.ApplicationContext.log Manager: stop: Stopping web application '/AnhKyYeu'
19-Mar-2017 23:45:31.677 INFO [http-apr-8086-exec-322] org.apache.catalina.core.ApplicationContext.log Manager: start: Starting web application '/AnhKyYeu'
19-Mar-2017 23:45:34.495 INFO [http-apr-8086-exec-288] org.apache.catalina.core.ApplicationContext.log Manager: list: Listing contexts for virtual host 'localhost'
19-Mar-2017 23:45:34.501 INFO [http-apr-8086-exec-317] org.apache.catalina.core.ApplicationContext.log Manager: restart: Reloading web application '/AnhKyYeu'
19-Mar-2017 23:45:44.131 INFO [http-apr-8086-exec-315] org.apache.catalina.core.ApplicationContext.log Manager: list: Listing contexts for virtual host 'localhost'
19-Mar-2017 23:45:44.138 INFO [http-apr-8086-exec-288] org.apache.catalina.core.ApplicationContext.log Manager: undeploy: Undeploying web application at '/AnhKyYeu'
19-Mar-2017 23:46:02.118 INFO [http-apr-8086-exec-323] org.apache.catalina.core.ApplicationContext.log Manager: list: Listing contexts for virtual host 'localhost'
19-Mar-2017 23:46:02.121 INFO [http-apr-8086-exec-325] org.apache.catalina.core.ApplicationContext.log Manager: list: Listing contexts for virtual host 'localhost'
19-Mar-2017 23:46:02.133 INFO [http-apr-8086-exec-324] org.apache.catalina.core.ApplicationContext.log Manager: install: Installing context configuration at 'file:/C:/Users/BVHIEN/AppData/Local/Temp/context8426206011855677155.xml'
19-Mar-2017 23:46:04.814 INFO [http-apr-8086-exec-314] org.apache.catalina.core.ApplicationContext.log Manager: start: Starting web application '/AnhKyYeu'
19-Mar-2017 23:50:21.168 INFO [http-apr-8086-exec-12] org.apache.catalina.core.ApplicationContext.log Manager: init: Associated with Deployer 'Catalina:type=Deployer,host=localhost'
19-Mar-2017 23:50:21.168 INFO [http-apr-8086-exec-12] org.apache.catalina.core.ApplicationContext.log Manager: init: Global resources are available
19-Mar-2017 23:50:21.169 INFO [http-apr-8086-exec-12] org.apache.catalina.core.ApplicationContext.log Manager: list: Listing contexts for virtual host 'localhost'
19-Mar-2017 23:50:21.176 INFO [http-apr-8086-exec-13] org.apache.catalina.core.ApplicationContext.log Manager: list: Listing contexts for virtual host 'localhost'
19-Mar-2017 23:50:21.190 INFO [http-apr-8086-exec-14] org.apache.catalina.core.ApplicationContext.log Manager: undeploy: Undeploying web application at '/AnhKyYeu'
19-Mar-2017 23:50:21.744 INFO [http-apr-8086-exec-16] org.apache.catalina.core.ApplicationContext.log Manager: install: Installing context configuration at 'file:/C:/Users/BVHIEN/AppData/Local/Temp/context4149177007282753225.xml'
19-Mar-2017 23:50:24.714 INFO [http-apr-8086-exec-17] org.apache.catalina.core.ApplicationContext.log Manager: start: Starting web application '/AnhKyYeu'
