05-Mar-2017 23:03:37.891 INFO [http-apr-8086-exec-13] org.apache.catalina.core.ApplicationContext.log Manager: init: Associated with Deployer 'Catalina:type=Deployer,host=localhost'
05-Mar-2017 23:03:37.891 INFO [http-apr-8086-exec-13] org.apache.catalina.core.ApplicationContext.log Manager: init: Global resources are available
05-Mar-2017 23:03:37.892 INFO [http-apr-8086-exec-13] org.apache.catalina.core.ApplicationContext.log Manager: list: Listing contexts for virtual host 'localhost'
05-Mar-2017 23:03:37.900 INFO [http-apr-8086-exec-14] org.apache.catalina.core.ApplicationContext.log Manager: list: Listing contexts for virtual host 'localhost'
05-Mar-2017 23:03:37.948 INFO [http-apr-8086-exec-15] org.apache.catalina.core.ApplicationContext.log Manager: undeploy: Undeploying web application at '/AnhKyYeu'
05-Mar-2017 23:03:38.590 INFO [http-apr-8086-exec-17] org.apache.catalina.core.ApplicationContext.log Manager: install: Installing context configuration at 'file:/C:/Users/BVHIEN/AppData/Local/Temp/context3518433887046331307.xml'
05-Mar-2017 23:03:40.530 INFO [http-apr-8086-exec-25] org.apache.catalina.core.ApplicationContext.log Manager: list: Listing contexts for virtual host 'localhost'
05-Mar-2017 23:03:42.666 INFO [http-apr-8086-exec-3] org.apache.catalina.core.ApplicationContext.log Manager: start: Starting web application '/AnhKyYeu'
05-Mar-2017 23:03:52.505 INFO [http-apr-8086-exec-23] org.apache.catalina.core.ApplicationContext.log Manager: list: Listing contexts for virtual host 'localhost'
05-Mar-2017 23:05:24.701 INFO [http-apr-8086-exec-2] org.apache.catalina.core.ApplicationContext.log Manager: list: Listing contexts for virtual host 'localhost'
05-Mar-2017 23:05:34.980 INFO [http-apr-8086-exec-31] org.apache.catalina.core.ApplicationContext.log Manager: list: Listing contexts for virtual host 'localhost'
05-Mar-2017 23:06:33.916 INFO [http-apr-8086-exec-18] org.apache.catalina.core.ApplicationContext.log Manager: list: Listing contexts for virtual host 'localhost'
05-Mar-2017 23:06:44.198 INFO [http-apr-8086-exec-20] org.apache.catalina.core.ApplicationContext.log Manager: list: Listing contexts for virtual host 'localhost'
05-Mar-2017 23:07:31.070 INFO [http-apr-8086-exec-28] org.apache.catalina.core.ApplicationContext.log Manager: list: Listing contexts for virtual host 'localhost'
05-Mar-2017 23:07:41.447 INFO [http-apr-8086-exec-32] org.apache.catalina.core.ApplicationContext.log Manager: list: Listing contexts for virtual host 'localhost'
05-Mar-2017 23:11:38.493 INFO [http-apr-8086-exec-35] org.apache.catalina.core.ApplicationContext.log Manager: list: Listing contexts for virtual host 'localhost'
05-Mar-2017 23:13:06.981 INFO [http-apr-8086-exec-39] org.apache.catalina.core.ApplicationContext.log Manager: list: Listing contexts for virtual host 'localhost'
05-Mar-2017 23:13:18.228 INFO [http-apr-8086-exec-38] org.apache.catalina.core.ApplicationContext.log Manager: list: Listing contexts for virtual host 'localhost'
05-Mar-2017 23:13:25.243 INFO [http-apr-8086-exec-20] org.apache.catalina.core.ApplicationContext.log Manager: list: Listing contexts for virtual host 'localhost'
05-Mar-2017 23:13:42.460 INFO [http-apr-8086-exec-23] org.apache.catalina.core.ApplicationContext.log Manager: list: Listing contexts for virtual host 'localhost'
05-Mar-2017 23:14:05.667 INFO [http-apr-8086-exec-18] org.apache.catalina.core.ApplicationContext.log Manager: list: Listing contexts for virtual host 'localhost'
05-Mar-2017 23:14:51.175 INFO [http-apr-8086-exec-30] org.apache.catalina.core.ApplicationContext.log Manager: list: Listing contexts for virtual host 'localhost'
05-Mar-2017 23:18:29.795 INFO [http-apr-8086-exec-39] org.apache.catalina.core.ApplicationContext.log Manager: list: Listing contexts for virtual host 'localhost'
05-Mar-2017 23:19:44.960 INFO [http-apr-8086-exec-33] org.apache.catalina.core.ApplicationContext.log Manager: list: Listing contexts for virtual host 'localhost'
05-Mar-2017 23:20:21.235 INFO [http-apr-8086-exec-37] org.apache.catalina.core.ApplicationContext.log Manager: list: Listing contexts for virtual host 'localhost'
05-Mar-2017 23:20:34.016 INFO [http-apr-8086-exec-40] org.apache.catalina.core.ApplicationContext.log Manager: list: Listing contexts for virtual host 'localhost'
05-Mar-2017 23:21:46.048 INFO [http-apr-8086-exec-24] org.apache.catalina.core.ApplicationContext.log Manager: list: Listing contexts for virtual host 'localhost'
05-Mar-2017 23:21:56.302 INFO [http-apr-8086-exec-18] org.apache.catalina.core.ApplicationContext.log Manager: list: Listing contexts for virtual host 'localhost'
05-Mar-2017 23:22:44.684 INFO [http-apr-8086-exec-21] org.apache.catalina.core.ApplicationContext.log Manager: list: Listing contexts for virtual host 'localhost'
05-Mar-2017 23:58:56.057 INFO [http-apr-8086-exec-37] org.apache.catalina.core.ApplicationContext.log Manager: list: Listing contexts for virtual host 'localhost'
05-Mar-2017 23:59:09.432 INFO [http-apr-8086-exec-40] org.apache.catalina.core.ApplicationContext.log Manager: list: Listing contexts for virtual host 'localhost'
