20-Mar-2017 00:00:05.248 INFO [http-apr-8086-exec-30] org.apache.catalina.core.ApplicationContext.log Manager: list: Listing contexts for virtual host 'localhost'
20-Mar-2017 00:00:05.265 INFO [http-apr-8086-exec-31] org.apache.catalina.core.ApplicationContext.log Manager: restart: Reloading web application '/AnhKyYeu'
20-Mar-2017 00:00:20.757 INFO [http-apr-8086-exec-35] org.apache.catalina.core.ApplicationContext.log Manager: list: Listing contexts for virtual host 'localhost'
20-Mar-2017 00:00:20.764 INFO [http-apr-8086-exec-15] org.apache.catalina.core.ApplicationContext.log Manager: restart: Reloading web application '/AnhKyYeu'
20-Mar-2017 00:01:12.846 INFO [http-apr-8086-exec-28] org.apache.catalina.core.ApplicationContext.log Manager: list: Listing contexts for virtual host 'localhost'
20-Mar-2017 00:01:12.855 INFO [http-apr-8086-exec-42] org.apache.catalina.core.ApplicationContext.log Manager: restart: Reloading web application '/AnhKyYeu'
20-Mar-2017 00:04:03.668 INFO [http-apr-8086-exec-29] org.apache.catalina.core.ApplicationContext.log Manager: list: Listing contexts for virtual host 'localhost'
20-Mar-2017 00:04:03.678 INFO [http-apr-8086-exec-22] org.apache.catalina.core.ApplicationContext.log Manager: restart: Reloading web application '/AnhKyYeu'
20-Mar-2017 00:05:07.732 INFO [http-apr-8086-exec-35] org.apache.catalina.core.ApplicationContext.log Manager: list: Listing contexts for virtual host 'localhost'
20-Mar-2017 00:05:07.750 INFO [http-apr-8086-exec-27] org.apache.catalina.core.ApplicationContext.log Manager: restart: Reloading web application '/AnhKyYeu'
20-Mar-2017 00:11:09.678 INFO [http-apr-8086-exec-64] org.apache.catalina.core.ApplicationContext.log Manager: list: Listing contexts for virtual host 'localhost'
20-Mar-2017 00:11:09.692 INFO [http-apr-8086-exec-65] org.apache.catalina.core.ApplicationContext.log Manager: restart: Reloading web application '/AnhKyYeu'
20-Mar-2017 00:12:01.694 INFO [http-apr-8086-exec-24] org.apache.catalina.core.ApplicationContext.log Manager: list: Listing contexts for virtual host 'localhost'
20-Mar-2017 00:12:01.700 INFO [http-apr-8086-exec-45] org.apache.catalina.core.ApplicationContext.log Manager: undeploy: Undeploying web application at '/AnhKyYeu'
20-Mar-2017 00:12:34.616 INFO [http-apr-8086-exec-24] org.apache.catalina.core.ApplicationContext.log Manager: list: Listing contexts for virtual host 'localhost'
20-Mar-2017 00:12:34.620 INFO [http-apr-8086-exec-71] org.apache.catalina.core.ApplicationContext.log Manager: list: Listing contexts for virtual host 'localhost'
20-Mar-2017 00:12:34.633 INFO [http-apr-8086-exec-74] org.apache.catalina.core.ApplicationContext.log Manager: install: Installing context configuration at 'file:/C:/Users/BVHIEN/AppData/Local/Temp/context3050295519734770339.xml'
20-Mar-2017 00:12:37.174 INFO [http-apr-8086-exec-64] org.apache.catalina.core.ApplicationContext.log Manager: start: Starting web application '/AnhKyYeu'
20-Mar-2017 00:13:49.630 INFO [http-apr-8086-exec-86] org.apache.catalina.core.ApplicationContext.log Manager: list: Listing contexts for virtual host 'localhost'
20-Mar-2017 00:13:49.646 INFO [http-apr-8086-exec-91] org.apache.catalina.core.ApplicationContext.log Manager: restart: Reloading web application '/AnhKyYeu'
20-Mar-2017 00:13:56.403 INFO [http-apr-8086-exec-84] org.apache.catalina.core.ApplicationContext.log Manager: list: Listing contexts for virtual host 'localhost'
20-Mar-2017 00:13:56.415 INFO [http-apr-8086-exec-89] org.apache.catalina.core.ApplicationContext.log Manager: restart: Reloading web application '/AnhKyYeu'
20-Mar-2017 00:14:24.119 INFO [http-apr-8086-exec-81] org.apache.catalina.core.ApplicationContext.log Manager: list: Listing contexts for virtual host 'localhost'
20-Mar-2017 00:14:24.131 INFO [http-apr-8086-exec-99] org.apache.catalina.core.ApplicationContext.log Manager: restart: Reloading web application '/AnhKyYeu'
20-Mar-2017 00:14:43.955 INFO [http-apr-8086-exec-71] org.apache.catalina.core.ApplicationContext.log Manager: list: Listing contexts for virtual host 'localhost'
20-Mar-2017 00:14:43.964 INFO [http-apr-8086-exec-34] org.apache.catalina.core.ApplicationContext.log Manager: restart: Reloading web application '/AnhKyYeu'
20-Mar-2017 00:15:46.578 INFO [http-apr-8086-exec-11] org.apache.catalina.core.ApplicationContext.log Manager: init: Associated with Deployer 'Catalina:type=Deployer,host=localhost'
20-Mar-2017 00:15:46.578 INFO [http-apr-8086-exec-11] org.apache.catalina.core.ApplicationContext.log Manager: init: Global resources are available
20-Mar-2017 00:15:46.579 INFO [http-apr-8086-exec-11] org.apache.catalina.core.ApplicationContext.log Manager: list: Listing contexts for virtual host 'localhost'
20-Mar-2017 00:15:46.587 INFO [http-apr-8086-exec-12] org.apache.catalina.core.ApplicationContext.log Manager: list: Listing contexts for virtual host 'localhost'
20-Mar-2017 00:15:46.604 INFO [http-apr-8086-exec-13] org.apache.catalina.core.ApplicationContext.log Manager: undeploy: Undeploying web application at '/AnhKyYeu'
20-Mar-2017 00:15:47.178 INFO [http-apr-8086-exec-15] org.apache.catalina.core.ApplicationContext.log Manager: install: Installing context configuration at 'file:/C:/Users/BVHIEN/AppData/Local/Temp/context8788190467368773780.xml'
20-Mar-2017 00:15:50.163 INFO [http-apr-8086-exec-16] org.apache.catalina.core.ApplicationContext.log Manager: start: Starting web application '/AnhKyYeu'
20-Mar-2017 00:17:18.405 INFO [http-apr-8086-exec-19] org.apache.catalina.core.ApplicationContext.log Manager: list: Listing contexts for virtual host 'localhost'
20-Mar-2017 00:17:18.413 INFO [http-apr-8086-exec-24] org.apache.catalina.core.ApplicationContext.log Manager: undeploy: Undeploying web application at '/AnhKyYeu'
20-Mar-2017 00:17:44.688 INFO [http-apr-8086-exec-17] org.apache.catalina.core.ApplicationContext.log Manager: list: Listing contexts for virtual host 'localhost'
20-Mar-2017 00:17:44.692 INFO [http-apr-8086-exec-20] org.apache.catalina.core.ApplicationContext.log Manager: list: Listing contexts for virtual host 'localhost'
20-Mar-2017 00:17:44.703 INFO [http-apr-8086-exec-27] org.apache.catalina.core.ApplicationContext.log Manager: install: Installing context configuration at 'file:/C:/Users/BVHIEN/AppData/Local/Temp/context2208293355435401237.xml'
20-Mar-2017 00:17:48.030 INFO [http-apr-8086-exec-25] org.apache.catalina.core.ApplicationContext.log Manager: start: Starting web application '/AnhKyYeu'
