23-Mar-2017 22:45:36.401 INFO [http-apr-8086-exec-14] org.apache.catalina.core.ApplicationContext.log Manager: init: Associated with Deployer 'Catalina:type=Deployer,host=localhost'
23-Mar-2017 22:45:36.401 INFO [http-apr-8086-exec-14] org.apache.catalina.core.ApplicationContext.log Manager: init: Global resources are available
23-Mar-2017 22:45:36.416 INFO [http-apr-8086-exec-14] org.apache.catalina.core.ApplicationContext.log Manager: list: Listing contexts for virtual host 'localhost'
23-Mar-2017 22:45:36.432 INFO [http-apr-8086-exec-15] org.apache.catalina.core.ApplicationContext.log Manager: list: Listing contexts for virtual host 'localhost'
23-Mar-2017 22:45:36.495 INFO [http-apr-8086-exec-16] org.apache.catalina.core.ApplicationContext.log Manager: undeploy: Undeploying web application at '/AnhKyYeu'
23-Mar-2017 22:45:37.213 INFO [http-apr-8086-exec-18] org.apache.catalina.core.ApplicationContext.log Manager: install: Installing context configuration at 'file:/C:/Users/BVHIEN/AppData/Local/Temp/context6292156683249469972.xml'
23-Mar-2017 22:45:40.136 INFO [http-apr-8086-exec-19] org.apache.catalina.core.ApplicationContext.log Manager: start: Starting web application '/AnhKyYeu'
23-Mar-2017 22:49:31.825 INFO [http-apr-8086-exec-24] org.apache.catalina.core.ApplicationContext.log Manager: list: Listing contexts for virtual host 'localhost'
23-Mar-2017 22:52:18.829 INFO [http-apr-8086-exec-34] org.apache.catalina.core.ApplicationContext.log Manager: list: Listing contexts for virtual host 'localhost'
23-Mar-2017 22:52:51.791 INFO [http-apr-8086-exec-24] org.apache.catalina.core.ApplicationContext.log Manager: list: Listing contexts for virtual host 'localhost'
23-Mar-2017 22:53:36.057 INFO [http-apr-8086-exec-31] org.apache.catalina.core.ApplicationContext.log Manager: list: Listing contexts for virtual host 'localhost'
23-Mar-2017 22:56:10.037 INFO [http-apr-8086-exec-27] org.apache.catalina.core.ApplicationContext.log Manager: list: Listing contexts for virtual host 'localhost'
23-Mar-2017 22:57:49.426 INFO [http-apr-8086-exec-24] org.apache.catalina.core.ApplicationContext.log Manager: list: Listing contexts for virtual host 'localhost'
23-Mar-2017 22:57:49.426 INFO [http-apr-8086-exec-23] org.apache.catalina.core.ApplicationContext.log Manager: restart: Reloading web application '/AnhKyYeu'
23-Mar-2017 23:01:33.301 INFO [http-apr-8086-exec-28] org.apache.catalina.core.ApplicationContext.log Manager: list: Listing contexts for virtual host 'localhost'
23-Mar-2017 23:03:29.342 INFO [http-apr-8086-exec-49] org.apache.catalina.core.ApplicationContext.log Manager: list: Listing contexts for virtual host 'localhost'
23-Mar-2017 23:03:41.446 INFO [http-apr-8086-exec-45] org.apache.catalina.core.ApplicationContext.log Manager: list: Listing contexts for virtual host 'localhost'
23-Mar-2017 23:23:25.321 INFO [http-apr-8086-exec-46] org.apache.catalina.core.ApplicationContext.log Manager: list: Listing contexts for virtual host 'localhost'
23-Mar-2017 23:25:58.599 INFO [http-apr-8086-exec-59] org.apache.catalina.core.ApplicationContext.log Manager: list: Listing contexts for virtual host 'localhost'
23-Mar-2017 23:26:32.507 INFO [http-apr-8086-exec-49] org.apache.catalina.core.ApplicationContext.log Manager: list: Listing contexts for virtual host 'localhost'
23-Mar-2017 23:30:23.751 INFO [http-apr-8086-exec-63] org.apache.catalina.core.ApplicationContext.log Manager: list: Listing contexts for virtual host 'localhost'
23-Mar-2017 23:30:23.782 INFO [http-apr-8086-exec-64] org.apache.catalina.core.ApplicationContext.log Manager: restart: Reloading web application '/AnhKyYeu'
23-Mar-2017 23:31:24.783 INFO [http-apr-8086-exec-42] org.apache.catalina.core.ApplicationContext.log Manager: list: Listing contexts for virtual host 'localhost'
23-Mar-2017 23:31:24.798 INFO [http-apr-8086-exec-59] org.apache.catalina.core.ApplicationContext.log Manager: restart: Reloading web application '/AnhKyYeu'
23-Mar-2017 23:31:46.029 INFO [http-apr-8086-exec-65] org.apache.catalina.core.ApplicationContext.log Manager: list: Listing contexts for virtual host 'localhost'
23-Mar-2017 23:31:46.044 INFO [http-apr-8086-exec-44] org.apache.catalina.core.ApplicationContext.log Manager: restart: Reloading web application '/AnhKyYeu'
23-Mar-2017 23:31:48.951 INFO [http-apr-8086-exec-62] org.apache.catalina.core.ApplicationContext.log Manager: list: Listing contexts for virtual host 'localhost'
23-Mar-2017 23:31:48.967 INFO [http-apr-8086-exec-49] org.apache.catalina.core.ApplicationContext.log Manager: restart: Reloading web application '/AnhKyYeu'
23-Mar-2017 23:32:10.841 INFO [http-apr-8086-exec-70] org.apache.catalina.core.ApplicationContext.log Manager: list: Listing contexts for virtual host 'localhost'
23-Mar-2017 23:32:10.857 INFO [http-apr-8086-exec-67] org.apache.catalina.core.ApplicationContext.log Manager: restart: Reloading web application '/AnhKyYeu'
23-Mar-2017 23:32:36.713 INFO [http-apr-8086-exec-72] org.apache.catalina.core.ApplicationContext.log Manager: list: Listing contexts for virtual host 'localhost'
23-Mar-2017 23:32:36.729 INFO [http-apr-8086-exec-65] org.apache.catalina.core.ApplicationContext.log Manager: restart: Reloading web application '/AnhKyYeu'
23-Mar-2017 23:33:01.587 INFO [http-apr-8086-exec-70] org.apache.catalina.core.ApplicationContext.log Manager: list: Listing contexts for virtual host 'localhost'
23-Mar-2017 23:33:01.618 INFO [http-apr-8086-exec-68] org.apache.catalina.core.ApplicationContext.log Manager: restart: Reloading web application '/AnhKyYeu'
23-Mar-2017 23:38:37.592 INFO [http-apr-8086-exec-85] org.apache.catalina.core.ApplicationContext.log Manager: list: Listing contexts for virtual host 'localhost'
23-Mar-2017 23:39:54.180 INFO [http-apr-8086-exec-79] org.apache.catalina.core.ApplicationContext.log Manager: list: Listing contexts for virtual host 'localhost'
23-Mar-2017 23:39:54.180 INFO [http-apr-8086-exec-80] org.apache.catalina.core.ApplicationContext.log Manager: restart: Reloading web application '/AnhKyYeu'
23-Mar-2017 23:40:32.821 INFO [http-apr-8086-exec-77] org.apache.catalina.core.ApplicationContext.log Manager: list: Listing contexts for virtual host 'localhost'
23-Mar-2017 23:40:32.837 INFO [http-apr-8086-exec-74] org.apache.catalina.core.ApplicationContext.log Manager: restart: Reloading web application '/AnhKyYeu'
23-Mar-2017 23:43:17.374 INFO [http-apr-8086-exec-105] org.apache.catalina.core.ApplicationContext.log Manager: list: Listing contexts for virtual host 'localhost'
23-Mar-2017 23:45:32.656 INFO [http-apr-8086-exec-99] org.apache.catalina.core.ApplicationContext.log Manager: list: Listing contexts for virtual host 'localhost'
23-Mar-2017 23:45:32.709 INFO [http-apr-8086-exec-83] org.apache.catalina.core.ApplicationContext.log Manager: list: Listing contexts for virtual host 'localhost'
23-Mar-2017 23:46:06.554 INFO [http-apr-8086-exec-108] org.apache.catalina.core.ApplicationContext.log Manager: list: Listing contexts for virtual host 'localhost'
23-Mar-2017 23:47:20.003 INFO [http-apr-8086-exec-100] org.apache.catalina.core.ApplicationContext.log Manager: list: Listing contexts for virtual host 'localhost'
23-Mar-2017 23:47:48.286 INFO [http-apr-8086-exec-113] org.apache.catalina.core.ApplicationContext.log Manager: list: Listing contexts for virtual host 'localhost'
23-Mar-2017 23:49:32.100 INFO [http-apr-8086-exec-112] org.apache.catalina.core.ApplicationContext.log Manager: list: Listing contexts for virtual host 'localhost'
23-Mar-2017 23:52:56.923 INFO [http-apr-8086-exec-102] org.apache.catalina.core.ApplicationContext.log Manager: list: Listing contexts for virtual host 'localhost'
23-Mar-2017 23:53:10.142 INFO [http-apr-8086-exec-121] org.apache.catalina.core.ApplicationContext.log Manager: list: Listing contexts for virtual host 'localhost'
23-Mar-2017 23:53:52.675 INFO [http-apr-8086-exec-118] org.apache.catalina.core.ApplicationContext.log Manager: list: Listing contexts for virtual host 'localhost'
23-Mar-2017 23:55:38.407 INFO [http-apr-8086-exec-101] org.apache.catalina.core.ApplicationContext.log Manager: list: Listing contexts for virtual host 'localhost'
23-Mar-2017 23:56:16.693 INFO [http-apr-8086-exec-106] org.apache.catalina.core.ApplicationContext.log Manager: list: Listing contexts for virtual host 'localhost'
23-Mar-2017 23:57:19.885 INFO [http-apr-8086-exec-101] org.apache.catalina.core.ApplicationContext.log Manager: list: Listing contexts for virtual host 'localhost'
23-Mar-2017 23:59:46.085 INFO [http-apr-8086-exec-102] org.apache.catalina.core.ApplicationContext.log Manager: list: Listing contexts for virtual host 'localhost'
23-Mar-2017 23:59:48.639 INFO [http-apr-8086-exec-122] org.apache.catalina.core.ApplicationContext.log Manager: list: Listing contexts for virtual host 'localhost'
