10-Feb-2017 00:02:28.700 INFO [http-apr-8086-exec-153] org.apache.catalina.core.ApplicationContext.log Manager: list: Listing contexts for virtual host 'localhost'
10-Feb-2017 00:02:29.425 INFO [http-apr-8086-exec-141] org.apache.catalina.core.ApplicationContext.log Manager: list: Listing contexts for virtual host 'localhost'
10-Feb-2017 00:02:30.920 INFO [http-apr-8086-exec-148] org.apache.catalina.core.ApplicationContext.log Manager: list: Listing contexts for virtual host 'localhost'
10-Feb-2017 00:02:30.932 INFO [http-apr-8086-exec-152] org.apache.catalina.core.ApplicationContext.log Manager: restart: Reloading web application '/AnhKyYeu'
10-Feb-2017 00:02:56.967 INFO [http-apr-8086-exec-145] org.apache.catalina.core.ApplicationContext.log Manager: list: Listing contexts for virtual host 'localhost'
10-Feb-2017 00:02:56.996 INFO [http-apr-8086-exec-125] org.apache.catalina.core.ApplicationContext.log Manager: restart: Reloading web application '/AnhKyYeu'
10-Feb-2017 00:03:11.044 INFO [http-apr-8086-exec-135] org.apache.catalina.core.ApplicationContext.log Manager: list: Listing contexts for virtual host 'localhost'
10-Feb-2017 00:03:11.092 INFO [http-apr-8086-exec-129] org.apache.catalina.core.ApplicationContext.log Manager: restart: Reloading web application '/AnhKyYeu'
10-Feb-2017 00:03:14.433 INFO [http-apr-8086-exec-158] org.apache.catalina.core.ApplicationContext.log Manager: list: Listing contexts for virtual host 'localhost'
10-Feb-2017 00:03:14.464 INFO [http-apr-8086-exec-159] org.apache.catalina.core.ApplicationContext.log Manager: stop: Stopping web application '/AnhKyYeu'
10-Feb-2017 00:03:14.476 INFO [http-apr-8086-exec-132] org.apache.catalina.core.ApplicationContext.log Manager: start: Starting web application '/AnhKyYeu'
10-Feb-2017 00:03:17.648 INFO [http-apr-8086-exec-158] org.apache.catalina.core.ApplicationContext.log Manager: list: Listing contexts for virtual host 'localhost'
10-Feb-2017 00:03:17.655 INFO [http-apr-8086-exec-138] org.apache.catalina.core.ApplicationContext.log Manager: restart: Reloading web application '/AnhKyYeu'
10-Feb-2017 00:05:47.742 INFO [http-apr-8086-exec-142] org.apache.catalina.core.ApplicationContext.log Manager: list: Listing contexts for virtual host 'localhost'
10-Feb-2017 00:05:47.750 INFO [http-apr-8086-exec-159] org.apache.catalina.core.ApplicationContext.log Manager: restart: Reloading web application '/AnhKyYeu'
10-Feb-2017 00:06:00.823 INFO [http-apr-8086-exec-137] org.apache.catalina.core.ApplicationContext.log Manager: list: Listing contexts for virtual host 'localhost'
10-Feb-2017 00:06:00.838 INFO [http-apr-8086-exec-147] org.apache.catalina.core.ApplicationContext.log Manager: restart: Reloading web application '/AnhKyYeu'
10-Feb-2017 00:06:42.800 INFO [http-apr-8086-exec-163] org.apache.catalina.core.ApplicationContext.log Manager: list: Listing contexts for virtual host 'localhost'
10-Feb-2017 00:06:42.812 INFO [http-apr-8086-exec-146] org.apache.catalina.core.ApplicationContext.log Manager: restart: Reloading web application '/AnhKyYeu'
10-Feb-2017 00:07:20.327 INFO [http-apr-8086-exec-135] org.apache.catalina.core.ApplicationContext.log Manager: list: Listing contexts for virtual host 'localhost'
10-Feb-2017 00:07:29.080 INFO [http-apr-8086-exec-144] org.apache.catalina.core.ApplicationContext.log Manager: list: Listing contexts for virtual host 'localhost'
10-Feb-2017 00:07:42.479 INFO [http-apr-8086-exec-170] org.apache.catalina.core.ApplicationContext.log Manager: list: Listing contexts for virtual host 'localhost'
10-Feb-2017 00:07:43.914 INFO [http-apr-8086-exec-162] org.apache.catalina.core.ApplicationContext.log Manager: list: Listing contexts for virtual host 'localhost'
10-Feb-2017 00:08:38.300 INFO [http-apr-8086-exec-170] org.apache.catalina.core.ApplicationContext.log Manager: list: Listing contexts for virtual host 'localhost'
10-Feb-2017 00:08:58.636 INFO [http-apr-8086-exec-144] org.apache.catalina.core.ApplicationContext.log Manager: list: Listing contexts for virtual host 'localhost'
10-Feb-2017 00:09:16.025 INFO [http-apr-8086-exec-170] org.apache.catalina.core.ApplicationContext.log Manager: list: Listing contexts for virtual host 'localhost'
10-Feb-2017 00:09:30.516 INFO [http-apr-8086-exec-177] org.apache.catalina.core.ApplicationContext.log Manager: list: Listing contexts for virtual host 'localhost'
10-Feb-2017 00:11:25.638 INFO [http-apr-8086-exec-176] org.apache.catalina.core.ApplicationContext.log Manager: list: Listing contexts for virtual host 'localhost'
10-Feb-2017 00:14:00.650 INFO [http-apr-8086-exec-186] org.apache.catalina.core.ApplicationContext.log Manager: list: Listing contexts for virtual host 'localhost'
10-Feb-2017 00:14:00.684 INFO [http-apr-8086-exec-184] org.apache.catalina.core.ApplicationContext.log Manager: restart: Reloading web application '/AnhKyYeu'
10-Feb-2017 00:14:28.729 INFO [http-apr-8086-exec-195] org.apache.catalina.core.ApplicationContext.log Manager: list: Listing contexts for virtual host 'localhost'
10-Feb-2017 00:14:28.738 INFO [http-apr-8086-exec-187] org.apache.catalina.core.ApplicationContext.log Manager: restart: Reloading web application '/AnhKyYeu'
10-Feb-2017 00:16:02.805 INFO [http-apr-8086-exec-174] org.apache.catalina.core.ApplicationContext.log Manager: list: Listing contexts for virtual host 'localhost'
10-Feb-2017 00:16:02.814 INFO [http-apr-8086-exec-180] org.apache.catalina.core.ApplicationContext.log Manager: restart: Reloading web application '/AnhKyYeu'
10-Feb-2017 00:16:18.974 INFO [http-apr-8086-exec-203] org.apache.catalina.core.ApplicationContext.log Manager: list: Listing contexts for virtual host 'localhost'
10-Feb-2017 00:16:19.001 INFO [http-apr-8086-exec-195] org.apache.catalina.core.ApplicationContext.log Manager: restart: Reloading web application '/AnhKyYeu'
10-Feb-2017 00:17:29.728 INFO [http-apr-8086-exec-204] org.apache.catalina.core.ApplicationContext.log Manager: list: Listing contexts for virtual host 'localhost'
10-Feb-2017 00:17:29.740 INFO [http-apr-8086-exec-191] org.apache.catalina.core.ApplicationContext.log Manager: restart: Reloading web application '/AnhKyYeu'
10-Feb-2017 00:18:57.200 INFO [http-apr-8086-exec-202] org.apache.catalina.core.ApplicationContext.log Manager: list: Listing contexts for virtual host 'localhost'
10-Feb-2017 00:18:57.210 INFO [http-apr-8086-exec-185] org.apache.catalina.core.ApplicationContext.log Manager: restart: Reloading web application '/AnhKyYeu'
10-Feb-2017 00:24:38.031 INFO [http-apr-8086-exec-229] org.apache.catalina.core.ApplicationContext.log Manager: list: Listing contexts for virtual host 'localhost'
10-Feb-2017 00:24:38.041 INFO [http-apr-8086-exec-230] org.apache.catalina.core.ApplicationContext.log Manager: restart: Reloading web application '/AnhKyYeu'
10-Feb-2017 00:26:12.490 INFO [http-apr-8086-exec-233] org.apache.catalina.core.ApplicationContext.log Manager: list: Listing contexts for virtual host 'localhost'
10-Feb-2017 00:26:12.524 INFO [http-apr-8086-exec-173] org.apache.catalina.core.ApplicationContext.log Manager: undeploy: Undeploying web application at '/AnhKyYeu'
10-Feb-2017 00:27:24.838 INFO [http-apr-8086-exec-224] org.apache.catalina.core.ApplicationContext.log Manager: list: Listing contexts for virtual host 'localhost'
10-Feb-2017 00:28:17.087 INFO [http-apr-8086-exec-243] org.apache.catalina.core.ApplicationContext.log Manager: list: Listing contexts for virtual host 'localhost'
10-Feb-2017 00:28:17.090 INFO [http-apr-8086-exec-229] org.apache.catalina.core.ApplicationContext.log Manager: list: Listing contexts for virtual host 'localhost'
10-Feb-2017 00:28:17.103 INFO [http-apr-8086-exec-202] org.apache.catalina.core.ApplicationContext.log Manager: install: Installing context configuration at 'file:/C:/Users/BVHIEN/AppData/Local/Temp/context9195383650621415415.xml'
10-Feb-2017 00:28:19.547 INFO [http-apr-8086-exec-175] org.apache.catalina.core.ApplicationContext.log Manager: start: Starting web application '/AnhKyYeu'
10-Feb-2017 00:30:44.387 INFO [http-apr-8086-exec-251] org.apache.catalina.core.ApplicationContext.log Manager: list: Listing contexts for virtual host 'localhost'
10-Feb-2017 00:30:44.396 INFO [http-apr-8086-exec-254] org.apache.catalina.core.ApplicationContext.log Manager: restart: Reloading web application '/AnhKyYeu'
10-Feb-2017 00:36:29.446 INFO [http-apr-8086-exec-274] org.apache.catalina.core.ApplicationContext.log Manager: list: Listing contexts for virtual host 'localhost'
10-Feb-2017 00:36:29.454 INFO [http-apr-8086-exec-275] org.apache.catalina.core.ApplicationContext.log Manager: restart: Reloading web application '/AnhKyYeu'
10-Feb-2017 00:38:15.153 INFO [http-apr-8086-exec-270] org.apache.catalina.core.ApplicationContext.log Manager: list: Listing contexts for virtual host 'localhost'
10-Feb-2017 00:38:15.162 INFO [http-apr-8086-exec-284] org.apache.catalina.core.ApplicationContext.log Manager: restart: Reloading web application '/AnhKyYeu'
10-Feb-2017 00:38:57.026 INFO [http-apr-8086-exec-224] org.apache.catalina.core.ApplicationContext.log Manager: list: Listing contexts for virtual host 'localhost'
10-Feb-2017 00:38:57.034 INFO [http-apr-8086-exec-287] org.apache.catalina.core.ApplicationContext.log Manager: restart: Reloading web application '/AnhKyYeu'
