08-Jan-2017 21:29:59.540 INFO [http-apr-8086-exec-8] org.apache.catalina.core.ApplicationContext.log Manager: init: Associated with Deployer 'Catalina:type=Deployer,host=localhost'
08-Jan-2017 21:29:59.540 INFO [http-apr-8086-exec-8] org.apache.catalina.core.ApplicationContext.log Manager: init: Global resources are available
08-Jan-2017 21:29:59.540 INFO [http-apr-8086-exec-8] org.apache.catalina.core.ApplicationContext.log Manager: list: Listing contexts for virtual host 'localhost'
08-Jan-2017 21:29:59.555 INFO [http-apr-8086-exec-9] org.apache.catalina.core.ApplicationContext.log Manager: list: Listing contexts for virtual host 'localhost'
08-Jan-2017 21:29:59.571 INFO [http-apr-8086-exec-10] org.apache.catalina.core.ApplicationContext.log Manager: install: Installing context configuration at 'file:/C:/Users/BVHIEN/AppData/Local/Temp/context8648162998108484644.xml'
08-Jan-2017 21:30:03.196 INFO [http-apr-8086-exec-1] org.apache.catalina.core.ApplicationContext.log Manager: start: Starting web application '/AnhKyYeu'
08-Jan-2017 21:32:04.722 INFO [http-apr-8086-exec-9] org.apache.catalina.core.ApplicationContext.log Manager: list: Listing contexts for virtual host 'localhost'
08-Jan-2017 21:32:04.753 INFO [http-apr-8086-exec-7] org.apache.catalina.core.ApplicationContext.log Manager: restart: Reloading web application '/AnhKyYeu'
08-Jan-2017 21:32:14.817 INFO [http-apr-8086-exec-11] org.apache.catalina.core.ApplicationContext.log Manager: list: Listing contexts for virtual host 'localhost'
08-Jan-2017 21:32:14.832 INFO [http-apr-8086-exec-1] org.apache.catalina.core.ApplicationContext.log Manager: restart: Reloading web application '/AnhKyYeu'
08-Jan-2017 21:32:56.080 INFO [http-apr-8086-exec-8] org.apache.catalina.core.ApplicationContext.log Manager: list: Listing contexts for virtual host 'localhost'
08-Jan-2017 21:32:56.096 INFO [http-apr-8086-exec-9] org.apache.catalina.core.ApplicationContext.log Manager: restart: Reloading web application '/AnhKyYeu'
08-Jan-2017 21:33:23.329 INFO [http-apr-8086-exec-10] org.apache.catalina.core.ApplicationContext.log Manager: list: Listing contexts for virtual host 'localhost'
08-Jan-2017 21:33:23.345 INFO [http-apr-8086-exec-18] org.apache.catalina.core.ApplicationContext.log Manager: restart: Reloading web application '/AnhKyYeu'
08-Jan-2017 21:33:26.486 INFO [http-apr-8086-exec-17] org.apache.catalina.core.ApplicationContext.log Manager: list: Listing contexts for virtual host 'localhost'
08-Jan-2017 21:33:26.486 INFO [http-apr-8086-exec-15] org.apache.catalina.core.ApplicationContext.log Manager: restart: Reloading web application '/AnhKyYeu'
08-Jan-2017 21:33:43.566 INFO [http-apr-8086-exec-10] org.apache.catalina.core.ApplicationContext.log Manager: list: Listing contexts for virtual host 'localhost'
08-Jan-2017 21:33:43.581 INFO [http-apr-8086-exec-21] org.apache.catalina.core.ApplicationContext.log Manager: restart: Reloading web application '/AnhKyYeu'
08-Jan-2017 21:35:06.311 INFO [http-apr-8086-exec-17] org.apache.catalina.core.ApplicationContext.log Manager: list: Listing contexts for virtual host 'localhost'
08-Jan-2017 21:35:06.342 INFO [http-apr-8086-exec-25] org.apache.catalina.core.ApplicationContext.log Manager: restart: Reloading web application '/AnhKyYeu'
08-Jan-2017 21:42:26.703 INFO [http-apr-8086-exec-9] org.apache.catalina.core.ApplicationContext.log Manager: init: Associated with Deployer 'Catalina:type=Deployer,host=localhost'
08-Jan-2017 21:42:26.703 INFO [http-apr-8086-exec-9] org.apache.catalina.core.ApplicationContext.log Manager: init: Global resources are available
08-Jan-2017 21:42:26.704 INFO [http-apr-8086-exec-9] org.apache.catalina.core.ApplicationContext.log Manager: list: Listing contexts for virtual host 'localhost'
08-Jan-2017 21:42:26.708 INFO [http-apr-8086-exec-10] org.apache.catalina.core.ApplicationContext.log Manager: list: Listing contexts for virtual host 'localhost'
08-Jan-2017 21:42:26.768 INFO [http-apr-8086-exec-2] org.apache.catalina.core.ApplicationContext.log Manager: undeploy: Undeploying web application at '/AnhKyYeu'
08-Jan-2017 21:42:27.314 INFO [http-apr-8086-exec-1] org.apache.catalina.core.ApplicationContext.log Manager: install: Installing context configuration at 'file:/C:/Users/BVHIEN/AppData/Local/Temp/context5323750584915621853.xml'
08-Jan-2017 21:43:56.208 INFO [http-apr-8086-exec-4] org.apache.catalina.core.ApplicationContext.log Manager: list: Listing contexts for virtual host 'localhost'
08-Jan-2017 21:43:56.224 INFO [http-apr-8086-exec-7] org.apache.catalina.core.ApplicationContext.log Manager: restart: Reloading web application '/AnhKyYeu'
08-Jan-2017 21:44:35.219 INFO [http-apr-8086-exec-19] org.apache.catalina.core.ApplicationContext.log Manager: list: Listing contexts for virtual host 'localhost'
08-Jan-2017 21:44:35.235 INFO [http-apr-8086-exec-15] org.apache.catalina.core.ApplicationContext.log Manager: restart: Reloading web application '/AnhKyYeu'
08-Jan-2017 21:45:08.430 INFO [http-apr-8086-exec-21] org.apache.catalina.core.ApplicationContext.log Manager: list: Listing contexts for virtual host 'localhost'
08-Jan-2017 21:45:08.445 INFO [http-apr-8086-exec-20] org.apache.catalina.core.ApplicationContext.log Manager: restart: Reloading web application '/AnhKyYeu'
08-Jan-2017 21:45:11.488 INFO [http-apr-8086-exec-17] org.apache.catalina.core.ApplicationContext.log Manager: list: Listing contexts for virtual host 'localhost'
08-Jan-2017 21:45:11.488 INFO [http-apr-8086-exec-13] org.apache.catalina.core.ApplicationContext.log Manager: restart: Reloading web application '/AnhKyYeu'
08-Jan-2017 21:45:23.740 INFO [http-apr-8086-exec-24] org.apache.catalina.core.ApplicationContext.log Manager: list: Listing contexts for virtual host 'localhost'
08-Jan-2017 21:45:23.756 INFO [http-apr-8086-exec-21] org.apache.catalina.core.ApplicationContext.log Manager: restart: Reloading web application '/AnhKyYeu'
08-Jan-2017 21:48:54.055 INFO [http-apr-8086-exec-27] org.apache.catalina.core.ApplicationContext.log Manager: list: Listing contexts for virtual host 'localhost'
08-Jan-2017 21:48:54.071 INFO [http-apr-8086-exec-34] org.apache.catalina.core.ApplicationContext.log Manager: restart: Reloading web application '/AnhKyYeu'
08-Jan-2017 21:49:07.702 INFO [http-apr-8086-exec-29] org.apache.catalina.core.ApplicationContext.log Manager: list: Listing contexts for virtual host 'localhost'
08-Jan-2017 21:49:07.718 INFO [http-apr-8086-exec-36] org.apache.catalina.core.ApplicationContext.log Manager: restart: Reloading web application '/AnhKyYeu'
08-Jan-2017 21:51:54.131 INFO [http-apr-8086-exec-46] org.apache.catalina.core.ApplicationContext.log Manager: list: Listing contexts for virtual host 'localhost'
08-Jan-2017 21:51:54.147 INFO [http-apr-8086-exec-47] org.apache.catalina.core.ApplicationContext.log Manager: restart: Reloading web application '/AnhKyYeu'
08-Jan-2017 21:52:27.897 INFO [http-apr-8086-exec-42] org.apache.catalina.core.ApplicationContext.log Manager: list: Listing contexts for virtual host 'localhost'
08-Jan-2017 21:52:27.913 INFO [http-apr-8086-exec-50] org.apache.catalina.core.ApplicationContext.log Manager: undeploy: Undeploying web application at '/AnhKyYeu'
08-Jan-2017 21:56:40.189 INFO [http-apr-8086-exec-6] org.apache.catalina.core.ApplicationContext.log Manager: init: Associated with Deployer 'Catalina:type=Deployer,host=localhost'
08-Jan-2017 21:56:40.189 INFO [http-apr-8086-exec-6] org.apache.catalina.core.ApplicationContext.log Manager: init: Global resources are available
08-Jan-2017 21:56:40.190 INFO [http-apr-8086-exec-6] org.apache.catalina.core.ApplicationContext.log Manager: list: Listing contexts for virtual host 'localhost'
08-Jan-2017 21:56:40.194 INFO [http-apr-8086-exec-7] org.apache.catalina.core.ApplicationContext.log Manager: list: Listing contexts for virtual host 'localhost'
08-Jan-2017 21:56:40.204 INFO [http-apr-8086-exec-8] org.apache.catalina.core.ApplicationContext.log Manager: install: Installing context configuration at 'file:/C:/Users/BVHIEN/AppData/Local/Temp/context1339860683711991801.xml'
08-Jan-2017 21:56:44.099 INFO [http-apr-8086-exec-1] org.apache.catalina.core.ApplicationContext.log Manager: start: Starting web application '/AnhKyYeu'
08-Jan-2017 22:00:38.771 INFO [http-apr-8086-exec-5] org.apache.catalina.core.ApplicationContext.log Manager: list: Listing contexts for virtual host 'localhost'
08-Jan-2017 22:00:38.787 INFO [http-apr-8086-exec-7] org.apache.catalina.core.ApplicationContext.log Manager: restart: Reloading web application '/AnhKyYeu'
08-Jan-2017 22:06:23.149 INFO [http-apr-8086-exec-6] org.apache.catalina.core.ApplicationContext.log Manager: list: Listing contexts for virtual host 'localhost'
08-Jan-2017 22:06:23.165 INFO [http-apr-8086-exec-4] org.apache.catalina.core.ApplicationContext.log Manager: restart: Reloading web application '/AnhKyYeu'
08-Jan-2017 22:06:41.652 INFO [http-apr-8086-exec-20] org.apache.catalina.core.ApplicationContext.log Manager: list: Listing contexts for virtual host 'localhost'
08-Jan-2017 22:06:41.652 INFO [http-apr-8086-exec-12] org.apache.catalina.core.ApplicationContext.log Manager: restart: Reloading web application '/AnhKyYeu'
08-Jan-2017 22:07:25.745 INFO [http-apr-8086-exec-21] org.apache.catalina.core.ApplicationContext.log Manager: list: Listing contexts for virtual host 'localhost'
08-Jan-2017 22:07:25.761 INFO [http-apr-8086-exec-22] org.apache.catalina.core.ApplicationContext.log Manager: restart: Reloading web application '/AnhKyYeu'
08-Jan-2017 22:07:34.470 INFO [http-apr-8086-exec-24] org.apache.catalina.core.ApplicationContext.log Manager: list: Listing contexts for virtual host 'localhost'
08-Jan-2017 22:07:34.502 INFO [http-apr-8086-exec-21] org.apache.catalina.core.ApplicationContext.log Manager: restart: Reloading web application '/AnhKyYeu'
08-Jan-2017 22:07:49.443 INFO [http-apr-8086-exec-26] org.apache.catalina.core.ApplicationContext.log Manager: list: Listing contexts for virtual host 'localhost'
08-Jan-2017 22:07:49.459 INFO [http-apr-8086-exec-17] org.apache.catalina.core.ApplicationContext.log Manager: restart: Reloading web application '/AnhKyYeu'
08-Jan-2017 22:09:13.424 INFO [http-apr-8086-exec-29] org.apache.catalina.core.ApplicationContext.log Manager: list: Listing contexts for virtual host 'localhost'
08-Jan-2017 22:09:13.439 INFO [http-apr-8086-exec-30] org.apache.catalina.core.ApplicationContext.log Manager: restart: Reloading web application '/AnhKyYeu'
08-Jan-2017 22:10:07.388 INFO [http-apr-8086-exec-32] org.apache.catalina.core.ApplicationContext.log Manager: list: Listing contexts for virtual host 'localhost'
08-Jan-2017 22:10:07.404 INFO [http-apr-8086-exec-19] org.apache.catalina.core.ApplicationContext.log Manager: restart: Reloading web application '/AnhKyYeu'
08-Jan-2017 22:10:19.969 INFO [http-apr-8086-exec-34] org.apache.catalina.core.ApplicationContext.log Manager: list: Listing contexts for virtual host 'localhost'
08-Jan-2017 22:10:20.000 INFO [http-apr-8086-exec-29] org.apache.catalina.core.ApplicationContext.log Manager: restart: Reloading web application '/AnhKyYeu'
08-Jan-2017 22:10:47.086 INFO [http-apr-8086-exec-36] org.apache.catalina.core.ApplicationContext.log Manager: list: Listing contexts for virtual host 'localhost'
08-Jan-2017 22:10:47.101 INFO [http-apr-8086-exec-33] org.apache.catalina.core.ApplicationContext.log Manager: restart: Reloading web application '/AnhKyYeu'
08-Jan-2017 22:11:16.506 INFO [http-apr-8086-exec-38] org.apache.catalina.core.ApplicationContext.log Manager: list: Listing contexts for virtual host 'localhost'
08-Jan-2017 22:11:16.522 INFO [http-apr-8086-exec-36] org.apache.catalina.core.ApplicationContext.log Manager: restart: Reloading web application '/AnhKyYeu'
08-Jan-2017 22:14:05.970 INFO [http-apr-8086-exec-25] org.apache.catalina.core.ApplicationContext.log Manager: list: Listing contexts for virtual host 'localhost'
08-Jan-2017 22:14:06.001 INFO [http-apr-8086-exec-43] org.apache.catalina.core.ApplicationContext.log Manager: restart: Reloading web application '/AnhKyYeu'
08-Jan-2017 22:14:17.816 INFO [http-apr-8086-exec-46] org.apache.catalina.core.ApplicationContext.log Manager: list: Listing contexts for virtual host 'localhost'
08-Jan-2017 22:14:17.831 INFO [http-apr-8086-exec-41] org.apache.catalina.core.ApplicationContext.log Manager: restart: Reloading web application '/AnhKyYeu'
08-Jan-2017 22:14:27.047 INFO [http-apr-8086-exec-40] org.apache.catalina.core.ApplicationContext.log Manager: list: Listing contexts for virtual host 'localhost'
08-Jan-2017 22:14:27.047 INFO [http-apr-8086-exec-49] org.apache.catalina.core.ApplicationContext.log Manager: list: Listing contexts for virtual host 'localhost'
08-Jan-2017 22:14:27.094 INFO [http-apr-8086-exec-47] org.apache.catalina.core.ApplicationContext.log Manager: restart: Reloading web application '/AnhKyYeu'
08-Jan-2017 22:19:04.627 INFO [http-apr-8086-exec-57] org.apache.catalina.core.ApplicationContext.log Manager: list: Listing contexts for virtual host 'localhost'
08-Jan-2017 22:19:04.642 INFO [http-apr-8086-exec-58] org.apache.catalina.core.ApplicationContext.log Manager: restart: Reloading web application '/AnhKyYeu'
08-Jan-2017 22:19:16.663 INFO [http-apr-8086-exec-51] org.apache.catalina.core.ApplicationContext.log Manager: list: Listing contexts for virtual host 'localhost'
08-Jan-2017 22:19:16.678 INFO [http-apr-8086-exec-60] org.apache.catalina.core.ApplicationContext.log Manager: restart: Reloading web application '/AnhKyYeu'
08-Jan-2017 22:20:36.274 INFO [http-apr-8086-exec-67] org.apache.catalina.core.ApplicationContext.log Manager: list: Listing contexts for virtual host 'localhost'
08-Jan-2017 22:20:36.274 INFO [http-apr-8086-exec-61] org.apache.catalina.core.ApplicationContext.log Manager: restart: Reloading web application '/AnhKyYeu'
08-Jan-2017 22:20:47.405 INFO [http-apr-8086-exec-70] org.apache.catalina.core.ApplicationContext.log Manager: list: Listing contexts for virtual host 'localhost'
08-Jan-2017 22:20:47.420 INFO [http-apr-8086-exec-51] org.apache.catalina.core.ApplicationContext.log Manager: restart: Reloading web application '/AnhKyYeu'
08-Jan-2017 22:20:55.697 INFO [http-apr-8086-exec-72] org.apache.catalina.core.ApplicationContext.log Manager: list: Listing contexts for virtual host 'localhost'
08-Jan-2017 22:20:55.713 INFO [http-apr-8086-exec-63] org.apache.catalina.core.ApplicationContext.log Manager: restart: Reloading web application '/AnhKyYeu'
08-Jan-2017 22:21:31.621 INFO [http-apr-8086-exec-77] org.apache.catalina.core.ApplicationContext.log Manager: list: Listing contexts for virtual host 'localhost'
08-Jan-2017 22:21:34.740 INFO [http-apr-8086-exec-81] org.apache.catalina.core.ApplicationContext.log Manager: list: Listing contexts for virtual host 'localhost'
08-Jan-2017 22:21:37.819 INFO [http-apr-8086-exec-70] org.apache.catalina.core.ApplicationContext.log Manager: restart: Reloading web application '/AnhKyYeu'
08-Jan-2017 22:39:28.474 INFO [http-apr-8086-exec-1] org.apache.catalina.core.ApplicationContext.log Manager: init: Associated with Deployer 'Catalina:type=Deployer,host=localhost'
08-Jan-2017 22:39:28.474 INFO [http-apr-8086-exec-1] org.apache.catalina.core.ApplicationContext.log Manager: init: Global resources are available
08-Jan-2017 22:39:28.475 INFO [http-apr-8086-exec-1] org.apache.catalina.core.ApplicationContext.log Manager: list: Listing contexts for virtual host 'localhost'
08-Jan-2017 22:39:28.478 INFO [http-apr-8086-exec-2] org.apache.catalina.core.ApplicationContext.log Manager: list: Listing contexts for virtual host 'localhost'
08-Jan-2017 22:39:28.538 INFO [http-apr-8086-exec-4] org.apache.catalina.core.ApplicationContext.log Manager: restart: Reloading web application '/AnhKyYeu'
08-Jan-2017 22:39:55.351 INFO [http-apr-8086-exec-3] org.apache.catalina.core.ApplicationContext.log Manager: list: Listing contexts for virtual host 'localhost'
08-Jan-2017 22:39:55.351 INFO [http-apr-8086-exec-7] org.apache.catalina.core.ApplicationContext.log Manager: list: Listing contexts for virtual host 'localhost'
08-Jan-2017 22:41:13.688 INFO [http-apr-8086-exec-3] org.apache.catalina.core.ApplicationContext.log Manager: list: Listing contexts for virtual host 'localhost'
08-Jan-2017 22:41:13.701 INFO [http-apr-8086-exec-7] org.apache.catalina.core.ApplicationContext.log Manager: restart: Reloading web application '/AnhKyYeu'
08-Jan-2017 22:41:36.609 INFO [http-apr-8086-exec-18] org.apache.catalina.core.ApplicationContext.log Manager: list: Listing contexts for virtual host 'localhost'
08-Jan-2017 22:41:36.627 INFO [http-apr-8086-exec-17] org.apache.catalina.core.ApplicationContext.log Manager: restart: Reloading web application '/AnhKyYeu'
08-Jan-2017 22:41:39.590 INFO [http-apr-8086-exec-2] org.apache.catalina.core.ApplicationContext.log Manager: list: Listing contexts for virtual host 'localhost'
08-Jan-2017 22:41:39.599 INFO [http-apr-8086-exec-19] org.apache.catalina.core.ApplicationContext.log Manager: restart: Reloading web application '/AnhKyYeu'
08-Jan-2017 22:41:42.673 INFO [http-apr-8086-exec-11] org.apache.catalina.core.ApplicationContext.log Manager: list: Listing contexts for virtual host 'localhost'
08-Jan-2017 22:41:42.680 INFO [http-apr-8086-exec-3] org.apache.catalina.core.ApplicationContext.log Manager: restart: Reloading web application '/AnhKyYeu'
08-Jan-2017 22:42:13.378 INFO [http-apr-8086-exec-22] org.apache.catalina.core.ApplicationContext.log Manager: list: Listing contexts for virtual host 'localhost'
08-Jan-2017 22:42:13.393 INFO [http-apr-8086-exec-18] org.apache.catalina.core.ApplicationContext.log Manager: restart: Reloading web application '/AnhKyYeu'
08-Jan-2017 22:43:38.877 INFO [http-apr-8086-exec-25] org.apache.catalina.core.ApplicationContext.log Manager: list: Listing contexts for virtual host 'localhost'
08-Jan-2017 22:43:38.893 INFO [http-apr-8086-exec-26] org.apache.catalina.core.ApplicationContext.log Manager: restart: Reloading web application '/AnhKyYeu'
08-Jan-2017 22:44:20.036 INFO [http-apr-8086-exec-28] org.apache.catalina.core.ApplicationContext.log Manager: list: Listing contexts for virtual host 'localhost'
08-Jan-2017 22:44:20.036 INFO [http-apr-8086-exec-20] org.apache.catalina.core.ApplicationContext.log Manager: restart: Reloading web application '/AnhKyYeu'
08-Jan-2017 22:44:34.153 INFO [http-apr-8086-exec-14] org.apache.catalina.core.ApplicationContext.log Manager: list: Listing contexts for virtual host 'localhost'
08-Jan-2017 22:44:34.164 INFO [http-apr-8086-exec-30] org.apache.catalina.core.ApplicationContext.log Manager: restart: Reloading web application '/AnhKyYeu'
08-Jan-2017 22:44:44.797 INFO [http-apr-8086-exec-2] org.apache.catalina.core.ApplicationContext.log Manager: list: Listing contexts for virtual host 'localhost'
08-Jan-2017 22:44:44.807 INFO [http-apr-8086-exec-25] org.apache.catalina.core.ApplicationContext.log Manager: undeploy: Undeploying web application at '/AnhKyYeu'
08-Jan-2017 22:44:57.825 INFO [http-apr-8086-exec-25] org.apache.catalina.core.ApplicationContext.log Manager: list: Listing contexts for virtual host 'localhost'
08-Jan-2017 22:44:57.828 INFO [http-apr-8086-exec-34] org.apache.catalina.core.ApplicationContext.log Manager: list: Listing contexts for virtual host 'localhost'
08-Jan-2017 22:44:57.840 INFO [http-apr-8086-exec-14] org.apache.catalina.core.ApplicationContext.log Manager: install: Installing context configuration at 'file:/C:/Users/BVHIEN/AppData/Local/Temp/context4374121313328035614.xml'
08-Jan-2017 22:45:00.147 INFO [http-apr-8086-exec-28] org.apache.catalina.core.ApplicationContext.log Manager: start: Starting web application '/AnhKyYeu'
08-Jan-2017 22:46:47.622 INFO [http-apr-8086-exec-13] org.apache.catalina.core.ApplicationContext.log Manager: list: Listing contexts for virtual host 'localhost'
08-Jan-2017 22:46:47.637 INFO [http-apr-8086-exec-32] org.apache.catalina.core.ApplicationContext.log Manager: restart: Reloading web application '/AnhKyYeu'
08-Jan-2017 22:46:59.601 INFO [http-apr-8086-exec-35] org.apache.catalina.core.ApplicationContext.log Manager: list: Listing contexts for virtual host 'localhost'
08-Jan-2017 22:46:59.617 INFO [http-apr-8086-exec-40] org.apache.catalina.core.ApplicationContext.log Manager: restart: Reloading web application '/AnhKyYeu'
08-Jan-2017 22:49:53.113 INFO [http-apr-8086-exec-38] org.apache.catalina.core.ApplicationContext.log Manager: list: Listing contexts for virtual host 'localhost'
08-Jan-2017 22:49:53.113 INFO [http-apr-8086-exec-47] org.apache.catalina.core.ApplicationContext.log Manager: restart: Reloading web application '/AnhKyYeu'
08-Jan-2017 22:50:05.929 INFO [http-apr-8086-exec-50] org.apache.catalina.core.ApplicationContext.log Manager: list: Listing contexts for virtual host 'localhost'
08-Jan-2017 22:50:05.945 INFO [http-apr-8086-exec-44] org.apache.catalina.core.ApplicationContext.log Manager: restart: Reloading web application '/AnhKyYeu'
08-Jan-2017 22:50:19.087 INFO [http-apr-8086-exec-45] org.apache.catalina.core.ApplicationContext.log Manager: list: Listing contexts for virtual host 'localhost'
08-Jan-2017 22:50:19.087 INFO [http-apr-8086-exec-53] org.apache.catalina.core.ApplicationContext.log Manager: list: Listing contexts for virtual host 'localhost'
08-Jan-2017 22:50:19.140 INFO [http-apr-8086-exec-51] org.apache.catalina.core.ApplicationContext.log Manager: restart: Reloading web application '/AnhKyYeu'
08-Jan-2017 22:51:16.960 INFO [http-apr-8086-exec-55] org.apache.catalina.core.ApplicationContext.log Manager: list: Listing contexts for virtual host 'localhost'
08-Jan-2017 22:51:16.969 INFO [http-apr-8086-exec-35] org.apache.catalina.core.ApplicationContext.log Manager: restart: Reloading web application '/AnhKyYeu'
08-Jan-2017 22:55:14.511 INFO [http-apr-8086-exec-13] org.apache.catalina.core.ApplicationContext.log Manager: list: Listing contexts for virtual host 'localhost'
08-Jan-2017 22:55:14.528 INFO [http-apr-8086-exec-38] org.apache.catalina.core.ApplicationContext.log Manager: restart: Reloading web application '/AnhKyYeu'
08-Jan-2017 22:55:21.075 INFO [http-apr-8086-exec-63] org.apache.catalina.core.ApplicationContext.log Manager: list: Listing contexts for virtual host 'localhost'
08-Jan-2017 22:55:21.083 INFO [http-apr-8086-exec-62] org.apache.catalina.core.ApplicationContext.log Manager: restart: Reloading web application '/AnhKyYeu'
08-Jan-2017 22:56:23.403 INFO [http-apr-8086-exec-58] org.apache.catalina.core.ApplicationContext.log Manager: list: Listing contexts for virtual host 'localhost'
08-Jan-2017 22:56:23.414 INFO [http-apr-8086-exec-65] org.apache.catalina.core.ApplicationContext.log Manager: restart: Reloading web application '/AnhKyYeu'
08-Jan-2017 22:56:49.342 INFO [http-apr-8086-exec-60] org.apache.catalina.core.ApplicationContext.log Manager: list: Listing contexts for virtual host 'localhost'
08-Jan-2017 22:56:49.351 INFO [http-apr-8086-exec-69] org.apache.catalina.core.ApplicationContext.log Manager: restart: Reloading web application '/AnhKyYeu'
08-Jan-2017 22:56:57.302 INFO [http-apr-8086-exec-68] org.apache.catalina.core.ApplicationContext.log Manager: list: Listing contexts for virtual host 'localhost'
08-Jan-2017 22:56:57.305 INFO [http-apr-8086-exec-72] org.apache.catalina.core.ApplicationContext.log Manager: list: Listing contexts for virtual host 'localhost'
08-Jan-2017 22:56:57.360 INFO [http-apr-8086-exec-60] org.apache.catalina.core.ApplicationContext.log Manager: restart: Reloading web application '/AnhKyYeu'
08-Jan-2017 22:58:21.265 INFO [http-apr-8086-exec-2] org.apache.catalina.core.ApplicationContext.log Manager: init: Associated with Deployer 'Catalina:type=Deployer,host=localhost'
08-Jan-2017 22:58:21.265 INFO [http-apr-8086-exec-2] org.apache.catalina.core.ApplicationContext.log Manager: init: Global resources are available
08-Jan-2017 22:58:21.265 INFO [http-apr-8086-exec-2] org.apache.catalina.core.ApplicationContext.log Manager: list: Listing contexts for virtual host 'localhost'
08-Jan-2017 22:58:21.265 INFO [http-apr-8086-exec-1] org.apache.catalina.core.ApplicationContext.log Manager: list: Listing contexts for virtual host 'localhost'
08-Jan-2017 22:58:21.327 INFO [http-apr-8086-exec-4] org.apache.catalina.core.ApplicationContext.log Manager: undeploy: Undeploying web application at '/AnhKyYeu'
08-Jan-2017 22:58:21.874 INFO [http-apr-8086-exec-8] org.apache.catalina.core.ApplicationContext.log Manager: install: Installing context configuration at 'file:/C:/Users/BVHIEN/AppData/Local/Temp/context6046403448026413817.xml'
08-Jan-2017 23:00:03.059 INFO [http-apr-8086-exec-5] org.apache.catalina.core.ApplicationContext.log Manager: list: Listing contexts for virtual host 'localhost'
08-Jan-2017 23:00:03.075 INFO [http-apr-8086-exec-1] org.apache.catalina.core.ApplicationContext.log Manager: restart: Reloading web application '/AnhKyYeu'
08-Jan-2017 23:00:06.007 INFO [http-apr-8086-exec-5] org.apache.catalina.core.ApplicationContext.log Manager: list: Listing contexts for virtual host 'localhost'
08-Jan-2017 23:00:06.007 INFO [http-apr-8086-exec-16] org.apache.catalina.core.ApplicationContext.log Manager: restart: Reloading web application '/AnhKyYeu'
08-Jan-2017 23:00:14.754 INFO [http-apr-8086-exec-13] org.apache.catalina.core.ApplicationContext.log Manager: list: Listing contexts for virtual host 'localhost'
08-Jan-2017 23:00:14.754 INFO [http-apr-8086-exec-21] org.apache.catalina.core.ApplicationContext.log Manager: list: Listing contexts for virtual host 'localhost'
08-Jan-2017 23:00:14.770 INFO [http-apr-8086-exec-11] org.apache.catalina.core.ApplicationContext.log Manager: undeploy: Undeploying web application at '/AnhKyYeu'
08-Jan-2017 23:00:15.301 INFO [http-apr-8086-exec-12] org.apache.catalina.core.ApplicationContext.log Manager: install: Installing context configuration at 'file:/C:/Users/BVHIEN/AppData/Local/Temp/context3634673030545680615.xml'
08-Jan-2017 23:00:17.941 INFO [http-apr-8086-exec-15] org.apache.catalina.core.ApplicationContext.log Manager: start: Starting web application '/AnhKyYeu'
08-Jan-2017 23:00:27.790 INFO [http-apr-8086-exec-15] org.apache.catalina.core.ApplicationContext.log Manager: list: Listing contexts for virtual host 'localhost'
08-Jan-2017 23:00:27.790 INFO [http-apr-8086-exec-24] org.apache.catalina.core.ApplicationContext.log Manager: list: Listing contexts for virtual host 'localhost'
08-Jan-2017 23:00:51.031 INFO [http-apr-8086-exec-23] org.apache.catalina.core.ApplicationContext.log Manager: list: Listing contexts for virtual host 'localhost'
08-Jan-2017 23:00:51.042 INFO [http-apr-8086-exec-26] org.apache.catalina.core.ApplicationContext.log Manager: restart: Reloading web application '/AnhKyYeu'
08-Jan-2017 23:00:59.340 INFO [http-apr-8086-exec-28] org.apache.catalina.core.ApplicationContext.log Manager: list: Listing contexts for virtual host 'localhost'
08-Jan-2017 23:00:59.355 INFO [http-apr-8086-exec-22] org.apache.catalina.core.ApplicationContext.log Manager: restart: Reloading web application '/AnhKyYeu'
08-Jan-2017 23:01:01.978 INFO [http-apr-8086-exec-14] org.apache.catalina.core.ApplicationContext.log Manager: list: Listing contexts for virtual host 'localhost'
08-Jan-2017 23:01:01.978 INFO [http-apr-8086-exec-23] org.apache.catalina.core.ApplicationContext.log Manager: restart: Reloading web application '/AnhKyYeu'
08-Jan-2017 23:01:06.712 INFO [http-apr-8086-exec-14] org.apache.catalina.core.ApplicationContext.log Manager: list: Listing contexts for virtual host 'localhost'
08-Jan-2017 23:01:06.727 INFO [http-apr-8086-exec-31] org.apache.catalina.core.ApplicationContext.log Manager: restart: Reloading web application '/AnhKyYeu'
08-Jan-2017 23:01:14.306 INFO [http-apr-8086-exec-32] org.apache.catalina.core.ApplicationContext.log Manager: list: Listing contexts for virtual host 'localhost'
08-Jan-2017 23:01:14.306 INFO [http-apr-8086-exec-34] org.apache.catalina.core.ApplicationContext.log Manager: list: Listing contexts for virtual host 'localhost'
08-Jan-2017 23:01:14.322 INFO [http-apr-8086-exec-25] org.apache.catalina.core.ApplicationContext.log Manager: undeploy: Undeploying web application at '/AnhKyYeu'
08-Jan-2017 23:01:14.869 INFO [http-apr-8086-exec-19] org.apache.catalina.core.ApplicationContext.log Manager: install: Installing context configuration at 'file:/C:/Users/BVHIEN/AppData/Local/Temp/context3939093653348459505.xml'
08-Jan-2017 23:01:17.011 INFO [http-apr-8086-exec-33] org.apache.catalina.core.ApplicationContext.log Manager: start: Starting web application '/AnhKyYeu'
08-Jan-2017 23:01:21.761 INFO [http-apr-8086-exec-36] org.apache.catalina.core.ApplicationContext.log Manager: list: Listing contexts for virtual host 'localhost'
08-Jan-2017 23:01:21.761 INFO [http-apr-8086-exec-33] org.apache.catalina.core.ApplicationContext.log Manager: list: Listing contexts for virtual host 'localhost'
08-Jan-2017 23:03:16.225 INFO [http-apr-8086-exec-35] org.apache.catalina.core.ApplicationContext.log Manager: list: Listing contexts for virtual host 'localhost'
08-Jan-2017 23:03:16.241 INFO [http-apr-8086-exec-14] org.apache.catalina.core.ApplicationContext.log Manager: restart: Reloading web application '/AnhKyYeu'
08-Jan-2017 23:03:43.947 INFO [http-apr-8086-exec-45] org.apache.catalina.core.ApplicationContext.log Manager: list: Listing contexts for virtual host 'localhost'
08-Jan-2017 23:03:43.963 INFO [http-apr-8086-exec-38] org.apache.catalina.core.ApplicationContext.log Manager: undeploy: Undeploying web application at '/AnhKyYeu'
08-Jan-2017 23:08:13.976 INFO [http-apr-8086-exec-10] org.apache.catalina.core.ApplicationContext.log Manager: init: Associated with Deployer 'Catalina:type=Deployer,host=localhost'
08-Jan-2017 23:08:13.976 INFO [http-apr-8086-exec-10] org.apache.catalina.core.ApplicationContext.log Manager: init: Global resources are available
08-Jan-2017 23:08:13.976 INFO [http-apr-8086-exec-10] org.apache.catalina.core.ApplicationContext.log Manager: list: Listing contexts for virtual host 'localhost'
08-Jan-2017 23:08:13.991 INFO [http-apr-8086-exec-1] org.apache.catalina.core.ApplicationContext.log Manager: list: Listing contexts for virtual host 'localhost'
08-Jan-2017 23:08:13.991 INFO [http-apr-8086-exec-3] org.apache.catalina.core.ApplicationContext.log Manager: install: Installing context configuration at 'file:/C:/Users/BVHIEN/AppData/Local/Temp/context7261270180139207268.xml'
08-Jan-2017 23:08:17.461 INFO [http-apr-8086-exec-2] org.apache.catalina.core.ApplicationContext.log Manager: start: Starting web application '/AnhKyYeu'
08-Jan-2017 23:13:59.458 INFO [http-apr-8086-exec-9] org.apache.catalina.core.ApplicationContext.log Manager: list: Listing contexts for virtual host 'localhost'
08-Jan-2017 23:13:59.473 INFO [http-apr-8086-exec-4] org.apache.catalina.core.ApplicationContext.log Manager: restart: Reloading web application '/AnhKyYeu'
08-Jan-2017 23:14:21.601 INFO [http-apr-8086-exec-11] org.apache.catalina.core.ApplicationContext.log Manager: list: Listing contexts for virtual host 'localhost'
08-Jan-2017 23:14:21.617 INFO [http-apr-8086-exec-10] org.apache.catalina.core.ApplicationContext.log Manager: restart: Reloading web application '/AnhKyYeu'
08-Jan-2017 23:14:28.416 INFO [http-apr-8086-exec-11] org.apache.catalina.core.ApplicationContext.log Manager: list: Listing contexts for virtual host 'localhost'
08-Jan-2017 23:14:28.432 INFO [http-apr-8086-exec-13] org.apache.catalina.core.ApplicationContext.log Manager: restart: Reloading web application '/AnhKyYeu'
08-Jan-2017 23:14:52.885 INFO [http-apr-8086-exec-11] org.apache.catalina.core.ApplicationContext.log Manager: list: Listing contexts for virtual host 'localhost'
08-Jan-2017 23:14:52.901 INFO [http-apr-8086-exec-15] org.apache.catalina.core.ApplicationContext.log Manager: restart: Reloading web application '/AnhKyYeu'
08-Jan-2017 23:14:57.216 INFO [http-apr-8086-exec-8] org.apache.catalina.core.ApplicationContext.log Manager: list: Listing contexts for virtual host 'localhost'
08-Jan-2017 23:14:57.232 INFO [http-apr-8086-exec-6] org.apache.catalina.core.ApplicationContext.log Manager: restart: Reloading web application '/AnhKyYeu'
08-Jan-2017 23:15:23.886 INFO [http-apr-8086-exec-19] org.apache.catalina.core.ApplicationContext.log Manager: list: Listing contexts for virtual host 'localhost'
08-Jan-2017 23:15:23.886 INFO [http-apr-8086-exec-17] org.apache.catalina.core.ApplicationContext.log Manager: undeploy: Undeploying web application at '/AnhKyYeu'
08-Jan-2017 23:15:29.874 INFO [http-apr-8086-exec-14] org.apache.catalina.core.ApplicationContext.log Manager: list: Listing contexts for virtual host 'localhost'
08-Jan-2017 23:15:29.874 INFO [http-apr-8086-exec-17] org.apache.catalina.core.ApplicationContext.log Manager: list: Listing contexts for virtual host 'localhost'
08-Jan-2017 23:15:29.889 INFO [http-apr-8086-exec-22] org.apache.catalina.core.ApplicationContext.log Manager: install: Installing context configuration at 'file:/C:/Users/BVHIEN/AppData/Local/Temp/context9056161858755511278.xml'
08-Jan-2017 23:15:32.135 INFO [http-apr-8086-exec-7] org.apache.catalina.core.ApplicationContext.log Manager: start: Starting web application '/AnhKyYeu'
08-Jan-2017 23:16:37.814 INFO [http-apr-8086-exec-22] org.apache.catalina.core.ApplicationContext.log Manager: list: Listing contexts for virtual host 'localhost'
08-Jan-2017 23:16:37.814 INFO [http-apr-8086-exec-24] org.apache.catalina.core.ApplicationContext.log Manager: list: Listing contexts for virtual host 'localhost'
08-Jan-2017 23:17:26.512 INFO [http-apr-8086-exec-29] org.apache.catalina.core.ApplicationContext.log Manager: list: Listing contexts for virtual host 'localhost'
08-Jan-2017 23:17:26.527 INFO [http-apr-8086-exec-28] org.apache.catalina.core.ApplicationContext.log Manager: restart: Reloading web application '/AnhKyYeu'
08-Jan-2017 23:17:45.206 INFO [http-apr-8086-exec-31] org.apache.catalina.core.ApplicationContext.log Manager: list: Listing contexts for virtual host 'localhost'
08-Jan-2017 23:17:45.222 INFO [http-apr-8086-exec-24] org.apache.catalina.core.ApplicationContext.log Manager: restart: Reloading web application '/AnhKyYeu'
08-Jan-2017 23:18:36.734 INFO [http-apr-8086-exec-31] org.apache.catalina.core.ApplicationContext.log Manager: list: Listing contexts for virtual host 'localhost'
08-Jan-2017 23:18:36.750 INFO [http-apr-8086-exec-35] org.apache.catalina.core.ApplicationContext.log Manager: restart: Reloading web application '/AnhKyYeu'
08-Jan-2017 23:20:31.501 INFO [http-apr-8086-exec-42] org.apache.catalina.core.ApplicationContext.log Manager: list: Listing contexts for virtual host 'localhost'
08-Jan-2017 23:20:31.517 INFO [http-apr-8086-exec-36] org.apache.catalina.core.ApplicationContext.log Manager: restart: Reloading web application '/AnhKyYeu'
08-Jan-2017 23:23:11.311 INFO [http-apr-8086-exec-1] org.apache.catalina.core.ApplicationContext.log Manager: init: Associated with Deployer 'Catalina:type=Deployer,host=localhost'
08-Jan-2017 23:23:11.311 INFO [http-apr-8086-exec-1] org.apache.catalina.core.ApplicationContext.log Manager: init: Global resources are available
08-Jan-2017 23:23:11.311 INFO [http-apr-8086-exec-1] org.apache.catalina.core.ApplicationContext.log Manager: list: Listing contexts for virtual host 'localhost'
08-Jan-2017 23:23:11.311 INFO [http-apr-8086-exec-2] org.apache.catalina.core.ApplicationContext.log Manager: list: Listing contexts for virtual host 'localhost'
08-Jan-2017 23:23:11.373 INFO [http-apr-8086-exec-4] org.apache.catalina.core.ApplicationContext.log Manager: restart: Reloading web application '/AnhKyYeu'
08-Jan-2017 23:25:08.466 INFO [http-apr-8086-exec-3] org.apache.catalina.core.ApplicationContext.log Manager: list: Listing contexts for virtual host 'localhost'
08-Jan-2017 23:25:08.466 INFO [http-apr-8086-exec-2] org.apache.catalina.core.ApplicationContext.log Manager: restart: Reloading web application '/AnhKyYeu'
08-Jan-2017 23:25:16.154 INFO [http-apr-8086-exec-15] org.apache.catalina.core.ApplicationContext.log Manager: list: Listing contexts for virtual host 'localhost'
08-Jan-2017 23:25:16.185 INFO [http-apr-8086-exec-17] org.apache.catalina.core.ApplicationContext.log Manager: restart: Reloading web application '/AnhKyYeu'
08-Jan-2017 23:26:20.889 INFO [http-apr-8086-exec-20] org.apache.catalina.core.ApplicationContext.log Manager: list: Listing contexts for virtual host 'localhost'
08-Jan-2017 23:26:20.905 INFO [http-apr-8086-exec-21] org.apache.catalina.core.ApplicationContext.log Manager: restart: Reloading web application '/AnhKyYeu'
08-Jan-2017 23:27:09.668 INFO [http-apr-8086-exec-23] org.apache.catalina.core.ApplicationContext.log Manager: list: Listing contexts for virtual host 'localhost'
08-Jan-2017 23:27:09.684 INFO [http-apr-8086-exec-13] org.apache.catalina.core.ApplicationContext.log Manager: restart: Reloading web application '/AnhKyYeu'
08-Jan-2017 23:27:30.369 INFO [http-apr-8086-exec-25] org.apache.catalina.core.ApplicationContext.log Manager: list: Listing contexts for virtual host 'localhost'
08-Jan-2017 23:27:30.385 INFO [http-apr-8086-exec-20] org.apache.catalina.core.ApplicationContext.log Manager: restart: Reloading web application '/AnhKyYeu'
08-Jan-2017 23:27:32.807 INFO [http-apr-8086-exec-12] org.apache.catalina.core.ApplicationContext.log Manager: list: Listing contexts for virtual host 'localhost'
08-Jan-2017 23:27:32.807 INFO [http-apr-8086-exec-24] org.apache.catalina.core.ApplicationContext.log Manager: restart: Reloading web application '/AnhKyYeu'
08-Jan-2017 23:27:43.355 INFO [http-apr-8086-exec-26] org.apache.catalina.core.ApplicationContext.log Manager: list: Listing contexts for virtual host 'localhost'
08-Jan-2017 23:27:43.355 INFO [http-apr-8086-exec-29] org.apache.catalina.core.ApplicationContext.log Manager: list: Listing contexts for virtual host 'localhost'
08-Jan-2017 23:27:43.417 INFO [http-apr-8086-exec-5] org.apache.catalina.core.ApplicationContext.log Manager: restart: Reloading web application '/AnhKyYeu'
08-Jan-2017 23:37:30.798 INFO [http-apr-8086-exec-37] org.apache.catalina.core.ApplicationContext.log Manager: list: Listing contexts for virtual host 'localhost'
08-Jan-2017 23:37:30.816 INFO [http-apr-8086-exec-38] org.apache.catalina.core.ApplicationContext.log Manager: restart: Reloading web application '/AnhKyYeu'
08-Jan-2017 23:39:58.398 INFO [http-apr-8086-exec-39] org.apache.catalina.core.ApplicationContext.log Manager: list: Listing contexts for virtual host 'localhost'
08-Jan-2017 23:39:58.407 INFO [http-apr-8086-exec-45] org.apache.catalina.core.ApplicationContext.log Manager: restart: Reloading web application '/AnhKyYeu'
08-Jan-2017 23:43:19.104 INFO [http-apr-8086-exec-41] org.apache.catalina.core.ApplicationContext.log Manager: list: Listing contexts for virtual host 'localhost'
08-Jan-2017 23:43:19.116 INFO [http-apr-8086-exec-46] org.apache.catalina.core.ApplicationContext.log Manager: restart: Reloading web application '/AnhKyYeu'
08-Jan-2017 23:43:21.935 INFO [http-apr-8086-exec-49] org.apache.catalina.core.ApplicationContext.log Manager: list: Listing contexts for virtual host 'localhost'
08-Jan-2017 23:43:21.942 INFO [http-apr-8086-exec-50] org.apache.catalina.core.ApplicationContext.log Manager: undeploy: Undeploying web application at '/AnhKyYeu'
08-Jan-2017 23:43:39.363 INFO [http-apr-8086-exec-55] org.apache.catalina.core.ApplicationContext.log Manager: list: Listing contexts for virtual host 'localhost'
08-Jan-2017 23:43:39.366 INFO [http-apr-8086-exec-56] org.apache.catalina.core.ApplicationContext.log Manager: list: Listing contexts for virtual host 'localhost'
08-Jan-2017 23:43:39.380 INFO [http-apr-8086-exec-51] org.apache.catalina.core.ApplicationContext.log Manager: install: Installing context configuration at 'file:/C:/Users/BVHIEN/AppData/Local/Temp/context4060746874894044378.xml'
08-Jan-2017 23:43:41.660 INFO [http-apr-8086-exec-47] org.apache.catalina.core.ApplicationContext.log Manager: start: Starting web application '/AnhKyYeu'
08-Jan-2017 23:45:39.396 INFO [http-apr-8086-exec-2] org.apache.catalina.core.ApplicationContext.log Manager: init: Associated with Deployer 'Catalina:type=Deployer,host=localhost'
08-Jan-2017 23:45:39.396 INFO [http-apr-8086-exec-2] org.apache.catalina.core.ApplicationContext.log Manager: init: Global resources are available
08-Jan-2017 23:45:39.397 INFO [http-apr-8086-exec-2] org.apache.catalina.core.ApplicationContext.log Manager: list: Listing contexts for virtual host 'localhost'
08-Jan-2017 23:45:39.405 INFO [http-apr-8086-exec-1] org.apache.catalina.core.ApplicationContext.log Manager: list: Listing contexts for virtual host 'localhost'
08-Jan-2017 23:50:56.213 INFO [http-apr-8086-exec-9] org.apache.catalina.core.ApplicationContext.log Manager: list: Listing contexts for virtual host 'localhost'
08-Jan-2017 23:50:56.223 INFO [http-apr-8086-exec-1] org.apache.catalina.core.ApplicationContext.log Manager: restart: Reloading web application '/AnhKyYeu'
08-Jan-2017 23:51:18.018 INFO [http-apr-8086-exec-11] org.apache.catalina.core.ApplicationContext.log Manager: list: Listing contexts for virtual host 'localhost'
08-Jan-2017 23:51:18.029 INFO [http-apr-8086-exec-10] org.apache.catalina.core.ApplicationContext.log Manager: restart: Reloading web application '/AnhKyYeu'
08-Jan-2017 23:51:29.683 INFO [http-apr-8086-exec-11] org.apache.catalina.core.ApplicationContext.log Manager: list: Listing contexts for virtual host 'localhost'
08-Jan-2017 23:51:29.691 INFO [http-apr-8086-exec-6] org.apache.catalina.core.ApplicationContext.log Manager: undeploy: Undeploying web application at '/AnhKyYeu'
08-Jan-2017 23:52:17.829 INFO [http-apr-8086-exec-6] org.apache.catalina.core.ApplicationContext.log Manager: list: Listing contexts for virtual host 'localhost'
08-Jan-2017 23:52:17.832 INFO [http-apr-8086-exec-15] org.apache.catalina.core.ApplicationContext.log Manager: list: Listing contexts for virtual host 'localhost'
08-Jan-2017 23:52:17.846 INFO [http-apr-8086-exec-9] org.apache.catalina.core.ApplicationContext.log Manager: install: Installing context configuration at 'file:/C:/Users/BVHIEN/AppData/Local/Temp/context2028515404005204948.xml'
08-Jan-2017 23:52:20.324 INFO [http-apr-8086-exec-4] org.apache.catalina.core.ApplicationContext.log Manager: start: Starting web application '/AnhKyYeu'
08-Jan-2017 23:52:51.275 INFO [http-apr-8086-exec-18] org.apache.catalina.core.ApplicationContext.log Manager: list: Listing contexts for virtual host 'localhost'
08-Jan-2017 23:52:51.290 INFO [http-apr-8086-exec-14] org.apache.catalina.core.ApplicationContext.log Manager: restart: Reloading web application '/AnhKyYeu'
08-Jan-2017 23:54:58.461 INFO [http-apr-8086-exec-25] org.apache.catalina.core.ApplicationContext.log Manager: list: Listing contexts for virtual host 'localhost'
08-Jan-2017 23:54:58.477 INFO [http-apr-8086-exec-11] org.apache.catalina.core.ApplicationContext.log Manager: restart: Reloading web application '/AnhKyYeu'
08-Jan-2017 23:59:10.499 INFO [http-apr-8086-exec-1] org.apache.catalina.core.ApplicationContext.log Manager: init: Associated with Deployer 'Catalina:type=Deployer,host=localhost'
08-Jan-2017 23:59:10.499 INFO [http-apr-8086-exec-1] org.apache.catalina.core.ApplicationContext.log Manager: init: Global resources are available
08-Jan-2017 23:59:10.500 INFO [http-apr-8086-exec-1] org.apache.catalina.core.ApplicationContext.log Manager: list: Listing contexts for virtual host 'localhost'
08-Jan-2017 23:59:10.507 INFO [http-apr-8086-exec-2] org.apache.catalina.core.ApplicationContext.log Manager: list: Listing contexts for virtual host 'localhost'
08-Jan-2017 23:59:10.570 INFO [http-apr-8086-exec-4] org.apache.catalina.core.ApplicationContext.log Manager: restart: Reloading web application '/AnhKyYeu'
