30-Jan-2017 11:18:59.238 INFO [http-apr-8086-exec-12] org.apache.catalina.core.ApplicationContext.log Manager: init: Associated with Deployer 'Catalina:type=Deployer,host=localhost'
30-Jan-2017 11:18:59.238 INFO [http-apr-8086-exec-12] org.apache.catalina.core.ApplicationContext.log Manager: init: Global resources are available
30-Jan-2017 11:18:59.253 INFO [http-apr-8086-exec-12] org.apache.catalina.core.ApplicationContext.log Manager: list: Listing contexts for virtual host 'localhost'
30-Jan-2017 11:18:59.353 INFO [http-apr-8086-exec-13] org.apache.catalina.core.ApplicationContext.log Manager: list: Listing contexts for virtual host 'localhost'
30-Jan-2017 11:19:00.102 INFO [http-apr-8086-exec-14] org.apache.catalina.core.ApplicationContext.log Manager: restart: Reloading web application '/AnhKyYeu'
30-Jan-2017 11:21:47.233 INFO [http-apr-8086-exec-30] org.apache.catalina.core.ApplicationContext.log Manager: list: Listing contexts for virtual host 'localhost'
30-Jan-2017 11:24:03.188 INFO [http-apr-8086-exec-27] org.apache.catalina.core.ApplicationContext.log Manager: list: Listing contexts for virtual host 'localhost'
30-Jan-2017 11:26:01.433 INFO [http-apr-8086-exec-23] org.apache.catalina.core.ApplicationContext.log Manager: list: Listing contexts for virtual host 'localhost'
30-Jan-2017 11:26:31.452 INFO [http-apr-8086-exec-18] org.apache.catalina.core.ApplicationContext.log Manager: list: Listing contexts for virtual host 'localhost'
30-Jan-2017 11:26:53.588 INFO [http-apr-8086-exec-25] org.apache.catalina.core.ApplicationContext.log Manager: list: Listing contexts for virtual host 'localhost'
30-Jan-2017 12:17:07.147 INFO [http-apr-8086-exec-16] org.apache.catalina.core.ApplicationContext.log Manager: list: Listing contexts for virtual host 'localhost'
30-Jan-2017 12:33:00.914 INFO [http-apr-8086-exec-22] org.apache.catalina.core.ApplicationContext.log Manager: list: Listing contexts for virtual host 'localhost'
30-Jan-2017 12:33:00.924 INFO [http-apr-8086-exec-20] org.apache.catalina.core.ApplicationContext.log Manager: stop: Stopping web application '/AnhKyYeu'
30-Jan-2017 12:33:01.285 INFO [http-apr-8086-exec-18] org.apache.catalina.core.ApplicationContext.log Manager: start: Starting web application '/AnhKyYeu'
30-Jan-2017 12:33:12.362 INFO [http-apr-8086-exec-23] org.apache.catalina.core.ApplicationContext.log Manager: list: Listing contexts for virtual host 'localhost'
30-Jan-2017 12:33:12.365 INFO [http-apr-8086-exec-21] org.apache.catalina.core.ApplicationContext.log Manager: list: Listing contexts for virtual host 'localhost'
30-Jan-2017 12:33:12.441 INFO [http-apr-8086-exec-22] org.apache.catalina.core.ApplicationContext.log Manager: stop: Stopping web application '/AnhKyYeu'
30-Jan-2017 12:33:12.445 INFO [http-apr-8086-exec-28] org.apache.catalina.core.ApplicationContext.log Manager: start: Starting web application '/AnhKyYeu'
30-Jan-2017 12:33:53.610 INFO [http-apr-8086-exec-25] org.apache.catalina.core.ApplicationContext.log Manager: list: Listing contexts for virtual host 'localhost'
30-Jan-2017 12:33:53.613 INFO [http-apr-8086-exec-23] org.apache.catalina.core.ApplicationContext.log Manager: list: Listing contexts for virtual host 'localhost'
30-Jan-2017 12:33:53.688 INFO [http-apr-8086-exec-21] org.apache.catalina.core.ApplicationContext.log Manager: stop: Stopping web application '/AnhKyYeu'
30-Jan-2017 12:33:53.692 INFO [http-apr-8086-exec-22] org.apache.catalina.core.ApplicationContext.log Manager: start: Starting web application '/AnhKyYeu'
30-Jan-2017 12:34:59.227 INFO [http-apr-8086-exec-39] org.apache.catalina.core.ApplicationContext.log Manager: list: Listing contexts for virtual host 'localhost'
30-Jan-2017 12:34:59.239 INFO [http-apr-8086-exec-25] org.apache.catalina.core.ApplicationContext.log Manager: list: Listing contexts for virtual host 'localhost'
30-Jan-2017 12:34:59.247 INFO [http-apr-8086-exec-23] org.apache.catalina.core.ApplicationContext.log Manager: undeploy: Undeploying web application at '/AnhKyYeu'
30-Jan-2017 12:34:59.864 INFO [http-apr-8086-exec-31] org.apache.catalina.core.ApplicationContext.log Manager: install: Installing context configuration at 'file:/C:/Users/BVHIEN/AppData/Local/Temp/context7443366439718530879.xml'
30-Jan-2017 12:35:02.459 INFO [http-apr-8086-exec-21] org.apache.catalina.core.ApplicationContext.log Manager: start: Starting web application '/AnhKyYeu'
30-Jan-2017 12:47:02.252 INFO [http-apr-8086-exec-52] org.apache.catalina.core.ApplicationContext.log Manager: list: Listing contexts for virtual host 'localhost'
30-Jan-2017 12:47:02.252 INFO [http-apr-8086-exec-53] org.apache.catalina.core.ApplicationContext.log Manager: restart: Reloading web application '/AnhKyYeu'
30-Jan-2017 12:47:05.247 INFO [http-apr-8086-exec-48] org.apache.catalina.core.ApplicationContext.log Manager: list: Listing contexts for virtual host 'localhost'
30-Jan-2017 12:47:05.248 INFO [http-apr-8086-exec-52] org.apache.catalina.core.ApplicationContext.log Manager: restart: Reloading web application '/AnhKyYeu'
30-Jan-2017 12:47:20.338 INFO [http-apr-8086-exec-56] org.apache.catalina.core.ApplicationContext.log Manager: list: Listing contexts for virtual host 'localhost'
30-Jan-2017 12:47:20.354 INFO [http-apr-8086-exec-47] org.apache.catalina.core.ApplicationContext.log Manager: restart: Reloading web application '/AnhKyYeu'
30-Jan-2017 12:49:08.790 INFO [http-apr-8086-exec-63] org.apache.catalina.core.ApplicationContext.log Manager: list: Listing contexts for virtual host 'localhost'
30-Jan-2017 12:49:14.762 INFO [http-apr-8086-exec-61] org.apache.catalina.core.ApplicationContext.log Manager: list: Listing contexts for virtual host 'localhost'
30-Jan-2017 12:49:35.254 INFO [http-apr-8086-exec-63] org.apache.catalina.core.ApplicationContext.log Manager: list: Listing contexts for virtual host 'localhost'
30-Jan-2017 12:49:35.269 INFO [http-apr-8086-exec-59] org.apache.catalina.core.ApplicationContext.log Manager: list: Listing contexts for virtual host 'localhost'
30-Jan-2017 12:49:35.332 INFO [http-apr-8086-exec-68] org.apache.catalina.core.ApplicationContext.log Manager: stop: Stopping web application '/AnhKyYeu'
30-Jan-2017 12:49:35.348 INFO [http-apr-8086-exec-75] org.apache.catalina.core.ApplicationContext.log Manager: start: Starting web application '/AnhKyYeu'
30-Jan-2017 12:51:52.906 INFO [http-apr-8086-exec-88] org.apache.catalina.core.ApplicationContext.log Manager: list: Listing contexts for virtual host 'localhost'
30-Jan-2017 12:51:52.922 INFO [http-apr-8086-exec-89] org.apache.catalina.core.ApplicationContext.log Manager: restart: Reloading web application '/AnhKyYeu'
30-Jan-2017 12:55:49.115 INFO [http-apr-8086-exec-102] org.apache.catalina.core.ApplicationContext.log Manager: list: Listing contexts for virtual host 'localhost'
30-Jan-2017 12:55:49.131 INFO [http-apr-8086-exec-103] org.apache.catalina.core.ApplicationContext.log Manager: restart: Reloading web application '/AnhKyYeu'
30-Jan-2017 12:57:25.824 INFO [http-apr-8086-exec-105] org.apache.catalina.core.ApplicationContext.log Manager: list: Listing contexts for virtual host 'localhost'
30-Jan-2017 12:57:25.840 INFO [http-apr-8086-exec-112] org.apache.catalina.core.ApplicationContext.log Manager: restart: Reloading web application '/AnhKyYeu'
30-Jan-2017 12:58:42.448 INFO [http-apr-8086-exec-93] org.apache.catalina.core.ApplicationContext.log Manager: list: Listing contexts for virtual host 'localhost'
30-Jan-2017 12:58:42.463 INFO [http-apr-8086-exec-96] org.apache.catalina.core.ApplicationContext.log Manager: restart: Reloading web application '/AnhKyYeu'
30-Jan-2017 12:59:14.889 INFO [http-apr-8086-exec-92] org.apache.catalina.core.ApplicationContext.log Manager: list: Listing contexts for virtual host 'localhost'
30-Jan-2017 12:59:14.905 INFO [http-apr-8086-exec-73] org.apache.catalina.core.ApplicationContext.log Manager: restart: Reloading web application '/AnhKyYeu'
30-Jan-2017 12:59:17.358 INFO [http-apr-8086-exec-116] org.apache.catalina.core.ApplicationContext.log Manager: list: Listing contexts for virtual host 'localhost'
30-Jan-2017 12:59:17.374 INFO [http-apr-8086-exec-115] org.apache.catalina.core.ApplicationContext.log Manager: restart: Reloading web application '/AnhKyYeu'
30-Jan-2017 12:59:35.339 INFO [http-apr-8086-exec-111] org.apache.catalina.core.ApplicationContext.log Manager: list: Listing contexts for virtual host 'localhost'
30-Jan-2017 12:59:35.354 INFO [http-apr-8086-exec-117] org.apache.catalina.core.ApplicationContext.log Manager: restart: Reloading web application '/AnhKyYeu'
30-Jan-2017 12:59:58.574 INFO [http-apr-8086-exec-94] org.apache.catalina.core.ApplicationContext.log Manager: list: Listing contexts for virtual host 'localhost'
30-Jan-2017 12:59:58.574 INFO [http-apr-8086-exec-124] org.apache.catalina.core.ApplicationContext.log Manager: restart: Reloading web application '/AnhKyYeu'
30-Jan-2017 13:00:02.294 INFO [http-apr-8086-exec-126] org.apache.catalina.core.ApplicationContext.log Manager: list: Listing contexts for virtual host 'localhost'
30-Jan-2017 13:00:02.309 INFO [http-apr-8086-exec-104] org.apache.catalina.core.ApplicationContext.log Manager: restart: Reloading web application '/AnhKyYeu'
30-Jan-2017 13:00:50.049 INFO [http-apr-8086-exec-111] org.apache.catalina.core.ApplicationContext.log Manager: list: Listing contexts for virtual host 'localhost'
30-Jan-2017 13:00:50.065 INFO [http-apr-8086-exec-93] org.apache.catalina.core.ApplicationContext.log Manager: restart: Reloading web application '/AnhKyYeu'
30-Jan-2017 13:00:58.783 INFO [http-apr-8086-exec-105] org.apache.catalina.core.ApplicationContext.log Manager: list: Listing contexts for virtual host 'localhost'
30-Jan-2017 13:00:58.798 INFO [http-apr-8086-exec-94] org.apache.catalina.core.ApplicationContext.log Manager: restart: Reloading web application '/AnhKyYeu'
30-Jan-2017 13:01:21.467 INFO [http-apr-8086-exec-79] org.apache.catalina.core.ApplicationContext.log Manager: list: Listing contexts for virtual host 'localhost'
30-Jan-2017 13:01:21.483 INFO [http-apr-8086-exec-127] org.apache.catalina.core.ApplicationContext.log Manager: restart: Reloading web application '/AnhKyYeu'
30-Jan-2017 13:01:26.272 INFO [http-apr-8086-exec-92] org.apache.catalina.core.ApplicationContext.log Manager: list: Listing contexts for virtual host 'localhost'
30-Jan-2017 13:01:26.272 INFO [http-apr-8086-exec-111] org.apache.catalina.core.ApplicationContext.log Manager: restart: Reloading web application '/AnhKyYeu'
30-Jan-2017 13:01:28.888 INFO [http-apr-8086-exec-134] org.apache.catalina.core.ApplicationContext.log Manager: list: Listing contexts for virtual host 'localhost'
30-Jan-2017 13:01:28.888 INFO [http-apr-8086-exec-130] org.apache.catalina.core.ApplicationContext.log Manager: restart: Reloading web application '/AnhKyYeu'
30-Jan-2017 13:02:00.722 INFO [http-apr-8086-exec-95] org.apache.catalina.core.ApplicationContext.log Manager: list: Listing contexts for virtual host 'localhost'
30-Jan-2017 13:02:00.737 INFO [http-apr-8086-exec-135] org.apache.catalina.core.ApplicationContext.log Manager: restart: Reloading web application '/AnhKyYeu'
30-Jan-2017 13:03:22.140 INFO [http-apr-8086-exec-106] org.apache.catalina.core.ApplicationContext.log Manager: list: Listing contexts for virtual host 'localhost'
30-Jan-2017 13:03:22.156 INFO [http-apr-8086-exec-123] org.apache.catalina.core.ApplicationContext.log Manager: restart: Reloading web application '/AnhKyYeu'
30-Jan-2017 13:03:27.761 INFO [http-apr-8086-exec-128] org.apache.catalina.core.ApplicationContext.log Manager: list: Listing contexts for virtual host 'localhost'
30-Jan-2017 13:03:27.776 INFO [http-apr-8086-exec-146] org.apache.catalina.core.ApplicationContext.log Manager: restart: Reloading web application '/AnhKyYeu'
30-Jan-2017 13:03:50.124 INFO [http-apr-8086-exec-139] org.apache.catalina.core.ApplicationContext.log Manager: list: Listing contexts for virtual host 'localhost'
30-Jan-2017 13:03:50.156 INFO [http-apr-8086-exec-121] org.apache.catalina.core.ApplicationContext.log Manager: restart: Reloading web application '/AnhKyYeu'
30-Jan-2017 13:04:22.489 INFO [http-apr-8086-exec-58] org.apache.catalina.core.ApplicationContext.log Manager: list: Listing contexts for virtual host 'localhost'
30-Jan-2017 13:04:22.505 INFO [http-apr-8086-exec-144] org.apache.catalina.core.ApplicationContext.log Manager: restart: Reloading web application '/AnhKyYeu'
30-Jan-2017 13:05:28.779 INFO [http-apr-8086-exec-145] org.apache.catalina.core.ApplicationContext.log Manager: list: Listing contexts for virtual host 'localhost'
30-Jan-2017 13:05:28.779 INFO [http-apr-8086-exec-109] org.apache.catalina.core.ApplicationContext.log Manager: restart: Reloading web application '/AnhKyYeu'
30-Jan-2017 13:06:03.551 INFO [http-apr-8086-exec-159] org.apache.catalina.core.ApplicationContext.log Manager: list: Listing contexts for virtual host 'localhost'
30-Jan-2017 13:06:03.566 INFO [http-apr-8086-exec-105] org.apache.catalina.core.ApplicationContext.log Manager: restart: Reloading web application '/AnhKyYeu'
30-Jan-2017 13:06:59.056 INFO [http-apr-8086-exec-161] org.apache.catalina.core.ApplicationContext.log Manager: list: Listing contexts for virtual host 'localhost'
30-Jan-2017 13:06:59.072 INFO [http-apr-8086-exec-154] org.apache.catalina.core.ApplicationContext.log Manager: restart: Reloading web application '/AnhKyYeu'
30-Jan-2017 13:07:08.049 INFO [http-apr-8086-exec-163] org.apache.catalina.core.ApplicationContext.log Manager: list: Listing contexts for virtual host 'localhost'
30-Jan-2017 13:07:08.065 INFO [http-apr-8086-exec-58] org.apache.catalina.core.ApplicationContext.log Manager: restart: Reloading web application '/AnhKyYeu'
30-Jan-2017 13:07:31.653 INFO [http-apr-8086-exec-158] org.apache.catalina.core.ApplicationContext.log Manager: list: Listing contexts for virtual host 'localhost'
30-Jan-2017 13:07:31.669 INFO [http-apr-8086-exec-163] org.apache.catalina.core.ApplicationContext.log Manager: restart: Reloading web application '/AnhKyYeu'
30-Jan-2017 13:07:34.014 INFO [http-apr-8086-exec-160] org.apache.catalina.core.ApplicationContext.log Manager: list: Listing contexts for virtual host 'localhost'
30-Jan-2017 13:07:34.014 INFO [http-apr-8086-exec-159] org.apache.catalina.core.ApplicationContext.log Manager: restart: Reloading web application '/AnhKyYeu'
30-Jan-2017 13:07:38.723 INFO [http-apr-8086-exec-161] org.apache.catalina.core.ApplicationContext.log Manager: list: Listing contexts for virtual host 'localhost'
30-Jan-2017 13:07:38.723 INFO [http-apr-8086-exec-158] org.apache.catalina.core.ApplicationContext.log Manager: restart: Reloading web application '/AnhKyYeu'
30-Jan-2017 13:07:41.114 INFO [http-apr-8086-exec-165] org.apache.catalina.core.ApplicationContext.log Manager: list: Listing contexts for virtual host 'localhost'
30-Jan-2017 13:07:41.114 INFO [http-apr-8086-exec-160] org.apache.catalina.core.ApplicationContext.log Manager: restart: Reloading web application '/AnhKyYeu'
30-Jan-2017 13:08:50.090 INFO [http-apr-8086-exec-106] org.apache.catalina.core.ApplicationContext.log Manager: list: Listing contexts for virtual host 'localhost'
30-Jan-2017 13:08:50.106 INFO [http-apr-8086-exec-168] org.apache.catalina.core.ApplicationContext.log Manager: restart: Reloading web application '/AnhKyYeu'
30-Jan-2017 13:08:54.601 INFO [http-apr-8086-exec-107] org.apache.catalina.core.ApplicationContext.log Manager: list: Listing contexts for virtual host 'localhost'
30-Jan-2017 13:08:54.617 INFO [http-apr-8086-exec-156] org.apache.catalina.core.ApplicationContext.log Manager: restart: Reloading web application '/AnhKyYeu'
30-Jan-2017 13:10:37.462 INFO [http-apr-8086-exec-153] org.apache.catalina.core.ApplicationContext.log Manager: list: Listing contexts for virtual host 'localhost'
30-Jan-2017 13:10:37.462 INFO [http-apr-8086-exec-106] org.apache.catalina.core.ApplicationContext.log Manager: restart: Reloading web application '/AnhKyYeu'
30-Jan-2017 13:10:47.020 INFO [http-apr-8086-exec-161] org.apache.catalina.core.ApplicationContext.log Manager: list: Listing contexts for virtual host 'localhost'
30-Jan-2017 13:10:47.036 INFO [http-apr-8086-exec-170] org.apache.catalina.core.ApplicationContext.log Manager: restart: Reloading web application '/AnhKyYeu'
30-Jan-2017 13:10:59.692 INFO [http-apr-8086-exec-172] org.apache.catalina.core.ApplicationContext.log Manager: list: Listing contexts for virtual host 'localhost'
30-Jan-2017 13:10:59.707 INFO [http-apr-8086-exec-164] org.apache.catalina.core.ApplicationContext.log Manager: restart: Reloading web application '/AnhKyYeu'
30-Jan-2017 13:11:38.238 INFO [http-apr-8086-exec-172] org.apache.catalina.core.ApplicationContext.log Manager: list: Listing contexts for virtual host 'localhost'
30-Jan-2017 13:11:38.238 INFO [http-apr-8086-exec-161] org.apache.catalina.core.ApplicationContext.log Manager: restart: Reloading web application '/AnhKyYeu'
30-Jan-2017 13:13:00.649 INFO [http-apr-8086-exec-186] org.apache.catalina.core.ApplicationContext.log Manager: list: Listing contexts for virtual host 'localhost'
30-Jan-2017 13:13:00.665 INFO [http-apr-8086-exec-178] org.apache.catalina.core.ApplicationContext.log Manager: restart: Reloading web application '/AnhKyYeu'
30-Jan-2017 13:14:00.738 INFO [http-apr-8086-exec-187] org.apache.catalina.core.ApplicationContext.log Manager: list: Listing contexts for virtual host 'localhost'
30-Jan-2017 13:14:00.760 INFO [http-apr-8086-exec-193] org.apache.catalina.core.ApplicationContext.log Manager: restart: Reloading web application '/AnhKyYeu'
30-Jan-2017 13:14:29.381 INFO [http-apr-8086-exec-187] org.apache.catalina.core.ApplicationContext.log Manager: list: Listing contexts for virtual host 'localhost'
30-Jan-2017 13:14:29.397 INFO [http-apr-8086-exec-162] org.apache.catalina.core.ApplicationContext.log Manager: restart: Reloading web application '/AnhKyYeu'
30-Jan-2017 13:14:33.508 INFO [http-apr-8086-exec-195] org.apache.catalina.core.ApplicationContext.log Manager: list: Listing contexts for virtual host 'localhost'
30-Jan-2017 13:14:33.508 INFO [http-apr-8086-exec-201] org.apache.catalina.core.ApplicationContext.log Manager: restart: Reloading web application '/AnhKyYeu'
30-Jan-2017 13:15:24.671 INFO [http-apr-8086-exec-197] org.apache.catalina.core.ApplicationContext.log Manager: list: Listing contexts for virtual host 'localhost'
30-Jan-2017 13:15:24.687 INFO [http-apr-8086-exec-187] org.apache.catalina.core.ApplicationContext.log Manager: restart: Reloading web application '/AnhKyYeu'
30-Jan-2017 13:17:13.056 INFO [http-apr-8086-exec-195] org.apache.catalina.core.ApplicationContext.log Manager: list: Listing contexts for virtual host 'localhost'
30-Jan-2017 13:17:13.056 INFO [http-apr-8086-exec-172] org.apache.catalina.core.ApplicationContext.log Manager: restart: Reloading web application '/AnhKyYeu'
30-Jan-2017 13:18:35.831 INFO [http-apr-8086-exec-209] org.apache.catalina.core.ApplicationContext.log Manager: list: Listing contexts for virtual host 'localhost'
30-Jan-2017 13:18:35.846 INFO [http-apr-8086-exec-206] org.apache.catalina.core.ApplicationContext.log Manager: restart: Reloading web application '/AnhKyYeu'
30-Jan-2017 13:19:01.063 INFO [http-apr-8086-exec-153] org.apache.catalina.core.ApplicationContext.log Manager: list: Listing contexts for virtual host 'localhost'
30-Jan-2017 13:19:01.079 INFO [http-apr-8086-exec-189] org.apache.catalina.core.ApplicationContext.log Manager: restart: Reloading web application '/AnhKyYeu'
30-Jan-2017 13:23:42.610 INFO [http-apr-8086-exec-227] org.apache.catalina.core.ApplicationContext.log Manager: list: Listing contexts for virtual host 'localhost'
30-Jan-2017 13:23:42.626 INFO [http-apr-8086-exec-228] org.apache.catalina.core.ApplicationContext.log Manager: restart: Reloading web application '/AnhKyYeu'
30-Jan-2017 13:24:08.658 INFO [http-apr-8086-exec-197] org.apache.catalina.core.ApplicationContext.log Manager: list: Listing contexts for virtual host 'localhost'
30-Jan-2017 13:24:14.630 INFO [http-apr-8086-exec-221] org.apache.catalina.core.ApplicationContext.log Manager: list: Listing contexts for virtual host 'localhost'
30-Jan-2017 13:24:14.630 INFO [http-apr-8086-exec-225] org.apache.catalina.core.ApplicationContext.log Manager: list: Listing contexts for virtual host 'localhost'
30-Jan-2017 13:24:14.692 INFO [http-apr-8086-exec-226] org.apache.catalina.core.ApplicationContext.log Manager: restart: Reloading web application '/AnhKyYeu'
30-Jan-2017 13:24:17.379 INFO [http-apr-8086-exec-220] org.apache.catalina.core.ApplicationContext.log Manager: list: Listing contexts for virtual host 'localhost'
30-Jan-2017 13:24:17.379 INFO [http-apr-8086-exec-231] org.apache.catalina.core.ApplicationContext.log Manager: list: Listing contexts for virtual host 'localhost'
30-Jan-2017 13:26:00.724 INFO [http-apr-8086-exec-223] org.apache.catalina.core.ApplicationContext.log Manager: list: Listing contexts for virtual host 'localhost'
30-Jan-2017 13:26:00.724 INFO [http-apr-8086-exec-107] org.apache.catalina.core.ApplicationContext.log Manager: restart: Reloading web application '/AnhKyYeu'
30-Jan-2017 13:27:13.133 INFO [http-apr-8086-exec-230] org.apache.catalina.core.ApplicationContext.log Manager: list: Listing contexts for virtual host 'localhost'
30-Jan-2017 13:27:13.133 INFO [http-apr-8086-exec-236] org.apache.catalina.core.ApplicationContext.log Manager: restart: Reloading web application '/AnhKyYeu'
30-Jan-2017 13:32:39.930 INFO [http-apr-8086-exec-220] org.apache.catalina.core.ApplicationContext.log Manager: list: Listing contexts for virtual host 'localhost'
30-Jan-2017 13:32:39.944 INFO [http-apr-8086-exec-213] org.apache.catalina.core.ApplicationContext.log Manager: restart: Reloading web application '/AnhKyYeu'
30-Jan-2017 13:32:51.782 INFO [http-apr-8086-exec-238] org.apache.catalina.core.ApplicationContext.log Manager: list: Listing contexts for virtual host 'localhost'
30-Jan-2017 13:32:51.799 INFO [http-apr-8086-exec-246] org.apache.catalina.core.ApplicationContext.log Manager: restart: Reloading web application '/AnhKyYeu'
30-Jan-2017 13:33:42.305 INFO [http-apr-8086-exec-227] org.apache.catalina.core.ApplicationContext.log Manager: list: Listing contexts for virtual host 'localhost'
30-Jan-2017 13:33:58.477 INFO [http-apr-8086-exec-227] org.apache.catalina.core.ApplicationContext.log Manager: list: Listing contexts for virtual host 'localhost'
30-Jan-2017 13:34:07.405 INFO [http-apr-8086-exec-245] org.apache.catalina.core.ApplicationContext.log Manager: list: Listing contexts for virtual host 'localhost'
30-Jan-2017 13:34:07.405 INFO [http-apr-8086-exec-250] org.apache.catalina.core.ApplicationContext.log Manager: list: Listing contexts for virtual host 'localhost'
30-Jan-2017 13:34:07.468 INFO [http-apr-8086-exec-262] org.apache.catalina.core.ApplicationContext.log Manager: restart: Reloading web application '/AnhKyYeu'
30-Jan-2017 13:35:42.993 INFO [http-apr-8086-exec-249] org.apache.catalina.core.ApplicationContext.log Manager: list: Listing contexts for virtual host 'localhost'
30-Jan-2017 13:35:43.008 INFO [http-apr-8086-exec-227] org.apache.catalina.core.ApplicationContext.log Manager: restart: Reloading web application '/AnhKyYeu'
30-Jan-2017 13:37:01.626 INFO [http-apr-8086-exec-272] org.apache.catalina.core.ApplicationContext.log Manager: list: Listing contexts for virtual host 'localhost'
30-Jan-2017 13:37:07.053 INFO [http-apr-8086-exec-267] org.apache.catalina.core.ApplicationContext.log Manager: list: Listing contexts for virtual host 'localhost'
30-Jan-2017 13:37:40.540 INFO [http-apr-8086-exec-238] org.apache.catalina.core.ApplicationContext.log Manager: list: Listing contexts for virtual host 'localhost'
30-Jan-2017 13:37:56.114 INFO [http-apr-8086-exec-276] org.apache.catalina.core.ApplicationContext.log Manager: list: Listing contexts for virtual host 'localhost'
30-Jan-2017 13:38:47.060 INFO [http-apr-8086-exec-242] org.apache.catalina.core.ApplicationContext.log Manager: list: Listing contexts for virtual host 'localhost'
30-Jan-2017 13:41:54.935 INFO [http-apr-8086-exec-280] org.apache.catalina.core.ApplicationContext.log Manager: list: Listing contexts for virtual host 'localhost'
30-Jan-2017 13:41:54.935 INFO [http-apr-8086-exec-284] org.apache.catalina.core.ApplicationContext.log Manager: restart: Reloading web application '/AnhKyYeu'
30-Jan-2017 13:42:16.795 INFO [http-apr-8086-exec-285] org.apache.catalina.core.ApplicationContext.log Manager: list: Listing contexts for virtual host 'localhost'
30-Jan-2017 13:42:16.811 INFO [http-apr-8086-exec-290] org.apache.catalina.core.ApplicationContext.log Manager: restart: Reloading web application '/AnhKyYeu'
30-Jan-2017 13:44:46.473 INFO [http-apr-8086-exec-272] org.apache.catalina.core.ApplicationContext.log Manager: list: Listing contexts for virtual host 'localhost'
30-Jan-2017 13:44:46.488 INFO [http-apr-8086-exec-242] org.apache.catalina.core.ApplicationContext.log Manager: restart: Reloading web application '/AnhKyYeu'
30-Jan-2017 13:44:59.523 INFO [http-apr-8086-exec-304] org.apache.catalina.core.ApplicationContext.log Manager: list: Listing contexts for virtual host 'localhost'
30-Jan-2017 13:44:59.539 INFO [http-apr-8086-exec-283] org.apache.catalina.core.ApplicationContext.log Manager: restart: Reloading web application '/AnhKyYeu'
30-Jan-2017 13:45:18.692 INFO [http-apr-8086-exec-296] org.apache.catalina.core.ApplicationContext.log Manager: list: Listing contexts for virtual host 'localhost'
30-Jan-2017 13:45:32.055 INFO [http-apr-8086-exec-307] org.apache.catalina.core.ApplicationContext.log Manager: list: Listing contexts for virtual host 'localhost'
30-Jan-2017 13:45:45.109 INFO [http-apr-8086-exec-298] org.apache.catalina.core.ApplicationContext.log Manager: list: Listing contexts for virtual host 'localhost'
30-Jan-2017 17:23:59.166 INFO [http-apr-8086-exec-12] org.apache.catalina.core.ApplicationContext.log Manager: init: Associated with Deployer 'Catalina:type=Deployer,host=localhost'
30-Jan-2017 17:23:59.166 INFO [http-apr-8086-exec-12] org.apache.catalina.core.ApplicationContext.log Manager: init: Global resources are available
30-Jan-2017 17:23:59.182 INFO [http-apr-8086-exec-12] org.apache.catalina.core.ApplicationContext.log Manager: list: Listing contexts for virtual host 'localhost'
30-Jan-2017 17:23:59.198 INFO [http-apr-8086-exec-13] org.apache.catalina.core.ApplicationContext.log Manager: list: Listing contexts for virtual host 'localhost'
30-Jan-2017 17:23:59.382 INFO [http-apr-8086-exec-14] org.apache.catalina.core.ApplicationContext.log Manager: restart: Reloading web application '/AnhKyYeu'
30-Jan-2017 17:29:03.931 INFO [http-apr-8086-exec-22] org.apache.catalina.core.ApplicationContext.log Manager: list: Listing contexts for virtual host 'localhost'
30-Jan-2017 17:29:03.947 INFO [http-apr-8086-exec-24] org.apache.catalina.core.ApplicationContext.log Manager: restart: Reloading web application '/AnhKyYeu'
30-Jan-2017 17:29:07.423 INFO [http-apr-8086-exec-26] org.apache.catalina.core.ApplicationContext.log Manager: list: Listing contexts for virtual host 'localhost'
30-Jan-2017 17:29:07.423 INFO [http-apr-8086-exec-23] org.apache.catalina.core.ApplicationContext.log Manager: restart: Reloading web application '/AnhKyYeu'
30-Jan-2017 17:29:37.390 INFO [http-apr-8086-exec-20] org.apache.catalina.core.ApplicationContext.log Manager: list: Listing contexts for virtual host 'localhost'
30-Jan-2017 17:29:37.405 INFO [http-apr-8086-exec-18] org.apache.catalina.core.ApplicationContext.log Manager: restart: Reloading web application '/AnhKyYeu'
30-Jan-2017 17:30:25.716 INFO [http-apr-8086-exec-41] org.apache.catalina.core.ApplicationContext.log Manager: list: Listing contexts for virtual host 'localhost'
30-Jan-2017 17:30:25.732 INFO [http-apr-8086-exec-40] org.apache.catalina.core.ApplicationContext.log Manager: restart: Reloading web application '/AnhKyYeu'
30-Jan-2017 17:30:44.112 INFO [http-apr-8086-exec-42] org.apache.catalina.core.ApplicationContext.log Manager: list: Listing contexts for virtual host 'localhost'
30-Jan-2017 17:30:44.128 INFO [http-apr-8086-exec-31] org.apache.catalina.core.ApplicationContext.log Manager: restart: Reloading web application '/AnhKyYeu'
30-Jan-2017 17:31:54.449 INFO [http-apr-8086-exec-16] org.apache.catalina.core.ApplicationContext.log Manager: list: Listing contexts for virtual host 'localhost'
30-Jan-2017 17:31:54.464 INFO [http-apr-8086-exec-42] org.apache.catalina.core.ApplicationContext.log Manager: restart: Reloading web application '/AnhKyYeu'
30-Jan-2017 17:34:00.982 INFO [http-apr-8086-exec-16] org.apache.catalina.core.ApplicationContext.log Manager: list: Listing contexts for virtual host 'localhost'
30-Jan-2017 17:34:16.740 INFO [http-apr-8086-exec-46] org.apache.catalina.core.ApplicationContext.log Manager: list: Listing contexts for virtual host 'localhost'
30-Jan-2017 17:35:01.876 INFO [http-apr-8086-exec-52] org.apache.catalina.core.ApplicationContext.log Manager: list: Listing contexts for virtual host 'localhost'
30-Jan-2017 17:35:01.898 INFO [http-apr-8086-exec-49] org.apache.catalina.core.ApplicationContext.log Manager: restart: Reloading web application '/AnhKyYeu'
30-Jan-2017 17:36:24.187 INFO [http-apr-8086-exec-36] org.apache.catalina.core.ApplicationContext.log Manager: list: Listing contexts for virtual host 'localhost'
30-Jan-2017 17:36:24.203 INFO [http-apr-8086-exec-41] org.apache.catalina.core.ApplicationContext.log Manager: restart: Reloading web application '/AnhKyYeu'
30-Jan-2017 17:36:58.665 INFO [http-apr-8086-exec-56] org.apache.catalina.core.ApplicationContext.log Manager: list: Listing contexts for virtual host 'localhost'
30-Jan-2017 17:36:58.665 INFO [http-apr-8086-exec-46] org.apache.catalina.core.ApplicationContext.log Manager: restart: Reloading web application '/AnhKyYeu'
30-Jan-2017 17:37:06.105 INFO [http-apr-8086-exec-65] org.apache.catalina.core.ApplicationContext.log Manager: list: Listing contexts for virtual host 'localhost'
30-Jan-2017 17:37:06.124 INFO [http-apr-8086-exec-21] org.apache.catalina.core.ApplicationContext.log Manager: restart: Reloading web application '/AnhKyYeu'
30-Jan-2017 17:37:23.640 INFO [http-apr-8086-exec-57] org.apache.catalina.core.ApplicationContext.log Manager: list: Listing contexts for virtual host 'localhost'
30-Jan-2017 17:37:23.656 INFO [http-apr-8086-exec-71] org.apache.catalina.core.ApplicationContext.log Manager: restart: Reloading web application '/AnhKyYeu'
30-Jan-2017 17:37:30.833 INFO [http-apr-8086-exec-65] org.apache.catalina.core.ApplicationContext.log Manager: list: Listing contexts for virtual host 'localhost'
30-Jan-2017 17:37:30.849 INFO [http-apr-8086-exec-74] org.apache.catalina.core.ApplicationContext.log Manager: restart: Reloading web application '/AnhKyYeu'
30-Jan-2017 17:37:33.556 INFO [http-apr-8086-exec-76] org.apache.catalina.core.ApplicationContext.log Manager: list: Listing contexts for virtual host 'localhost'
30-Jan-2017 17:37:33.571 INFO [http-apr-8086-exec-67] org.apache.catalina.core.ApplicationContext.log Manager: restart: Reloading web application '/AnhKyYeu'
30-Jan-2017 17:38:22.678 INFO [http-apr-8086-exec-65] org.apache.catalina.core.ApplicationContext.log Manager: list: Listing contexts for virtual host 'localhost'
30-Jan-2017 17:38:22.678 INFO [http-apr-8086-exec-57] org.apache.catalina.core.ApplicationContext.log Manager: restart: Reloading web application '/AnhKyYeu'
30-Jan-2017 17:38:29.684 INFO [http-apr-8086-exec-65] org.apache.catalina.core.ApplicationContext.log Manager: list: Listing contexts for virtual host 'localhost'
30-Jan-2017 17:38:29.699 INFO [http-apr-8086-exec-81] org.apache.catalina.core.ApplicationContext.log Manager: restart: Reloading web application '/AnhKyYeu'
30-Jan-2017 17:44:53.590 INFO [http-apr-8086-exec-92] org.apache.catalina.core.ApplicationContext.log Manager: list: Listing contexts for virtual host 'localhost'
30-Jan-2017 17:44:53.600 INFO [http-apr-8086-exec-84] org.apache.catalina.core.ApplicationContext.log Manager: restart: Reloading web application '/AnhKyYeu'
30-Jan-2017 17:46:13.146 INFO [http-apr-8086-exec-94] org.apache.catalina.core.ApplicationContext.log Manager: list: Listing contexts for virtual host 'localhost'
30-Jan-2017 17:46:13.154 INFO [http-apr-8086-exec-99] org.apache.catalina.core.ApplicationContext.log Manager: restart: Reloading web application '/AnhKyYeu'
30-Jan-2017 17:46:28.433 INFO [http-apr-8086-exec-96] org.apache.catalina.core.ApplicationContext.log Manager: list: Listing contexts for virtual host 'localhost'
30-Jan-2017 17:46:28.461 INFO [http-apr-8086-exec-104] org.apache.catalina.core.ApplicationContext.log Manager: restart: Reloading web application '/AnhKyYeu'
30-Jan-2017 17:46:37.045 INFO [http-apr-8086-exec-89] org.apache.catalina.core.ApplicationContext.log Manager: list: Listing contexts for virtual host 'localhost'
30-Jan-2017 17:46:37.076 INFO [http-apr-8086-exec-96] org.apache.catalina.core.ApplicationContext.log Manager: restart: Reloading web application '/AnhKyYeu'
30-Jan-2017 17:47:43.920 INFO [http-apr-8086-exec-89] org.apache.catalina.core.ApplicationContext.log Manager: list: Listing contexts for virtual host 'localhost'
30-Jan-2017 17:47:43.937 INFO [http-apr-8086-exec-101] org.apache.catalina.core.ApplicationContext.log Manager: restart: Reloading web application '/AnhKyYeu'
30-Jan-2017 17:52:37.668 INFO [http-apr-8086-exec-128] org.apache.catalina.core.ApplicationContext.log Manager: list: Listing contexts for virtual host 'localhost'
30-Jan-2017 17:52:37.684 INFO [http-apr-8086-exec-129] org.apache.catalina.core.ApplicationContext.log Manager: restart: Reloading web application '/AnhKyYeu'
30-Jan-2017 17:53:49.838 INFO [http-apr-8086-exec-111] org.apache.catalina.core.ApplicationContext.log Manager: list: Listing contexts for virtual host 'localhost'
30-Jan-2017 17:53:49.847 INFO [http-apr-8086-exec-132] org.apache.catalina.core.ApplicationContext.log Manager: restart: Reloading web application '/AnhKyYeu'
30-Jan-2017 17:55:14.000 INFO [http-apr-8086-exec-136] org.apache.catalina.core.ApplicationContext.log Manager: list: Listing contexts for virtual host 'localhost'
30-Jan-2017 17:55:14.016 INFO [http-apr-8086-exec-123] org.apache.catalina.core.ApplicationContext.log Manager: restart: Reloading web application '/AnhKyYeu'
30-Jan-2017 17:57:38.030 INFO [http-apr-8086-exec-152] org.apache.catalina.core.ApplicationContext.log Manager: list: Listing contexts for virtual host 'localhost'
30-Jan-2017 17:57:38.039 INFO [http-apr-8086-exec-107] org.apache.catalina.core.ApplicationContext.log Manager: restart: Reloading web application '/AnhKyYeu'
30-Jan-2017 17:57:40.726 INFO [http-apr-8086-exec-133] org.apache.catalina.core.ApplicationContext.log Manager: list: Listing contexts for virtual host 'localhost'
30-Jan-2017 17:57:40.737 INFO [http-apr-8086-exec-73] org.apache.catalina.core.ApplicationContext.log Manager: restart: Reloading web application '/AnhKyYeu'
30-Jan-2017 17:57:43.194 INFO [http-apr-8086-exec-147] org.apache.catalina.core.ApplicationContext.log Manager: list: Listing contexts for virtual host 'localhost'
30-Jan-2017 17:57:43.201 INFO [http-apr-8086-exec-146] org.apache.catalina.core.ApplicationContext.log Manager: restart: Reloading web application '/AnhKyYeu'
30-Jan-2017 17:58:07.141 INFO [http-apr-8086-exec-147] org.apache.catalina.core.ApplicationContext.log Manager: list: Listing contexts for virtual host 'localhost'
30-Jan-2017 17:58:07.175 INFO [http-apr-8086-exec-157] org.apache.catalina.core.ApplicationContext.log Manager: restart: Reloading web application '/AnhKyYeu'
30-Jan-2017 17:58:18.236 INFO [http-apr-8086-exec-152] org.apache.catalina.core.ApplicationContext.log Manager: list: Listing contexts for virtual host 'localhost'
30-Jan-2017 17:58:18.256 INFO [http-apr-8086-exec-137] org.apache.catalina.core.ApplicationContext.log Manager: restart: Reloading web application '/AnhKyYeu'
30-Jan-2017 17:58:22.088 INFO [http-apr-8086-exec-147] org.apache.catalina.core.ApplicationContext.log Manager: list: Listing contexts for virtual host 'localhost'
30-Jan-2017 17:58:22.094 INFO [http-apr-8086-exec-150] org.apache.catalina.core.ApplicationContext.log Manager: restart: Reloading web application '/AnhKyYeu'
30-Jan-2017 17:58:49.276 INFO [http-apr-8086-exec-153] org.apache.catalina.core.ApplicationContext.log Manager: list: Listing contexts for virtual host 'localhost'
30-Jan-2017 17:58:49.302 INFO [http-apr-8086-exec-136] org.apache.catalina.core.ApplicationContext.log Manager: restart: Reloading web application '/AnhKyYeu'
30-Jan-2017 17:59:38.419 INFO [http-apr-8086-exec-152] org.apache.catalina.core.ApplicationContext.log Manager: list: Listing contexts for virtual host 'localhost'
30-Jan-2017 17:59:38.441 INFO [http-apr-8086-exec-163] org.apache.catalina.core.ApplicationContext.log Manager: restart: Reloading web application '/AnhKyYeu'
30-Jan-2017 18:00:14.381 INFO [http-apr-8086-exec-135] org.apache.catalina.core.ApplicationContext.log Manager: list: Listing contexts for virtual host 'localhost'
30-Jan-2017 18:00:14.389 INFO [http-apr-8086-exec-168] org.apache.catalina.core.ApplicationContext.log Manager: restart: Reloading web application '/AnhKyYeu'
30-Jan-2017 18:00:16.776 INFO [http-apr-8086-exec-166] org.apache.catalina.core.ApplicationContext.log Manager: list: Listing contexts for virtual host 'localhost'
30-Jan-2017 18:00:16.785 INFO [http-apr-8086-exec-147] org.apache.catalina.core.ApplicationContext.log Manager: restart: Reloading web application '/AnhKyYeu'
30-Jan-2017 18:01:19.678 INFO [http-apr-8086-exec-143] org.apache.catalina.core.ApplicationContext.log Manager: list: Listing contexts for virtual host 'localhost'
30-Jan-2017 18:01:19.687 INFO [http-apr-8086-exec-156] org.apache.catalina.core.ApplicationContext.log Manager: restart: Reloading web application '/AnhKyYeu'
30-Jan-2017 18:01:22.504 INFO [http-apr-8086-exec-161] org.apache.catalina.core.ApplicationContext.log Manager: list: Listing contexts for virtual host 'localhost'
30-Jan-2017 18:01:22.513 INFO [http-apr-8086-exec-166] org.apache.catalina.core.ApplicationContext.log Manager: restart: Reloading web application '/AnhKyYeu'
30-Jan-2017 18:02:01.039 INFO [http-apr-8086-exec-134] org.apache.catalina.core.ApplicationContext.log Manager: list: Listing contexts for virtual host 'localhost'
30-Jan-2017 18:03:23.818 INFO [http-apr-8086-exec-158] org.apache.catalina.core.ApplicationContext.log Manager: list: Listing contexts for virtual host 'localhost'
30-Jan-2017 18:04:46.126 INFO [http-apr-8086-exec-179] org.apache.catalina.core.ApplicationContext.log Manager: list: Listing contexts for virtual host 'localhost'
30-Jan-2017 18:04:52.286 INFO [http-apr-8086-exec-160] org.apache.catalina.core.ApplicationContext.log Manager: list: Listing contexts for virtual host 'localhost'
30-Jan-2017 18:05:54.113 INFO [http-apr-8086-exec-179] org.apache.catalina.core.ApplicationContext.log Manager: list: Listing contexts for virtual host 'localhost'
30-Jan-2017 18:06:51.959 INFO [http-apr-8086-exec-182] org.apache.catalina.core.ApplicationContext.log Manager: list: Listing contexts for virtual host 'localhost'
30-Jan-2017 18:08:30.506 INFO [http-apr-8086-exec-195] org.apache.catalina.core.ApplicationContext.log Manager: list: Listing contexts for virtual host 'localhost'
30-Jan-2017 18:13:49.677 INFO [http-apr-8086-exec-179] org.apache.catalina.core.ApplicationContext.log Manager: list: Listing contexts for virtual host 'localhost'
30-Jan-2017 18:13:55.561 INFO [http-apr-8086-exec-190] org.apache.catalina.core.ApplicationContext.log Manager: list: Listing contexts for virtual host 'localhost'
30-Jan-2017 18:14:08.912 INFO [http-apr-8086-exec-177] org.apache.catalina.core.ApplicationContext.log Manager: list: Listing contexts for virtual host 'localhost'
30-Jan-2017 18:14:48.915 INFO [http-apr-8086-exec-195] org.apache.catalina.core.ApplicationContext.log Manager: list: Listing contexts for virtual host 'localhost'
30-Jan-2017 18:15:14.326 INFO [http-apr-8086-exec-199] org.apache.catalina.core.ApplicationContext.log Manager: list: Listing contexts for virtual host 'localhost'
30-Jan-2017 18:15:55.948 INFO [http-apr-8086-exec-185] org.apache.catalina.core.ApplicationContext.log Manager: list: Listing contexts for virtual host 'localhost'
30-Jan-2017 18:16:09.913 INFO [http-apr-8086-exec-193] org.apache.catalina.core.ApplicationContext.log Manager: list: Listing contexts for virtual host 'localhost'
30-Jan-2017 18:16:24.952 INFO [http-apr-8086-exec-188] org.apache.catalina.core.ApplicationContext.log Manager: list: Listing contexts for virtual host 'localhost'
30-Jan-2017 18:17:08.424 INFO [http-apr-8086-exec-196] org.apache.catalina.core.ApplicationContext.log Manager: list: Listing contexts for virtual host 'localhost'
30-Jan-2017 18:17:19.950 INFO [http-apr-8086-exec-187] org.apache.catalina.core.ApplicationContext.log Manager: list: Listing contexts for virtual host 'localhost'
30-Jan-2017 18:17:24.352 INFO [http-apr-8086-exec-190] org.apache.catalina.core.ApplicationContext.log Manager: list: Listing contexts for virtual host 'localhost'
30-Jan-2017 18:17:36.647 INFO [http-apr-8086-exec-187] org.apache.catalina.core.ApplicationContext.log Manager: list: Listing contexts for virtual host 'localhost'
30-Jan-2017 18:18:00.070 INFO [http-apr-8086-exec-178] org.apache.catalina.core.ApplicationContext.log Manager: list: Listing contexts for virtual host 'localhost'
30-Jan-2017 18:18:35.174 INFO [http-apr-8086-exec-186] org.apache.catalina.core.ApplicationContext.log Manager: list: Listing contexts for virtual host 'localhost'
30-Jan-2017 18:18:48.015 INFO [http-apr-8086-exec-180] org.apache.catalina.core.ApplicationContext.log Manager: list: Listing contexts for virtual host 'localhost'
30-Jan-2017 18:18:58.275 INFO [http-apr-8086-exec-184] org.apache.catalina.core.ApplicationContext.log Manager: list: Listing contexts for virtual host 'localhost'
30-Jan-2017 18:19:39.783 INFO [http-apr-8086-exec-181] org.apache.catalina.core.ApplicationContext.log Manager: list: Listing contexts for virtual host 'localhost'
