08-Jan-2017 21:03:29.311 INFO [main] org.apache.catalina.startup.VersionLoggerListener.log Server version:        Apache Tomcat/8.5.9
08-Jan-2017 21:03:29.315 INFO [main] org.apache.catalina.startup.VersionLoggerListener.log Server built:          Dec 5 2016 20:18:12 UTC
08-Jan-2017 21:03:29.316 INFO [main] org.apache.catalina.startup.VersionLoggerListener.log Server number:         8.5.9.0
08-Jan-2017 21:03:29.316 INFO [main] org.apache.catalina.startup.VersionLoggerListener.log OS Name:               Windows 10
08-Jan-2017 21:03:29.316 INFO [main] org.apache.catalina.startup.VersionLoggerListener.log OS Version:            10.0
08-Jan-2017 21:03:29.316 INFO [main] org.apache.catalina.startup.VersionLoggerListener.log Architecture:          amd64
08-Jan-2017 21:03:29.316 INFO [main] org.apache.catalina.startup.VersionLoggerListener.log Java Home:             C:\Program Files\Java\jdk1.8.0_111\jre
08-Jan-2017 21:03:29.316 INFO [main] org.apache.catalina.startup.VersionLoggerListener.log JVM Version:           1.8.0_111-b14
08-Jan-2017 21:03:29.317 INFO [main] org.apache.catalina.startup.VersionLoggerListener.log JVM Vendor:            Oracle Corporation
08-Jan-2017 21:03:29.317 INFO [main] org.apache.catalina.startup.VersionLoggerListener.log CATALINA_BASE:         C:\Users\BVHIEN\Documents\NetBeansProjects\AnhKyYeu\lib\apache-tomcat-8.5.9
08-Jan-2017 21:03:29.317 INFO [main] org.apache.catalina.startup.VersionLoggerListener.log CATALINA_HOME:         C:\Users\BVHIEN\Documents\NetBeansProjects\AnhKyYeu\lib\apache-tomcat-8.5.9
08-Jan-2017 21:03:29.318 INFO [main] org.apache.catalina.startup.VersionLoggerListener.log Command line argument: -Djava.util.logging.config.file=C:\Users\BVHIEN\Documents\NetBeansProjects\AnhKyYeu\lib\apache-tomcat-8.5.9\conf\logging.properties
08-Jan-2017 21:03:29.319 INFO [main] org.apache.catalina.startup.VersionLoggerListener.log Command line argument: -Djava.util.logging.manager=org.apache.juli.ClassLoaderLogManager
08-Jan-2017 21:03:29.319 INFO [main] org.apache.catalina.startup.VersionLoggerListener.log Command line argument: -Xms1024m
08-Jan-2017 21:03:29.319 INFO [main] org.apache.catalina.startup.VersionLoggerListener.log Command line argument: -Djdk.tls.ephemeralDHKeySize=2048
08-Jan-2017 21:03:29.319 INFO [main] org.apache.catalina.startup.VersionLoggerListener.log Command line argument: -Djava.protocol.handler.pkgs=org.apache.catalina.webresources
08-Jan-2017 21:03:29.320 INFO [main] org.apache.catalina.startup.VersionLoggerListener.log Command line argument: -Dcatalina.base=C:\Users\BVHIEN\Documents\NetBeansProjects\AnhKyYeu\lib\apache-tomcat-8.5.9
08-Jan-2017 21:03:29.320 INFO [main] org.apache.catalina.startup.VersionLoggerListener.log Command line argument: -Dcatalina.home=C:\Users\BVHIEN\Documents\NetBeansProjects\AnhKyYeu\lib\apache-tomcat-8.5.9
08-Jan-2017 21:03:29.320 INFO [main] org.apache.catalina.startup.VersionLoggerListener.log Command line argument: -Djava.io.tmpdir=C:\Users\BVHIEN\Documents\NetBeansProjects\AnhKyYeu\lib\apache-tomcat-8.5.9\temp
08-Jan-2017 21:03:29.320 INFO [main] org.apache.catalina.core.AprLifecycleListener.lifecycleEvent The APR based Apache Tomcat Native library which allows optimal performance in production environments was not found on the java.library.path: C:\Program Files\Java\jdk1.8.0_111\bin;C:\WINDOWS\Sun\Java\bin;C:\WINDOWS\system32;C:\WINDOWS;C:\ProgramData\Oracle\Java\javapath;C:\oraclexe\app\oracle\product\11.2.0\server\bin;;C:\WINDOWS\system32;C:\WINDOWS;C:\WINDOWS\System32\Wbem;C:\WINDOWS\System32\WindowsPowerShell\v1.0\;C:\Program Files\TortoiseSVN\bin;C:\Program Files\Microsoft SQL Server\110\Tools\Binn\;C:\Program Files (x86)\Microsoft SQL Server\110\Tools\Binn\ManagementStudio\;C:\Program Files (x86)\Microsoft SQL Server\110\Tools\Binn\;C:\Program Files (x86)\Microsoft SQL Server\110\DTS\Binn\;C:\Program Files (x86)\Microsoft SQL Server\100\Tools\Binn\;C:\Program Files\Microsoft SQL Server\100\Tools\Binn\;C:\Program Files\Microsoft SQL Server\100\DTS\Binn\;C:\Program Files (x86)\Microsoft SQL Server\100\Tools\Binn\VSShell\Common7\IDE\;C:\Program Files (x86)\Microsoft SQL Server\100\DTS\Binn\;C:\Users\BVHIEN\AppData\Local\Microsoft\WindowsApps;;.
08-Jan-2017 21:03:29.532 INFO [main] org.apache.coyote.AbstractProtocol.init Initializing ProtocolHandler ["http-nio-8086"]
08-Jan-2017 21:03:29.707 INFO [main] org.apache.tomcat.util.net.NioSelectorPool.getSharedSelector Using a shared selector for servlet write/read
08-Jan-2017 21:03:29.710 INFO [main] org.apache.coyote.AbstractProtocol.init Initializing ProtocolHandler ["ajp-nio-8009"]
08-Jan-2017 21:03:29.712 INFO [main] org.apache.tomcat.util.net.NioSelectorPool.getSharedSelector Using a shared selector for servlet write/read
08-Jan-2017 21:03:29.712 INFO [main] org.apache.catalina.startup.Catalina.load Initialization processed in 825 ms
08-Jan-2017 21:03:29.747 INFO [main] org.apache.catalina.core.StandardService.startInternal Starting service Catalina
08-Jan-2017 21:03:29.747 INFO [main] org.apache.catalina.core.StandardEngine.startInternal Starting Servlet Engine: Apache Tomcat/8.5.9
08-Jan-2017 21:03:29.760 INFO [localhost-startStop-1] org.apache.catalina.startup.HostConfig.deployDirectory Deploying web application directory C:\Users\BVHIEN\Documents\NetBeansProjects\AnhKyYeu\lib\apache-tomcat-8.5.9\webapps\docs
08-Jan-2017 21:03:30.228 INFO [localhost-startStop-1] org.apache.catalina.startup.HostConfig.deployDirectory Deployment of web application directory C:\Users\BVHIEN\Documents\NetBeansProjects\AnhKyYeu\lib\apache-tomcat-8.5.9\webapps\docs has finished in 467 ms
08-Jan-2017 21:03:30.228 INFO [localhost-startStop-1] org.apache.catalina.startup.HostConfig.deployDirectory Deploying web application directory C:\Users\BVHIEN\Documents\NetBeansProjects\AnhKyYeu\lib\apache-tomcat-8.5.9\webapps\examples
08-Jan-2017 21:03:30.658 INFO [localhost-startStop-1] org.apache.catalina.startup.HostConfig.deployDirectory Deployment of web application directory C:\Users\BVHIEN\Documents\NetBeansProjects\AnhKyYeu\lib\apache-tomcat-8.5.9\webapps\examples has finished in 430 ms
08-Jan-2017 21:03:30.658 INFO [localhost-startStop-1] org.apache.catalina.startup.HostConfig.deployDirectory Deploying web application directory C:\Users\BVHIEN\Documents\NetBeansProjects\AnhKyYeu\lib\apache-tomcat-8.5.9\webapps\host-manager
08-Jan-2017 21:03:30.693 INFO [localhost-startStop-1] org.apache.catalina.startup.HostConfig.deployDirectory Deployment of web application directory C:\Users\BVHIEN\Documents\NetBeansProjects\AnhKyYeu\lib\apache-tomcat-8.5.9\webapps\host-manager has finished in 35 ms
08-Jan-2017 21:03:30.693 INFO [localhost-startStop-1] org.apache.catalina.startup.HostConfig.deployDirectory Deploying web application directory C:\Users\BVHIEN\Documents\NetBeansProjects\AnhKyYeu\lib\apache-tomcat-8.5.9\webapps\manager
08-Jan-2017 21:03:30.730 INFO [localhost-startStop-1] org.apache.catalina.startup.HostConfig.deployDirectory Deployment of web application directory C:\Users\BVHIEN\Documents\NetBeansProjects\AnhKyYeu\lib\apache-tomcat-8.5.9\webapps\manager has finished in 37 ms
08-Jan-2017 21:03:30.730 INFO [localhost-startStop-1] org.apache.catalina.startup.HostConfig.deployDirectory Deploying web application directory C:\Users\BVHIEN\Documents\NetBeansProjects\AnhKyYeu\lib\apache-tomcat-8.5.9\webapps\ROOT
08-Jan-2017 21:03:30.756 INFO [localhost-startStop-1] org.apache.catalina.startup.HostConfig.deployDirectory Deployment of web application directory C:\Users\BVHIEN\Documents\NetBeansProjects\AnhKyYeu\lib\apache-tomcat-8.5.9\webapps\ROOT has finished in 26 ms
08-Jan-2017 21:03:30.759 INFO [main] org.apache.coyote.AbstractProtocol.start Starting ProtocolHandler [http-nio-8086]
08-Jan-2017 21:03:30.768 INFO [main] org.apache.coyote.AbstractProtocol.start Starting ProtocolHandler [ajp-nio-8009]
08-Jan-2017 21:03:30.770 INFO [main] org.apache.catalina.startup.Catalina.start Server startup in 1057 ms
08-Jan-2017 21:14:35.019 INFO [main] org.apache.catalina.startup.VersionLoggerListener.log Server version:        Apache Tomcat/8.5.9
08-Jan-2017 21:14:35.019 INFO [main] org.apache.catalina.startup.VersionLoggerListener.log Server built:          Dec 5 2016 20:18:12 UTC
08-Jan-2017 21:14:35.019 INFO [main] org.apache.catalina.startup.VersionLoggerListener.log Server number:         8.5.9.0
08-Jan-2017 21:14:35.019 INFO [main] org.apache.catalina.startup.VersionLoggerListener.log OS Name:               Windows 10
08-Jan-2017 21:14:35.019 INFO [main] org.apache.catalina.startup.VersionLoggerListener.log OS Version:            10.0
08-Jan-2017 21:14:35.019 INFO [main] org.apache.catalina.startup.VersionLoggerListener.log Architecture:          amd64
08-Jan-2017 21:14:35.019 INFO [main] org.apache.catalina.startup.VersionLoggerListener.log Java Home:             C:\Program Files\Java\jdk1.8.0_111\jre
08-Jan-2017 21:14:35.019 INFO [main] org.apache.catalina.startup.VersionLoggerListener.log JVM Version:           1.8.0_111-b14
08-Jan-2017 21:14:35.019 INFO [main] org.apache.catalina.startup.VersionLoggerListener.log JVM Vendor:            Oracle Corporation
08-Jan-2017 21:14:35.019 INFO [main] org.apache.catalina.startup.VersionLoggerListener.log CATALINA_BASE:         C:\Users\BVHIEN\Documents\NetBeansProjects\AnhKyYeu\lib\apache-tomcat-8.5.9
08-Jan-2017 21:14:35.019 INFO [main] org.apache.catalina.startup.VersionLoggerListener.log CATALINA_HOME:         C:\Users\BVHIEN\Documents\NetBeansProjects\AnhKyYeu\lib\apache-tomcat-8.5.9
08-Jan-2017 21:14:35.019 INFO [main] org.apache.catalina.startup.VersionLoggerListener.log Command line argument: -Djava.util.logging.config.file=C:\Users\BVHIEN\Documents\NetBeansProjects\AnhKyYeu\lib\apache-tomcat-8.5.9\conf\logging.properties
08-Jan-2017 21:14:35.019 INFO [main] org.apache.catalina.startup.VersionLoggerListener.log Command line argument: -Djava.util.logging.manager=org.apache.juli.ClassLoaderLogManager
08-Jan-2017 21:14:35.019 INFO [main] org.apache.catalina.startup.VersionLoggerListener.log Command line argument: -Xms1024m
08-Jan-2017 21:14:35.019 INFO [main] org.apache.catalina.startup.VersionLoggerListener.log Command line argument: -Djdk.tls.ephemeralDHKeySize=2048
08-Jan-2017 21:14:35.019 INFO [main] org.apache.catalina.startup.VersionLoggerListener.log Command line argument: -Djava.protocol.handler.pkgs=org.apache.catalina.webresources
08-Jan-2017 21:14:35.019 INFO [main] org.apache.catalina.startup.VersionLoggerListener.log Command line argument: -Dcatalina.base=C:\Users\BVHIEN\Documents\NetBeansProjects\AnhKyYeu\lib\apache-tomcat-8.5.9
08-Jan-2017 21:14:35.019 INFO [main] org.apache.catalina.startup.VersionLoggerListener.log Command line argument: -Dcatalina.home=C:\Users\BVHIEN\Documents\NetBeansProjects\AnhKyYeu\lib\apache-tomcat-8.5.9
08-Jan-2017 21:14:35.019 INFO [main] org.apache.catalina.startup.VersionLoggerListener.log Command line argument: -Djava.io.tmpdir=C:\Users\BVHIEN\Documents\NetBeansProjects\AnhKyYeu\lib\apache-tomcat-8.5.9\temp
08-Jan-2017 21:14:35.019 INFO [main] org.apache.catalina.core.AprLifecycleListener.lifecycleEvent The APR based Apache Tomcat Native library which allows optimal performance in production environments was not found on the java.library.path: C:\Program Files\Java\jdk1.8.0_111\bin;C:\WINDOWS\Sun\Java\bin;C:\WINDOWS\system32;C:\WINDOWS;C:\ProgramData\Oracle\Java\javapath;C:\oraclexe\app\oracle\product\11.2.0\server\bin;;C:\WINDOWS\system32;C:\WINDOWS;C:\WINDOWS\System32\Wbem;C:\WINDOWS\System32\WindowsPowerShell\v1.0\;C:\Program Files\TortoiseSVN\bin;C:\Program Files\Microsoft SQL Server\110\Tools\Binn\;C:\Program Files (x86)\Microsoft SQL Server\110\Tools\Binn\ManagementStudio\;C:\Program Files (x86)\Microsoft SQL Server\110\Tools\Binn\;C:\Program Files (x86)\Microsoft SQL Server\110\DTS\Binn\;C:\Program Files (x86)\Microsoft SQL Server\100\Tools\Binn\;C:\Program Files\Microsoft SQL Server\100\Tools\Binn\;C:\Program Files\Microsoft SQL Server\100\DTS\Binn\;C:\Program Files (x86)\Microsoft SQL Server\100\Tools\Binn\VSShell\Common7\IDE\;C:\Program Files (x86)\Microsoft SQL Server\100\DTS\Binn\;C:\Users\BVHIEN\AppData\Local\Microsoft\WindowsApps;;.
08-Jan-2017 21:14:35.222 INFO [main] org.apache.coyote.AbstractProtocol.init Initializing ProtocolHandler ["http-nio-8086"]
08-Jan-2017 21:14:35.394 INFO [main] org.apache.tomcat.util.net.NioSelectorPool.getSharedSelector Using a shared selector for servlet write/read
08-Jan-2017 21:14:35.394 INFO [main] org.apache.coyote.AbstractProtocol.init Initializing ProtocolHandler ["ajp-nio-8009"]
08-Jan-2017 21:14:35.394 INFO [main] org.apache.tomcat.util.net.NioSelectorPool.getSharedSelector Using a shared selector for servlet write/read
08-Jan-2017 21:14:35.394 INFO [main] org.apache.catalina.startup.Catalina.load Initialization processed in 818 ms
08-Jan-2017 21:14:35.441 INFO [main] org.apache.catalina.core.StandardService.startInternal Starting service Catalina
08-Jan-2017 21:14:35.441 INFO [main] org.apache.catalina.core.StandardEngine.startInternal Starting Servlet Engine: Apache Tomcat/8.5.9
08-Jan-2017 21:14:35.441 INFO [localhost-startStop-1] org.apache.catalina.startup.HostConfig.deployDirectory Deploying web application directory C:\Users\BVHIEN\Documents\NetBeansProjects\AnhKyYeu\lib\apache-tomcat-8.5.9\webapps\docs
08-Jan-2017 21:14:35.863 INFO [localhost-startStop-1] org.apache.catalina.startup.HostConfig.deployDirectory Deployment of web application directory C:\Users\BVHIEN\Documents\NetBeansProjects\AnhKyYeu\lib\apache-tomcat-8.5.9\webapps\docs has finished in 422 ms
08-Jan-2017 21:14:35.863 INFO [localhost-startStop-1] org.apache.catalina.startup.HostConfig.deployDirectory Deploying web application directory C:\Users\BVHIEN\Documents\NetBeansProjects\AnhKyYeu\lib\apache-tomcat-8.5.9\webapps\examples
08-Jan-2017 21:14:37.473 INFO [localhost-startStop-1] org.apache.catalina.startup.HostConfig.deployDirectory Deployment of web application directory C:\Users\BVHIEN\Documents\NetBeansProjects\AnhKyYeu\lib\apache-tomcat-8.5.9\webapps\examples has finished in 1,610 ms
08-Jan-2017 21:14:37.473 INFO [localhost-startStop-1] org.apache.catalina.startup.HostConfig.deployDirectory Deploying web application directory C:\Users\BVHIEN\Documents\NetBeansProjects\AnhKyYeu\lib\apache-tomcat-8.5.9\webapps\host-manager
08-Jan-2017 21:14:37.504 INFO [localhost-startStop-1] org.apache.catalina.startup.HostConfig.deployDirectory Deployment of web application directory C:\Users\BVHIEN\Documents\NetBeansProjects\AnhKyYeu\lib\apache-tomcat-8.5.9\webapps\host-manager has finished in 31 ms
08-Jan-2017 21:14:37.504 INFO [localhost-startStop-1] org.apache.catalina.startup.HostConfig.deployDirectory Deploying web application directory C:\Users\BVHIEN\Documents\NetBeansProjects\AnhKyYeu\lib\apache-tomcat-8.5.9\webapps\manager
08-Jan-2017 21:14:37.566 INFO [localhost-startStop-1] org.apache.catalina.startup.HostConfig.deployDirectory Deployment of web application directory C:\Users\BVHIEN\Documents\NetBeansProjects\AnhKyYeu\lib\apache-tomcat-8.5.9\webapps\manager has finished in 62 ms
08-Jan-2017 21:14:37.566 INFO [localhost-startStop-1] org.apache.catalina.startup.HostConfig.deployDirectory Deploying web application directory C:\Users\BVHIEN\Documents\NetBeansProjects\AnhKyYeu\lib\apache-tomcat-8.5.9\webapps\ROOT
08-Jan-2017 21:14:37.598 INFO [localhost-startStop-1] org.apache.catalina.startup.HostConfig.deployDirectory Deployment of web application directory C:\Users\BVHIEN\Documents\NetBeansProjects\AnhKyYeu\lib\apache-tomcat-8.5.9\webapps\ROOT has finished in 32 ms
08-Jan-2017 21:14:37.613 INFO [main] org.apache.coyote.AbstractProtocol.start Starting ProtocolHandler [http-nio-8086]
08-Jan-2017 21:14:37.613 INFO [main] org.apache.coyote.AbstractProtocol.start Starting ProtocolHandler [ajp-nio-8009]
08-Jan-2017 21:14:37.613 INFO [main] org.apache.catalina.startup.Catalina.start Server startup in 2213 ms
