Dec 26, 2016 8:58:27 AM org.apache.catalina.startup.VersionLoggerListener log
INFO: Server version:        Apache Tomcat/7.0.73
Dec 26, 2016 8:58:27 AM org.apache.catalina.startup.VersionLoggerListener log
INFO: Server built:          Nov 7 2016 21:27:23 UTC
Dec 26, 2016 8:58:27 AM org.apache.catalina.startup.VersionLoggerListener log
INFO: Server number:         7.0.73.0
Dec 26, 2016 8:58:27 AM org.apache.catalina.startup.VersionLoggerListener log
INFO: OS Name:               Windows 8.1
Dec 26, 2016 8:58:27 AM org.apache.catalina.startup.VersionLoggerListener log
INFO: OS Version:            6.3
Dec 26, 2016 8:58:27 AM org.apache.catalina.startup.VersionLoggerListener log
INFO: Architecture:          amd64
Dec 26, 2016 8:58:27 AM org.apache.catalina.startup.VersionLoggerListener log
INFO: Java Home:             C:\Program Files\Java\jdk1.7.0_79\jre
Dec 26, 2016 8:58:27 AM org.apache.catalina.startup.VersionLoggerListener log
INFO: JVM Version:           1.7.0_79-b15
Dec 26, 2016 8:58:27 AM org.apache.catalina.startup.VersionLoggerListener log
INFO: JVM Vendor:            Oracle Corporation
Dec 26, 2016 8:58:27 AM org.apache.catalina.startup.VersionLoggerListener log
INFO: CATALINA_BASE:         C:\apache-tomcat-7.0.73
Dec 26, 2016 8:58:27 AM org.apache.catalina.startup.VersionLoggerListener log
INFO: CATALINA_HOME:         C:\apache-tomcat-7.0.73
Dec 26, 2016 8:58:27 AM org.apache.catalina.startup.VersionLoggerListener log
INFO: Command line argument: -Djdk.tls.ephemeralDHKeySize=2048
Dec 26, 2016 8:58:27 AM org.apache.catalina.startup.VersionLoggerListener log
INFO: Command line argument: -Djava.util.logging.config.file=C:\apache-tomcat-7.0.73\conf\logging.properties
Dec 26, 2016 8:58:27 AM org.apache.catalina.startup.VersionLoggerListener log
INFO: Command line argument: -Djava.util.logging.manager=org.apache.juli.ClassLoaderLogManager
Dec 26, 2016 8:58:27 AM org.apache.catalina.startup.VersionLoggerListener log
INFO: Command line argument: -Djava.endorsed.dirs=C:\apache-tomcat-7.0.73\endorsed
Dec 26, 2016 8:58:27 AM org.apache.catalina.startup.VersionLoggerListener log
INFO: Command line argument: -Dcatalina.base=C:\apache-tomcat-7.0.73
Dec 26, 2016 8:58:27 AM org.apache.catalina.startup.VersionLoggerListener log
INFO: Command line argument: -Dcatalina.home=C:\apache-tomcat-7.0.73
Dec 26, 2016 8:58:27 AM org.apache.catalina.startup.VersionLoggerListener log
INFO: Command line argument: -Djava.io.tmpdir=C:\apache-tomcat-7.0.73\temp
Dec 26, 2016 8:58:27 AM org.apache.catalina.core.AprLifecycleListener lifecycleEvent
INFO: Loaded APR based Apache Tomcat Native library 1.2.10 using APR version 1.5.2.
Dec 26, 2016 8:58:27 AM org.apache.catalina.core.AprLifecycleListener lifecycleEvent
INFO: APR capabilities: IPv6 [true], sendfile [true], accept filters [false], random [true].
Dec 26, 2016 8:58:27 AM org.apache.catalina.core.AprLifecycleListener initializeSSL
INFO: OpenSSL successfully initialized (OpenSSL 1.0.2j  26 Sep 2016)
Dec 26, 2016 8:58:28 AM org.apache.coyote.AbstractProtocol init
INFO: Initializing ProtocolHandler ["http-apr-8082"]
Dec 26, 2016 8:58:28 AM org.apache.coyote.AbstractProtocol init
INFO: Initializing ProtocolHandler ["ajp-apr-8009"]
Dec 26, 2016 8:58:28 AM org.apache.catalina.startup.Catalina load
INFO: Initialization processed in 4957 ms
Dec 26, 2016 8:58:28 AM org.apache.catalina.core.StandardService startInternal
INFO: Starting service Catalina
Dec 26, 2016 8:58:28 AM org.apache.catalina.core.StandardEngine startInternal
INFO: Starting Servlet Engine: Apache Tomcat/7.0.73
Dec 26, 2016 8:58:28 AM org.apache.catalina.startup.HostConfig deployDescriptor
INFO: Deploying configuration descriptor C:\apache-tomcat-7.0.73\conf\Catalina\localhost\ROOT.xml
Dec 26, 2016 8:58:32 AM org.apache.catalina.startup.TldConfig execute
INFO: At least one JAR was scanned for TLDs yet contained no TLDs. Enable debug logging for this logger for a complete list of JARs that were scanned but no TLDs were found in them. Skipping unneeded JARs during scanning can improve startup time and JSP compilation time.
Dec 26, 2016 8:58:32 AM org.apache.catalina.startup.HostConfig deployDescriptor
INFO: Deployment of configuration descriptor C:\apache-tomcat-7.0.73\conf\Catalina\localhost\ROOT.xml has finished in 3,451 ms
Dec 26, 2016 8:58:32 AM org.apache.catalina.startup.HostConfig deployDescriptor
INFO: Deploying configuration descriptor C:\apache-tomcat-7.0.73\conf\Catalina\localhost\Test.xml
Dec 26, 2016 8:58:33 AM org.apache.catalina.loader.WebappClassLoaderBase validateJarFile
INFO: validateJarFile(C:\Users\BVHIEN\Documents\NetBeansProjects\Test\build\web\WEB-INF\lib\javax.servlet-api-3.0.1.jar) - jar not loaded. See Servlet Spec 3.0, section 10.7.2. Offending class: javax/servlet/Servlet.class
Dec 26, 2016 8:58:37 AM org.apache.catalina.startup.TldConfig execute
INFO: At least one JAR was scanned for TLDs yet contained no TLDs. Enable debug logging for this logger for a complete list of JARs that were scanned but no TLDs were found in them. Skipping unneeded JARs during scanning can improve startup time and JSP compilation time.
Dec 26, 2016 8:58:37 AM org.apache.catalina.startup.HostConfig deployDescriptor
INFO: Deployment of configuration descriptor C:\apache-tomcat-7.0.73\conf\Catalina\localhost\Test.xml has finished in 4,877 ms
Dec 26, 2016 8:58:37 AM org.apache.catalina.startup.HostConfig deployDescriptor
INFO: Deploying configuration descriptor C:\apache-tomcat-7.0.73\conf\Catalina\localhost\WebApplication1.xml
Dec 26, 2016 8:58:37 AM org.apache.catalina.loader.WebappClassLoaderBase validateJarFile
INFO: validateJarFile(C:\Users\BVHIEN\Documents\NetBeansProjects\WebApplication1\build\web\WEB-INF\lib\javax.servlet-api-3.0.1.jar) - jar not loaded. See Servlet Spec 3.0, section 10.7.2. Offending class: javax/servlet/Servlet.class
Dec 26, 2016 8:58:39 AM org.apache.catalina.startup.TldConfig execute
INFO: At least one JAR was scanned for TLDs yet contained no TLDs. Enable debug logging for this logger for a complete list of JARs that were scanned but no TLDs were found in them. Skipping unneeded JARs during scanning can improve startup time and JSP compilation time.
Dec 26, 2016 8:58:39 AM org.glassfish.jersey.servlet.init.JerseyServletContainerInitializer addServletWithApplication
INFO: Registering the Jersey servlet application, named com.service.ApplicationConfig, at the servlet mapping /webresources/*, with the Application class of the same name.
Dec 26, 2016 8:58:40 AM org.glassfish.jersey.server.ApplicationHandler initialize
INFO: Initiating Jersey application, version Jersey: 2.5.1 2014-01-02 13:43:00...
Dec 26, 2016 8:58:40 AM org.apache.catalina.startup.HostConfig deployDescriptor
INFO: Deployment of configuration descriptor C:\apache-tomcat-7.0.73\conf\Catalina\localhost\WebApplication1.xml has finished in 3,701 ms
Dec 26, 2016 8:58:40 AM org.apache.catalina.startup.HostConfig deployDirectory
INFO: Deploying web application directory C:\apache-tomcat-7.0.73\webapps\docs
Dec 26, 2016 8:58:40 AM org.apache.catalina.startup.HostConfig deployDirectory
INFO: Deployment of web application directory C:\apache-tomcat-7.0.73\webapps\docs has finished in 69 ms
Dec 26, 2016 8:58:40 AM org.apache.catalina.startup.HostConfig deployDirectory
INFO: Deploying web application directory C:\apache-tomcat-7.0.73\webapps\examples
Dec 26, 2016 8:58:43 AM org.apache.catalina.startup.HostConfig deployDirectory
INFO: Deployment of web application directory C:\apache-tomcat-7.0.73\webapps\examples has finished in 3,031 ms
Dec 26, 2016 8:58:43 AM org.apache.catalina.startup.HostConfig deployDirectory
INFO: Deploying web application directory C:\apache-tomcat-7.0.73\webapps\host-manager
Dec 26, 2016 8:58:44 AM org.apache.catalina.startup.HostConfig deployDirectory
INFO: Deployment of web application directory C:\apache-tomcat-7.0.73\webapps\host-manager has finished in 85 ms
Dec 26, 2016 8:58:44 AM org.apache.catalina.startup.HostConfig deployDirectory
INFO: Deploying web application directory C:\apache-tomcat-7.0.73\webapps\manager
Dec 26, 2016 8:58:44 AM org.apache.catalina.startup.HostConfig deployDirectory
INFO: Deployment of web application directory C:\apache-tomcat-7.0.73\webapps\manager has finished in 84 ms
Dec 26, 2016 8:58:44 AM org.apache.coyote.AbstractProtocol start
INFO: Starting ProtocolHandler ["http-apr-8082"]
Dec 26, 2016 8:58:44 AM org.apache.coyote.AbstractProtocol start
INFO: Starting ProtocolHandler ["ajp-apr-8009"]
Dec 26, 2016 8:58:44 AM org.apache.catalina.startup.Catalina start
INFO: Server startup in 15470 ms
Dec 26, 2016 8:58:45 AM org.apache.catalina.startup.HostConfig deployDescriptor
INFO: Deploying configuration descriptor C:\apache-tomcat-7.0.73\conf\Catalina\localhost\ATruongDHBK_AnhKyYeu.xml
Dec 26, 2016 8:58:45 AM org.apache.catalina.startup.HostConfig deployDescriptor
INFO: Deployment of configuration descriptor C:\apache-tomcat-7.0.73\conf\Catalina\localhost\ATruongDHBK_AnhKyYeu.xml has finished in 131 ms
Dec 26, 2016 8:58:45 AM org.apache.catalina.util.LifecycleBase start
INFO: The start() method was called on component [StandardEngine[Catalina].StandardHost[localhost].StandardContext[/ATruongDHBK_AnhKyYeu]] after start() had already been called. The second call will be ignored.
Dec 26, 2016 1:26:29 PM org.apache.catalina.core.StandardServer await
INFO: A valid shutdown command was received via the shutdown port. Stopping the Server instance.
Dec 26, 2016 1:26:29 PM org.apache.coyote.AbstractProtocol pause
INFO: Pausing ProtocolHandler ["http-apr-8082"]
Dec 26, 2016 1:26:29 PM org.apache.coyote.AbstractProtocol pause
INFO: Pausing ProtocolHandler ["ajp-apr-8009"]
Dec 26, 2016 1:26:30 PM org.apache.catalina.core.StandardService stopInternal
INFO: Stopping service Catalina
Dec 26, 2016 1:26:32 PM org.apache.coyote.AbstractProtocol stop
INFO: Stopping ProtocolHandler ["http-apr-8082"]
Dec 26, 2016 1:26:32 PM org.apache.coyote.AbstractProtocol stop
INFO: Stopping ProtocolHandler ["ajp-apr-8009"]
Dec 26, 2016 1:26:32 PM org.apache.coyote.AbstractProtocol destroy
INFO: Destroying ProtocolHandler ["http-apr-8082"]
Dec 26, 2016 1:26:32 PM org.apache.coyote.AbstractProtocol destroy
INFO: Destroying ProtocolHandler ["ajp-apr-8009"]
Dec 26, 2016 4:20:51 PM org.apache.catalina.startup.VersionLoggerListener log
INFO: Server version:        Apache Tomcat/7.0.73
Dec 26, 2016 4:20:51 PM org.apache.catalina.startup.VersionLoggerListener log
INFO: Server built:          Nov 7 2016 21:27:23 UTC
Dec 26, 2016 4:20:51 PM org.apache.catalina.startup.VersionLoggerListener log
INFO: Server number:         7.0.73.0
Dec 26, 2016 4:20:51 PM org.apache.catalina.startup.VersionLoggerListener log
INFO: OS Name:               Windows 8.1
Dec 26, 2016 4:20:51 PM org.apache.catalina.startup.VersionLoggerListener log
INFO: OS Version:            6.3
Dec 26, 2016 4:20:51 PM org.apache.catalina.startup.VersionLoggerListener log
INFO: Architecture:          amd64
Dec 26, 2016 4:20:51 PM org.apache.catalina.startup.VersionLoggerListener log
INFO: Java Home:             C:\Program Files\Java\jdk1.7.0_79\jre
Dec 26, 2016 4:20:51 PM org.apache.catalina.startup.VersionLoggerListener log
INFO: JVM Version:           1.7.0_79-b15
Dec 26, 2016 4:20:51 PM org.apache.catalina.startup.VersionLoggerListener log
INFO: JVM Vendor:            Oracle Corporation
Dec 26, 2016 4:20:51 PM org.apache.catalina.startup.VersionLoggerListener log
INFO: CATALINA_BASE:         C:\apache-tomcat-7.0.73
Dec 26, 2016 4:20:51 PM org.apache.catalina.startup.VersionLoggerListener log
INFO: CATALINA_HOME:         C:\apache-tomcat-7.0.73
Dec 26, 2016 4:20:51 PM org.apache.catalina.startup.VersionLoggerListener log
INFO: Command line argument: -Djdk.tls.ephemeralDHKeySize=2048
Dec 26, 2016 4:20:51 PM org.apache.catalina.startup.VersionLoggerListener log
INFO: Command line argument: -Djava.util.logging.config.file=C:\apache-tomcat-7.0.73\conf\logging.properties
Dec 26, 2016 4:20:51 PM org.apache.catalina.startup.VersionLoggerListener log
INFO: Command line argument: -Djava.util.logging.manager=org.apache.juli.ClassLoaderLogManager
Dec 26, 2016 4:20:51 PM org.apache.catalina.startup.VersionLoggerListener log
INFO: Command line argument: -Djava.endorsed.dirs=C:\apache-tomcat-7.0.73\endorsed
Dec 26, 2016 4:20:51 PM org.apache.catalina.startup.VersionLoggerListener log
INFO: Command line argument: -Dcatalina.base=C:\apache-tomcat-7.0.73
Dec 26, 2016 4:20:51 PM org.apache.catalina.startup.VersionLoggerListener log
INFO: Command line argument: -Dcatalina.home=C:\apache-tomcat-7.0.73
Dec 26, 2016 4:20:51 PM org.apache.catalina.startup.VersionLoggerListener log
INFO: Command line argument: -Djava.io.tmpdir=C:\apache-tomcat-7.0.73\temp
Dec 26, 2016 4:20:51 PM org.apache.catalina.core.AprLifecycleListener lifecycleEvent
INFO: Loaded APR based Apache Tomcat Native library 1.2.10 using APR version 1.5.2.
Dec 26, 2016 4:20:51 PM org.apache.catalina.core.AprLifecycleListener lifecycleEvent
INFO: APR capabilities: IPv6 [true], sendfile [true], accept filters [false], random [true].
Dec 26, 2016 4:20:52 PM org.apache.catalina.core.AprLifecycleListener initializeSSL
INFO: OpenSSL successfully initialized (OpenSSL 1.0.2j  26 Sep 2016)
Dec 26, 2016 4:20:53 PM org.apache.coyote.AbstractProtocol init
INFO: Initializing ProtocolHandler ["http-apr-8082"]
Dec 26, 2016 4:20:53 PM org.apache.coyote.AbstractProtocol init
INFO: Initializing ProtocolHandler ["ajp-apr-8009"]
Dec 26, 2016 4:20:53 PM org.apache.catalina.startup.Catalina load
INFO: Initialization processed in 4080 ms
Dec 26, 2016 4:20:53 PM org.apache.catalina.core.StandardService startInternal
INFO: Starting service Catalina
Dec 26, 2016 4:20:53 PM org.apache.catalina.core.StandardEngine startInternal
INFO: Starting Servlet Engine: Apache Tomcat/7.0.73
Dec 26, 2016 4:20:53 PM org.apache.catalina.startup.HostConfig deployDescriptor
INFO: Deploying configuration descriptor C:\apache-tomcat-7.0.73\conf\Catalina\localhost\ATruongDHBK_AnhKyYeu.xml
Dec 26, 2016 4:20:54 PM org.apache.catalina.util.SessionIdGeneratorBase createSecureRandom
INFO: Creation of SecureRandom instance for session ID generation using [SHA1PRNG] took [146] milliseconds.
Dec 26, 2016 4:20:54 PM org.apache.catalina.startup.HostConfig deployDescriptor
INFO: Deployment of configuration descriptor C:\apache-tomcat-7.0.73\conf\Catalina\localhost\ATruongDHBK_AnhKyYeu.xml has finished in 1,220 ms
Dec 26, 2016 4:20:54 PM org.apache.catalina.startup.HostConfig deployDescriptor
INFO: Deploying configuration descriptor C:\apache-tomcat-7.0.73\conf\Catalina\localhost\ROOT.xml
Dec 26, 2016 4:20:57 PM org.apache.catalina.startup.TldConfig execute
INFO: At least one JAR was scanned for TLDs yet contained no TLDs. Enable debug logging for this logger for a complete list of JARs that were scanned but no TLDs were found in them. Skipping unneeded JARs during scanning can improve startup time and JSP compilation time.
Dec 26, 2016 4:20:57 PM org.apache.catalina.startup.HostConfig deployDescriptor
INFO: Deployment of configuration descriptor C:\apache-tomcat-7.0.73\conf\Catalina\localhost\ROOT.xml has finished in 2,571 ms
Dec 26, 2016 4:20:57 PM org.apache.catalina.startup.HostConfig deployDescriptor
INFO: Deploying configuration descriptor C:\apache-tomcat-7.0.73\conf\Catalina\localhost\Test.xml
Dec 26, 2016 4:20:58 PM org.apache.catalina.loader.WebappClassLoaderBase validateJarFile
INFO: validateJarFile(C:\Users\BVHIEN\Documents\NetBeansProjects\Test\build\web\WEB-INF\lib\javax.servlet-api-3.0.1.jar) - jar not loaded. See Servlet Spec 3.0, section 10.7.2. Offending class: javax/servlet/Servlet.class
Dec 26, 2016 4:21:02 PM org.apache.catalina.startup.TldConfig execute
INFO: At least one JAR was scanned for TLDs yet contained no TLDs. Enable debug logging for this logger for a complete list of JARs that were scanned but no TLDs were found in them. Skipping unneeded JARs during scanning can improve startup time and JSP compilation time.
Dec 26, 2016 4:21:02 PM org.apache.catalina.startup.HostConfig deployDescriptor
INFO: Deployment of configuration descriptor C:\apache-tomcat-7.0.73\conf\Catalina\localhost\Test.xml has finished in 4,845 ms
Dec 26, 2016 4:21:02 PM org.apache.catalina.startup.HostConfig deployDescriptor
INFO: Deploying configuration descriptor C:\apache-tomcat-7.0.73\conf\Catalina\localhost\WebApplication1.xml
Dec 26, 2016 4:21:03 PM org.apache.catalina.loader.WebappClassLoaderBase validateJarFile
INFO: validateJarFile(C:\Users\BVHIEN\Documents\NetBeansProjects\WebApplication1\build\web\WEB-INF\lib\javax.servlet-api-3.0.1.jar) - jar not loaded. See Servlet Spec 3.0, section 10.7.2. Offending class: javax/servlet/Servlet.class
Dec 26, 2016 4:21:06 PM org.apache.catalina.startup.TldConfig execute
INFO: At least one JAR was scanned for TLDs yet contained no TLDs. Enable debug logging for this logger for a complete list of JARs that were scanned but no TLDs were found in them. Skipping unneeded JARs during scanning can improve startup time and JSP compilation time.
Dec 26, 2016 4:21:06 PM org.glassfish.jersey.servlet.init.JerseyServletContainerInitializer addServletWithApplication
INFO: Registering the Jersey servlet application, named com.service.ApplicationConfig, at the servlet mapping /webresources/*, with the Application class of the same name.
Dec 26, 2016 4:21:07 PM org.glassfish.jersey.server.ApplicationHandler initialize
INFO: Initiating Jersey application, version Jersey: 2.5.1 2014-01-02 13:43:00...
Dec 26, 2016 4:21:08 PM org.apache.catalina.startup.HostConfig deployDescriptor
INFO: Deployment of configuration descriptor C:\apache-tomcat-7.0.73\conf\Catalina\localhost\WebApplication1.xml has finished in 6,317 ms
Dec 26, 2016 4:21:08 PM org.apache.catalina.startup.HostConfig deployDirectory
INFO: Deploying web application directory C:\apache-tomcat-7.0.73\webapps\docs
Dec 26, 2016 4:21:08 PM org.apache.catalina.startup.HostConfig deployDirectory
INFO: Deployment of web application directory C:\apache-tomcat-7.0.73\webapps\docs has finished in 141 ms
Dec 26, 2016 4:21:08 PM org.apache.catalina.startup.HostConfig deployDirectory
INFO: Deploying web application directory C:\apache-tomcat-7.0.73\webapps\examples
Dec 26, 2016 4:21:11 PM org.apache.catalina.startup.HostConfig deployDirectory
INFO: Deployment of web application directory C:\apache-tomcat-7.0.73\webapps\examples has finished in 2,806 ms
Dec 26, 2016 4:21:11 PM org.apache.catalina.startup.HostConfig deployDirectory
INFO: Deploying web application directory C:\apache-tomcat-7.0.73\webapps\host-manager
Dec 26, 2016 4:21:11 PM org.apache.catalina.startup.HostConfig deployDirectory
INFO: Deployment of web application directory C:\apache-tomcat-7.0.73\webapps\host-manager has finished in 194 ms
Dec 26, 2016 4:21:11 PM org.apache.catalina.startup.HostConfig deployDirectory
INFO: Deploying web application directory C:\apache-tomcat-7.0.73\webapps\manager
Dec 26, 2016 4:21:11 PM org.apache.catalina.startup.HostConfig deployDirectory
INFO: Deployment of web application directory C:\apache-tomcat-7.0.73\webapps\manager has finished in 138 ms
Dec 26, 2016 4:21:11 PM org.apache.coyote.AbstractProtocol start
INFO: Starting ProtocolHandler ["http-apr-8082"]
Dec 26, 2016 4:21:11 PM org.apache.coyote.AbstractProtocol start
INFO: Starting ProtocolHandler ["ajp-apr-8009"]
Dec 26, 2016 4:21:11 PM org.apache.catalina.startup.Catalina start
INFO: Server startup in 18426 ms
