Dec 19, 2016 9:36:36 AM org.apache.catalina.core.ApplicationContext log
INFO: ContextListener: contextInitialized()
Dec 19, 2016 9:36:36 AM org.apache.catalina.core.ApplicationContext log
INFO: SessionListener: contextInitialized()
Dec 19, 2016 9:36:36 AM org.apache.catalina.core.ApplicationContext log
INFO: ContextListener: attributeAdded('org.apache.jasper.compiler.TldLocationsCache', 'org.apache.jasper.compiler.TldLocationsCache@56ea2dd6')
Dec 19, 2016 10:13:21 AM org.apache.catalina.core.ApplicationContext log
INFO: SessionListener: contextDestroyed()
Dec 19, 2016 10:13:21 AM org.apache.catalina.core.ApplicationContext log
INFO: ContextListener: contextDestroyed()
Dec 19, 2016 5:06:16 PM org.apache.catalina.core.ApplicationContext log
INFO: ContextListener: contextInitialized()
Dec 19, 2016 5:06:16 PM org.apache.catalina.core.ApplicationContext log
INFO: SessionListener: contextInitialized()
Dec 19, 2016 5:06:16 PM org.apache.catalina.core.ApplicationContext log
INFO: ContextListener: attributeAdded('org.apache.jasper.compiler.TldLocationsCache', 'org.apache.jasper.compiler.TldLocationsCache@5c66b7ea')
Dec 19, 2016 5:19:44 PM org.apache.catalina.core.StandardWrapperValve invoke
SEVERE: Servlet.service() for servlet [jsp] in context with path [] threw exception [An exception occurred processing JSP page /user/category.jsp at line 18

15:     <%
16:         CategoryDAO cateDao = new CategoryDAO();
17:         ArrayList lstCate = cateDao.getListCategory();
18:         for (int i = 0; i < lstCate.size(); i++) {
19:             Category cate = (Category) lstCate.get(i);
20:     %>
21:     <li>


Stacktrace:] with root cause
java.lang.NullPointerException
	at org.apache.jsp.user.home_jsp._jspService(home_jsp.java:214)
	at org.apache.jasper.runtime.HttpJspBase.service(HttpJspBase.java:70)
	at javax.servlet.http.HttpServlet.service(HttpServlet.java:731)
	at org.apache.jasper.servlet.JspServletWrapper.service(JspServletWrapper.java:439)
	at org.apache.jasper.servlet.JspServlet.serviceJspFile(JspServlet.java:395)
	at org.apache.jasper.servlet.JspServlet.service(JspServlet.java:339)
	at javax.servlet.http.HttpServlet.service(HttpServlet.java:731)
	at org.apache.catalina.core.ApplicationFilterChain.internalDoFilter(ApplicationFilterChain.java:303)
	at org.apache.catalina.core.ApplicationFilterChain.doFilter(ApplicationFilterChain.java:208)
	at org.apache.tomcat.websocket.server.WsFilter.doFilter(WsFilter.java:52)
	at org.apache.catalina.core.ApplicationFilterChain.internalDoFilter(ApplicationFilterChain.java:241)
	at org.apache.catalina.core.ApplicationFilterChain.doFilter(ApplicationFilterChain.java:208)
	at org.apache.catalina.core.StandardWrapperValve.invoke(StandardWrapperValve.java:218)
	at org.apache.catalina.core.StandardContextValve.invoke(StandardContextValve.java:122)
	at org.apache.catalina.authenticator.AuthenticatorBase.invoke(AuthenticatorBase.java:505)
	at org.apache.catalina.core.StandardHostValve.invoke(StandardHostValve.java:169)
	at org.apache.catalina.valves.ErrorReportValve.invoke(ErrorReportValve.java:103)
	at org.apache.catalina.valves.AccessLogValve.invoke(AccessLogValve.java:958)
	at org.apache.catalina.core.StandardEngineValve.invoke(StandardEngineValve.java:116)
	at org.apache.catalina.connector.CoyoteAdapter.service(CoyoteAdapter.java:452)
	at org.apache.coyote.http11.AbstractHttp11Processor.process(AbstractHttp11Processor.java:1087)
	at org.apache.coyote.AbstractProtocol$AbstractConnectionHandler.process(AbstractProtocol.java:637)
	at org.apache.tomcat.util.net.AprEndpoint$SocketProcessor.doRun(AprEndpoint.java:2517)
	at org.apache.tomcat.util.net.AprEndpoint$SocketProcessor.run(AprEndpoint.java:2506)
	at java.util.concurrent.ThreadPoolExecutor.runWorker(ThreadPoolExecutor.java:1145)
	at java.util.concurrent.ThreadPoolExecutor$Worker.run(ThreadPoolExecutor.java:615)
	at org.apache.tomcat.util.threads.TaskThread$WrappingRunnable.run(TaskThread.java:61)
	at java.lang.Thread.run(Thread.java:745)

Dec 19, 2016 5:47:19 PM org.apache.catalina.core.ApplicationContext log
INFO: SessionListener: contextDestroyed()
Dec 19, 2016 5:47:19 PM org.apache.catalina.core.ApplicationContext log
INFO: ContextListener: contextDestroyed()
