Jan 02, 2017 10:59:55 AM org.apache.catalina.core.ApplicationContext log
INFO: ContextListener: contextInitialized()
Jan 02, 2017 10:59:55 AM org.apache.catalina.core.ApplicationContext log
INFO: SessionListener: contextInitialized()
Jan 02, 2017 10:59:55 AM org.apache.catalina.core.ApplicationContext log
INFO: ContextListener: attributeAdded('org.apache.jasper.compiler.TldLocationsCache', 'org.apache.jasper.compiler.TldLocationsCache@57d9c263')
Jan 02, 2017 11:06:54 AM org.apache.catalina.core.StandardWrapperValve invoke
SEVERE: Servlet.service() for servlet [UploadImage] in context with path [/ATruongDHBK_AnhKyYeu] threw exception
javax.imageio.IIOException: Error skipping PNG metadata
	at com.sun.imageio.plugins.png.PNGImageReader.readMetadata(PNGImageReader.java:680)
	at com.sun.imageio.plugins.png.PNGImageReader.readImage(PNGImageReader.java:1229)
	at com.sun.imageio.plugins.png.PNGImageReader.read(PNGImageReader.java:1577)
	at javax.imageio.ImageIO.read(ImageIO.java:1448)
	at javax.imageio.ImageIO.read(ImageIO.java:1352)
	at SvlUploadImage.UploadImage.doPost(UploadImage.java:90)
	at javax.servlet.http.HttpServlet.service(HttpServlet.java:650)
	at javax.servlet.http.HttpServlet.service(HttpServlet.java:731)
	at org.apache.catalina.core.ApplicationFilterChain.internalDoFilter(ApplicationFilterChain.java:303)
	at org.apache.catalina.core.ApplicationFilterChain.doFilter(ApplicationFilterChain.java:208)
	at org.apache.tomcat.websocket.server.WsFilter.doFilter(WsFilter.java:52)
	at org.apache.catalina.core.ApplicationFilterChain.internalDoFilter(ApplicationFilterChain.java:241)
	at org.apache.catalina.core.ApplicationFilterChain.doFilter(ApplicationFilterChain.java:208)
	at org.apache.catalina.core.StandardWrapperValve.invoke(StandardWrapperValve.java:218)
	at org.apache.catalina.core.StandardContextValve.invoke(StandardContextValve.java:122)
	at org.apache.catalina.authenticator.AuthenticatorBase.invoke(AuthenticatorBase.java:505)
	at org.apache.catalina.core.StandardHostValve.invoke(StandardHostValve.java:169)
	at org.apache.catalina.valves.ErrorReportValve.invoke(ErrorReportValve.java:103)
	at org.apache.catalina.valves.AccessLogValve.invoke(AccessLogValve.java:958)
	at org.apache.catalina.core.StandardEngineValve.invoke(StandardEngineValve.java:116)
	at org.apache.catalina.connector.CoyoteAdapter.service(CoyoteAdapter.java:452)
	at org.apache.coyote.http11.AbstractHttp11Processor.process(AbstractHttp11Processor.java:1087)
	at org.apache.coyote.AbstractProtocol$AbstractConnectionHandler.process(AbstractProtocol.java:637)
	at org.apache.tomcat.util.net.AprEndpoint$SocketProcessor.doRun(AprEndpoint.java:2517)
	at org.apache.tomcat.util.net.AprEndpoint$SocketProcessor.run(AprEndpoint.java:2506)
	at java.util.concurrent.ThreadPoolExecutor.runWorker(ThreadPoolExecutor.java:1145)
	at java.util.concurrent.ThreadPoolExecutor$Worker.run(ThreadPoolExecutor.java:615)
	at org.apache.tomcat.util.threads.TaskThread$WrappingRunnable.run(TaskThread.java:61)
	at java.lang.Thread.run(Thread.java:745)
Caused by: java.io.EOFException
	at javax.imageio.stream.ImageInputStreamImpl.readInt(ImageInputStreamImpl.java:251)
	at com.sun.imageio.plugins.png.PNGImageReader.readMetadata(PNGImageReader.java:666)
	... 28 more

Jan 02, 2017 11:08:02 AM org.apache.catalina.core.StandardWrapperValve invoke
SEVERE: Servlet.service() for servlet [UploadImage] in context with path [/ATruongDHBK_AnhKyYeu] threw exception
javax.imageio.IIOException: Error skipping PNG metadata
	at com.sun.imageio.plugins.png.PNGImageReader.readMetadata(PNGImageReader.java:680)
	at com.sun.imageio.plugins.png.PNGImageReader.readImage(PNGImageReader.java:1229)
	at com.sun.imageio.plugins.png.PNGImageReader.read(PNGImageReader.java:1577)
	at javax.imageio.ImageIO.read(ImageIO.java:1448)
	at javax.imageio.ImageIO.read(ImageIO.java:1352)
	at SvlUploadImage.UploadImage.doPost(UploadImage.java:90)
	at javax.servlet.http.HttpServlet.service(HttpServlet.java:650)
	at javax.servlet.http.HttpServlet.service(HttpServlet.java:731)
	at org.apache.catalina.core.ApplicationFilterChain.internalDoFilter(ApplicationFilterChain.java:303)
	at org.apache.catalina.core.ApplicationFilterChain.doFilter(ApplicationFilterChain.java:208)
	at org.apache.tomcat.websocket.server.WsFilter.doFilter(WsFilter.java:52)
	at org.apache.catalina.core.ApplicationFilterChain.internalDoFilter(ApplicationFilterChain.java:241)
	at org.apache.catalina.core.ApplicationFilterChain.doFilter(ApplicationFilterChain.java:208)
	at org.apache.catalina.core.StandardWrapperValve.invoke(StandardWrapperValve.java:218)
	at org.apache.catalina.core.StandardContextValve.invoke(StandardContextValve.java:122)
	at org.apache.catalina.authenticator.AuthenticatorBase.invoke(AuthenticatorBase.java:505)
	at org.apache.catalina.core.StandardHostValve.invoke(StandardHostValve.java:169)
	at org.apache.catalina.valves.ErrorReportValve.invoke(ErrorReportValve.java:103)
	at org.apache.catalina.valves.AccessLogValve.invoke(AccessLogValve.java:958)
	at org.apache.catalina.core.StandardEngineValve.invoke(StandardEngineValve.java:116)
	at org.apache.catalina.connector.CoyoteAdapter.service(CoyoteAdapter.java:452)
	at org.apache.coyote.http11.AbstractHttp11Processor.process(AbstractHttp11Processor.java:1087)
	at org.apache.coyote.AbstractProtocol$AbstractConnectionHandler.process(AbstractProtocol.java:637)
	at org.apache.tomcat.util.net.AprEndpoint$SocketProcessor.doRun(AprEndpoint.java:2517)
	at org.apache.tomcat.util.net.AprEndpoint$SocketProcessor.run(AprEndpoint.java:2506)
	at java.util.concurrent.ThreadPoolExecutor.runWorker(ThreadPoolExecutor.java:1145)
	at java.util.concurrent.ThreadPoolExecutor$Worker.run(ThreadPoolExecutor.java:615)
	at org.apache.tomcat.util.threads.TaskThread$WrappingRunnable.run(TaskThread.java:61)
	at java.lang.Thread.run(Thread.java:745)
Caused by: java.io.EOFException
	at javax.imageio.stream.ImageInputStreamImpl.readInt(ImageInputStreamImpl.java:251)
	at com.sun.imageio.plugins.png.PNGImageReader.readMetadata(PNGImageReader.java:666)
	... 28 more

Jan 02, 2017 11:13:11 AM org.apache.catalina.core.StandardWrapperValve invoke
SEVERE: Servlet.service() for servlet [UploadImage] in context with path [/ATruongDHBK_AnhKyYeu] threw exception
javax.imageio.IIOException: I/O error reading PNG header!
	at com.sun.imageio.plugins.png.PNGImageReader.readHeader(PNGImageReader.java:315)
	at com.sun.imageio.plugins.png.PNGImageReader.readMetadata(PNGImageReader.java:654)
	at com.sun.imageio.plugins.png.PNGImageReader.readImage(PNGImageReader.java:1229)
	at com.sun.imageio.plugins.png.PNGImageReader.read(PNGImageReader.java:1577)
	at javax.imageio.ImageIO.read(ImageIO.java:1448)
	at javax.imageio.ImageIO.read(ImageIO.java:1352)
	at SvlUploadImage.UploadImage.doPost(UploadImage.java:92)
	at javax.servlet.http.HttpServlet.service(HttpServlet.java:650)
	at javax.servlet.http.HttpServlet.service(HttpServlet.java:731)
	at org.apache.catalina.core.ApplicationFilterChain.internalDoFilter(ApplicationFilterChain.java:303)
	at org.apache.catalina.core.ApplicationFilterChain.doFilter(ApplicationFilterChain.java:208)
	at org.apache.tomcat.websocket.server.WsFilter.doFilter(WsFilter.java:52)
	at org.apache.catalina.core.ApplicationFilterChain.internalDoFilter(ApplicationFilterChain.java:241)
	at org.apache.catalina.core.ApplicationFilterChain.doFilter(ApplicationFilterChain.java:208)
	at org.apache.catalina.core.StandardWrapperValve.invoke(StandardWrapperValve.java:218)
	at org.apache.catalina.core.StandardContextValve.invoke(StandardContextValve.java:122)
	at org.apache.catalina.authenticator.AuthenticatorBase.invoke(AuthenticatorBase.java:505)
	at org.apache.catalina.core.StandardHostValve.invoke(StandardHostValve.java:169)
	at org.apache.catalina.valves.ErrorReportValve.invoke(ErrorReportValve.java:103)
	at org.apache.catalina.valves.AccessLogValve.invoke(AccessLogValve.java:958)
	at org.apache.catalina.core.StandardEngineValve.invoke(StandardEngineValve.java:116)
	at org.apache.catalina.connector.CoyoteAdapter.service(CoyoteAdapter.java:452)
	at org.apache.coyote.http11.AbstractHttp11Processor.process(AbstractHttp11Processor.java:1087)
	at org.apache.coyote.AbstractProtocol$AbstractConnectionHandler.process(AbstractProtocol.java:637)
	at org.apache.tomcat.util.net.AprEndpoint$SocketProcessor.doRun(AprEndpoint.java:2517)
	at org.apache.tomcat.util.net.AprEndpoint$SocketProcessor.run(AprEndpoint.java:2506)
	at java.util.concurrent.ThreadPoolExecutor.runWorker(ThreadPoolExecutor.java:1145)
	at java.util.concurrent.ThreadPoolExecutor$Worker.run(ThreadPoolExecutor.java:615)
	at org.apache.tomcat.util.threads.TaskThread$WrappingRunnable.run(TaskThread.java:61)
	at java.lang.Thread.run(Thread.java:745)
Caused by: javax.imageio.IIOException: Bad type for IHDR chunk!
	at com.sun.imageio.plugins.png.PNGImageReader.readHeader(PNGImageReader.java:251)
	... 29 more

Jan 02, 2017 11:13:39 AM org.apache.catalina.core.StandardWrapperValve invoke
SEVERE: Servlet.service() for servlet [UploadImage] in context with path [/ATruongDHBK_AnhKyYeu] threw exception
javax.imageio.IIOException: I/O error reading PNG header!
	at com.sun.imageio.plugins.png.PNGImageReader.readHeader(PNGImageReader.java:315)
	at com.sun.imageio.plugins.png.PNGImageReader.readMetadata(PNGImageReader.java:654)
	at com.sun.imageio.plugins.png.PNGImageReader.readImage(PNGImageReader.java:1229)
	at com.sun.imageio.plugins.png.PNGImageReader.read(PNGImageReader.java:1577)
	at javax.imageio.ImageIO.read(ImageIO.java:1448)
	at javax.imageio.ImageIO.read(ImageIO.java:1352)
	at SvlUploadImage.UploadImage.doPost(UploadImage.java:92)
	at javax.servlet.http.HttpServlet.service(HttpServlet.java:650)
	at javax.servlet.http.HttpServlet.service(HttpServlet.java:731)
	at org.apache.catalina.core.ApplicationFilterChain.internalDoFilter(ApplicationFilterChain.java:303)
	at org.apache.catalina.core.ApplicationFilterChain.doFilter(ApplicationFilterChain.java:208)
	at org.apache.tomcat.websocket.server.WsFilter.doFilter(WsFilter.java:52)
	at org.apache.catalina.core.ApplicationFilterChain.internalDoFilter(ApplicationFilterChain.java:241)
	at org.apache.catalina.core.ApplicationFilterChain.doFilter(ApplicationFilterChain.java:208)
	at org.apache.catalina.core.StandardWrapperValve.invoke(StandardWrapperValve.java:218)
	at org.apache.catalina.core.StandardContextValve.invoke(StandardContextValve.java:122)
	at org.apache.catalina.authenticator.AuthenticatorBase.invoke(AuthenticatorBase.java:505)
	at org.apache.catalina.core.StandardHostValve.invoke(StandardHostValve.java:169)
	at org.apache.catalina.valves.ErrorReportValve.invoke(ErrorReportValve.java:103)
	at org.apache.catalina.valves.AccessLogValve.invoke(AccessLogValve.java:958)
	at org.apache.catalina.core.StandardEngineValve.invoke(StandardEngineValve.java:116)
	at org.apache.catalina.connector.CoyoteAdapter.service(CoyoteAdapter.java:452)
	at org.apache.coyote.http11.AbstractHttp11Processor.process(AbstractHttp11Processor.java:1087)
	at org.apache.coyote.AbstractProtocol$AbstractConnectionHandler.process(AbstractProtocol.java:637)
	at org.apache.tomcat.util.net.AprEndpoint$SocketProcessor.doRun(AprEndpoint.java:2517)
	at org.apache.tomcat.util.net.AprEndpoint$SocketProcessor.run(AprEndpoint.java:2506)
	at java.util.concurrent.ThreadPoolExecutor.runWorker(ThreadPoolExecutor.java:1145)
	at java.util.concurrent.ThreadPoolExecutor$Worker.run(ThreadPoolExecutor.java:615)
	at org.apache.tomcat.util.threads.TaskThread$WrappingRunnable.run(TaskThread.java:61)
	at java.lang.Thread.run(Thread.java:745)
Caused by: javax.imageio.IIOException: Bad type for IHDR chunk!
	at com.sun.imageio.plugins.png.PNGImageReader.readHeader(PNGImageReader.java:251)
	... 29 more

Jan 02, 2017 11:13:48 AM org.apache.catalina.core.StandardWrapperValve invoke
SEVERE: Servlet.service() for servlet [UploadImage] in context with path [/ATruongDHBK_AnhKyYeu] threw exception
javax.imageio.IIOException: I/O error reading PNG header!
	at com.sun.imageio.plugins.png.PNGImageReader.readHeader(PNGImageReader.java:315)
	at com.sun.imageio.plugins.png.PNGImageReader.readMetadata(PNGImageReader.java:654)
	at com.sun.imageio.plugins.png.PNGImageReader.readImage(PNGImageReader.java:1229)
	at com.sun.imageio.plugins.png.PNGImageReader.read(PNGImageReader.java:1577)
	at javax.imageio.ImageIO.read(ImageIO.java:1448)
	at javax.imageio.ImageIO.read(ImageIO.java:1352)
	at SvlUploadImage.UploadImage.doPost(UploadImage.java:92)
	at javax.servlet.http.HttpServlet.service(HttpServlet.java:650)
	at javax.servlet.http.HttpServlet.service(HttpServlet.java:731)
	at org.apache.catalina.core.ApplicationFilterChain.internalDoFilter(ApplicationFilterChain.java:303)
	at org.apache.catalina.core.ApplicationFilterChain.doFilter(ApplicationFilterChain.java:208)
	at org.apache.tomcat.websocket.server.WsFilter.doFilter(WsFilter.java:52)
	at org.apache.catalina.core.ApplicationFilterChain.internalDoFilter(ApplicationFilterChain.java:241)
	at org.apache.catalina.core.ApplicationFilterChain.doFilter(ApplicationFilterChain.java:208)
	at org.apache.catalina.core.StandardWrapperValve.invoke(StandardWrapperValve.java:218)
	at org.apache.catalina.core.StandardContextValve.invoke(StandardContextValve.java:122)
	at org.apache.catalina.authenticator.AuthenticatorBase.invoke(AuthenticatorBase.java:505)
	at org.apache.catalina.core.StandardHostValve.invoke(StandardHostValve.java:169)
	at org.apache.catalina.valves.ErrorReportValve.invoke(ErrorReportValve.java:103)
	at org.apache.catalina.valves.AccessLogValve.invoke(AccessLogValve.java:958)
	at org.apache.catalina.core.StandardEngineValve.invoke(StandardEngineValve.java:116)
	at org.apache.catalina.connector.CoyoteAdapter.service(CoyoteAdapter.java:452)
	at org.apache.coyote.http11.AbstractHttp11Processor.process(AbstractHttp11Processor.java:1087)
	at org.apache.coyote.AbstractProtocol$AbstractConnectionHandler.process(AbstractProtocol.java:637)
	at org.apache.tomcat.util.net.AprEndpoint$SocketProcessor.doRun(AprEndpoint.java:2517)
	at org.apache.tomcat.util.net.AprEndpoint$SocketProcessor.run(AprEndpoint.java:2506)
	at java.util.concurrent.ThreadPoolExecutor.runWorker(ThreadPoolExecutor.java:1145)
	at java.util.concurrent.ThreadPoolExecutor$Worker.run(ThreadPoolExecutor.java:615)
	at org.apache.tomcat.util.threads.TaskThread$WrappingRunnable.run(TaskThread.java:61)
	at java.lang.Thread.run(Thread.java:745)
Caused by: javax.imageio.IIOException: Bad type for IHDR chunk!
	at com.sun.imageio.plugins.png.PNGImageReader.readHeader(PNGImageReader.java:251)
	... 29 more

Jan 02, 2017 11:27:17 AM org.apache.catalina.core.StandardWrapperValve invoke
SEVERE: Servlet.service() for servlet [UploadImage] in context with path [/ATruongDHBK_AnhKyYeu] threw exception
javax.imageio.IIOException: I/O error reading PNG header!
	at com.sun.imageio.plugins.png.PNGImageReader.readHeader(PNGImageReader.java:315)
	at com.sun.imageio.plugins.png.PNGImageReader.readMetadata(PNGImageReader.java:654)
	at com.sun.imageio.plugins.png.PNGImageReader.readImage(PNGImageReader.java:1229)
	at com.sun.imageio.plugins.png.PNGImageReader.read(PNGImageReader.java:1577)
	at javax.imageio.ImageIO.read(ImageIO.java:1448)
	at javax.imageio.ImageIO.read(ImageIO.java:1352)
	at SvlUploadImage.UploadImage.doPost(UploadImage.java:93)
	at javax.servlet.http.HttpServlet.service(HttpServlet.java:650)
	at javax.servlet.http.HttpServlet.service(HttpServlet.java:731)
	at org.apache.catalina.core.ApplicationFilterChain.internalDoFilter(ApplicationFilterChain.java:303)
	at org.apache.catalina.core.ApplicationFilterChain.doFilter(ApplicationFilterChain.java:208)
	at org.apache.tomcat.websocket.server.WsFilter.doFilter(WsFilter.java:52)
	at org.apache.catalina.core.ApplicationFilterChain.internalDoFilter(ApplicationFilterChain.java:241)
	at org.apache.catalina.core.ApplicationFilterChain.doFilter(ApplicationFilterChain.java:208)
	at org.apache.catalina.core.StandardWrapperValve.invoke(StandardWrapperValve.java:218)
	at org.apache.catalina.core.StandardContextValve.invoke(StandardContextValve.java:122)
	at org.apache.catalina.authenticator.AuthenticatorBase.invoke(AuthenticatorBase.java:505)
	at org.apache.catalina.core.StandardHostValve.invoke(StandardHostValve.java:169)
	at org.apache.catalina.valves.ErrorReportValve.invoke(ErrorReportValve.java:103)
	at org.apache.catalina.valves.AccessLogValve.invoke(AccessLogValve.java:958)
	at org.apache.catalina.core.StandardEngineValve.invoke(StandardEngineValve.java:116)
	at org.apache.catalina.connector.CoyoteAdapter.service(CoyoteAdapter.java:452)
	at org.apache.coyote.http11.AbstractHttp11Processor.process(AbstractHttp11Processor.java:1087)
	at org.apache.coyote.AbstractProtocol$AbstractConnectionHandler.process(AbstractProtocol.java:637)
	at org.apache.tomcat.util.net.AprEndpoint$SocketProcessor.doRun(AprEndpoint.java:2517)
	at org.apache.tomcat.util.net.AprEndpoint$SocketProcessor.run(AprEndpoint.java:2506)
	at java.util.concurrent.ThreadPoolExecutor.runWorker(ThreadPoolExecutor.java:1145)
	at java.util.concurrent.ThreadPoolExecutor$Worker.run(ThreadPoolExecutor.java:615)
	at org.apache.tomcat.util.threads.TaskThread$WrappingRunnable.run(TaskThread.java:61)
	at java.lang.Thread.run(Thread.java:745)
Caused by: javax.imageio.IIOException: Bad type for IHDR chunk!
	at com.sun.imageio.plugins.png.PNGImageReader.readHeader(PNGImageReader.java:251)
	... 29 more

Jan 02, 2017 11:30:21 AM org.apache.catalina.core.StandardWrapperValve invoke
SEVERE: Servlet.service() for servlet [UploadImage] in context with path [/ATruongDHBK_AnhKyYeu] threw exception
javax.imageio.IIOException: I/O error reading PNG header!
	at com.sun.imageio.plugins.png.PNGImageReader.readHeader(PNGImageReader.java:315)
	at com.sun.imageio.plugins.png.PNGImageReader.readMetadata(PNGImageReader.java:654)
	at com.sun.imageio.plugins.png.PNGImageReader.readImage(PNGImageReader.java:1229)
	at com.sun.imageio.plugins.png.PNGImageReader.read(PNGImageReader.java:1577)
	at javax.imageio.ImageIO.read(ImageIO.java:1448)
	at javax.imageio.ImageIO.read(ImageIO.java:1352)
	at SvlUploadImage.UploadImage.doPost(UploadImage.java:95)
	at javax.servlet.http.HttpServlet.service(HttpServlet.java:650)
	at javax.servlet.http.HttpServlet.service(HttpServlet.java:731)
	at org.apache.catalina.core.ApplicationFilterChain.internalDoFilter(ApplicationFilterChain.java:303)
	at org.apache.catalina.core.ApplicationFilterChain.doFilter(ApplicationFilterChain.java:208)
	at org.apache.tomcat.websocket.server.WsFilter.doFilter(WsFilter.java:52)
	at org.apache.catalina.core.ApplicationFilterChain.internalDoFilter(ApplicationFilterChain.java:241)
	at org.apache.catalina.core.ApplicationFilterChain.doFilter(ApplicationFilterChain.java:208)
	at org.apache.catalina.core.StandardWrapperValve.invoke(StandardWrapperValve.java:218)
	at org.apache.catalina.core.StandardContextValve.invoke(StandardContextValve.java:122)
	at org.apache.catalina.authenticator.AuthenticatorBase.invoke(AuthenticatorBase.java:505)
	at org.apache.catalina.core.StandardHostValve.invoke(StandardHostValve.java:169)
	at org.apache.catalina.valves.ErrorReportValve.invoke(ErrorReportValve.java:103)
	at org.apache.catalina.valves.AccessLogValve.invoke(AccessLogValve.java:958)
	at org.apache.catalina.core.StandardEngineValve.invoke(StandardEngineValve.java:116)
	at org.apache.catalina.connector.CoyoteAdapter.service(CoyoteAdapter.java:452)
	at org.apache.coyote.http11.AbstractHttp11Processor.process(AbstractHttp11Processor.java:1087)
	at org.apache.coyote.AbstractProtocol$AbstractConnectionHandler.process(AbstractProtocol.java:637)
	at org.apache.tomcat.util.net.AprEndpoint$SocketProcessor.doRun(AprEndpoint.java:2517)
	at org.apache.tomcat.util.net.AprEndpoint$SocketProcessor.run(AprEndpoint.java:2506)
	at java.util.concurrent.ThreadPoolExecutor.runWorker(ThreadPoolExecutor.java:1145)
	at java.util.concurrent.ThreadPoolExecutor$Worker.run(ThreadPoolExecutor.java:615)
	at org.apache.tomcat.util.threads.TaskThread$WrappingRunnable.run(TaskThread.java:61)
	at java.lang.Thread.run(Thread.java:745)
Caused by: javax.imageio.IIOException: Bad type for IHDR chunk!
	at com.sun.imageio.plugins.png.PNGImageReader.readHeader(PNGImageReader.java:251)
	... 29 more

Jan 02, 2017 11:30:32 AM org.apache.catalina.core.StandardWrapperValve invoke
SEVERE: Servlet.service() for servlet [UploadImage] in context with path [/ATruongDHBK_AnhKyYeu] threw exception
javax.imageio.IIOException: I/O error reading PNG header!
	at com.sun.imageio.plugins.png.PNGImageReader.readHeader(PNGImageReader.java:315)
	at com.sun.imageio.plugins.png.PNGImageReader.readMetadata(PNGImageReader.java:654)
	at com.sun.imageio.plugins.png.PNGImageReader.readImage(PNGImageReader.java:1229)
	at com.sun.imageio.plugins.png.PNGImageReader.read(PNGImageReader.java:1577)
	at javax.imageio.ImageIO.read(ImageIO.java:1448)
	at javax.imageio.ImageIO.read(ImageIO.java:1352)
	at SvlUploadImage.UploadImage.doPost(UploadImage.java:95)
	at javax.servlet.http.HttpServlet.service(HttpServlet.java:650)
	at javax.servlet.http.HttpServlet.service(HttpServlet.java:731)
	at org.apache.catalina.core.ApplicationFilterChain.internalDoFilter(ApplicationFilterChain.java:303)
	at org.apache.catalina.core.ApplicationFilterChain.doFilter(ApplicationFilterChain.java:208)
	at org.apache.tomcat.websocket.server.WsFilter.doFilter(WsFilter.java:52)
	at org.apache.catalina.core.ApplicationFilterChain.internalDoFilter(ApplicationFilterChain.java:241)
	at org.apache.catalina.core.ApplicationFilterChain.doFilter(ApplicationFilterChain.java:208)
	at org.apache.catalina.core.StandardWrapperValve.invoke(StandardWrapperValve.java:218)
	at org.apache.catalina.core.StandardContextValve.invoke(StandardContextValve.java:122)
	at org.apache.catalina.authenticator.AuthenticatorBase.invoke(AuthenticatorBase.java:505)
	at org.apache.catalina.core.StandardHostValve.invoke(StandardHostValve.java:169)
	at org.apache.catalina.valves.ErrorReportValve.invoke(ErrorReportValve.java:103)
	at org.apache.catalina.valves.AccessLogValve.invoke(AccessLogValve.java:958)
	at org.apache.catalina.core.StandardEngineValve.invoke(StandardEngineValve.java:116)
	at org.apache.catalina.connector.CoyoteAdapter.service(CoyoteAdapter.java:452)
	at org.apache.coyote.http11.AbstractHttp11Processor.process(AbstractHttp11Processor.java:1087)
	at org.apache.coyote.AbstractProtocol$AbstractConnectionHandler.process(AbstractProtocol.java:637)
	at org.apache.tomcat.util.net.AprEndpoint$SocketProcessor.doRun(AprEndpoint.java:2517)
	at org.apache.tomcat.util.net.AprEndpoint$SocketProcessor.run(AprEndpoint.java:2506)
	at java.util.concurrent.ThreadPoolExecutor.runWorker(ThreadPoolExecutor.java:1145)
	at java.util.concurrent.ThreadPoolExecutor$Worker.run(ThreadPoolExecutor.java:615)
	at org.apache.tomcat.util.threads.TaskThread$WrappingRunnable.run(TaskThread.java:61)
	at java.lang.Thread.run(Thread.java:745)
Caused by: javax.imageio.IIOException: Bad type for IHDR chunk!
	at com.sun.imageio.plugins.png.PNGImageReader.readHeader(PNGImageReader.java:251)
	... 29 more

Jan 02, 2017 11:31:26 AM org.apache.catalina.core.StandardWrapperValve invoke
SEVERE: Servlet.service() for servlet [UploadImage] in context with path [/ATruongDHBK_AnhKyYeu] threw exception
javax.imageio.IIOException: I/O error reading PNG header!
	at com.sun.imageio.plugins.png.PNGImageReader.readHeader(PNGImageReader.java:315)
	at com.sun.imageio.plugins.png.PNGImageReader.readMetadata(PNGImageReader.java:654)
	at com.sun.imageio.plugins.png.PNGImageReader.readImage(PNGImageReader.java:1229)
	at com.sun.imageio.plugins.png.PNGImageReader.read(PNGImageReader.java:1577)
	at javax.imageio.ImageIO.read(ImageIO.java:1448)
	at javax.imageio.ImageIO.read(ImageIO.java:1352)
	at SvlUploadImage.UploadImage.doPost(UploadImage.java:96)
	at javax.servlet.http.HttpServlet.service(HttpServlet.java:650)
	at javax.servlet.http.HttpServlet.service(HttpServlet.java:731)
	at org.apache.catalina.core.ApplicationFilterChain.internalDoFilter(ApplicationFilterChain.java:303)
	at org.apache.catalina.core.ApplicationFilterChain.doFilter(ApplicationFilterChain.java:208)
	at org.apache.tomcat.websocket.server.WsFilter.doFilter(WsFilter.java:52)
	at org.apache.catalina.core.ApplicationFilterChain.internalDoFilter(ApplicationFilterChain.java:241)
	at org.apache.catalina.core.ApplicationFilterChain.doFilter(ApplicationFilterChain.java:208)
	at org.apache.catalina.core.StandardWrapperValve.invoke(StandardWrapperValve.java:218)
	at org.apache.catalina.core.StandardContextValve.invoke(StandardContextValve.java:122)
	at org.apache.catalina.authenticator.AuthenticatorBase.invoke(AuthenticatorBase.java:505)
	at org.apache.catalina.core.StandardHostValve.invoke(StandardHostValve.java:169)
	at org.apache.catalina.valves.ErrorReportValve.invoke(ErrorReportValve.java:103)
	at org.apache.catalina.valves.AccessLogValve.invoke(AccessLogValve.java:958)
	at org.apache.catalina.core.StandardEngineValve.invoke(StandardEngineValve.java:116)
	at org.apache.catalina.connector.CoyoteAdapter.service(CoyoteAdapter.java:452)
	at org.apache.coyote.http11.AbstractHttp11Processor.process(AbstractHttp11Processor.java:1087)
	at org.apache.coyote.AbstractProtocol$AbstractConnectionHandler.process(AbstractProtocol.java:637)
	at org.apache.tomcat.util.net.AprEndpoint$SocketProcessor.doRun(AprEndpoint.java:2517)
	at org.apache.tomcat.util.net.AprEndpoint$SocketProcessor.run(AprEndpoint.java:2506)
	at java.util.concurrent.ThreadPoolExecutor.runWorker(ThreadPoolExecutor.java:1145)
	at java.util.concurrent.ThreadPoolExecutor$Worker.run(ThreadPoolExecutor.java:615)
	at org.apache.tomcat.util.threads.TaskThread$WrappingRunnable.run(TaskThread.java:61)
	at java.lang.Thread.run(Thread.java:745)
Caused by: javax.imageio.IIOException: Bad type for IHDR chunk!
	at com.sun.imageio.plugins.png.PNGImageReader.readHeader(PNGImageReader.java:251)
	... 29 more

Jan 02, 2017 11:43:19 AM org.apache.catalina.core.ApplicationContext log
INFO: SessionListener: contextDestroyed()
Jan 02, 2017 11:43:19 AM org.apache.catalina.core.ApplicationContext log
INFO: ContextListener: contextDestroyed()
