Dec 19, 2016 9:38:51 AM org.apache.catalina.core.ApplicationContext log
INFO: Manager: init: Associated with Deployer 'Catalina:type=Deployer,host=localhost'
Dec 19, 2016 9:38:51 AM org.apache.catalina.core.ApplicationContext log
INFO: Manager: init: Global resources are available
Dec 19, 2016 9:38:51 AM org.apache.catalina.core.ApplicationContext log
INFO: Manager: list: Listing contexts for virtual host 'localhost'
Dec 19, 2016 9:38:51 AM org.apache.catalina.core.ApplicationContext log
INFO: Manager: undeploy: Undeploying web application at '/'
Dec 19, 2016 9:38:51 AM org.apache.catalina.core.ApplicationContext log
INFO: Manager: install: Installing context configuration at 'file:/C:/Users/BVHIEN/AppData/Local/Temp/context6107497943385991390.xml'
Dec 19, 2016 9:38:53 AM org.apache.catalina.core.ApplicationContext log
INFO: Manager: start: Starting web application '/'
Dec 19, 2016 9:41:19 AM org.apache.catalina.core.ApplicationContext log
INFO: Manager: list: Listing contexts for virtual host 'localhost'
Dec 19, 2016 9:41:19 AM org.apache.catalina.core.ApplicationContext log
INFO: Manager: list: Listing contexts for virtual host 'localhost'
Dec 19, 2016 10:11:41 AM org.apache.catalina.core.ApplicationContext log
INFO: Manager: list: Listing contexts for virtual host 'localhost'
Dec 19, 2016 10:11:41 AM org.apache.catalina.core.ApplicationContext log
INFO: Manager: list: Listing contexts for virtual host 'localhost'
Dec 19, 2016 10:11:41 AM org.apache.catalina.core.ApplicationContext log
INFO: Manager: restart: Reloading web application '/'
Dec 19, 2016 5:08:15 PM org.apache.catalina.core.ApplicationContext log
INFO: Manager: init: Associated with Deployer 'Catalina:type=Deployer,host=localhost'
Dec 19, 2016 5:08:15 PM org.apache.catalina.core.ApplicationContext log
INFO: Manager: init: Global resources are available
Dec 19, 2016 5:08:15 PM org.apache.catalina.core.ApplicationContext log
INFO: Manager: list: Listing contexts for virtual host 'localhost'
Dec 19, 2016 5:08:15 PM org.apache.catalina.core.ApplicationContext log
INFO: Manager: list: Listing contexts for virtual host 'localhost'
Dec 19, 2016 5:19:25 PM org.apache.catalina.core.ApplicationContext log
INFO: Manager: list: Listing contexts for virtual host 'localhost'
Dec 19, 2016 5:19:25 PM org.apache.catalina.core.ApplicationContext log
INFO: Manager: list: Listing contexts for virtual host 'localhost'
Dec 19, 2016 5:19:25 PM org.apache.catalina.core.ApplicationContext log
INFO: Manager: restart: Reloading web application '/'
Dec 19, 2016 5:20:14 PM org.apache.catalina.core.ApplicationContext log
INFO: Manager: list: Listing contexts for virtual host 'localhost'
Dec 19, 2016 5:20:14 PM org.apache.catalina.core.ApplicationContext log
INFO: Manager: list: Listing contexts for virtual host 'localhost'
Dec 19, 2016 5:21:40 PM org.apache.catalina.core.ApplicationContext log
INFO: Manager: list: Listing contexts for virtual host 'localhost'
Dec 19, 2016 5:21:40 PM org.apache.catalina.core.ApplicationContext log
INFO: Manager: list: Listing contexts for virtual host 'localhost'
Dec 19, 2016 5:21:40 PM org.apache.catalina.core.ApplicationContext log
INFO: Manager: restart: Reloading web application '/'
Dec 19, 2016 5:28:57 PM org.apache.catalina.core.ApplicationContext log
INFO: Manager: list: Listing contexts for virtual host 'localhost'
Dec 19, 2016 5:28:57 PM org.apache.catalina.core.ApplicationContext log
INFO: Manager: list: Listing contexts for virtual host 'localhost'
Dec 19, 2016 5:28:57 PM org.apache.catalina.core.ApplicationContext log
INFO: Manager: restart: Reloading web application '/'
Dec 19, 2016 5:31:38 PM org.apache.catalina.core.ApplicationContext log
INFO: Manager: list: Listing contexts for virtual host 'localhost'
Dec 19, 2016 5:31:38 PM org.apache.catalina.core.ApplicationContext log
INFO: Manager: list: Listing contexts for virtual host 'localhost'
Dec 19, 2016 5:31:38 PM org.apache.catalina.core.ApplicationContext log
INFO: Manager: restart: Reloading web application '/'
