Dec 24, 2016 12:21:38 PM org.apache.catalina.core.ApplicationContext log
INFO: Manager: init: Associated with Deployer 'Catalina:type=Deployer,host=localhost'
Dec 24, 2016 12:21:38 PM org.apache.catalina.core.ApplicationContext log
INFO: Manager: init: Global resources are available
Dec 24, 2016 12:21:38 PM org.apache.catalina.core.ApplicationContext log
INFO: Manager: list: Listing contexts for virtual host 'localhost'
Dec 24, 2016 12:21:38 PM org.apache.catalina.core.ApplicationContext log
INFO: Manager: list: Listing contexts for virtual host 'localhost'
Dec 24, 2016 12:21:38 PM org.apache.catalina.core.ApplicationContext log
INFO: Manager: restart: Reloading web application '/WebApplication1'
Dec 24, 2016 12:23:30 PM org.apache.catalina.core.ApplicationContext log
INFO: Manager: list: Listing contexts for virtual host 'localhost'
Dec 24, 2016 12:23:33 PM org.apache.catalina.core.ApplicationContext log
INFO: Manager: list: Listing contexts for virtual host 'localhost'
Dec 24, 2016 12:23:33 PM org.apache.catalina.core.ApplicationContext log
INFO: Manager: list: Listing contexts for virtual host 'localhost'
Dec 24, 2016 12:24:29 PM org.apache.catalina.core.ApplicationContext log
INFO: Manager: list: Listing contexts for virtual host 'localhost'
Dec 24, 2016 12:25:39 PM org.apache.catalina.core.ApplicationContext log
INFO: Manager: list: Listing contexts for virtual host 'localhost'
Dec 24, 2016 12:25:53 PM org.apache.catalina.core.ApplicationContext log
INFO: Manager: list: Listing contexts for virtual host 'localhost'
Dec 24, 2016 12:26:33 PM org.apache.catalina.core.ApplicationContext log
INFO: Manager: list: Listing contexts for virtual host 'localhost'
Dec 24, 2016 12:27:13 PM org.apache.catalina.core.ApplicationContext log
INFO: Manager: list: Listing contexts for virtual host 'localhost'
Dec 24, 2016 12:27:42 PM org.apache.catalina.core.ApplicationContext log
INFO: Manager: list: Listing contexts for virtual host 'localhost'
Dec 24, 2016 12:29:53 PM org.apache.catalina.core.ApplicationContext log
INFO: Manager: list: Listing contexts for virtual host 'localhost'
Dec 24, 2016 12:30:05 PM org.apache.catalina.core.ApplicationContext log
INFO: Manager: list: Listing contexts for virtual host 'localhost'
Dec 24, 2016 12:31:46 PM org.apache.catalina.core.ApplicationContext log
INFO: Manager: list: Listing contexts for virtual host 'localhost'
Dec 24, 2016 12:32:26 PM org.apache.catalina.core.ApplicationContext log
INFO: Manager: list: Listing contexts for virtual host 'localhost'
Dec 24, 2016 12:32:30 PM org.apache.catalina.core.ApplicationContext log
INFO: Manager: list: Listing contexts for virtual host 'localhost'
Dec 24, 2016 12:34:20 PM org.apache.catalina.core.ApplicationContext log
INFO: Manager: list: Listing contexts for virtual host 'localhost'
Dec 24, 2016 12:37:57 PM org.apache.catalina.core.ApplicationContext log
INFO: Manager: list: Listing contexts for virtual host 'localhost'
Dec 24, 2016 12:38:09 PM org.apache.catalina.core.ApplicationContext log
INFO: Manager: list: Listing contexts for virtual host 'localhost'
Dec 24, 2016 12:41:19 PM org.apache.catalina.core.ApplicationContext log
INFO: Manager: list: Listing contexts for virtual host 'localhost'
Dec 24, 2016 12:41:28 PM org.apache.catalina.core.ApplicationContext log
INFO: Manager: list: Listing contexts for virtual host 'localhost'
Dec 24, 2016 12:49:01 PM org.apache.catalina.core.ApplicationContext log
INFO: Manager: list: Listing contexts for virtual host 'localhost'
Dec 24, 2016 12:49:01 PM org.apache.catalina.core.ApplicationContext log
INFO: Manager: restart: Reloading web application '/WebApplication1'
Dec 24, 2016 1:24:56 PM org.apache.catalina.core.ApplicationContext log
INFO: Manager: list: Listing contexts for virtual host 'localhost'
Dec 24, 2016 1:24:56 PM org.apache.catalina.core.ApplicationContext log
INFO: Manager: restart: Reloading web application '/WebApplication1'
Dec 24, 2016 1:27:41 PM org.apache.catalina.core.ApplicationContext log
INFO: Manager: list: Listing contexts for virtual host 'localhost'
Dec 24, 2016 1:27:41 PM org.apache.catalina.core.ApplicationContext log
INFO: Manager: restart: Reloading web application '/WebApplication1'
Dec 24, 2016 1:28:49 PM org.apache.catalina.core.ApplicationContext log
INFO: Manager: list: Listing contexts for virtual host 'localhost'
Dec 24, 2016 1:28:49 PM org.apache.catalina.core.ApplicationContext log
INFO: Manager: restart: Reloading web application '/WebApplication1'
Dec 24, 2016 1:29:16 PM org.apache.catalina.core.ApplicationContext log
INFO: Manager: list: Listing contexts for virtual host 'localhost'
Dec 24, 2016 1:29:16 PM org.apache.catalina.core.ApplicationContext log
INFO: Manager: restart: Reloading web application '/WebApplication1'
Dec 24, 2016 1:30:57 PM org.apache.catalina.core.ApplicationContext log
INFO: Manager: list: Listing contexts for virtual host 'localhost'
Dec 24, 2016 1:30:57 PM org.apache.catalina.core.ApplicationContext log
INFO: Manager: restart: Reloading web application '/WebApplication1'
Dec 24, 2016 1:30:58 PM org.apache.catalina.core.ApplicationContext log
INFO: Manager: list: Listing contexts for virtual host 'localhost'
Dec 24, 2016 1:30:58 PM org.apache.catalina.core.ApplicationContext log
INFO: Manager: restart: Reloading web application '/WebApplication1'
Dec 24, 2016 1:33:02 PM org.apache.catalina.core.ApplicationContext log
INFO: Manager: list: Listing contexts for virtual host 'localhost'
Dec 24, 2016 1:33:14 PM org.apache.catalina.core.ApplicationContext log
INFO: Manager: list: Listing contexts for virtual host 'localhost'
Dec 24, 2016 1:35:07 PM org.apache.catalina.core.ApplicationContext log
INFO: Manager: list: Listing contexts for virtual host 'localhost'
Dec 24, 2016 1:35:07 PM org.apache.catalina.core.ApplicationContext log
INFO: Manager: restart: Reloading web application '/WebApplication1'
Dec 24, 2016 1:35:38 PM org.apache.catalina.core.ApplicationContext log
INFO: Manager: list: Listing contexts for virtual host 'localhost'
Dec 24, 2016 1:35:45 PM org.apache.catalina.core.ApplicationContext log
INFO: Manager: list: Listing contexts for virtual host 'localhost'
Dec 24, 2016 1:35:45 PM org.apache.catalina.core.ApplicationContext log
INFO: Manager: restart: Reloading web application '/WebApplication1'
Dec 24, 2016 1:35:45 PM org.apache.catalina.core.ApplicationContext log
SEVERE: Manager: ManagerServlet.reload[/WebApplication1]
java.lang.IllegalStateException: Context with name [/WebApplication1] has not yet been started
	at org.apache.catalina.core.StandardContext.reload(StandardContext.java:4120)
	at org.apache.catalina.manager.ManagerServlet.reload(ManagerServlet.java:1002)
	at org.apache.catalina.manager.ManagerServlet.doGet(ManagerServlet.java:371)
	at javax.servlet.http.HttpServlet.service(HttpServlet.java:624)
	at javax.servlet.http.HttpServlet.service(HttpServlet.java:731)
	at org.apache.catalina.core.ApplicationFilterChain.internalDoFilter(ApplicationFilterChain.java:303)
	at org.apache.catalina.core.ApplicationFilterChain.doFilter(ApplicationFilterChain.java:208)
	at org.apache.tomcat.websocket.server.WsFilter.doFilter(WsFilter.java:52)
	at org.apache.catalina.core.ApplicationFilterChain.internalDoFilter(ApplicationFilterChain.java:241)
	at org.apache.catalina.core.ApplicationFilterChain.doFilter(ApplicationFilterChain.java:208)
	at org.apache.catalina.filters.SetCharacterEncodingFilter.doFilter(SetCharacterEncodingFilter.java:108)
	at org.apache.catalina.core.ApplicationFilterChain.internalDoFilter(ApplicationFilterChain.java:241)
	at org.apache.catalina.core.ApplicationFilterChain.doFilter(ApplicationFilterChain.java:208)
	at org.apache.catalina.core.StandardWrapperValve.invoke(StandardWrapperValve.java:218)
	at org.apache.catalina.core.StandardContextValve.invoke(StandardContextValve.java:122)
	at org.apache.catalina.authenticator.AuthenticatorBase.invoke(AuthenticatorBase.java:614)
	at org.apache.catalina.core.StandardHostValve.invoke(StandardHostValve.java:169)
	at org.apache.catalina.valves.ErrorReportValve.invoke(ErrorReportValve.java:103)
	at org.apache.catalina.valves.AccessLogValve.invoke(AccessLogValve.java:958)
	at org.apache.catalina.core.StandardEngineValve.invoke(StandardEngineValve.java:116)
	at org.apache.catalina.connector.CoyoteAdapter.service(CoyoteAdapter.java:452)
	at org.apache.coyote.http11.AbstractHttp11Processor.process(AbstractHttp11Processor.java:1087)
	at org.apache.coyote.AbstractProtocol$AbstractConnectionHandler.process(AbstractProtocol.java:637)
	at org.apache.tomcat.util.net.AprEndpoint$SocketProcessor.doRun(AprEndpoint.java:2517)
	at org.apache.tomcat.util.net.AprEndpoint$SocketProcessor.run(AprEndpoint.java:2506)
	at java.util.concurrent.ThreadPoolExecutor.runWorker(ThreadPoolExecutor.java:1145)
	at java.util.concurrent.ThreadPoolExecutor$Worker.run(ThreadPoolExecutor.java:615)
	at org.apache.tomcat.util.threads.TaskThread$WrappingRunnable.run(TaskThread.java:61)
	at java.lang.Thread.run(Thread.java:745)

Dec 24, 2016 1:36:02 PM org.apache.catalina.core.ApplicationContext log
INFO: Manager: list: Listing contexts for virtual host 'localhost'
Dec 24, 2016 1:36:02 PM org.apache.catalina.core.ApplicationContext log
INFO: Manager: list: Listing contexts for virtual host 'localhost'
Dec 24, 2016 1:36:02 PM org.apache.catalina.core.ApplicationContext log
INFO: Manager: restart: Reloading web application '/WebApplication1'
Dec 24, 2016 1:36:02 PM org.apache.catalina.core.ApplicationContext log
SEVERE: Manager: ManagerServlet.reload[/WebApplication1]
java.lang.IllegalStateException: Context with name [/WebApplication1] has not yet been started
	at org.apache.catalina.core.StandardContext.reload(StandardContext.java:4120)
	at org.apache.catalina.manager.ManagerServlet.reload(ManagerServlet.java:1002)
	at org.apache.catalina.manager.ManagerServlet.doGet(ManagerServlet.java:371)
	at javax.servlet.http.HttpServlet.service(HttpServlet.java:624)
	at javax.servlet.http.HttpServlet.service(HttpServlet.java:731)
	at org.apache.catalina.core.ApplicationFilterChain.internalDoFilter(ApplicationFilterChain.java:303)
	at org.apache.catalina.core.ApplicationFilterChain.doFilter(ApplicationFilterChain.java:208)
	at org.apache.tomcat.websocket.server.WsFilter.doFilter(WsFilter.java:52)
	at org.apache.catalina.core.ApplicationFilterChain.internalDoFilter(ApplicationFilterChain.java:241)
	at org.apache.catalina.core.ApplicationFilterChain.doFilter(ApplicationFilterChain.java:208)
	at org.apache.catalina.filters.SetCharacterEncodingFilter.doFilter(SetCharacterEncodingFilter.java:108)
	at org.apache.catalina.core.ApplicationFilterChain.internalDoFilter(ApplicationFilterChain.java:241)
	at org.apache.catalina.core.ApplicationFilterChain.doFilter(ApplicationFilterChain.java:208)
	at org.apache.catalina.core.StandardWrapperValve.invoke(StandardWrapperValve.java:218)
	at org.apache.catalina.core.StandardContextValve.invoke(StandardContextValve.java:122)
	at org.apache.catalina.authenticator.AuthenticatorBase.invoke(AuthenticatorBase.java:614)
	at org.apache.catalina.core.StandardHostValve.invoke(StandardHostValve.java:169)
	at org.apache.catalina.valves.ErrorReportValve.invoke(ErrorReportValve.java:103)
	at org.apache.catalina.valves.AccessLogValve.invoke(AccessLogValve.java:958)
	at org.apache.catalina.core.StandardEngineValve.invoke(StandardEngineValve.java:116)
	at org.apache.catalina.connector.CoyoteAdapter.service(CoyoteAdapter.java:452)
	at org.apache.coyote.http11.AbstractHttp11Processor.process(AbstractHttp11Processor.java:1087)
	at org.apache.coyote.AbstractProtocol$AbstractConnectionHandler.process(AbstractProtocol.java:637)
	at org.apache.tomcat.util.net.AprEndpoint$SocketProcessor.doRun(AprEndpoint.java:2517)
	at org.apache.tomcat.util.net.AprEndpoint$SocketProcessor.run(AprEndpoint.java:2506)
	at java.util.concurrent.ThreadPoolExecutor.runWorker(ThreadPoolExecutor.java:1145)
	at java.util.concurrent.ThreadPoolExecutor$Worker.run(ThreadPoolExecutor.java:615)
	at org.apache.tomcat.util.threads.TaskThread$WrappingRunnable.run(TaskThread.java:61)
	at java.lang.Thread.run(Thread.java:745)

Dec 24, 2016 1:36:31 PM org.apache.catalina.core.ApplicationContext log
INFO: Manager: list: Listing contexts for virtual host 'localhost'
Dec 24, 2016 1:36:31 PM org.apache.catalina.core.ApplicationContext log
INFO: Manager: list: Listing contexts for virtual host 'localhost'
Dec 24, 2016 1:36:32 PM org.apache.catalina.core.ApplicationContext log
INFO: Manager: undeploy: Undeploying web application at '/WebApplication1'
Dec 24, 2016 1:36:32 PM org.apache.catalina.core.ApplicationContext log
INFO: Manager: install: Installing context configuration at 'file:/C:/Users/BVHIEN/AppData/Local/Temp/context4061042594707316.xml'
Dec 24, 2016 1:36:34 PM org.apache.catalina.core.ApplicationContext log
INFO: Manager: start: Starting web application '/WebApplication1'
Dec 24, 2016 1:36:34 PM org.apache.catalina.core.ApplicationContext log
INFO: Manager: list: Listing contexts for virtual host 'localhost'
Dec 24, 2016 1:36:34 PM org.apache.catalina.core.ApplicationContext log
INFO: Manager: list: Listing contexts for virtual host 'localhost'
Dec 24, 2016 1:36:34 PM org.apache.catalina.core.ApplicationContext log
INFO: Manager: restart: Reloading web application '/WebApplication1'
Dec 24, 2016 1:37:00 PM org.apache.catalina.core.ApplicationContext log
INFO: Manager: list: Listing contexts for virtual host 'localhost'
Dec 24, 2016 1:37:00 PM org.apache.catalina.core.ApplicationContext log
INFO: Manager: list: Listing contexts for virtual host 'localhost'
Dec 24, 2016 1:41:03 PM org.apache.catalina.core.ApplicationContext log
INFO: Manager: list: Listing contexts for virtual host 'localhost'
Dec 24, 2016 1:47:30 PM org.apache.catalina.core.ApplicationContext log
INFO: Manager: list: Listing contexts for virtual host 'localhost'
Dec 24, 2016 1:47:30 PM org.apache.catalina.core.ApplicationContext log
INFO: Manager: restart: Reloading web application '/WebApplication1'
Dec 24, 2016 1:48:49 PM org.apache.catalina.core.ApplicationContext log
INFO: Manager: list: Listing contexts for virtual host 'localhost'
Dec 24, 2016 1:48:49 PM org.apache.catalina.core.ApplicationContext log
INFO: Manager: restart: Reloading web application '/WebApplication1'
Dec 24, 2016 1:49:38 PM org.apache.catalina.core.ApplicationContext log
INFO: Manager: list: Listing contexts for virtual host 'localhost'
Dec 24, 2016 1:49:38 PM org.apache.catalina.core.ApplicationContext log
INFO: Manager: restart: Reloading web application '/WebApplication1'
Dec 24, 2016 1:59:34 PM org.apache.catalina.core.ApplicationContext log
INFO: Manager: list: Listing contexts for virtual host 'localhost'
Dec 24, 2016 2:00:12 PM org.apache.catalina.core.ApplicationContext log
INFO: Manager: list: Listing contexts for virtual host 'localhost'
Dec 24, 2016 2:00:14 PM org.apache.catalina.core.ApplicationContext log
INFO: Manager: list: Listing contexts for virtual host 'localhost'
Dec 24, 2016 2:00:27 PM org.apache.catalina.core.ApplicationContext log
INFO: Manager: list: Listing contexts for virtual host 'localhost'
Dec 24, 2016 2:02:16 PM org.apache.catalina.core.ApplicationContext log
INFO: Manager: list: Listing contexts for virtual host 'localhost'
Dec 24, 2016 2:02:16 PM org.apache.catalina.core.ApplicationContext log
INFO: Manager: restart: Reloading web application '/WebApplication1'
Dec 24, 2016 2:02:33 PM org.apache.catalina.core.ApplicationContext log
INFO: Manager: list: Listing contexts for virtual host 'localhost'
Dec 24, 2016 2:02:33 PM org.apache.catalina.core.ApplicationContext log
INFO: Manager: restart: Reloading web application '/WebApplication1'
Dec 24, 2016 2:51:16 PM org.apache.catalina.core.ApplicationContext log
INFO: Manager: list: Listing contexts for virtual host 'localhost'
Dec 24, 2016 2:51:16 PM org.apache.catalina.core.ApplicationContext log
INFO: Manager: restart: Reloading web application '/WebApplication1'
Dec 24, 2016 2:55:45 PM org.apache.catalina.core.ApplicationContext log
INFO: Manager: list: Listing contexts for virtual host 'localhost'
Dec 24, 2016 2:55:46 PM org.apache.catalina.core.ApplicationContext log
INFO: Manager: restart: Reloading web application '/WebApplication1'
Dec 24, 2016 2:56:51 PM org.apache.catalina.core.ApplicationContext log
INFO: Manager: list: Listing contexts for virtual host 'localhost'
Dec 24, 2016 2:56:51 PM org.apache.catalina.core.ApplicationContext log
INFO: Manager: restart: Reloading web application '/WebApplication1'
Dec 24, 2016 2:56:53 PM org.apache.catalina.core.ApplicationContext log
INFO: Manager: list: Listing contexts for virtual host 'localhost'
Dec 24, 2016 2:56:53 PM org.apache.catalina.core.ApplicationContext log
INFO: Manager: restart: Reloading web application '/WebApplication1'
Dec 24, 2016 2:57:00 PM org.apache.catalina.core.ApplicationContext log
INFO: Manager: list: Listing contexts for virtual host 'localhost'
Dec 24, 2016 2:57:03 PM org.apache.catalina.core.ApplicationContext log
INFO: Manager: list: Listing contexts for virtual host 'localhost'
Dec 24, 2016 2:57:03 PM org.apache.catalina.core.ApplicationContext log
INFO: Manager: list: Listing contexts for virtual host 'localhost'
Dec 24, 2016 2:57:03 PM org.apache.catalina.core.ApplicationContext log
INFO: Manager: restart: Reloading web application '/WebApplication1'
Dec 24, 2016 2:59:16 PM org.apache.catalina.core.ApplicationContext log
INFO: Manager: list: Listing contexts for virtual host 'localhost'
Dec 24, 2016 2:59:16 PM org.apache.catalina.core.ApplicationContext log
INFO: Manager: restart: Reloading web application '/WebApplication1'
Dec 24, 2016 3:00:20 PM org.apache.catalina.core.ApplicationContext log
INFO: Manager: list: Listing contexts for virtual host 'localhost'
Dec 24, 2016 3:00:20 PM org.apache.catalina.core.ApplicationContext log
INFO: Manager: restart: Reloading web application '/WebApplication1'
Dec 24, 2016 3:02:30 PM org.apache.catalina.core.ApplicationContext log
INFO: Manager: list: Listing contexts for virtual host 'localhost'
Dec 24, 2016 3:02:30 PM org.apache.catalina.core.ApplicationContext log
INFO: Manager: restart: Reloading web application '/WebApplication1'
Dec 24, 2016 3:02:36 PM org.apache.catalina.core.ApplicationContext log
INFO: Manager: list: Listing contexts for virtual host 'localhost'
Dec 24, 2016 3:02:36 PM org.apache.catalina.core.ApplicationContext log
INFO: Manager: restart: Reloading web application '/WebApplication1'
Dec 24, 2016 3:06:25 PM org.apache.catalina.core.ApplicationContext log
INFO: Manager: list: Listing contexts for virtual host 'localhost'
Dec 24, 2016 3:06:25 PM org.apache.catalina.core.ApplicationContext log
INFO: Manager: restart: Reloading web application '/WebApplication1'
Dec 24, 2016 3:07:07 PM org.apache.catalina.core.ApplicationContext log
INFO: Manager: list: Listing contexts for virtual host 'localhost'
Dec 24, 2016 3:07:07 PM org.apache.catalina.core.ApplicationContext log
INFO: Manager: restart: Reloading web application '/WebApplication1'
Dec 24, 2016 3:08:06 PM org.apache.catalina.core.ApplicationContext log
INFO: Manager: list: Listing contexts for virtual host 'localhost'
Dec 24, 2016 3:08:06 PM org.apache.catalina.core.ApplicationContext log
INFO: Manager: restart: Reloading web application '/WebApplication1'
Dec 24, 2016 3:08:44 PM org.apache.catalina.core.ApplicationContext log
INFO: Manager: list: Listing contexts for virtual host 'localhost'
Dec 24, 2016 3:08:44 PM org.apache.catalina.core.ApplicationContext log
INFO: Manager: restart: Reloading web application '/WebApplication1'
Dec 24, 2016 3:09:07 PM org.apache.catalina.core.ApplicationContext log
INFO: Manager: list: Listing contexts for virtual host 'localhost'
Dec 24, 2016 3:09:07 PM org.apache.catalina.core.ApplicationContext log
INFO: Manager: restart: Reloading web application '/WebApplication1'
Dec 24, 2016 6:16:23 PM org.apache.catalina.core.ApplicationContext log
INFO: Manager: init: Associated with Deployer 'Catalina:type=Deployer,host=localhost'
Dec 24, 2016 6:16:23 PM org.apache.catalina.core.ApplicationContext log
INFO: Manager: init: Global resources are available
Dec 24, 2016 6:16:23 PM org.apache.catalina.core.ApplicationContext log
INFO: Manager: list: Listing contexts for virtual host 'localhost'
Dec 24, 2016 6:16:23 PM org.apache.catalina.core.ApplicationContext log
INFO: Manager: list: Listing contexts for virtual host 'localhost'
Dec 24, 2016 6:16:23 PM org.apache.catalina.core.ApplicationContext log
INFO: Manager: restart: Reloading web application '/WebApplication1'
Dec 24, 2016 6:17:41 PM org.apache.catalina.core.ApplicationContext log
INFO: Manager: list: Listing contexts for virtual host 'localhost'
Dec 24, 2016 6:17:41 PM org.apache.catalina.core.ApplicationContext log
INFO: Manager: restart: Reloading web application '/WebApplication1'
Dec 24, 2016 6:20:06 PM org.apache.catalina.core.ApplicationContext log
INFO: Manager: list: Listing contexts for virtual host 'localhost'
Dec 24, 2016 6:20:06 PM org.apache.catalina.core.ApplicationContext log
INFO: Manager: restart: Reloading web application '/WebApplication1'
Dec 24, 2016 6:23:29 PM org.apache.catalina.core.ApplicationContext log
INFO: Manager: list: Listing contexts for virtual host 'localhost'
Dec 24, 2016 6:23:29 PM org.apache.catalina.core.ApplicationContext log
INFO: Manager: restart: Reloading web application '/WebApplication1'
Dec 24, 2016 6:24:13 PM org.apache.catalina.core.ApplicationContext log
INFO: Manager: list: Listing contexts for virtual host 'localhost'
Dec 24, 2016 6:24:13 PM org.apache.catalina.core.ApplicationContext log
INFO: Manager: restart: Reloading web application '/WebApplication1'
Dec 24, 2016 6:24:20 PM org.apache.catalina.core.ApplicationContext log
INFO: Manager: list: Listing contexts for virtual host 'localhost'
Dec 24, 2016 6:24:20 PM org.apache.catalina.core.ApplicationContext log
INFO: Manager: restart: Reloading web application '/WebApplication1'
Dec 24, 2016 6:26:58 PM org.apache.catalina.core.ApplicationContext log
INFO: Manager: list: Listing contexts for virtual host 'localhost'
Dec 24, 2016 6:26:58 PM org.apache.catalina.core.ApplicationContext log
INFO: Manager: restart: Reloading web application '/WebApplication1'
Dec 24, 2016 6:27:09 PM org.apache.catalina.core.ApplicationContext log
INFO: Manager: list: Listing contexts for virtual host 'localhost'
Dec 24, 2016 6:27:09 PM org.apache.catalina.core.ApplicationContext log
INFO: Manager: restart: Reloading web application '/WebApplication1'
Dec 24, 2016 6:27:21 PM org.apache.catalina.core.ApplicationContext log
INFO: Manager: list: Listing contexts for virtual host 'localhost'
Dec 24, 2016 6:27:21 PM org.apache.catalina.core.ApplicationContext log
INFO: Manager: restart: Reloading web application '/WebApplication1'
Dec 24, 2016 6:29:03 PM org.apache.catalina.core.ApplicationContext log
INFO: Manager: list: Listing contexts for virtual host 'localhost'
Dec 24, 2016 6:29:03 PM org.apache.catalina.core.ApplicationContext log
INFO: Manager: restart: Reloading web application '/WebApplication1'
Dec 24, 2016 6:29:42 PM org.apache.catalina.core.ApplicationContext log
INFO: Manager: list: Listing contexts for virtual host 'localhost'
Dec 24, 2016 6:29:42 PM org.apache.catalina.core.ApplicationContext log
INFO: Manager: restart: Reloading web application '/WebApplication1'
Dec 24, 2016 6:29:49 PM org.apache.catalina.core.ApplicationContext log
INFO: Manager: list: Listing contexts for virtual host 'localhost'
Dec 24, 2016 6:29:49 PM org.apache.catalina.core.ApplicationContext log
INFO: Manager: restart: Reloading web application '/WebApplication1'
Dec 24, 2016 6:30:06 PM org.apache.catalina.core.ApplicationContext log
INFO: Manager: list: Listing contexts for virtual host 'localhost'
Dec 24, 2016 6:30:06 PM org.apache.catalina.core.ApplicationContext log
INFO: Manager: restart: Reloading web application '/WebApplication1'
Dec 24, 2016 6:30:39 PM org.apache.catalina.core.ApplicationContext log
INFO: Manager: list: Listing contexts for virtual host 'localhost'
Dec 24, 2016 6:30:39 PM org.apache.catalina.core.ApplicationContext log
INFO: Manager: restart: Reloading web application '/WebApplication1'
Dec 24, 2016 6:32:36 PM org.apache.catalina.core.ApplicationContext log
INFO: Manager: list: Listing contexts for virtual host 'localhost'
Dec 24, 2016 6:32:36 PM org.apache.catalina.core.ApplicationContext log
INFO: Manager: restart: Reloading web application '/WebApplication1'
Dec 24, 2016 6:32:46 PM org.apache.catalina.core.ApplicationContext log
INFO: Manager: list: Listing contexts for virtual host 'localhost'
Dec 24, 2016 6:32:46 PM org.apache.catalina.core.ApplicationContext log
INFO: Manager: restart: Reloading web application '/WebApplication1'
Dec 24, 2016 6:33:22 PM org.apache.catalina.core.ApplicationContext log
INFO: Manager: list: Listing contexts for virtual host 'localhost'
Dec 24, 2016 6:33:22 PM org.apache.catalina.core.ApplicationContext log
INFO: Manager: restart: Reloading web application '/WebApplication1'
Dec 24, 2016 6:34:03 PM org.apache.catalina.core.ApplicationContext log
INFO: Manager: list: Listing contexts for virtual host 'localhost'
Dec 24, 2016 6:34:03 PM org.apache.catalina.core.ApplicationContext log
INFO: Manager: restart: Reloading web application '/WebApplication1'
Dec 24, 2016 6:34:05 PM org.apache.catalina.core.ApplicationContext log
INFO: Manager: list: Listing contexts for virtual host 'localhost'
Dec 24, 2016 6:34:05 PM org.apache.catalina.core.ApplicationContext log
INFO: Manager: restart: Reloading web application '/WebApplication1'
Dec 24, 2016 6:34:47 PM org.apache.catalina.core.ApplicationContext log
INFO: Manager: list: Listing contexts for virtual host 'localhost'
Dec 24, 2016 6:34:47 PM org.apache.catalina.core.ApplicationContext log
INFO: Manager: restart: Reloading web application '/WebApplication1'
Dec 24, 2016 6:34:58 PM org.apache.catalina.core.ApplicationContext log
INFO: Manager: list: Listing contexts for virtual host 'localhost'
Dec 24, 2016 6:34:58 PM org.apache.catalina.core.ApplicationContext log
INFO: Manager: restart: Reloading web application '/WebApplication1'
Dec 24, 2016 6:35:33 PM org.apache.catalina.core.ApplicationContext log
INFO: Manager: list: Listing contexts for virtual host 'localhost'
Dec 24, 2016 6:35:33 PM org.apache.catalina.core.ApplicationContext log
INFO: Manager: restart: Reloading web application '/WebApplication1'
Dec 24, 2016 6:35:39 PM org.apache.catalina.core.ApplicationContext log
INFO: Manager: list: Listing contexts for virtual host 'localhost'
Dec 24, 2016 6:35:39 PM org.apache.catalina.core.ApplicationContext log
INFO: Manager: restart: Reloading web application '/WebApplication1'
Dec 24, 2016 6:36:11 PM org.apache.catalina.core.ApplicationContext log
INFO: Manager: list: Listing contexts for virtual host 'localhost'
Dec 24, 2016 6:36:11 PM org.apache.catalina.core.ApplicationContext log
INFO: Manager: restart: Reloading web application '/WebApplication1'
Dec 24, 2016 6:36:13 PM org.apache.catalina.core.ApplicationContext log
INFO: Manager: list: Listing contexts for virtual host 'localhost'
Dec 24, 2016 6:36:13 PM org.apache.catalina.core.ApplicationContext log
INFO: Manager: restart: Reloading web application '/WebApplication1'
Dec 24, 2016 6:36:35 PM org.apache.catalina.core.ApplicationContext log
INFO: Manager: list: Listing contexts for virtual host 'localhost'
Dec 24, 2016 6:36:35 PM org.apache.catalina.core.ApplicationContext log
INFO: Manager: restart: Reloading web application '/WebApplication1'
Dec 24, 2016 6:37:09 PM org.apache.catalina.core.ApplicationContext log
INFO: Manager: list: Listing contexts for virtual host 'localhost'
Dec 24, 2016 6:37:10 PM org.apache.catalina.core.ApplicationContext log
INFO: Manager: list: Listing contexts for virtual host 'localhost'
Dec 24, 2016 6:37:10 PM org.apache.catalina.core.ApplicationContext log
INFO: Manager: list: Listing contexts for virtual host 'localhost'
Dec 24, 2016 6:37:11 PM org.apache.catalina.core.ApplicationContext log
INFO: Manager: restart: Reloading web application '/WebApplication1'
Dec 24, 2016 7:45:21 PM org.apache.catalina.core.ApplicationContext log
INFO: Manager: list: Listing contexts for virtual host 'localhost'
Dec 24, 2016 7:45:21 PM org.apache.catalina.core.ApplicationContext log
INFO: Manager: restart: Reloading web application '/WebApplication1'
Dec 24, 2016 7:45:26 PM org.apache.catalina.core.ApplicationContext log
INFO: Manager: list: Listing contexts for virtual host 'localhost'
Dec 24, 2016 7:45:26 PM org.apache.catalina.core.ApplicationContext log
INFO: Manager: restart: Reloading web application '/WebApplication1'
Dec 24, 2016 7:45:30 PM org.apache.catalina.core.ApplicationContext log
INFO: Manager: list: Listing contexts for virtual host 'localhost'
Dec 24, 2016 7:45:30 PM org.apache.catalina.core.ApplicationContext log
INFO: Manager: restart: Reloading web application '/WebApplication1'
