Jan 01, 2017 6:19:40 PM org.apache.catalina.core.ApplicationContext log
INFO: Manager: init: Associated with Deployer 'Catalina:type=Deployer,host=localhost'
Jan 01, 2017 6:19:40 PM org.apache.catalina.core.ApplicationContext log
INFO: Manager: init: Global resources are available
Jan 01, 2017 6:19:40 PM org.apache.catalina.core.ApplicationContext log
INFO: Manager: list: Listing contexts for virtual host 'localhost'
Jan 01, 2017 6:19:40 PM org.apache.catalina.core.ApplicationContext log
INFO: Manager: list: Listing contexts for virtual host 'localhost'
Jan 01, 2017 6:19:40 PM org.apache.catalina.core.ApplicationContext log
INFO: Manager: restart: Reloading web application '/ATruongDHBK_AnhKyYeu'
Jan 01, 2017 6:20:29 PM org.apache.catalina.core.ApplicationContext log
INFO: Manager: list: Listing contexts for virtual host 'localhost'
Jan 01, 2017 6:21:58 PM org.apache.catalina.core.ApplicationContext log
INFO: Manager: list: Listing contexts for virtual host 'localhost'
Jan 01, 2017 6:21:59 PM org.apache.catalina.core.ApplicationContext log
INFO: Manager: restart: Reloading web application '/ATruongDHBK_AnhKyYeu'
Jan 01, 2017 6:22:06 PM org.apache.catalina.core.ApplicationContext log
INFO: Manager: list: Listing contexts for virtual host 'localhost'
Jan 01, 2017 7:13:49 PM org.apache.catalina.core.ApplicationContext log
INFO: Manager: list: Listing contexts for virtual host 'localhost'
Jan 01, 2017 7:16:40 PM org.apache.catalina.core.ApplicationContext log
INFO: Manager: list: Listing contexts for virtual host 'localhost'
Jan 01, 2017 7:16:40 PM org.apache.catalina.core.ApplicationContext log
INFO: Manager: restart: Reloading web application '/ATruongDHBK_AnhKyYeu'
Jan 01, 2017 7:31:23 PM org.apache.catalina.core.ApplicationContext log
INFO: Manager: list: Listing contexts for virtual host 'localhost'
Jan 01, 2017 7:31:23 PM org.apache.catalina.core.ApplicationContext log
INFO: Manager: restart: Reloading web application '/ATruongDHBK_AnhKyYeu'
Jan 01, 2017 7:31:25 PM org.apache.catalina.core.ApplicationContext log
INFO: Manager: list: Listing contexts for virtual host 'localhost'
Jan 01, 2017 7:31:25 PM org.apache.catalina.core.ApplicationContext log
INFO: Manager: restart: Reloading web application '/ATruongDHBK_AnhKyYeu'
Jan 01, 2017 7:32:01 PM org.apache.catalina.core.ApplicationContext log
INFO: Manager: list: Listing contexts for virtual host 'localhost'
Jan 01, 2017 7:32:01 PM org.apache.catalina.core.ApplicationContext log
INFO: Manager: restart: Reloading web application '/ATruongDHBK_AnhKyYeu'
Jan 01, 2017 7:32:17 PM org.apache.catalina.core.ApplicationContext log
INFO: Manager: list: Listing contexts for virtual host 'localhost'
Jan 01, 2017 7:32:17 PM org.apache.catalina.core.ApplicationContext log
INFO: Manager: restart: Reloading web application '/ATruongDHBK_AnhKyYeu'
Jan 01, 2017 7:32:35 PM org.apache.catalina.core.ApplicationContext log
INFO: Manager: list: Listing contexts for virtual host 'localhost'
Jan 01, 2017 7:32:53 PM org.apache.catalina.core.ApplicationContext log
INFO: Manager: list: Listing contexts for virtual host 'localhost'
Jan 01, 2017 7:34:08 PM org.apache.catalina.core.ApplicationContext log
INFO: Manager: list: Listing contexts for virtual host 'localhost'
Jan 01, 2017 7:34:20 PM org.apache.catalina.core.ApplicationContext log
INFO: Manager: list: Listing contexts for virtual host 'localhost'
Jan 01, 2017 7:35:11 PM org.apache.catalina.core.ApplicationContext log
INFO: Manager: list: Listing contexts for virtual host 'localhost'
Jan 01, 2017 7:35:11 PM org.apache.catalina.core.ApplicationContext log
INFO: Manager: restart: Reloading web application '/ATruongDHBK_AnhKyYeu'
Jan 01, 2017 7:35:34 PM org.apache.catalina.core.ApplicationContext log
INFO: Manager: list: Listing contexts for virtual host 'localhost'
Jan 01, 2017 7:35:34 PM org.apache.catalina.core.ApplicationContext log
INFO: Manager: restart: Reloading web application '/ATruongDHBK_AnhKyYeu'
Jan 01, 2017 10:50:43 PM org.apache.catalina.core.ApplicationContext log
INFO: Manager: init: Associated with Deployer 'Catalina:type=Deployer,host=localhost'
Jan 01, 2017 10:50:43 PM org.apache.catalina.core.ApplicationContext log
INFO: Manager: init: Global resources are available
Jan 01, 2017 10:50:43 PM org.apache.catalina.core.ApplicationContext log
INFO: Manager: list: Listing contexts for virtual host 'localhost'
Jan 01, 2017 10:50:43 PM org.apache.catalina.core.ApplicationContext log
INFO: Manager: list: Listing contexts for virtual host 'localhost'
Jan 01, 2017 10:50:43 PM org.apache.catalina.core.ApplicationContext log
INFO: Manager: restart: Reloading web application '/ATruongDHBK_AnhKyYeu'
Jan 01, 2017 10:51:36 PM org.apache.catalina.core.ApplicationContext log
INFO: Manager: list: Listing contexts for virtual host 'localhost'
Jan 01, 2017 10:51:36 PM org.apache.catalina.core.ApplicationContext log
INFO: Manager: list: Listing contexts for virtual host 'localhost'
Jan 01, 2017 11:07:38 PM org.apache.catalina.core.ApplicationContext log
INFO: Manager: list: Listing contexts for virtual host 'localhost'
Jan 01, 2017 11:07:38 PM org.apache.catalina.core.ApplicationContext log
INFO: Manager: list: Listing contexts for virtual host 'localhost'
Jan 01, 2017 11:07:38 PM org.apache.catalina.core.ApplicationContext log
INFO: Manager: install: Installing context configuration at 'file:/C:/Users/BVHIEN/AppData/Local/Temp/context6320123505818343334.xml'
Jan 01, 2017 11:07:41 PM org.apache.catalina.core.ApplicationContext log
INFO: Manager: start: Starting web application '/TestAjax'
Jan 01, 2017 11:08:44 PM org.apache.catalina.core.ApplicationContext log
INFO: Manager: list: Listing contexts for virtual host 'localhost'
Jan 01, 2017 11:08:44 PM org.apache.catalina.core.ApplicationContext log
INFO: Manager: restart: Reloading web application '/TestAjax'
Jan 01, 2017 11:09:33 PM org.apache.catalina.core.ApplicationContext log
INFO: Manager: list: Listing contexts for virtual host 'localhost'
Jan 01, 2017 11:09:42 PM org.apache.catalina.core.ApplicationContext log
INFO: Manager: list: Listing contexts for virtual host 'localhost'
Jan 01, 2017 11:09:42 PM org.apache.catalina.core.ApplicationContext log
INFO: Manager: list: Listing contexts for virtual host 'localhost'
Jan 01, 2017 11:09:43 PM org.apache.catalina.core.ApplicationContext log
INFO: Manager: restart: Reloading web application '/TestAjax'
Jan 01, 2017 11:09:57 PM org.apache.catalina.core.ApplicationContext log
INFO: Manager: list: Listing contexts for virtual host 'localhost'
Jan 01, 2017 11:09:57 PM org.apache.catalina.core.ApplicationContext log
INFO: Manager: list: Listing contexts for virtual host 'localhost'
Jan 01, 2017 11:10:07 PM org.apache.catalina.core.ApplicationContext log
INFO: Manager: list: Listing contexts for virtual host 'localhost'
Jan 01, 2017 11:10:07 PM org.apache.catalina.core.ApplicationContext log
INFO: Manager: list: Listing contexts for virtual host 'localhost'
Jan 01, 2017 11:11:19 PM org.apache.catalina.core.ApplicationContext log
INFO: Manager: list: Listing contexts for virtual host 'localhost'
Jan 01, 2017 11:11:19 PM org.apache.catalina.core.ApplicationContext log
INFO: Manager: restart: Reloading web application '/TestAjax'
Jan 01, 2017 11:11:34 PM org.apache.catalina.core.ApplicationContext log
INFO: Manager: list: Listing contexts for virtual host 'localhost'
Jan 01, 2017 11:11:34 PM org.apache.catalina.core.ApplicationContext log
INFO: Manager: list: Listing contexts for virtual host 'localhost'
Jan 01, 2017 11:11:34 PM org.apache.catalina.core.ApplicationContext log
INFO: Manager: restart: Reloading web application '/TestAjax'
Jan 01, 2017 11:12:13 PM org.apache.catalina.core.ApplicationContext log
INFO: Manager: list: Listing contexts for virtual host 'localhost'
Jan 01, 2017 11:12:18 PM org.apache.catalina.core.ApplicationContext log
INFO: Manager: list: Listing contexts for virtual host 'localhost'
Jan 01, 2017 11:12:18 PM org.apache.catalina.core.ApplicationContext log
INFO: Manager: list: Listing contexts for virtual host 'localhost'
Jan 01, 2017 11:14:17 PM org.apache.catalina.core.ApplicationContext log
INFO: Manager: list: Listing contexts for virtual host 'localhost'
Jan 01, 2017 11:14:17 PM org.apache.catalina.core.ApplicationContext log
INFO: Manager: undeploy: Undeploying web application at '/TestAjax'
Jan 01, 2017 11:15:40 PM org.apache.catalina.core.ApplicationContext log
INFO: Manager: list: Listing contexts for virtual host 'localhost'
Jan 01, 2017 11:15:40 PM org.apache.catalina.core.ApplicationContext log
INFO: Manager: list: Listing contexts for virtual host 'localhost'
Jan 01, 2017 11:15:40 PM org.apache.catalina.core.ApplicationContext log
INFO: Manager: install: Installing context configuration at 'file:/C:/Users/BVHIEN/AppData/Local/Temp/context451220623285919757.xml'
Jan 01, 2017 11:15:40 PM org.apache.catalina.core.ApplicationContext log
INFO: Manager: start: Starting web application '/Ajax'
Jan 01, 2017 11:15:52 PM org.apache.catalina.core.ApplicationContext log
INFO: Manager: list: Listing contexts for virtual host 'localhost'
Jan 01, 2017 11:16:51 PM org.apache.catalina.core.ApplicationContext log
INFO: Manager: list: Listing contexts for virtual host 'localhost'
Jan 01, 2017 11:17:07 PM org.apache.catalina.core.ApplicationContext log
INFO: Manager: list: Listing contexts for virtual host 'localhost'
Jan 01, 2017 11:18:00 PM org.apache.catalina.core.ApplicationContext log
INFO: Manager: list: Listing contexts for virtual host 'localhost'
Jan 01, 2017 11:18:02 PM org.apache.catalina.core.ApplicationContext log
INFO: Manager: list: Listing contexts for virtual host 'localhost'
Jan 01, 2017 11:18:16 PM org.apache.catalina.core.ApplicationContext log
INFO: Manager: list: Listing contexts for virtual host 'localhost'
Jan 01, 2017 11:18:40 PM org.apache.catalina.core.ApplicationContext log
INFO: Manager: list: Listing contexts for virtual host 'localhost'
Jan 01, 2017 11:19:46 PM org.apache.catalina.core.ApplicationContext log
INFO: Manager: list: Listing contexts for virtual host 'localhost'
Jan 01, 2017 11:20:25 PM org.apache.catalina.core.ApplicationContext log
INFO: Manager: list: Listing contexts for virtual host 'localhost'
Jan 01, 2017 11:21:05 PM org.apache.catalina.core.ApplicationContext log
INFO: Manager: list: Listing contexts for virtual host 'localhost'
Jan 01, 2017 11:21:18 PM org.apache.catalina.core.ApplicationContext log
INFO: Manager: list: Listing contexts for virtual host 'localhost'
Jan 01, 2017 11:21:35 PM org.apache.catalina.core.ApplicationContext log
INFO: Manager: list: Listing contexts for virtual host 'localhost'
Jan 01, 2017 11:21:35 PM org.apache.catalina.core.ApplicationContext log
INFO: Manager: restart: Reloading web application '/Ajax'
Jan 01, 2017 11:21:35 PM org.apache.catalina.core.ApplicationContext log
INFO: Manager: list: Listing contexts for virtual host 'localhost'
Jan 01, 2017 11:21:36 PM org.apache.catalina.core.ApplicationContext log
INFO: Manager: restart: Reloading web application '/Ajax'
Jan 01, 2017 11:21:55 PM org.apache.catalina.core.ApplicationContext log
INFO: Manager: list: Listing contexts for virtual host 'localhost'
Jan 01, 2017 11:22:09 PM org.apache.catalina.core.ApplicationContext log
INFO: Manager: list: Listing contexts for virtual host 'localhost'
Jan 01, 2017 11:22:09 PM org.apache.catalina.core.ApplicationContext log
INFO: Manager: stop: Stopping web application '/Ajax'
Jan 01, 2017 11:22:09 PM org.apache.catalina.core.ApplicationContext log
INFO: Manager: start: Starting web application '/Ajax'
Jan 01, 2017 11:22:09 PM org.apache.catalina.core.ApplicationContext log
INFO: Manager: list: Listing contexts for virtual host 'localhost'
Jan 01, 2017 11:22:09 PM org.apache.catalina.core.ApplicationContext log
INFO: Manager: restart: Reloading web application '/Ajax'
Jan 01, 2017 11:22:10 PM org.apache.catalina.core.ApplicationContext log
INFO: Manager: list: Listing contexts for virtual host 'localhost'
Jan 01, 2017 11:22:10 PM org.apache.catalina.core.ApplicationContext log
INFO: Manager: restart: Reloading web application '/Ajax'
Jan 01, 2017 11:22:35 PM org.apache.catalina.core.ApplicationContext log
INFO: Manager: list: Listing contexts for virtual host 'localhost'
Jan 01, 2017 11:22:35 PM org.apache.catalina.core.ApplicationContext log
INFO: Manager: restart: Reloading web application '/Ajax'
Jan 01, 2017 11:22:49 PM org.apache.catalina.core.ApplicationContext log
INFO: Manager: list: Listing contexts for virtual host 'localhost'
Jan 01, 2017 11:22:49 PM org.apache.catalina.core.ApplicationContext log
INFO: Manager: restart: Reloading web application '/Ajax'
Jan 01, 2017 11:22:58 PM org.apache.catalina.core.ApplicationContext log
INFO: Manager: list: Listing contexts for virtual host 'localhost'
Jan 01, 2017 11:23:09 PM org.apache.catalina.core.ApplicationContext log
INFO: Manager: list: Listing contexts for virtual host 'localhost'
Jan 01, 2017 11:23:09 PM org.apache.catalina.core.ApplicationContext log
INFO: Manager: list: Listing contexts for virtual host 'localhost'
Jan 01, 2017 11:23:09 PM org.apache.catalina.core.ApplicationContext log
INFO: Manager: stop: Stopping web application '/Ajax'
Jan 01, 2017 11:23:09 PM org.apache.catalina.core.ApplicationContext log
INFO: Manager: start: Starting web application '/Ajax'
Jan 01, 2017 11:23:23 PM org.apache.catalina.core.ApplicationContext log
INFO: Manager: list: Listing contexts for virtual host 'localhost'
Jan 01, 2017 11:23:23 PM org.apache.catalina.core.ApplicationContext log
INFO: Manager: list: Listing contexts for virtual host 'localhost'
Jan 01, 2017 11:24:43 PM org.apache.catalina.core.ApplicationContext log
INFO: Manager: list: Listing contexts for virtual host 'localhost'
Jan 01, 2017 11:24:48 PM org.apache.catalina.core.ApplicationContext log
INFO: Manager: list: Listing contexts for virtual host 'localhost'
Jan 01, 2017 11:24:51 PM org.apache.catalina.core.ApplicationContext log
INFO: Manager: list: Listing contexts for virtual host 'localhost'
Jan 01, 2017 11:24:51 PM org.apache.catalina.core.ApplicationContext log
INFO: Manager: list: Listing contexts for virtual host 'localhost'
Jan 01, 2017 11:25:55 PM org.apache.catalina.core.ApplicationContext log
INFO: Manager: list: Listing contexts for virtual host 'localhost'
Jan 01, 2017 11:25:55 PM org.apache.catalina.core.ApplicationContext log
INFO: Manager: restart: Reloading web application '/Ajax'
Jan 01, 2017 11:25:55 PM org.apache.catalina.core.ApplicationContext log
INFO: Manager: list: Listing contexts for virtual host 'localhost'
Jan 01, 2017 11:25:55 PM org.apache.catalina.core.ApplicationContext log
INFO: Manager: restart: Reloading web application '/Ajax'
Jan 01, 2017 11:26:14 PM org.apache.catalina.core.ApplicationContext log
INFO: Manager: list: Listing contexts for virtual host 'localhost'
Jan 01, 2017 11:26:14 PM org.apache.catalina.core.ApplicationContext log
INFO: Manager: restart: Reloading web application '/Ajax'
Jan 01, 2017 11:26:18 PM org.apache.catalina.core.ApplicationContext log
INFO: Manager: list: Listing contexts for virtual host 'localhost'
Jan 01, 2017 11:26:24 PM org.apache.catalina.core.ApplicationContext log
INFO: Manager: list: Listing contexts for virtual host 'localhost'
Jan 01, 2017 11:26:24 PM org.apache.catalina.core.ApplicationContext log
INFO: Manager: list: Listing contexts for virtual host 'localhost'
Jan 01, 2017 11:26:24 PM org.apache.catalina.core.ApplicationContext log
INFO: Manager: restart: Reloading web application '/Ajax'
Jan 01, 2017 11:27:29 PM org.apache.catalina.core.ApplicationContext log
INFO: Manager: list: Listing contexts for virtual host 'localhost'
Jan 01, 2017 11:28:33 PM org.apache.catalina.core.ApplicationContext log
INFO: Manager: list: Listing contexts for virtual host 'localhost'
Jan 01, 2017 11:29:12 PM org.apache.catalina.core.ApplicationContext log
INFO: Manager: list: Listing contexts for virtual host 'localhost'
Jan 01, 2017 11:29:12 PM org.apache.catalina.core.ApplicationContext log
INFO: Manager: restart: Reloading web application '/ATruongDHBK_AnhKyYeu'
Jan 01, 2017 11:29:18 PM org.apache.catalina.core.ApplicationContext log
INFO: Manager: list: Listing contexts for virtual host 'localhost'
Jan 01, 2017 11:29:18 PM org.apache.catalina.core.ApplicationContext log
INFO: Manager: list: Listing contexts for virtual host 'localhost'
Jan 01, 2017 11:29:18 PM org.apache.catalina.core.ApplicationContext log
INFO: Manager: restart: Reloading web application '/ATruongDHBK_AnhKyYeu'
Jan 01, 2017 11:30:09 PM org.apache.catalina.core.ApplicationContext log
INFO: Manager: list: Listing contexts for virtual host 'localhost'
Jan 01, 2017 11:30:14 PM org.apache.catalina.core.ApplicationContext log
INFO: Manager: list: Listing contexts for virtual host 'localhost'
Jan 01, 2017 11:30:14 PM org.apache.catalina.core.ApplicationContext log
INFO: Manager: list: Listing contexts for virtual host 'localhost'
Jan 01, 2017 11:30:41 PM org.apache.catalina.core.ApplicationContext log
INFO: Manager: list: Listing contexts for virtual host 'localhost'
Jan 01, 2017 11:30:41 PM org.apache.catalina.core.ApplicationContext log
INFO: Manager: restart: Reloading web application '/ATruongDHBK_AnhKyYeu'
Jan 01, 2017 11:31:40 PM org.apache.catalina.core.ApplicationContext log
INFO: Manager: list: Listing contexts for virtual host 'localhost'
Jan 01, 2017 11:32:00 PM org.apache.catalina.core.ApplicationContext log
INFO: Manager: list: Listing contexts for virtual host 'localhost'
Jan 01, 2017 11:32:17 PM org.apache.catalina.core.ApplicationContext log
INFO: Manager: list: Listing contexts for virtual host 'localhost'
Jan 01, 2017 11:32:27 PM org.apache.catalina.core.ApplicationContext log
INFO: Manager: list: Listing contexts for virtual host 'localhost'
Jan 01, 2017 11:32:27 PM org.apache.catalina.core.ApplicationContext log
INFO: Manager: restart: Reloading web application '/ATruongDHBK_AnhKyYeu'
Jan 01, 2017 11:33:05 PM org.apache.catalina.core.ApplicationContext log
INFO: Manager: list: Listing contexts for virtual host 'localhost'
Jan 01, 2017 11:33:29 PM org.apache.catalina.core.ApplicationContext log
INFO: Manager: list: Listing contexts for virtual host 'localhost'
Jan 01, 2017 11:36:21 PM org.apache.catalina.core.ApplicationContext log
INFO: Manager: list: Listing contexts for virtual host 'localhost'
Jan 01, 2017 11:43:51 PM org.apache.catalina.core.ApplicationContext log
INFO: Manager: list: Listing contexts for virtual host 'localhost'
Jan 01, 2017 11:43:51 PM org.apache.catalina.core.ApplicationContext log
INFO: Manager: restart: Reloading web application '/ATruongDHBK_AnhKyYeu'
