Jan 02, 2017 10:59:57 AM org.apache.catalina.core.ApplicationContext log
INFO: Manager: init: Associated with Deployer 'Catalina:type=Deployer,host=localhost'
Jan 02, 2017 10:59:57 AM org.apache.catalina.core.ApplicationContext log
INFO: Manager: init: Global resources are available
Jan 02, 2017 10:59:57 AM org.apache.catalina.core.ApplicationContext log
INFO: Manager: list: Listing contexts for virtual host 'localhost'
Jan 02, 2017 10:59:57 AM org.apache.catalina.core.ApplicationContext log
INFO: Manager: list: Listing contexts for virtual host 'localhost'
Jan 02, 2017 10:59:57 AM org.apache.catalina.core.ApplicationContext log
INFO: Manager: restart: Reloading web application '/ATruongDHBK_AnhKyYeu'
Jan 02, 2017 11:00:31 AM org.apache.catalina.core.ApplicationContext log
INFO: Manager: list: Listing contexts for virtual host 'localhost'
Jan 02, 2017 11:00:31 AM org.apache.catalina.core.ApplicationContext log
INFO: Manager: list: Listing contexts for virtual host 'localhost'
Jan 02, 2017 11:00:51 AM org.apache.catalina.core.ApplicationContext log
INFO: Manager: list: Listing contexts for virtual host 'localhost'
Jan 02, 2017 11:00:51 AM org.apache.catalina.core.ApplicationContext log
INFO: Manager: restart: Reloading web application '/ATruongDHBK_AnhKyYeu'
Jan 02, 2017 11:01:11 AM org.apache.catalina.core.ApplicationContext log
INFO: Manager: list: Listing contexts for virtual host 'localhost'
Jan 02, 2017 11:01:11 AM org.apache.catalina.core.ApplicationContext log
INFO: Manager: restart: Reloading web application '/ATruongDHBK_AnhKyYeu'
Jan 02, 2017 11:01:22 AM org.apache.catalina.core.ApplicationContext log
INFO: Manager: list: Listing contexts for virtual host 'localhost'
Jan 02, 2017 11:01:22 AM org.apache.catalina.core.ApplicationContext log
INFO: Manager: restart: Reloading web application '/ATruongDHBK_AnhKyYeu'
Jan 02, 2017 11:03:30 AM org.apache.catalina.core.ApplicationContext log
INFO: Manager: list: Listing contexts for virtual host 'localhost'
Jan 02, 2017 11:03:30 AM org.apache.catalina.core.ApplicationContext log
INFO: Manager: restart: Reloading web application '/ATruongDHBK_AnhKyYeu'
Jan 02, 2017 11:03:38 AM org.apache.catalina.core.ApplicationContext log
INFO: Manager: list: Listing contexts for virtual host 'localhost'
Jan 02, 2017 11:03:38 AM org.apache.catalina.core.ApplicationContext log
INFO: Manager: restart: Reloading web application '/ATruongDHBK_AnhKyYeu'
Jan 02, 2017 11:06:39 AM org.apache.catalina.core.ApplicationContext log
INFO: Manager: list: Listing contexts for virtual host 'localhost'
Jan 02, 2017 11:06:39 AM org.apache.catalina.core.ApplicationContext log
INFO: Manager: restart: Reloading web application '/ATruongDHBK_AnhKyYeu'
Jan 02, 2017 11:06:43 AM org.apache.catalina.core.ApplicationContext log
INFO: Manager: list: Listing contexts for virtual host 'localhost'
Jan 02, 2017 11:06:43 AM org.apache.catalina.core.ApplicationContext log
INFO: Manager: restart: Reloading web application '/ATruongDHBK_AnhKyYeu'
Jan 02, 2017 11:07:49 AM org.apache.catalina.core.ApplicationContext log
INFO: Manager: list: Listing contexts for virtual host 'localhost'
Jan 02, 2017 11:07:49 AM org.apache.catalina.core.ApplicationContext log
INFO: Manager: restart: Reloading web application '/ATruongDHBK_AnhKyYeu'
Jan 02, 2017 11:12:51 AM org.apache.catalina.core.ApplicationContext log
INFO: Manager: list: Listing contexts for virtual host 'localhost'
Jan 02, 2017 11:12:51 AM org.apache.catalina.core.ApplicationContext log
INFO: Manager: restart: Reloading web application '/ATruongDHBK_AnhKyYeu'
Jan 02, 2017 11:13:31 AM org.apache.catalina.core.ApplicationContext log
INFO: Manager: list: Listing contexts for virtual host 'localhost'
Jan 02, 2017 11:13:31 AM org.apache.catalina.core.ApplicationContext log
INFO: Manager: restart: Reloading web application '/ATruongDHBK_AnhKyYeu'
Jan 02, 2017 11:13:34 AM org.apache.catalina.core.ApplicationContext log
INFO: Manager: list: Listing contexts for virtual host 'localhost'
Jan 02, 2017 11:13:34 AM org.apache.catalina.core.ApplicationContext log
INFO: Manager: restart: Reloading web application '/ATruongDHBK_AnhKyYeu'
Jan 02, 2017 11:16:10 AM org.apache.catalina.core.ApplicationContext log
INFO: Manager: list: Listing contexts for virtual host 'localhost'
Jan 02, 2017 11:16:10 AM org.apache.catalina.core.ApplicationContext log
INFO: Manager: restart: Reloading web application '/ATruongDHBK_AnhKyYeu'
Jan 02, 2017 11:16:41 AM org.apache.catalina.core.ApplicationContext log
INFO: Manager: list: Listing contexts for virtual host 'localhost'
Jan 02, 2017 11:16:41 AM org.apache.catalina.core.ApplicationContext log
INFO: Manager: restart: Reloading web application '/ATruongDHBK_AnhKyYeu'
Jan 02, 2017 11:18:06 AM org.apache.catalina.core.ApplicationContext log
INFO: Manager: list: Listing contexts for virtual host 'localhost'
Jan 02, 2017 11:18:06 AM org.apache.catalina.core.ApplicationContext log
INFO: Manager: restart: Reloading web application '/ATruongDHBK_AnhKyYeu'
Jan 02, 2017 11:26:58 AM org.apache.catalina.core.ApplicationContext log
INFO: Manager: list: Listing contexts for virtual host 'localhost'
Jan 02, 2017 11:26:58 AM org.apache.catalina.core.ApplicationContext log
INFO: Manager: restart: Reloading web application '/ATruongDHBK_AnhKyYeu'
Jan 02, 2017 11:27:10 AM org.apache.catalina.core.ApplicationContext log
INFO: Manager: list: Listing contexts for virtual host 'localhost'
Jan 02, 2017 11:27:10 AM org.apache.catalina.core.ApplicationContext log
INFO: Manager: restart: Reloading web application '/ATruongDHBK_AnhKyYeu'
Jan 02, 2017 11:30:14 AM org.apache.catalina.core.ApplicationContext log
INFO: Manager: list: Listing contexts for virtual host 'localhost'
Jan 02, 2017 11:30:14 AM org.apache.catalina.core.ApplicationContext log
INFO: Manager: restart: Reloading web application '/ATruongDHBK_AnhKyYeu'
Jan 02, 2017 11:31:19 AM org.apache.catalina.core.ApplicationContext log
INFO: Manager: list: Listing contexts for virtual host 'localhost'
Jan 02, 2017 11:31:19 AM org.apache.catalina.core.ApplicationContext log
INFO: Manager: restart: Reloading web application '/ATruongDHBK_AnhKyYeu'
Jan 02, 2017 11:35:55 AM org.apache.catalina.core.ApplicationContext log
INFO: Manager: list: Listing contexts for virtual host 'localhost'
Jan 02, 2017 11:35:55 AM org.apache.catalina.core.ApplicationContext log
INFO: Manager: restart: Reloading web application '/ATruongDHBK_AnhKyYeu'
Jan 02, 2017 11:37:50 AM org.apache.catalina.core.ApplicationContext log
INFO: Manager: list: Listing contexts for virtual host 'localhost'
Jan 02, 2017 11:37:50 AM org.apache.catalina.core.ApplicationContext log
INFO: Manager: restart: Reloading web application '/ATruongDHBK_AnhKyYeu'
