Dec 23, 2016 5:03:49 PM org.apache.catalina.core.ApplicationContext log
INFO: Manager: init: Associated with Deployer 'Catalina:type=Deployer,host=localhost'
Dec 23, 2016 5:03:49 PM org.apache.catalina.core.ApplicationContext log
INFO: Manager: init: Global resources are available
Dec 23, 2016 5:03:49 PM org.apache.catalina.core.ApplicationContext log
INFO: Manager: list: Listing contexts for virtual host 'localhost'
Dec 23, 2016 5:03:49 PM org.apache.catalina.core.ApplicationContext log
INFO: Manager: list: Listing contexts for virtual host 'localhost'
Dec 23, 2016 5:03:49 PM org.apache.catalina.core.ApplicationContext log
INFO: Manager: stop: Stopping web application '/WebApplication1'
Dec 23, 2016 5:03:49 PM org.apache.catalina.core.ApplicationContext log
INFO: Manager: start: Starting web application '/WebApplication1'
Dec 23, 2016 5:04:58 PM org.apache.catalina.core.ApplicationContext log
INFO: Manager: list: Listing contexts for virtual host 'localhost'
Dec 23, 2016 5:05:17 PM org.apache.catalina.core.ApplicationContext log
INFO: Manager: list: Listing contexts for virtual host 'localhost'
Dec 23, 2016 5:05:29 PM org.apache.catalina.core.ApplicationContext log
INFO: Manager: list: Listing contexts for virtual host 'localhost'
Dec 23, 2016 5:07:26 PM org.apache.catalina.core.ApplicationContext log
INFO: Manager: list: Listing contexts for virtual host 'localhost'
Dec 23, 2016 5:08:02 PM org.apache.catalina.core.ApplicationContext log
INFO: Manager: list: Listing contexts for virtual host 'localhost'
Dec 23, 2016 5:08:39 PM org.apache.catalina.core.ApplicationContext log
INFO: Manager: list: Listing contexts for virtual host 'localhost'
Dec 23, 2016 5:09:18 PM org.apache.catalina.core.ApplicationContext log
INFO: Manager: list: Listing contexts for virtual host 'localhost'
Dec 23, 2016 5:09:31 PM org.apache.catalina.core.ApplicationContext log
INFO: Manager: list: Listing contexts for virtual host 'localhost'
Dec 23, 2016 5:10:28 PM org.apache.catalina.core.ApplicationContext log
INFO: Manager: list: Listing contexts for virtual host 'localhost'
Dec 23, 2016 5:10:57 PM org.apache.catalina.core.ApplicationContext log
INFO: Manager: list: Listing contexts for virtual host 'localhost'
Dec 23, 2016 5:12:09 PM org.apache.catalina.core.ApplicationContext log
INFO: Manager: list: Listing contexts for virtual host 'localhost'
Dec 23, 2016 5:12:10 PM org.apache.catalina.core.ApplicationContext log
INFO: Manager: list: Listing contexts for virtual host 'localhost'
Dec 23, 2016 5:12:40 PM org.apache.catalina.core.ApplicationContext log
INFO: Manager: list: Listing contexts for virtual host 'localhost'
Dec 23, 2016 5:12:40 PM org.apache.catalina.core.ApplicationContext log
INFO: Manager: restart: Reloading web application '/WebApplication1'
Dec 23, 2016 5:12:42 PM org.apache.catalina.core.ApplicationContext log
INFO: Manager: list: Listing contexts for virtual host 'localhost'
Dec 23, 2016 5:12:42 PM org.apache.catalina.core.ApplicationContext log
INFO: Manager: restart: Reloading web application '/WebApplication1'
Dec 23, 2016 5:13:06 PM org.apache.catalina.core.ApplicationContext log
INFO: Manager: list: Listing contexts for virtual host 'localhost'
Dec 23, 2016 5:13:06 PM org.apache.catalina.core.ApplicationContext log
INFO: Manager: list: Listing contexts for virtual host 'localhost'
Dec 23, 2016 5:13:06 PM org.apache.catalina.core.ApplicationContext log
INFO: Manager: restart: Reloading web application '/WebApplication1'
Dec 23, 2016 5:19:07 PM org.apache.catalina.core.ApplicationContext log
INFO: Manager: list: Listing contexts for virtual host 'localhost'
Dec 23, 2016 5:19:07 PM org.apache.catalina.core.ApplicationContext log
INFO: Manager: restart: Reloading web application '/WebApplication1'
Dec 23, 2016 5:22:01 PM org.apache.catalina.core.ApplicationContext log
INFO: Manager: list: Listing contexts for virtual host 'localhost'
Dec 23, 2016 5:22:01 PM org.apache.catalina.core.ApplicationContext log
INFO: Manager: restart: Reloading web application '/WebApplication1'
Dec 23, 2016 5:26:32 PM org.apache.catalina.core.ApplicationContext log
INFO: Manager: list: Listing contexts for virtual host 'localhost'
Dec 23, 2016 5:26:32 PM org.apache.catalina.core.ApplicationContext log
INFO: Manager: restart: Reloading web application '/WebApplication1'
Dec 23, 2016 5:26:57 PM org.apache.catalina.core.ApplicationContext log
INFO: Manager: list: Listing contexts for virtual host 'localhost'
Dec 23, 2016 5:26:57 PM org.apache.catalina.core.ApplicationContext log
INFO: Manager: restart: Reloading web application '/WebApplication1'
Dec 23, 2016 5:40:53 PM org.apache.catalina.core.ApplicationContext log
INFO: Manager: list: Listing contexts for virtual host 'localhost'
