Jan 05, 2017 9:12:54 AM org.apache.catalina.core.ApplicationContext log
INFO: Manager: init: Associated with Deployer 'Catalina:type=Deployer,host=localhost'
Jan 05, 2017 9:12:54 AM org.apache.catalina.core.ApplicationContext log
INFO: Manager: init: Global resources are available
Jan 05, 2017 9:12:54 AM org.apache.catalina.core.ApplicationContext log
INFO: Manager: list: Listing contexts for virtual host 'localhost'
Jan 05, 2017 9:12:55 AM org.apache.catalina.core.ApplicationContext log
INFO: Manager: list: Listing contexts for virtual host 'localhost'
Jan 05, 2017 9:12:55 AM org.apache.catalina.core.ApplicationContext log
INFO: Manager: restart: Reloading web application '/AnhKyYeu'
Jan 05, 2017 9:17:37 AM org.apache.catalina.core.ApplicationContext log
INFO: Manager: list: Listing contexts for virtual host 'localhost'
Jan 05, 2017 9:17:42 AM org.apache.catalina.core.ApplicationContext log
INFO: Manager: list: Listing contexts for virtual host 'localhost'
Jan 05, 2017 9:17:42 AM org.apache.catalina.core.ApplicationContext log
INFO: Manager: list: Listing contexts for virtual host 'localhost'
Jan 05, 2017 9:17:42 AM org.apache.catalina.core.ApplicationContext log
INFO: Manager: list: Listing contexts for virtual host 'localhost'
Jan 05, 2017 9:17:42 AM org.apache.catalina.core.ApplicationContext log
INFO: Manager: list: Listing contexts for virtual host 'localhost'
Jan 05, 2017 9:20:58 AM org.apache.catalina.core.ApplicationContext log
INFO: Manager: list: Listing contexts for virtual host 'localhost'
Jan 05, 2017 9:20:58 AM org.apache.catalina.core.ApplicationContext log
INFO: Manager: restart: Reloading web application '/AnhKyYeu'
Jan 05, 2017 9:30:06 AM org.apache.catalina.core.ApplicationContext log
INFO: Manager: init: Associated with Deployer 'Catalina:type=Deployer,host=localhost'
Jan 05, 2017 9:30:06 AM org.apache.catalina.core.ApplicationContext log
INFO: Manager: init: Global resources are available
Jan 05, 2017 9:30:06 AM org.apache.catalina.core.ApplicationContext log
INFO: Manager: list: Listing contexts for virtual host 'localhost'
Jan 05, 2017 9:30:06 AM org.apache.catalina.core.ApplicationContext log
INFO: Manager: list: Listing contexts for virtual host 'localhost'
Jan 05, 2017 9:30:06 AM org.apache.catalina.core.ApplicationContext log
INFO: Manager: restart: Reloading web application '/AnhKyYeu'
Jan 05, 2017 9:34:21 AM org.apache.catalina.core.ApplicationContext log
INFO: Manager: init: Associated with Deployer 'Catalina:type=Deployer,host=localhost'
Jan 05, 2017 9:34:21 AM org.apache.catalina.core.ApplicationContext log
INFO: Manager: init: Global resources are available
Jan 05, 2017 9:34:21 AM org.apache.catalina.core.ApplicationContext log
INFO: Manager: list: Listing contexts for virtual host 'localhost'
Jan 05, 2017 9:34:21 AM org.apache.catalina.core.ApplicationContext log
INFO: Manager: list: Listing contexts for virtual host 'localhost'
Jan 05, 2017 9:34:21 AM org.apache.catalina.core.ApplicationContext log
INFO: Manager: undeploy: Undeploying web application at '/AnhKyYeu'
Jan 05, 2017 9:34:22 AM org.apache.catalina.core.ApplicationContext log
INFO: Manager: install: Installing context configuration at 'file:/C:/Users/BVHIEN/AppData/Local/Temp/context7788510936170918710.xml'
Jan 05, 2017 9:34:25 AM org.apache.catalina.core.ApplicationContext log
INFO: Manager: start: Starting web application '/AnhKyYeu'
Jan 05, 2017 9:35:53 AM org.apache.catalina.core.ApplicationContext log
INFO: Manager: list: Listing contexts for virtual host 'localhost'
Jan 05, 2017 9:35:53 AM org.apache.catalina.core.ApplicationContext log
INFO: Manager: restart: Reloading web application '/AnhKyYeu'
Jan 05, 2017 9:36:50 AM org.apache.catalina.core.ApplicationContext log
INFO: Manager: list: Listing contexts for virtual host 'localhost'
Jan 05, 2017 9:37:03 AM org.apache.catalina.core.ApplicationContext log
INFO: Manager: list: Listing contexts for virtual host 'localhost'
Jan 05, 2017 9:37:03 AM org.apache.catalina.core.ApplicationContext log
INFO: Manager: list: Listing contexts for virtual host 'localhost'
Jan 05, 2017 9:37:03 AM org.apache.catalina.core.ApplicationContext log
INFO: Manager: restart: Reloading web application '/AnhKyYeu'
Jan 05, 2017 9:50:13 AM org.apache.catalina.core.ApplicationContext log
INFO: Manager: init: Associated with Deployer 'Catalina:type=Deployer,host=localhost'
Jan 05, 2017 9:50:13 AM org.apache.catalina.core.ApplicationContext log
INFO: Manager: init: Global resources are available
Jan 05, 2017 9:50:13 AM org.apache.catalina.core.ApplicationContext log
INFO: Manager: list: Listing contexts for virtual host 'localhost'
Jan 05, 2017 9:50:13 AM org.apache.catalina.core.ApplicationContext log
INFO: Manager: list: Listing contexts for virtual host 'localhost'
Jan 05, 2017 9:51:46 AM org.apache.catalina.core.ApplicationContext log
INFO: Manager: list: Listing contexts for virtual host 'localhost'
Jan 05, 2017 9:52:48 AM org.apache.catalina.core.ApplicationContext log
INFO: Manager: list: Listing contexts for virtual host 'localhost'
Jan 05, 2017 9:52:48 AM org.apache.catalina.core.ApplicationContext log
INFO: Manager: restart: Reloading web application '/AnhKyYeu'
Jan 05, 2017 9:57:42 AM org.apache.catalina.core.ApplicationContext log
INFO: Manager: list: Listing contexts for virtual host 'localhost'
Jan 05, 2017 9:57:42 AM org.apache.catalina.core.ApplicationContext log
INFO: Manager: restart: Reloading web application '/AnhKyYeu'
Jan 05, 2017 9:58:55 AM org.apache.catalina.core.ApplicationContext log
INFO: Manager: list: Listing contexts for virtual host 'localhost'
Jan 05, 2017 9:58:55 AM org.apache.catalina.core.ApplicationContext log
INFO: Manager: restart: Reloading web application '/AnhKyYeu'
Jan 05, 2017 9:59:27 AM org.apache.catalina.core.ApplicationContext log
INFO: Manager: list: Listing contexts for virtual host 'localhost'
Jan 05, 2017 9:59:27 AM org.apache.catalina.core.ApplicationContext log
INFO: Manager: restart: Reloading web application '/AnhKyYeu'
Jan 05, 2017 10:06:37 AM org.apache.catalina.core.ApplicationContext log
INFO: Manager: init: Associated with Deployer 'Catalina:type=Deployer,host=localhost'
Jan 05, 2017 10:06:37 AM org.apache.catalina.core.ApplicationContext log
INFO: Manager: init: Global resources are available
Jan 05, 2017 10:06:37 AM org.apache.catalina.core.ApplicationContext log
INFO: Manager: list: Listing contexts for virtual host 'localhost'
Jan 05, 2017 10:06:37 AM org.apache.catalina.core.ApplicationContext log
INFO: Manager: list: Listing contexts for virtual host 'localhost'
Jan 05, 2017 10:06:38 AM org.apache.catalina.core.ApplicationContext log
INFO: Manager: restart: Reloading web application '/AnhKyYeu'
Jan 05, 2017 10:07:07 AM org.apache.catalina.core.ApplicationContext log
INFO: Manager: list: Listing contexts for virtual host 'localhost'
Jan 05, 2017 10:07:07 AM org.apache.catalina.core.ApplicationContext log
INFO: Manager: restart: Reloading web application '/AnhKyYeu'
Jan 05, 2017 10:07:47 AM org.apache.catalina.core.ApplicationContext log
INFO: Manager: list: Listing contexts for virtual host 'localhost'
Jan 05, 2017 10:07:47 AM org.apache.catalina.core.ApplicationContext log
INFO: Manager: restart: Reloading web application '/AnhKyYeu'
Jan 05, 2017 10:08:17 AM org.apache.catalina.core.ApplicationContext log
INFO: Manager: list: Listing contexts for virtual host 'localhost'
Jan 05, 2017 10:08:17 AM org.apache.catalina.core.ApplicationContext log
INFO: Manager: restart: Reloading web application '/AnhKyYeu'
Jan 05, 2017 10:09:10 AM org.apache.catalina.core.ApplicationContext log
INFO: Manager: list: Listing contexts for virtual host 'localhost'
Jan 05, 2017 10:09:10 AM org.apache.catalina.core.ApplicationContext log
INFO: Manager: restart: Reloading web application '/AnhKyYeu'
Jan 05, 2017 1:16:06 PM org.apache.catalina.core.ApplicationContext log
INFO: Manager: init: Associated with Deployer 'Catalina:type=Deployer,host=localhost'
Jan 05, 2017 1:16:06 PM org.apache.catalina.core.ApplicationContext log
INFO: Manager: init: Global resources are available
Jan 05, 2017 1:16:06 PM org.apache.catalina.core.ApplicationContext log
INFO: Manager: list: Listing contexts for virtual host 'localhost'
Jan 05, 2017 1:16:06 PM org.apache.catalina.core.ApplicationContext log
INFO: Manager: list: Listing contexts for virtual host 'localhost'
Jan 05, 2017 1:16:06 PM org.apache.catalina.core.ApplicationContext log
INFO: Manager: restart: Reloading web application '/AnhKyYeu'
Jan 05, 2017 1:20:34 PM org.apache.catalina.core.ApplicationContext log
INFO: Manager: list: Listing contexts for virtual host 'localhost'
Jan 05, 2017 1:20:34 PM org.apache.catalina.core.ApplicationContext log
INFO: Manager: restart: Reloading web application '/AnhKyYeu'
Jan 05, 2017 1:22:28 PM org.apache.catalina.core.ApplicationContext log
INFO: Manager: list: Listing contexts for virtual host 'localhost'
Jan 05, 2017 1:22:56 PM org.apache.catalina.core.ApplicationContext log
INFO: Manager: list: Listing contexts for virtual host 'localhost'
Jan 05, 2017 1:23:09 PM org.apache.catalina.core.ApplicationContext log
INFO: Manager: list: Listing contexts for virtual host 'localhost'
Jan 05, 2017 2:13:28 PM org.apache.catalina.core.ApplicationContext log
INFO: Manager: list: Listing contexts for virtual host 'localhost'
Jan 05, 2017 2:13:29 PM org.apache.catalina.core.ApplicationContext log
INFO: Manager: list: Listing contexts for virtual host 'localhost'
Jan 05, 2017 2:13:30 PM org.apache.catalina.core.ApplicationContext log
INFO: Manager: list: Listing contexts for virtual host 'localhost'
Jan 05, 2017 2:13:30 PM org.apache.catalina.core.ApplicationContext log
INFO: Manager: restart: Reloading web application '/AnhKyYeu'
Jan 05, 2017 2:18:10 PM org.apache.catalina.core.ApplicationContext log
INFO: Manager: list: Listing contexts for virtual host 'localhost'
Jan 05, 2017 2:18:10 PM org.apache.catalina.core.ApplicationContext log
INFO: Manager: restart: Reloading web application '/AnhKyYeu'
Jan 05, 2017 2:19:03 PM org.apache.catalina.core.ApplicationContext log
INFO: Manager: list: Listing contexts for virtual host 'localhost'
Jan 05, 2017 2:19:03 PM org.apache.catalina.core.ApplicationContext log
INFO: Manager: restart: Reloading web application '/AnhKyYeu'
Jan 05, 2017 2:19:06 PM org.apache.catalina.core.ApplicationContext log
INFO: Manager: list: Listing contexts for virtual host 'localhost'
Jan 05, 2017 2:19:06 PM org.apache.catalina.core.ApplicationContext log
INFO: Manager: stop: Stopping web application '/AnhKyYeu'
Jan 05, 2017 2:19:06 PM org.apache.catalina.core.ApplicationContext log
INFO: Manager: start: Starting web application '/AnhKyYeu'
Jan 05, 2017 2:19:08 PM org.apache.catalina.core.ApplicationContext log
INFO: Manager: list: Listing contexts for virtual host 'localhost'
Jan 05, 2017 2:19:08 PM org.apache.catalina.core.ApplicationContext log
INFO: Manager: restart: Reloading web application '/AnhKyYeu'
Jan 05, 2017 2:19:43 PM org.apache.catalina.core.ApplicationContext log
INFO: Manager: list: Listing contexts for virtual host 'localhost'
Jan 05, 2017 2:19:43 PM org.apache.catalina.core.ApplicationContext log
INFO: Manager: list: Listing contexts for virtual host 'localhost'
Jan 05, 2017 2:19:43 PM org.apache.catalina.core.ApplicationContext log
INFO: Manager: stop: Stopping web application '/AnhKyYeu'
Jan 05, 2017 2:19:43 PM org.apache.catalina.core.ApplicationContext log
INFO: Manager: start: Starting web application '/AnhKyYeu'
Jan 05, 2017 2:25:31 PM org.apache.catalina.core.ApplicationContext log
INFO: Manager: init: Associated with Deployer 'Catalina:type=Deployer,host=localhost'
Jan 05, 2017 2:25:31 PM org.apache.catalina.core.ApplicationContext log
INFO: Manager: init: Global resources are available
Jan 05, 2017 2:25:31 PM org.apache.catalina.core.ApplicationContext log
INFO: Manager: list: Listing contexts for virtual host 'localhost'
Jan 05, 2017 2:25:31 PM org.apache.catalina.core.ApplicationContext log
INFO: Manager: list: Listing contexts for virtual host 'localhost'
Jan 05, 2017 2:26:52 PM org.apache.catalina.core.ApplicationContext log
INFO: Manager: list: Listing contexts for virtual host 'localhost'
Jan 05, 2017 2:28:03 PM org.apache.catalina.core.ApplicationContext log
INFO: Manager: list: Listing contexts for virtual host 'localhost'
Jan 05, 2017 2:28:27 PM org.apache.catalina.core.ApplicationContext log
INFO: Manager: list: Listing contexts for virtual host 'localhost'
Jan 05, 2017 2:28:35 PM org.apache.catalina.core.ApplicationContext log
INFO: Manager: list: Listing contexts for virtual host 'localhost'
Jan 05, 2017 2:28:39 PM org.apache.catalina.core.ApplicationContext log
INFO: Manager: list: Listing contexts for virtual host 'localhost'
Jan 05, 2017 2:30:09 PM org.apache.catalina.core.ApplicationContext log
INFO: Manager: list: Listing contexts for virtual host 'localhost'
Jan 05, 2017 2:30:43 PM org.apache.catalina.core.ApplicationContext log
INFO: Manager: list: Listing contexts for virtual host 'localhost'
Jan 05, 2017 2:30:47 PM org.apache.catalina.core.ApplicationContext log
INFO: Manager: list: Listing contexts for virtual host 'localhost'
Jan 05, 2017 2:30:49 PM org.apache.catalina.core.ApplicationContext log
INFO: Manager: list: Listing contexts for virtual host 'localhost'
Jan 05, 2017 2:30:49 PM org.apache.catalina.core.ApplicationContext log
INFO: Manager: list: Listing contexts for virtual host 'localhost'
Jan 05, 2017 2:31:11 PM org.apache.catalina.core.ApplicationContext log
INFO: Manager: list: Listing contexts for virtual host 'localhost'
Jan 05, 2017 2:31:28 PM org.apache.catalina.core.ApplicationContext log
INFO: Manager: list: Listing contexts for virtual host 'localhost'
Jan 05, 2017 2:31:36 PM org.apache.catalina.core.ApplicationContext log
INFO: Manager: list: Listing contexts for virtual host 'localhost'
Jan 05, 2017 2:32:03 PM org.apache.catalina.core.ApplicationContext log
INFO: Manager: list: Listing contexts for virtual host 'localhost'
Jan 05, 2017 2:32:47 PM org.apache.catalina.core.ApplicationContext log
INFO: Manager: list: Listing contexts for virtual host 'localhost'
Jan 05, 2017 2:33:35 PM org.apache.catalina.core.ApplicationContext log
INFO: Manager: list: Listing contexts for virtual host 'localhost'
Jan 05, 2017 2:34:56 PM org.apache.catalina.core.ApplicationContext log
INFO: Manager: list: Listing contexts for virtual host 'localhost'
Jan 05, 2017 2:34:57 PM org.apache.catalina.core.ApplicationContext log
INFO: Manager: list: Listing contexts for virtual host 'localhost'
Jan 05, 2017 2:35:15 PM org.apache.catalina.core.ApplicationContext log
INFO: Manager: list: Listing contexts for virtual host 'localhost'
Jan 05, 2017 2:37:36 PM org.apache.catalina.core.ApplicationContext log
INFO: Manager: list: Listing contexts for virtual host 'localhost'
Jan 05, 2017 2:38:04 PM org.apache.catalina.core.ApplicationContext log
INFO: Manager: list: Listing contexts for virtual host 'localhost'
Jan 05, 2017 2:39:14 PM org.apache.catalina.core.ApplicationContext log
INFO: Manager: list: Listing contexts for virtual host 'localhost'
Jan 05, 2017 2:39:29 PM org.apache.catalina.core.ApplicationContext log
INFO: Manager: list: Listing contexts for virtual host 'localhost'
Jan 05, 2017 2:41:16 PM org.apache.catalina.core.ApplicationContext log
INFO: Manager: list: Listing contexts for virtual host 'localhost'
Jan 05, 2017 2:41:20 PM org.apache.catalina.core.ApplicationContext log
INFO: Manager: list: Listing contexts for virtual host 'localhost'
Jan 05, 2017 2:42:19 PM org.apache.catalina.core.ApplicationContext log
INFO: Manager: list: Listing contexts for virtual host 'localhost'
Jan 05, 2017 2:42:45 PM org.apache.catalina.core.ApplicationContext log
INFO: Manager: list: Listing contexts for virtual host 'localhost'
Jan 05, 2017 2:43:06 PM org.apache.catalina.core.ApplicationContext log
INFO: Manager: list: Listing contexts for virtual host 'localhost'
Jan 05, 2017 2:54:59 PM org.apache.catalina.core.ApplicationContext log
INFO: Manager: list: Listing contexts for virtual host 'localhost'
Jan 05, 2017 3:00:39 PM org.apache.catalina.core.ApplicationContext log
INFO: Manager: list: Listing contexts for virtual host 'localhost'
Jan 05, 2017 3:00:39 PM org.apache.catalina.core.ApplicationContext log
INFO: Manager: restart: Reloading web application '/AnhKyYeu'
Jan 05, 2017 3:28:45 PM org.apache.catalina.core.ApplicationContext log
INFO: Manager: list: Listing contexts for virtual host 'localhost'
Jan 05, 2017 3:28:45 PM org.apache.catalina.core.ApplicationContext log
INFO: Manager: list: Listing contexts for virtual host 'localhost'
Jan 05, 2017 3:28:46 PM org.apache.catalina.core.ApplicationContext log
INFO: Manager: list: Listing contexts for virtual host 'localhost'
Jan 05, 2017 3:28:46 PM org.apache.catalina.core.ApplicationContext log
INFO: Manager: restart: Reloading web application '/AnhKyYeu'
Jan 05, 2017 3:28:59 PM org.apache.catalina.core.ApplicationContext log
INFO: Manager: list: Listing contexts for virtual host 'localhost'
Jan 05, 2017 3:28:59 PM org.apache.catalina.core.ApplicationContext log
INFO: Manager: restart: Reloading web application '/AnhKyYeu'
Jan 05, 2017 3:29:21 PM org.apache.catalina.core.ApplicationContext log
INFO: Manager: list: Listing contexts for virtual host 'localhost'
Jan 05, 2017 3:29:21 PM org.apache.catalina.core.ApplicationContext log
INFO: Manager: restart: Reloading web application '/AnhKyYeu'
Jan 05, 2017 3:29:34 PM org.apache.catalina.core.ApplicationContext log
INFO: Manager: list: Listing contexts for virtual host 'localhost'
Jan 05, 2017 3:29:34 PM org.apache.catalina.core.ApplicationContext log
INFO: Manager: restart: Reloading web application '/AnhKyYeu'
Jan 05, 2017 3:29:36 PM org.apache.catalina.core.ApplicationContext log
INFO: Manager: list: Listing contexts for virtual host 'localhost'
Jan 05, 2017 3:29:36 PM org.apache.catalina.core.ApplicationContext log
INFO: Manager: stop: Stopping web application '/AnhKyYeu'
Jan 05, 2017 3:29:36 PM org.apache.catalina.core.ApplicationContext log
INFO: Manager: start: Starting web application '/AnhKyYeu'
Jan 05, 2017 3:29:38 PM org.apache.catalina.core.ApplicationContext log
INFO: Manager: list: Listing contexts for virtual host 'localhost'
Jan 05, 2017 3:29:38 PM org.apache.catalina.core.ApplicationContext log
INFO: Manager: restart: Reloading web application '/AnhKyYeu'
Jan 05, 2017 3:29:40 PM org.apache.catalina.core.ApplicationContext log
INFO: Manager: list: Listing contexts for virtual host 'localhost'
Jan 05, 2017 3:29:40 PM org.apache.catalina.core.ApplicationContext log
INFO: Manager: restart: Reloading web application '/AnhKyYeu'
Jan 05, 2017 3:30:48 PM org.apache.catalina.core.ApplicationContext log
INFO: Manager: list: Listing contexts for virtual host 'localhost'
Jan 05, 2017 3:30:48 PM org.apache.catalina.core.ApplicationContext log
INFO: Manager: restart: Reloading web application '/AnhKyYeu'
Jan 05, 2017 3:31:11 PM org.apache.catalina.core.ApplicationContext log
INFO: Manager: list: Listing contexts for virtual host 'localhost'
Jan 05, 2017 3:31:11 PM org.apache.catalina.core.ApplicationContext log
INFO: Manager: restart: Reloading web application '/AnhKyYeu'
Jan 05, 2017 3:33:11 PM org.apache.catalina.core.ApplicationContext log
INFO: Manager: list: Listing contexts for virtual host 'localhost'
Jan 05, 2017 3:33:11 PM org.apache.catalina.core.ApplicationContext log
INFO: Manager: restart: Reloading web application '/AnhKyYeu'
Jan 05, 2017 3:33:13 PM org.apache.catalina.core.ApplicationContext log
INFO: Manager: list: Listing contexts for virtual host 'localhost'
Jan 05, 2017 3:33:13 PM org.apache.catalina.core.ApplicationContext log
INFO: Manager: restart: Reloading web application '/AnhKyYeu'
Jan 05, 2017 3:33:23 PM org.apache.catalina.core.ApplicationContext log
INFO: Manager: list: Listing contexts for virtual host 'localhost'
Jan 05, 2017 3:33:23 PM org.apache.catalina.core.ApplicationContext log
INFO: Manager: restart: Reloading web application '/AnhKyYeu'
Jan 05, 2017 3:33:32 PM org.apache.catalina.core.ApplicationContext log
INFO: Manager: list: Listing contexts for virtual host 'localhost'
Jan 05, 2017 3:33:32 PM org.apache.catalina.core.ApplicationContext log
INFO: Manager: restart: Reloading web application '/AnhKyYeu'
Jan 05, 2017 3:33:47 PM org.apache.catalina.core.ApplicationContext log
INFO: Manager: list: Listing contexts for virtual host 'localhost'
Jan 05, 2017 3:33:47 PM org.apache.catalina.core.ApplicationContext log
INFO: Manager: restart: Reloading web application '/AnhKyYeu'
Jan 05, 2017 3:33:54 PM org.apache.catalina.core.ApplicationContext log
INFO: Manager: list: Listing contexts for virtual host 'localhost'
Jan 05, 2017 3:33:54 PM org.apache.catalina.core.ApplicationContext log
INFO: Manager: restart: Reloading web application '/AnhKyYeu'
Jan 05, 2017 3:34:20 PM org.apache.catalina.core.ApplicationContext log
INFO: Manager: list: Listing contexts for virtual host 'localhost'
Jan 05, 2017 3:34:20 PM org.apache.catalina.core.ApplicationContext log
INFO: Manager: restart: Reloading web application '/AnhKyYeu'
Jan 05, 2017 3:34:41 PM org.apache.catalina.core.ApplicationContext log
INFO: Manager: list: Listing contexts for virtual host 'localhost'
Jan 05, 2017 3:34:41 PM org.apache.catalina.core.ApplicationContext log
INFO: Manager: restart: Reloading web application '/AnhKyYeu'
Jan 05, 2017 3:34:45 PM org.apache.catalina.core.ApplicationContext log
INFO: Manager: list: Listing contexts for virtual host 'localhost'
Jan 05, 2017 3:34:45 PM org.apache.catalina.core.ApplicationContext log
INFO: Manager: restart: Reloading web application '/AnhKyYeu'
Jan 05, 2017 3:34:49 PM org.apache.catalina.core.ApplicationContext log
INFO: Manager: list: Listing contexts for virtual host 'localhost'
Jan 05, 2017 3:34:49 PM org.apache.catalina.core.ApplicationContext log
INFO: Manager: restart: Reloading web application '/AnhKyYeu'
Jan 05, 2017 3:35:28 PM org.apache.catalina.core.ApplicationContext log
INFO: Manager: list: Listing contexts for virtual host 'localhost'
Jan 05, 2017 3:35:28 PM org.apache.catalina.core.ApplicationContext log
INFO: Manager: restart: Reloading web application '/AnhKyYeu'
Jan 05, 2017 3:35:39 PM org.apache.catalina.core.ApplicationContext log
INFO: Manager: list: Listing contexts for virtual host 'localhost'
Jan 05, 2017 3:35:39 PM org.apache.catalina.core.ApplicationContext log
INFO: Manager: restart: Reloading web application '/AnhKyYeu'
Jan 05, 2017 3:36:32 PM org.apache.catalina.core.ApplicationContext log
INFO: Manager: list: Listing contexts for virtual host 'localhost'
Jan 05, 2017 3:37:00 PM org.apache.catalina.core.ApplicationContext log
INFO: Manager: list: Listing contexts for virtual host 'localhost'
Jan 05, 2017 3:38:58 PM org.apache.catalina.core.ApplicationContext log
INFO: Manager: list: Listing contexts for virtual host 'localhost'
Jan 05, 2017 3:50:22 PM org.apache.catalina.core.ApplicationContext log
INFO: Manager: list: Listing contexts for virtual host 'localhost'
Jan 05, 2017 3:50:22 PM org.apache.catalina.core.ApplicationContext log
INFO: Manager: restart: Reloading web application '/AnhKyYeu'
Jan 05, 2017 3:50:37 PM org.apache.catalina.core.ApplicationContext log
INFO: Manager: list: Listing contexts for virtual host 'localhost'
Jan 05, 2017 3:50:52 PM org.apache.catalina.core.ApplicationContext log
INFO: Manager: list: Listing contexts for virtual host 'localhost'
Jan 05, 2017 3:51:21 PM org.apache.catalina.core.ApplicationContext log
INFO: Manager: list: Listing contexts for virtual host 'localhost'
Jan 05, 2017 3:51:32 PM org.apache.catalina.core.ApplicationContext log
INFO: Manager: list: Listing contexts for virtual host 'localhost'
Jan 05, 2017 3:51:45 PM org.apache.catalina.core.ApplicationContext log
INFO: Manager: list: Listing contexts for virtual host 'localhost'
Jan 05, 2017 3:51:49 PM org.apache.catalina.core.ApplicationContext log
INFO: Manager: list: Listing contexts for virtual host 'localhost'
Jan 05, 2017 3:52:19 PM org.apache.catalina.core.ApplicationContext log
INFO: Manager: list: Listing contexts for virtual host 'localhost'
Jan 05, 2017 3:53:13 PM org.apache.catalina.core.ApplicationContext log
INFO: Manager: list: Listing contexts for virtual host 'localhost'
Jan 05, 2017 3:53:13 PM org.apache.catalina.core.ApplicationContext log
INFO: Manager: restart: Reloading web application '/AnhKyYeu'
Jan 05, 2017 3:53:15 PM org.apache.catalina.core.ApplicationContext log
INFO: Manager: list: Listing contexts for virtual host 'localhost'
Jan 05, 2017 3:53:15 PM org.apache.catalina.core.ApplicationContext log
INFO: Manager: restart: Reloading web application '/AnhKyYeu'
Jan 05, 2017 3:53:18 PM org.apache.catalina.core.ApplicationContext log
INFO: Manager: list: Listing contexts for virtual host 'localhost'
Jan 05, 2017 3:53:18 PM org.apache.catalina.core.ApplicationContext log
INFO: Manager: restart: Reloading web application '/AnhKyYeu'
Jan 05, 2017 3:55:05 PM org.apache.catalina.core.ApplicationContext log
INFO: Manager: list: Listing contexts for virtual host 'localhost'
Jan 05, 2017 3:55:05 PM org.apache.catalina.core.ApplicationContext log
INFO: Manager: restart: Reloading web application '/AnhKyYeu'
Jan 05, 2017 3:58:25 PM org.apache.catalina.core.ApplicationContext log
INFO: Manager: list: Listing contexts for virtual host 'localhost'
Jan 05, 2017 3:58:25 PM org.apache.catalina.core.ApplicationContext log
INFO: Manager: restart: Reloading web application '/AnhKyYeu'
Jan 05, 2017 4:00:47 PM org.apache.catalina.core.ApplicationContext log
INFO: Manager: list: Listing contexts for virtual host 'localhost'
Jan 05, 2017 4:00:47 PM org.apache.catalina.core.ApplicationContext log
INFO: Manager: restart: Reloading web application '/AnhKyYeu'
Jan 05, 2017 4:00:49 PM org.apache.catalina.core.ApplicationContext log
INFO: Manager: list: Listing contexts for virtual host 'localhost'
Jan 05, 2017 4:00:49 PM org.apache.catalina.core.ApplicationContext log
INFO: Manager: restart: Reloading web application '/AnhKyYeu'
Jan 05, 2017 4:01:16 PM org.apache.catalina.core.ApplicationContext log
INFO: Manager: list: Listing contexts for virtual host 'localhost'
Jan 05, 2017 4:01:16 PM org.apache.catalina.core.ApplicationContext log
INFO: Manager: restart: Reloading web application '/AnhKyYeu'
Jan 05, 2017 4:36:36 PM org.apache.catalina.core.ApplicationContext log
INFO: Manager: list: Listing contexts for virtual host 'localhost'
Jan 05, 2017 4:36:36 PM org.apache.catalina.core.ApplicationContext log
INFO: Manager: restart: Reloading web application '/AnhKyYeu'
Jan 05, 2017 4:38:26 PM org.apache.catalina.core.ApplicationContext log
INFO: Manager: list: Listing contexts for virtual host 'localhost'
Jan 05, 2017 4:38:26 PM org.apache.catalina.core.ApplicationContext log
INFO: Manager: restart: Reloading web application '/AnhKyYeu'
Jan 05, 2017 4:38:30 PM org.apache.catalina.core.ApplicationContext log
INFO: Manager: list: Listing contexts for virtual host 'localhost'
Jan 05, 2017 4:38:30 PM org.apache.catalina.core.ApplicationContext log
INFO: Manager: restart: Reloading web application '/AnhKyYeu'
Jan 05, 2017 4:39:10 PM org.apache.catalina.core.ApplicationContext log
INFO: Manager: list: Listing contexts for virtual host 'localhost'
Jan 05, 2017 4:39:10 PM org.apache.catalina.core.ApplicationContext log
INFO: Manager: restart: Reloading web application '/AnhKyYeu'
Jan 05, 2017 4:39:14 PM org.apache.catalina.core.ApplicationContext log
INFO: Manager: list: Listing contexts for virtual host 'localhost'
Jan 05, 2017 4:39:14 PM org.apache.catalina.core.ApplicationContext log
INFO: Manager: restart: Reloading web application '/AnhKyYeu'
Jan 05, 2017 4:39:57 PM org.apache.catalina.core.ApplicationContext log
INFO: Manager: list: Listing contexts for virtual host 'localhost'
Jan 05, 2017 4:39:57 PM org.apache.catalina.core.ApplicationContext log
INFO: Manager: restart: Reloading web application '/AnhKyYeu'
Jan 05, 2017 4:40:02 PM org.apache.catalina.core.ApplicationContext log
INFO: Manager: list: Listing contexts for virtual host 'localhost'
Jan 05, 2017 4:40:02 PM org.apache.catalina.core.ApplicationContext log
INFO: Manager: restart: Reloading web application '/AnhKyYeu'
Jan 05, 2017 4:40:51 PM org.apache.catalina.core.ApplicationContext log
INFO: Manager: list: Listing contexts for virtual host 'localhost'
Jan 05, 2017 4:40:51 PM org.apache.catalina.core.ApplicationContext log
INFO: Manager: restart: Reloading web application '/AnhKyYeu'
Jan 05, 2017 4:42:57 PM org.apache.catalina.core.ApplicationContext log
INFO: Manager: list: Listing contexts for virtual host 'localhost'
Jan 05, 2017 4:42:57 PM org.apache.catalina.core.ApplicationContext log
INFO: Manager: restart: Reloading web application '/AnhKyYeu'
Jan 05, 2017 4:45:02 PM org.apache.catalina.core.ApplicationContext log
INFO: Manager: list: Listing contexts for virtual host 'localhost'
Jan 05, 2017 4:45:02 PM org.apache.catalina.core.ApplicationContext log
INFO: Manager: restart: Reloading web application '/AnhKyYeu'
Jan 05, 2017 4:45:49 PM org.apache.catalina.core.ApplicationContext log
INFO: Manager: list: Listing contexts for virtual host 'localhost'
Jan 05, 2017 4:45:58 PM org.apache.catalina.core.ApplicationContext log
INFO: Manager: list: Listing contexts for virtual host 'localhost'
Jan 05, 2017 4:45:58 PM org.apache.catalina.core.ApplicationContext log
INFO: Manager: restart: Reloading web application '/AnhKyYeu'
Jan 05, 2017 4:46:44 PM org.apache.catalina.core.ApplicationContext log
INFO: Manager: list: Listing contexts for virtual host 'localhost'
Jan 05, 2017 4:46:44 PM org.apache.catalina.core.ApplicationContext log
INFO: Manager: restart: Reloading web application '/AnhKyYeu'
Jan 05, 2017 4:48:52 PM org.apache.catalina.core.ApplicationContext log
INFO: Manager: list: Listing contexts for virtual host 'localhost'
Jan 05, 2017 4:48:52 PM org.apache.catalina.core.ApplicationContext log
INFO: Manager: restart: Reloading web application '/AnhKyYeu'
Jan 05, 2017 4:49:08 PM org.apache.catalina.core.ApplicationContext log
INFO: Manager: list: Listing contexts for virtual host 'localhost'
Jan 05, 2017 4:49:09 PM org.apache.catalina.core.ApplicationContext log
INFO: Manager: restart: Reloading web application '/AnhKyYeu'
Jan 05, 2017 4:51:03 PM org.apache.catalina.core.ApplicationContext log
INFO: Manager: list: Listing contexts for virtual host 'localhost'
Jan 05, 2017 4:51:03 PM org.apache.catalina.core.ApplicationContext log
INFO: Manager: restart: Reloading web application '/AnhKyYeu'
Jan 05, 2017 4:55:16 PM org.apache.catalina.core.ApplicationContext log
INFO: Manager: list: Listing contexts for virtual host 'localhost'
Jan 05, 2017 4:55:16 PM org.apache.catalina.core.ApplicationContext log
INFO: Manager: restart: Reloading web application '/AnhKyYeu'
Jan 05, 2017 4:59:22 PM org.apache.catalina.core.ApplicationContext log
INFO: Manager: list: Listing contexts for virtual host 'localhost'
Jan 05, 2017 4:59:22 PM org.apache.catalina.core.ApplicationContext log
INFO: Manager: restart: Reloading web application '/AnhKyYeu'
Jan 05, 2017 5:20:58 PM org.apache.catalina.core.ApplicationContext log
INFO: Manager: list: Listing contexts for virtual host 'localhost'
Jan 05, 2017 5:20:58 PM org.apache.catalina.core.ApplicationContext log
INFO: Manager: restart: Reloading web application '/AnhKyYeu'
Jan 05, 2017 5:21:15 PM org.apache.catalina.core.ApplicationContext log
INFO: Manager: list: Listing contexts for virtual host 'localhost'
Jan 05, 2017 5:21:15 PM org.apache.catalina.core.ApplicationContext log
INFO: Manager: restart: Reloading web application '/AnhKyYeu'
Jan 05, 2017 10:50:38 PM org.apache.catalina.core.ApplicationContext log
INFO: Manager: init: Associated with Deployer 'Catalina:type=Deployer,host=localhost'
Jan 05, 2017 10:50:38 PM org.apache.catalina.core.ApplicationContext log
INFO: Manager: init: Global resources are available
Jan 05, 2017 10:50:38 PM org.apache.catalina.core.ApplicationContext log
INFO: Manager: list: Listing contexts for virtual host 'localhost'
Jan 05, 2017 10:50:38 PM org.apache.catalina.core.ApplicationContext log
INFO: Manager: list: Listing contexts for virtual host 'localhost'
Jan 05, 2017 10:50:38 PM org.apache.catalina.core.ApplicationContext log
INFO: Manager: stop: Stopping web application '/AnhKyYeu'
Jan 05, 2017 10:50:39 PM org.apache.catalina.core.ApplicationContext log
INFO: Manager: start: Starting web application '/AnhKyYeu'
Jan 05, 2017 10:50:43 PM org.apache.catalina.core.ApplicationContext log
INFO: Manager: list: Listing contexts for virtual host 'localhost'
Jan 05, 2017 10:50:43 PM org.apache.catalina.core.ApplicationContext log
INFO: Manager: list: Listing contexts for virtual host 'localhost'
Jan 05, 2017 11:01:57 PM org.apache.catalina.core.ApplicationContext log
INFO: Manager: list: Listing contexts for virtual host 'localhost'
Jan 05, 2017 11:01:57 PM org.apache.catalina.core.ApplicationContext log
INFO: Manager: restart: Reloading web application '/AnhKyYeu'
Jan 05, 2017 11:02:12 PM org.apache.catalina.core.ApplicationContext log
INFO: Manager: list: Listing contexts for virtual host 'localhost'
Jan 05, 2017 11:02:15 PM org.apache.catalina.core.ApplicationContext log
INFO: Manager: list: Listing contexts for virtual host 'localhost'
Jan 05, 2017 11:02:15 PM org.apache.catalina.core.ApplicationContext log
INFO: Manager: list: Listing contexts for virtual host 'localhost'
Jan 05, 2017 11:02:15 PM org.apache.catalina.core.ApplicationContext log
INFO: Manager: restart: Reloading web application '/AnhKyYeu'
Jan 05, 2017 11:02:18 PM org.apache.catalina.core.ApplicationContext log
INFO: Manager: list: Listing contexts for virtual host 'localhost'
Jan 05, 2017 11:02:18 PM org.apache.catalina.core.ApplicationContext log
INFO: Manager: list: Listing contexts for virtual host 'localhost'
Jan 05, 2017 11:46:27 PM org.apache.catalina.core.ApplicationContext log
INFO: Manager: list: Listing contexts for virtual host 'localhost'
Jan 05, 2017 11:46:27 PM org.apache.catalina.core.ApplicationContext log
INFO: Manager: restart: Reloading web application '/AnhKyYeu'
Jan 05, 2017 11:47:16 PM org.apache.catalina.core.ApplicationContext log
INFO: Manager: list: Listing contexts for virtual host 'localhost'
Jan 05, 2017 11:47:16 PM org.apache.catalina.core.ApplicationContext log
INFO: Manager: restart: Reloading web application '/AnhKyYeu'
Jan 05, 2017 11:47:18 PM org.apache.catalina.core.ApplicationContext log
INFO: Manager: list: Listing contexts for virtual host 'localhost'
Jan 05, 2017 11:47:18 PM org.apache.catalina.core.ApplicationContext log
INFO: Manager: restart: Reloading web application '/AnhKyYeu'
Jan 05, 2017 11:47:26 PM org.apache.catalina.core.ApplicationContext log
INFO: Manager: list: Listing contexts for virtual host 'localhost'
Jan 05, 2017 11:47:26 PM org.apache.catalina.core.ApplicationContext log
INFO: Manager: restart: Reloading web application '/AnhKyYeu'
Jan 05, 2017 11:48:22 PM org.apache.catalina.core.ApplicationContext log
INFO: Manager: list: Listing contexts for virtual host 'localhost'
Jan 05, 2017 11:48:22 PM org.apache.catalina.core.ApplicationContext log
INFO: Manager: restart: Reloading web application '/AnhKyYeu'
Jan 05, 2017 11:48:27 PM org.apache.catalina.core.ApplicationContext log
INFO: Manager: list: Listing contexts for virtual host 'localhost'
Jan 05, 2017 11:48:27 PM org.apache.catalina.core.ApplicationContext log
INFO: Manager: restart: Reloading web application '/AnhKyYeu'
Jan 05, 2017 11:48:52 PM org.apache.catalina.core.ApplicationContext log
INFO: Manager: list: Listing contexts for virtual host 'localhost'
Jan 05, 2017 11:48:52 PM org.apache.catalina.core.ApplicationContext log
INFO: Manager: restart: Reloading web application '/AnhKyYeu'
Jan 05, 2017 11:48:54 PM org.apache.catalina.core.ApplicationContext log
INFO: Manager: list: Listing contexts for virtual host 'localhost'
Jan 05, 2017 11:48:54 PM org.apache.catalina.core.ApplicationContext log
INFO: Manager: restart: Reloading web application '/AnhKyYeu'
Jan 05, 2017 11:48:59 PM org.apache.catalina.core.ApplicationContext log
INFO: Manager: list: Listing contexts for virtual host 'localhost'
Jan 05, 2017 11:48:59 PM org.apache.catalina.core.ApplicationContext log
INFO: Manager: restart: Reloading web application '/AnhKyYeu'
Jan 05, 2017 11:49:23 PM org.apache.catalina.core.ApplicationContext log
INFO: Manager: list: Listing contexts for virtual host 'localhost'
Jan 05, 2017 11:49:23 PM org.apache.catalina.core.ApplicationContext log
INFO: Manager: restart: Reloading web application '/AnhKyYeu'
Jan 05, 2017 11:49:26 PM org.apache.catalina.core.ApplicationContext log
INFO: Manager: list: Listing contexts for virtual host 'localhost'
Jan 05, 2017 11:49:26 PM org.apache.catalina.core.ApplicationContext log
INFO: Manager: restart: Reloading web application '/AnhKyYeu'
Jan 05, 2017 11:50:06 PM org.apache.catalina.core.ApplicationContext log
INFO: Manager: list: Listing contexts for virtual host 'localhost'
Jan 05, 2017 11:50:06 PM org.apache.catalina.core.ApplicationContext log
INFO: Manager: restart: Reloading web application '/AnhKyYeu'
Jan 05, 2017 11:50:18 PM org.apache.catalina.core.ApplicationContext log
INFO: Manager: list: Listing contexts for virtual host 'localhost'
Jan 05, 2017 11:50:18 PM org.apache.catalina.core.ApplicationContext log
INFO: Manager: restart: Reloading web application '/AnhKyYeu'
Jan 05, 2017 11:51:45 PM org.apache.catalina.core.ApplicationContext log
INFO: Manager: list: Listing contexts for virtual host 'localhost'
Jan 05, 2017 11:51:45 PM org.apache.catalina.core.ApplicationContext log
INFO: Manager: restart: Reloading web application '/AnhKyYeu'
Jan 05, 2017 11:55:03 PM org.apache.catalina.core.ApplicationContext log
INFO: Manager: list: Listing contexts for virtual host 'localhost'
Jan 05, 2017 11:55:03 PM org.apache.catalina.core.ApplicationContext log
INFO: Manager: restart: Reloading web application '/AnhKyYeu'
Jan 05, 2017 11:57:00 PM org.apache.catalina.core.ApplicationContext log
INFO: Manager: list: Listing contexts for virtual host 'localhost'
Jan 05, 2017 11:57:00 PM org.apache.catalina.core.ApplicationContext log
INFO: Manager: restart: Reloading web application '/AnhKyYeu'
Jan 05, 2017 11:57:19 PM org.apache.catalina.core.ApplicationContext log
INFO: Manager: list: Listing contexts for virtual host 'localhost'
Jan 05, 2017 11:57:19 PM org.apache.catalina.core.ApplicationContext log
INFO: Manager: restart: Reloading web application '/AnhKyYeu'
Jan 05, 2017 11:58:11 PM org.apache.catalina.core.ApplicationContext log
INFO: Manager: list: Listing contexts for virtual host 'localhost'
Jan 05, 2017 11:58:11 PM org.apache.catalina.core.ApplicationContext log
INFO: Manager: restart: Reloading web application '/AnhKyYeu'
