Jan 08, 2017 1:02:15 AM org.apache.catalina.core.ApplicationContext log
INFO: Manager: list: Listing contexts for virtual host 'localhost'
Jan 08, 2017 1:02:15 AM org.apache.catalina.core.ApplicationContext log
INFO: Manager: restart: Reloading web application '/AnhKyYeu'
Jan 08, 2017 1:03:02 AM org.apache.catalina.core.ApplicationContext log
INFO: Manager: list: Listing contexts for virtual host 'localhost'
Jan 08, 2017 1:03:02 AM org.apache.catalina.core.ApplicationContext log
INFO: Manager: undeploy: Undeploying web application at '/AnhKyYeu'
Jan 08, 2017 2:32:32 PM org.apache.catalina.core.ApplicationContext log
INFO: Manager: init: Associated with Deployer 'Catalina:type=Deployer,host=localhost'
Jan 08, 2017 2:32:32 PM org.apache.catalina.core.ApplicationContext log
INFO: Manager: init: Global resources are available
Jan 08, 2017 2:32:32 PM org.apache.catalina.core.ApplicationContext log
INFO: Manager: list: Listing contexts for virtual host 'localhost'
Jan 08, 2017 2:32:32 PM org.apache.catalina.core.ApplicationContext log
INFO: Manager: list: Listing contexts for virtual host 'localhost'
Jan 08, 2017 2:32:32 PM org.apache.catalina.core.ApplicationContext log
INFO: Manager: install: Installing context configuration at 'file:/C:/Users/BVHIEN/AppData/Local/Temp/context6283375788143191662.xml'
Jan 08, 2017 2:32:34 PM org.apache.catalina.core.ApplicationContext log
INFO: Manager: start: Starting web application '/AnhKyYeu'
Jan 08, 2017 2:34:33 PM org.apache.catalina.core.ApplicationContext log
INFO: Manager: list: Listing contexts for virtual host 'localhost'
Jan 08, 2017 2:34:33 PM org.apache.catalina.core.ApplicationContext log
INFO: Manager: restart: Reloading web application '/AnhKyYeu'
Jan 08, 2017 2:35:07 PM org.apache.catalina.core.ApplicationContext log
INFO: Manager: list: Listing contexts for virtual host 'localhost'
Jan 08, 2017 2:35:07 PM org.apache.catalina.core.ApplicationContext log
INFO: Manager: undeploy: Undeploying web application at '/AnhKyYeu'
Jan 08, 2017 2:35:51 PM org.apache.catalina.core.ApplicationContext log
INFO: Manager: list: Listing contexts for virtual host 'localhost'
Jan 08, 2017 2:35:51 PM org.apache.catalina.core.ApplicationContext log
INFO: Manager: list: Listing contexts for virtual host 'localhost'
Jan 08, 2017 2:35:51 PM org.apache.catalina.core.ApplicationContext log
INFO: Manager: install: Installing context configuration at 'file:/C:/Users/BVHIEN/AppData/Local/Temp/context7564205407032067682.xml'
Jan 08, 2017 2:35:53 PM org.apache.catalina.core.ApplicationContext log
INFO: Manager: start: Starting web application '/AnhKyYeu'
Jan 08, 2017 2:37:23 PM org.apache.catalina.core.ApplicationContext log
INFO: Manager: list: Listing contexts for virtual host 'localhost'
Jan 08, 2017 2:37:23 PM org.apache.catalina.core.ApplicationContext log
INFO: Manager: restart: Reloading web application '/AnhKyYeu'
Jan 08, 2017 2:37:56 PM org.apache.catalina.core.ApplicationContext log
INFO: Manager: list: Listing contexts for virtual host 'localhost'
Jan 08, 2017 2:37:56 PM org.apache.catalina.core.ApplicationContext log
INFO: Manager: list: Listing contexts for virtual host 'localhost'
Jan 08, 2017 2:37:57 PM org.apache.catalina.core.ApplicationContext log
INFO: Manager: restart: Reloading web application '/AnhKyYeu'
Jan 08, 2017 2:38:46 PM org.apache.catalina.core.ApplicationContext log
INFO: Manager: list: Listing contexts for virtual host 'localhost'
Jan 08, 2017 2:38:46 PM org.apache.catalina.core.ApplicationContext log
INFO: Manager: restart: Reloading web application '/AnhKyYeu'
Jan 08, 2017 2:39:06 PM org.apache.catalina.core.ApplicationContext log
INFO: Manager: list: Listing contexts for virtual host 'localhost'
Jan 08, 2017 2:51:51 PM org.apache.catalina.core.ApplicationContext log
INFO: Manager: init: Associated with Deployer 'Catalina:type=Deployer,host=localhost'
Jan 08, 2017 2:51:51 PM org.apache.catalina.core.ApplicationContext log
INFO: Manager: init: Global resources are available
Jan 08, 2017 2:51:51 PM org.apache.catalina.core.ApplicationContext log
INFO: Manager: list: Listing contexts for virtual host 'localhost'
Jan 08, 2017 2:51:51 PM org.apache.catalina.core.ApplicationContext log
INFO: Manager: list: Listing contexts for virtual host 'localhost'
Jan 08, 2017 2:51:51 PM org.apache.catalina.core.ApplicationContext log
INFO: Manager: restart: Reloading web application '/AnhKyYeu'
Jan 08, 2017 2:55:26 PM org.apache.catalina.core.ApplicationContext log
INFO: Manager: list: Listing contexts for virtual host 'localhost'
Jan 08, 2017 2:55:29 PM org.apache.catalina.core.ApplicationContext log
INFO: Manager: list: Listing contexts for virtual host 'localhost'
Jan 08, 2017 3:04:12 PM org.apache.catalina.core.ApplicationContext log
INFO: Manager: list: Listing contexts for virtual host 'localhost'
Jan 08, 2017 3:04:12 PM org.apache.catalina.core.ApplicationContext log
INFO: Manager: restart: Reloading web application '/AnhKyYeu'
Jan 08, 2017 3:04:14 PM org.apache.catalina.core.ApplicationContext log
INFO: Manager: list: Listing contexts for virtual host 'localhost'
Jan 08, 2017 3:04:14 PM org.apache.catalina.core.ApplicationContext log
INFO: Manager: restart: Reloading web application '/AnhKyYeu'
Jan 08, 2017 3:04:48 PM org.apache.catalina.core.ApplicationContext log
INFO: Manager: list: Listing contexts for virtual host 'localhost'
Jan 08, 2017 3:04:48 PM org.apache.catalina.core.ApplicationContext log
INFO: Manager: restart: Reloading web application '/AnhKyYeu'
Jan 08, 2017 3:04:51 PM org.apache.catalina.core.ApplicationContext log
INFO: Manager: list: Listing contexts for virtual host 'localhost'
Jan 08, 2017 3:04:51 PM org.apache.catalina.core.ApplicationContext log
INFO: Manager: restart: Reloading web application '/AnhKyYeu'
Jan 08, 2017 3:05:07 PM org.apache.catalina.core.ApplicationContext log
INFO: Manager: list: Listing contexts for virtual host 'localhost'
Jan 08, 2017 3:05:07 PM org.apache.catalina.core.ApplicationContext log
INFO: Manager: restart: Reloading web application '/AnhKyYeu'
Jan 08, 2017 3:05:14 PM org.apache.catalina.core.ApplicationContext log
INFO: Manager: list: Listing contexts for virtual host 'localhost'
Jan 08, 2017 3:05:14 PM org.apache.catalina.core.ApplicationContext log
INFO: Manager: restart: Reloading web application '/AnhKyYeu'
Jan 08, 2017 3:05:47 PM org.apache.catalina.core.ApplicationContext log
INFO: Manager: list: Listing contexts for virtual host 'localhost'
Jan 08, 2017 3:05:47 PM org.apache.catalina.core.ApplicationContext log
INFO: Manager: restart: Reloading web application '/AnhKyYeu'
Jan 08, 2017 3:06:09 PM org.apache.catalina.core.ApplicationContext log
INFO: Manager: list: Listing contexts for virtual host 'localhost'
Jan 08, 2017 3:06:09 PM org.apache.catalina.core.ApplicationContext log
INFO: Manager: restart: Reloading web application '/AnhKyYeu'
Jan 08, 2017 3:06:20 PM org.apache.catalina.core.ApplicationContext log
INFO: Manager: list: Listing contexts for virtual host 'localhost'
Jan 08, 2017 3:06:20 PM org.apache.catalina.core.ApplicationContext log
INFO: Manager: restart: Reloading web application '/AnhKyYeu'
Jan 08, 2017 3:06:46 PM org.apache.catalina.core.ApplicationContext log
INFO: Manager: list: Listing contexts for virtual host 'localhost'
Jan 08, 2017 3:06:46 PM org.apache.catalina.core.ApplicationContext log
INFO: Manager: restart: Reloading web application '/AnhKyYeu'
Jan 08, 2017 3:06:48 PM org.apache.catalina.core.ApplicationContext log
INFO: Manager: list: Listing contexts for virtual host 'localhost'
Jan 08, 2017 3:06:48 PM org.apache.catalina.core.ApplicationContext log
INFO: Manager: restart: Reloading web application '/AnhKyYeu'
Jan 08, 2017 3:07:03 PM org.apache.catalina.core.ApplicationContext log
INFO: Manager: list: Listing contexts for virtual host 'localhost'
Jan 08, 2017 3:07:03 PM org.apache.catalina.core.ApplicationContext log
INFO: Manager: restart: Reloading web application '/AnhKyYeu'
Jan 08, 2017 3:07:27 PM org.apache.catalina.core.ApplicationContext log
INFO: Manager: list: Listing contexts for virtual host 'localhost'
Jan 08, 2017 3:07:27 PM org.apache.catalina.core.ApplicationContext log
INFO: Manager: restart: Reloading web application '/AnhKyYeu'
Jan 08, 2017 3:08:00 PM org.apache.catalina.core.ApplicationContext log
INFO: Manager: list: Listing contexts for virtual host 'localhost'
Jan 08, 2017 3:08:00 PM org.apache.catalina.core.ApplicationContext log
INFO: Manager: restart: Reloading web application '/AnhKyYeu'
Jan 08, 2017 3:08:21 PM org.apache.catalina.core.ApplicationContext log
INFO: Manager: list: Listing contexts for virtual host 'localhost'
Jan 08, 2017 3:08:21 PM org.apache.catalina.core.ApplicationContext log
INFO: Manager: restart: Reloading web application '/AnhKyYeu'
Jan 08, 2017 3:09:22 PM org.apache.catalina.core.ApplicationContext log
INFO: Manager: list: Listing contexts for virtual host 'localhost'
Jan 08, 2017 3:09:22 PM org.apache.catalina.core.ApplicationContext log
INFO: Manager: restart: Reloading web application '/AnhKyYeu'
Jan 08, 2017 3:09:49 PM org.apache.catalina.core.ApplicationContext log
INFO: Manager: list: Listing contexts for virtual host 'localhost'
Jan 08, 2017 3:09:49 PM org.apache.catalina.core.ApplicationContext log
INFO: Manager: restart: Reloading web application '/AnhKyYeu'
Jan 08, 2017 3:15:20 PM org.apache.catalina.core.ApplicationContext log
INFO: Manager: list: Listing contexts for virtual host 'localhost'
Jan 08, 2017 3:15:20 PM org.apache.catalina.core.ApplicationContext log
INFO: Manager: restart: Reloading web application '/AnhKyYeu'
Jan 08, 2017 3:17:14 PM org.apache.catalina.core.ApplicationContext log
INFO: Manager: list: Listing contexts for virtual host 'localhost'
Jan 08, 2017 3:17:14 PM org.apache.catalina.core.ApplicationContext log
INFO: Manager: restart: Reloading web application '/AnhKyYeu'
Jan 08, 2017 3:18:05 PM org.apache.catalina.core.ApplicationContext log
INFO: Manager: list: Listing contexts for virtual host 'localhost'
Jan 08, 2017 3:18:05 PM org.apache.catalina.core.ApplicationContext log
INFO: Manager: restart: Reloading web application '/AnhKyYeu'
Jan 08, 2017 3:18:23 PM org.apache.catalina.core.ApplicationContext log
INFO: Manager: list: Listing contexts for virtual host 'localhost'
Jan 08, 2017 3:18:23 PM org.apache.catalina.core.ApplicationContext log
INFO: Manager: list: Listing contexts for virtual host 'localhost'
Jan 08, 2017 3:18:23 PM org.apache.catalina.core.ApplicationContext log
INFO: Manager: restart: Reloading web application '/AnhKyYeu'
Jan 08, 2017 3:21:24 PM org.apache.catalina.core.ApplicationContext log
INFO: Manager: list: Listing contexts for virtual host 'localhost'
Jan 08, 2017 3:21:32 PM org.apache.catalina.core.ApplicationContext log
INFO: Manager: list: Listing contexts for virtual host 'localhost'
Jan 08, 2017 3:24:42 PM org.apache.catalina.core.ApplicationContext log
INFO: Manager: init: Associated with Deployer 'Catalina:type=Deployer,host=localhost'
Jan 08, 2017 3:24:42 PM org.apache.catalina.core.ApplicationContext log
INFO: Manager: init: Global resources are available
Jan 08, 2017 3:24:42 PM org.apache.catalina.core.ApplicationContext log
INFO: Manager: list: Listing contexts for virtual host 'localhost'
Jan 08, 2017 3:24:42 PM org.apache.catalina.core.ApplicationContext log
INFO: Manager: list: Listing contexts for virtual host 'localhost'
Jan 08, 2017 3:24:42 PM org.apache.catalina.core.ApplicationContext log
INFO: Manager: restart: Reloading web application '/AnhKyYeu'
Jan 08, 2017 3:25:28 PM org.apache.catalina.core.ApplicationContext log
INFO: Manager: list: Listing contexts for virtual host 'localhost'
Jan 08, 2017 3:25:28 PM org.apache.catalina.core.ApplicationContext log
INFO: Manager: undeploy: Undeploying web application at '/AnhKyYeu'
Jan 08, 2017 3:25:51 PM org.apache.catalina.core.ApplicationContext log
INFO: Manager: list: Listing contexts for virtual host 'localhost'
Jan 08, 2017 3:25:51 PM org.apache.catalina.core.ApplicationContext log
INFO: Manager: list: Listing contexts for virtual host 'localhost'
Jan 08, 2017 3:25:51 PM org.apache.catalina.core.ApplicationContext log
INFO: Manager: install: Installing context configuration at 'file:/C:/Users/BVHIEN/AppData/Local/Temp/context7011082582963290643.xml'
Jan 08, 2017 3:25:53 PM org.apache.catalina.core.ApplicationContext log
INFO: Manager: start: Starting web application '/AnhKyYeu'
Jan 08, 2017 3:26:47 PM org.apache.catalina.core.ApplicationContext log
INFO: Manager: list: Listing contexts for virtual host 'localhost'
Jan 08, 2017 3:26:47 PM org.apache.catalina.core.ApplicationContext log
INFO: Manager: restart: Reloading web application '/AnhKyYeu'
Jan 08, 2017 3:27:01 PM org.apache.catalina.core.ApplicationContext log
INFO: Manager: list: Listing contexts for virtual host 'localhost'
Jan 08, 2017 3:27:01 PM org.apache.catalina.core.ApplicationContext log
INFO: Manager: list: Listing contexts for virtual host 'localhost'
Jan 08, 2017 3:27:01 PM org.apache.catalina.core.ApplicationContext log
INFO: Manager: restart: Reloading web application '/AnhKyYeu'
Jan 08, 2017 3:28:01 PM org.apache.catalina.core.ApplicationContext log
INFO: Manager: list: Listing contexts for virtual host 'localhost'
Jan 08, 2017 3:28:01 PM org.apache.catalina.core.ApplicationContext log
INFO: Manager: restart: Reloading web application '/AnhKyYeu'
Jan 08, 2017 3:28:08 PM org.apache.catalina.core.ApplicationContext log
INFO: Manager: list: Listing contexts for virtual host 'localhost'
Jan 08, 2017 3:28:08 PM org.apache.catalina.core.ApplicationContext log
INFO: Manager: list: Listing contexts for virtual host 'localhost'
Jan 08, 2017 3:28:08 PM org.apache.catalina.core.ApplicationContext log
INFO: Manager: restart: Reloading web application '/AnhKyYeu'
Jan 08, 2017 3:28:38 PM org.apache.catalina.core.ApplicationContext log
INFO: Manager: list: Listing contexts for virtual host 'localhost'
Jan 08, 2017 3:28:41 PM org.apache.catalina.core.ApplicationContext log
INFO: Manager: list: Listing contexts for virtual host 'localhost'
Jan 08, 2017 3:28:41 PM org.apache.catalina.core.ApplicationContext log
INFO: Manager: list: Listing contexts for virtual host 'localhost'
Jan 08, 2017 3:30:41 PM org.apache.catalina.core.ApplicationContext log
INFO: Manager: list: Listing contexts for virtual host 'localhost'
Jan 08, 2017 3:30:41 PM org.apache.catalina.core.ApplicationContext log
INFO: Manager: restart: Reloading web application '/AnhKyYeu'
Jan 08, 2017 3:32:18 PM org.apache.catalina.core.ApplicationContext log
INFO: Manager: list: Listing contexts for virtual host 'localhost'
Jan 08, 2017 3:32:18 PM org.apache.catalina.core.ApplicationContext log
INFO: Manager: restart: Reloading web application '/AnhKyYeu'
Jan 08, 2017 3:33:54 PM org.apache.catalina.core.ApplicationContext log
INFO: Manager: list: Listing contexts for virtual host 'localhost'
Jan 08, 2017 3:33:54 PM org.apache.catalina.core.ApplicationContext log
INFO: Manager: restart: Reloading web application '/AnhKyYeu'
Jan 08, 2017 3:34:04 PM org.apache.catalina.core.ApplicationContext log
INFO: Manager: list: Listing contexts for virtual host 'localhost'
Jan 08, 2017 3:34:04 PM org.apache.catalina.core.ApplicationContext log
INFO: Manager: restart: Reloading web application '/AnhKyYeu'
Jan 08, 2017 3:34:18 PM org.apache.catalina.core.ApplicationContext log
INFO: Manager: list: Listing contexts for virtual host 'localhost'
Jan 08, 2017 3:34:18 PM org.apache.catalina.core.ApplicationContext log
INFO: Manager: restart: Reloading web application '/AnhKyYeu'
Jan 08, 2017 3:35:17 PM org.apache.catalina.core.ApplicationContext log
INFO: Manager: list: Listing contexts for virtual host 'localhost'
Jan 08, 2017 3:35:17 PM org.apache.catalina.core.ApplicationContext log
INFO: Manager: restart: Reloading web application '/AnhKyYeu'
Jan 08, 2017 3:41:18 PM org.apache.catalina.core.ApplicationContext log
INFO: Manager: list: Listing contexts for virtual host 'localhost'
Jan 08, 2017 3:41:18 PM org.apache.catalina.core.ApplicationContext log
INFO: Manager: restart: Reloading web application '/AnhKyYeu'
Jan 08, 2017 3:43:00 PM org.apache.catalina.core.ApplicationContext log
INFO: Manager: init: Associated with Deployer 'Catalina:type=Deployer,host=localhost'
Jan 08, 2017 3:43:00 PM org.apache.catalina.core.ApplicationContext log
INFO: Manager: init: Global resources are available
Jan 08, 2017 3:43:00 PM org.apache.catalina.core.ApplicationContext log
INFO: Manager: list: Listing contexts for virtual host 'localhost'
Jan 08, 2017 3:43:00 PM org.apache.catalina.core.ApplicationContext log
INFO: Manager: list: Listing contexts for virtual host 'localhost'
Jan 08, 2017 3:43:00 PM org.apache.catalina.core.ApplicationContext log
INFO: Manager: restart: Reloading web application '/AnhKyYeu'
Jan 08, 2017 3:44:18 PM org.apache.catalina.core.ApplicationContext log
INFO: Manager: list: Listing contexts for virtual host 'localhost'
Jan 08, 2017 3:44:18 PM org.apache.catalina.core.ApplicationContext log
INFO: Manager: restart: Reloading web application '/AnhKyYeu'
Jan 08, 2017 3:48:11 PM org.apache.catalina.core.ApplicationContext log
INFO: Manager: list: Listing contexts for virtual host 'localhost'
Jan 08, 2017 3:48:11 PM org.apache.catalina.core.ApplicationContext log
INFO: Manager: restart: Reloading web application '/AnhKyYeu'
Jan 08, 2017 3:49:48 PM org.apache.catalina.core.ApplicationContext log
INFO: Manager: list: Listing contexts for virtual host 'localhost'
Jan 08, 2017 3:49:48 PM org.apache.catalina.core.ApplicationContext log
INFO: Manager: restart: Reloading web application '/AnhKyYeu'
Jan 08, 2017 3:59:45 PM org.apache.catalina.core.ApplicationContext log
INFO: Manager: init: Associated with Deployer 'Catalina:type=Deployer,host=localhost'
Jan 08, 2017 3:59:45 PM org.apache.catalina.core.ApplicationContext log
INFO: Manager: init: Global resources are available
Jan 08, 2017 3:59:45 PM org.apache.catalina.core.ApplicationContext log
INFO: Manager: list: Listing contexts for virtual host 'localhost'
Jan 08, 2017 3:59:45 PM org.apache.catalina.core.ApplicationContext log
INFO: Manager: list: Listing contexts for virtual host 'localhost'
Jan 08, 2017 3:59:45 PM org.apache.catalina.core.ApplicationContext log
INFO: Manager: restart: Reloading web application '/AnhKyYeu'
Jan 08, 2017 4:00:26 PM org.apache.catalina.core.ApplicationContext log
INFO: Manager: list: Listing contexts for virtual host 'localhost'
Jan 08, 2017 4:00:26 PM org.apache.catalina.core.ApplicationContext log
INFO: Manager: restart: Reloading web application '/AnhKyYeu'
Jan 08, 2017 4:04:31 PM org.apache.catalina.core.ApplicationContext log
INFO: Manager: list: Listing contexts for virtual host 'localhost'
Jan 08, 2017 4:04:31 PM org.apache.catalina.core.ApplicationContext log
INFO: Manager: restart: Reloading web application '/AnhKyYeu'
Jan 08, 2017 4:08:17 PM org.apache.catalina.core.ApplicationContext log
INFO: Manager: list: Listing contexts for virtual host 'localhost'
Jan 08, 2017 4:08:17 PM org.apache.catalina.core.ApplicationContext log
INFO: Manager: restart: Reloading web application '/AnhKyYeu'
Jan 08, 2017 4:11:58 PM org.apache.catalina.core.ApplicationContext log
INFO: Manager: list: Listing contexts for virtual host 'localhost'
Jan 08, 2017 4:11:58 PM org.apache.catalina.core.ApplicationContext log
INFO: Manager: restart: Reloading web application '/AnhKyYeu'
Jan 08, 2017 4:13:20 PM org.apache.catalina.core.ApplicationContext log
INFO: Manager: list: Listing contexts for virtual host 'localhost'
Jan 08, 2017 4:13:20 PM org.apache.catalina.core.ApplicationContext log
INFO: Manager: restart: Reloading web application '/AnhKyYeu'
Jan 08, 2017 4:13:46 PM org.apache.catalina.core.ApplicationContext log
INFO: Manager: list: Listing contexts for virtual host 'localhost'
Jan 08, 2017 4:13:46 PM org.apache.catalina.core.ApplicationContext log
INFO: Manager: restart: Reloading web application '/AnhKyYeu'
Jan 08, 2017 4:13:50 PM org.apache.catalina.core.ApplicationContext log
INFO: Manager: list: Listing contexts for virtual host 'localhost'
Jan 08, 2017 4:13:50 PM org.apache.catalina.core.ApplicationContext log
INFO: Manager: restart: Reloading web application '/AnhKyYeu'
Jan 08, 2017 4:15:48 PM org.apache.catalina.core.ApplicationContext log
INFO: Manager: list: Listing contexts for virtual host 'localhost'
Jan 08, 2017 4:15:48 PM org.apache.catalina.core.ApplicationContext log
INFO: Manager: restart: Reloading web application '/AnhKyYeu'
Jan 08, 2017 4:15:50 PM org.apache.catalina.core.ApplicationContext log
INFO: Manager: list: Listing contexts for virtual host 'localhost'
Jan 08, 2017 4:15:50 PM org.apache.catalina.core.ApplicationContext log
INFO: Manager: restart: Reloading web application '/AnhKyYeu'
Jan 08, 2017 4:17:55 PM org.apache.catalina.core.ApplicationContext log
INFO: Manager: list: Listing contexts for virtual host 'localhost'
Jan 08, 2017 4:17:55 PM org.apache.catalina.core.ApplicationContext log
INFO: Manager: restart: Reloading web application '/AnhKyYeu'
Jan 08, 2017 4:22:28 PM org.apache.catalina.core.ApplicationContext log
INFO: Manager: list: Listing contexts for virtual host 'localhost'
Jan 08, 2017 4:26:16 PM org.apache.catalina.core.ApplicationContext log
INFO: Manager: list: Listing contexts for virtual host 'localhost'
Jan 08, 2017 4:32:45 PM org.apache.catalina.core.ApplicationContext log
INFO: Manager: init: Associated with Deployer 'Catalina:type=Deployer,host=localhost'
Jan 08, 2017 4:32:45 PM org.apache.catalina.core.ApplicationContext log
INFO: Manager: init: Global resources are available
Jan 08, 2017 4:32:45 PM org.apache.catalina.core.ApplicationContext log
INFO: Manager: list: Listing contexts for virtual host 'localhost'
Jan 08, 2017 4:32:45 PM org.apache.catalina.core.ApplicationContext log
INFO: Manager: list: Listing contexts for virtual host 'localhost'
Jan 08, 2017 4:32:45 PM org.apache.catalina.core.ApplicationContext log
INFO: Manager: restart: Reloading web application '/AnhKyYeu'
Jan 08, 2017 4:34:23 PM org.apache.catalina.core.ApplicationContext log
INFO: Manager: list: Listing contexts for virtual host 'localhost'
Jan 08, 2017 4:35:05 PM org.apache.catalina.core.ApplicationContext log
INFO: Manager: list: Listing contexts for virtual host 'localhost'
Jan 08, 2017 4:35:24 PM org.apache.catalina.core.ApplicationContext log
INFO: Manager: list: Listing contexts for virtual host 'localhost'
Jan 08, 2017 4:36:18 PM org.apache.catalina.core.ApplicationContext log
INFO: Manager: list: Listing contexts for virtual host 'localhost'
Jan 08, 2017 4:36:27 PM org.apache.catalina.core.ApplicationContext log
INFO: Manager: list: Listing contexts for virtual host 'localhost'
Jan 08, 2017 4:36:30 PM org.apache.catalina.core.ApplicationContext log
INFO: Manager: list: Listing contexts for virtual host 'localhost'
Jan 08, 2017 4:36:55 PM org.apache.catalina.core.ApplicationContext log
INFO: Manager: list: Listing contexts for virtual host 'localhost'
Jan 08, 2017 4:38:04 PM org.apache.catalina.core.ApplicationContext log
INFO: Manager: list: Listing contexts for virtual host 'localhost'
Jan 08, 2017 4:38:04 PM org.apache.catalina.core.ApplicationContext log
INFO: Manager: list: Listing contexts for virtual host 'localhost'
Jan 08, 2017 4:39:08 PM org.apache.catalina.core.ApplicationContext log
INFO: Manager: list: Listing contexts for virtual host 'localhost'
Jan 08, 2017 4:39:08 PM org.apache.catalina.core.ApplicationContext log
INFO: Manager: undeploy: Undeploying web application at '/AnhKyYeu'
Jan 08, 2017 4:39:48 PM org.apache.catalina.core.ApplicationContext log
INFO: Manager: list: Listing contexts for virtual host 'localhost'
Jan 08, 2017 4:39:48 PM org.apache.catalina.core.ApplicationContext log
INFO: Manager: list: Listing contexts for virtual host 'localhost'
Jan 08, 2017 4:39:48 PM org.apache.catalina.core.ApplicationContext log
INFO: Manager: install: Installing context configuration at 'file:/C:/Users/BVHIEN/AppData/Local/Temp/context2057168563483728467.xml'
Jan 08, 2017 4:39:50 PM org.apache.catalina.core.ApplicationContext log
INFO: Manager: start: Starting web application '/AnhKyYeu'
Jan 08, 2017 4:40:16 PM org.apache.catalina.core.ApplicationContext log
INFO: Manager: list: Listing contexts for virtual host 'localhost'
Jan 08, 2017 4:40:16 PM org.apache.catalina.core.ApplicationContext log
INFO: Manager: list: Listing contexts for virtual host 'localhost'
Jan 08, 2017 4:42:21 PM org.apache.catalina.core.ApplicationContext log
INFO: Manager: init: Associated with Deployer 'Catalina:type=Deployer,host=localhost'
Jan 08, 2017 4:42:21 PM org.apache.catalina.core.ApplicationContext log
INFO: Manager: init: Global resources are available
Jan 08, 2017 4:42:21 PM org.apache.catalina.core.ApplicationContext log
INFO: Manager: list: Listing contexts for virtual host 'localhost'
Jan 08, 2017 4:42:21 PM org.apache.catalina.core.ApplicationContext log
INFO: Manager: list: Listing contexts for virtual host 'localhost'
Jan 08, 2017 4:42:21 PM org.apache.catalina.core.ApplicationContext log
INFO: Manager: restart: Reloading web application '/AnhKyYeu'
Jan 08, 2017 4:44:45 PM org.apache.catalina.core.ApplicationContext log
INFO: Manager: list: Listing contexts for virtual host 'localhost'
Jan 08, 2017 4:44:45 PM org.apache.catalina.core.ApplicationContext log
INFO: Manager: list: Listing contexts for virtual host 'localhost'
Jan 08, 2017 4:44:59 PM org.apache.catalina.core.ApplicationContext log
INFO: Manager: list: Listing contexts for virtual host 'localhost'
Jan 08, 2017 4:44:59 PM org.apache.catalina.core.ApplicationContext log
INFO: Manager: list: Listing contexts for virtual host 'localhost'
Jan 08, 2017 4:49:09 PM org.apache.catalina.core.ApplicationContext log
INFO: Manager: list: Listing contexts for virtual host 'localhost'
Jan 08, 2017 4:49:09 PM org.apache.catalina.core.ApplicationContext log
INFO: Manager: restart: Reloading web application '/AnhKyYeu'
Jan 08, 2017 4:49:15 PM org.apache.catalina.core.ApplicationContext log
INFO: Manager: list: Listing contexts for virtual host 'localhost'
Jan 08, 2017 4:49:15 PM org.apache.catalina.core.ApplicationContext log
INFO: Manager: restart: Reloading web application '/AnhKyYeu'
Jan 08, 2017 4:49:53 PM org.apache.catalina.core.ApplicationContext log
INFO: Manager: list: Listing contexts for virtual host 'localhost'
Jan 08, 2017 4:49:53 PM org.apache.catalina.core.ApplicationContext log
INFO: Manager: restart: Reloading web application '/AnhKyYeu'
Jan 08, 2017 4:49:55 PM org.apache.catalina.core.ApplicationContext log
INFO: Manager: list: Listing contexts for virtual host 'localhost'
Jan 08, 2017 4:49:55 PM org.apache.catalina.core.ApplicationContext log
INFO: Manager: restart: Reloading web application '/AnhKyYeu'
Jan 08, 2017 4:52:50 PM org.apache.catalina.core.ApplicationContext log
INFO: Manager: list: Listing contexts for virtual host 'localhost'
Jan 08, 2017 4:52:50 PM org.apache.catalina.core.ApplicationContext log
INFO: Manager: restart: Reloading web application '/AnhKyYeu'
Jan 08, 2017 4:53:43 PM org.apache.catalina.core.ApplicationContext log
INFO: Manager: list: Listing contexts for virtual host 'localhost'
Jan 08, 2017 4:53:43 PM org.apache.catalina.core.ApplicationContext log
INFO: Manager: restart: Reloading web application '/AnhKyYeu'
Jan 08, 2017 4:54:22 PM org.apache.catalina.core.ApplicationContext log
INFO: Manager: list: Listing contexts for virtual host 'localhost'
Jan 08, 2017 4:54:22 PM org.apache.catalina.core.ApplicationContext log
INFO: Manager: restart: Reloading web application '/AnhKyYeu'
Jan 08, 2017 4:54:31 PM org.apache.catalina.core.ApplicationContext log
INFO: Manager: list: Listing contexts for virtual host 'localhost'
Jan 08, 2017 4:54:31 PM org.apache.catalina.core.ApplicationContext log
INFO: Manager: restart: Reloading web application '/AnhKyYeu'
Jan 08, 2017 4:55:15 PM org.apache.catalina.core.ApplicationContext log
INFO: Manager: list: Listing contexts for virtual host 'localhost'
Jan 08, 2017 4:55:15 PM org.apache.catalina.core.ApplicationContext log
INFO: Manager: restart: Reloading web application '/AnhKyYeu'
Jan 08, 2017 4:55:18 PM org.apache.catalina.core.ApplicationContext log
INFO: Manager: list: Listing contexts for virtual host 'localhost'
Jan 08, 2017 4:55:18 PM org.apache.catalina.core.ApplicationContext log
INFO: Manager: restart: Reloading web application '/AnhKyYeu'
Jan 08, 2017 4:55:47 PM org.apache.catalina.core.ApplicationContext log
INFO: Manager: list: Listing contexts for virtual host 'localhost'
Jan 08, 2017 4:55:47 PM org.apache.catalina.core.ApplicationContext log
INFO: Manager: restart: Reloading web application '/AnhKyYeu'
Jan 08, 2017 4:55:51 PM org.apache.catalina.core.ApplicationContext log
INFO: Manager: list: Listing contexts for virtual host 'localhost'
Jan 08, 2017 4:55:51 PM org.apache.catalina.core.ApplicationContext log
INFO: Manager: undeploy: Undeploying web application at '/AnhKyYeu'
Jan 08, 2017 4:55:59 PM org.apache.catalina.core.ApplicationContext log
INFO: Manager: list: Listing contexts for virtual host 'localhost'
Jan 08, 2017 4:55:59 PM org.apache.catalina.core.ApplicationContext log
INFO: Manager: list: Listing contexts for virtual host 'localhost'
Jan 08, 2017 4:55:59 PM org.apache.catalina.core.ApplicationContext log
INFO: Manager: install: Installing context configuration at 'file:/C:/Users/BVHIEN/AppData/Local/Temp/context570259272510182956.xml'
Jan 08, 2017 4:56:01 PM org.apache.catalina.core.ApplicationContext log
INFO: Manager: start: Starting web application '/AnhKyYeu'
Jan 08, 2017 4:59:18 PM org.apache.catalina.core.ApplicationContext log
INFO: Manager: init: Associated with Deployer 'Catalina:type=Deployer,host=localhost'
Jan 08, 2017 4:59:18 PM org.apache.catalina.core.ApplicationContext log
INFO: Manager: init: Global resources are available
Jan 08, 2017 4:59:18 PM org.apache.catalina.core.ApplicationContext log
INFO: Manager: list: Listing contexts for virtual host 'localhost'
Jan 08, 2017 4:59:18 PM org.apache.catalina.core.ApplicationContext log
INFO: Manager: list: Listing contexts for virtual host 'localhost'
Jan 08, 2017 5:01:38 PM org.apache.catalina.core.ApplicationContext log
INFO: Manager: list: Listing contexts for virtual host 'localhost'
Jan 08, 2017 5:01:38 PM org.apache.catalina.core.ApplicationContext log
INFO: Manager: restart: Reloading web application '/AnhKyYeu'
Jan 08, 2017 5:02:45 PM org.apache.catalina.core.ApplicationContext log
INFO: Manager: list: Listing contexts for virtual host 'localhost'
Jan 08, 2017 5:02:45 PM org.apache.catalina.core.ApplicationContext log
INFO: Manager: restart: Reloading web application '/AnhKyYeu'
Jan 08, 2017 5:09:14 PM org.apache.catalina.core.ApplicationContext log
INFO: Manager: list: Listing contexts for virtual host 'localhost'
Jan 08, 2017 5:09:14 PM org.apache.catalina.core.ApplicationContext log
INFO: Manager: restart: Reloading web application '/AnhKyYeu'
Jan 08, 2017 5:09:17 PM org.apache.catalina.core.ApplicationContext log
INFO: Manager: list: Listing contexts for virtual host 'localhost'
Jan 08, 2017 5:09:17 PM org.apache.catalina.core.ApplicationContext log
INFO: Manager: restart: Reloading web application '/AnhKyYeu'
Jan 08, 2017 5:11:32 PM org.apache.catalina.core.ApplicationContext log
INFO: Manager: init: Associated with Deployer 'Catalina:type=Deployer,host=localhost'
Jan 08, 2017 5:11:32 PM org.apache.catalina.core.ApplicationContext log
INFO: Manager: init: Global resources are available
Jan 08, 2017 5:11:32 PM org.apache.catalina.core.ApplicationContext log
INFO: Manager: list: Listing contexts for virtual host 'localhost'
Jan 08, 2017 5:11:32 PM org.apache.catalina.core.ApplicationContext log
INFO: Manager: list: Listing contexts for virtual host 'localhost'
Jan 08, 2017 5:11:32 PM org.apache.catalina.core.ApplicationContext log
INFO: Manager: restart: Reloading web application '/AnhKyYeu'
Jan 08, 2017 5:13:43 PM org.apache.catalina.core.ApplicationContext log
INFO: Manager: list: Listing contexts for virtual host 'localhost'
Jan 08, 2017 5:13:43 PM org.apache.catalina.core.ApplicationContext log
INFO: Manager: undeploy: Undeploying web application at '/AnhKyYeu'
Jan 08, 2017 5:13:58 PM org.apache.catalina.core.ApplicationContext log
INFO: Manager: list: Listing contexts for virtual host 'localhost'
Jan 08, 2017 5:13:58 PM org.apache.catalina.core.ApplicationContext log
INFO: Manager: list: Listing contexts for virtual host 'localhost'
Jan 08, 2017 5:13:58 PM org.apache.catalina.core.ApplicationContext log
INFO: Manager: install: Installing context configuration at 'file:/C:/Users/BVHIEN/AppData/Local/Temp/context8795610131896953037.xml'
Jan 08, 2017 5:14:00 PM org.apache.catalina.core.ApplicationContext log
INFO: Manager: start: Starting web application '/AnhKyYeu'
Jan 08, 2017 5:15:02 PM org.apache.catalina.core.ApplicationContext log
INFO: Manager: list: Listing contexts for virtual host 'localhost'
Jan 08, 2017 5:15:02 PM org.apache.catalina.core.ApplicationContext log
INFO: Manager: restart: Reloading web application '/AnhKyYeu'
Jan 08, 2017 5:49:26 PM org.apache.catalina.core.ApplicationContext log
INFO: Manager: init: Associated with Deployer 'Catalina:type=Deployer,host=localhost'
Jan 08, 2017 5:49:26 PM org.apache.catalina.core.ApplicationContext log
INFO: Manager: init: Global resources are available
Jan 08, 2017 5:49:26 PM org.apache.catalina.core.ApplicationContext log
INFO: Manager: list: Listing contexts for virtual host 'localhost'
Jan 08, 2017 5:49:26 PM org.apache.catalina.core.ApplicationContext log
INFO: Manager: list: Listing contexts for virtual host 'localhost'
Jan 08, 2017 5:49:26 PM org.apache.catalina.core.ApplicationContext log
INFO: Manager: restart: Reloading web application '/AnhKyYeu'
Jan 08, 2017 5:50:37 PM org.apache.catalina.core.ApplicationContext log
INFO: Manager: list: Listing contexts for virtual host 'localhost'
Jan 08, 2017 5:50:37 PM org.apache.catalina.core.ApplicationContext log
INFO: Manager: restart: Reloading web application '/AnhKyYeu'
Jan 08, 2017 5:56:44 PM org.apache.catalina.core.ApplicationContext log
INFO: Manager: list: Listing contexts for virtual host 'localhost'
Jan 08, 2017 5:56:44 PM org.apache.catalina.core.ApplicationContext log
INFO: Manager: restart: Reloading web application '/AnhKyYeu'
Jan 08, 2017 5:56:46 PM org.apache.catalina.core.ApplicationContext log
INFO: Manager: list: Listing contexts for virtual host 'localhost'
Jan 08, 2017 5:56:46 PM org.apache.catalina.core.ApplicationContext log
INFO: Manager: restart: Reloading web application '/AnhKyYeu'
Jan 08, 2017 5:57:18 PM org.apache.catalina.core.ApplicationContext log
INFO: Manager: list: Listing contexts for virtual host 'localhost'
Jan 08, 2017 5:57:18 PM org.apache.catalina.core.ApplicationContext log
INFO: Manager: restart: Reloading web application '/AnhKyYeu'
Jan 08, 2017 5:57:29 PM org.apache.catalina.core.ApplicationContext log
INFO: Manager: list: Listing contexts for virtual host 'localhost'
Jan 08, 2017 5:57:29 PM org.apache.catalina.core.ApplicationContext log
INFO: Manager: list: Listing contexts for virtual host 'localhost'
Jan 08, 2017 5:57:29 PM org.apache.catalina.core.ApplicationContext log
INFO: Manager: restart: Reloading web application '/AnhKyYeu'
Jan 08, 2017 5:57:47 PM org.apache.catalina.core.ApplicationContext log
INFO: Manager: list: Listing contexts for virtual host 'localhost'
Jan 08, 2017 5:57:47 PM org.apache.catalina.core.ApplicationContext log
INFO: Manager: undeploy: Undeploying web application at '/AnhKyYeu'
Jan 08, 2017 6:12:10 PM org.apache.catalina.core.ApplicationContext log
INFO: Manager: init: Associated with Deployer 'Catalina:type=Deployer,host=localhost'
Jan 08, 2017 6:12:10 PM org.apache.catalina.core.ApplicationContext log
INFO: Manager: init: Global resources are available
Jan 08, 2017 6:12:10 PM org.apache.catalina.core.ApplicationContext log
INFO: Manager: list: Listing contexts for virtual host 'localhost'
Jan 08, 2017 6:12:10 PM org.apache.catalina.core.ApplicationContext log
INFO: Manager: list: Listing contexts for virtual host 'localhost'
Jan 08, 2017 6:12:10 PM org.apache.catalina.core.ApplicationContext log
INFO: Manager: install: Installing context configuration at 'file:/C:/Users/BVHIEN/AppData/Local/Temp/context3972774104999002941.xml'
Jan 08, 2017 6:12:12 PM org.apache.catalina.core.ApplicationContext log
INFO: Manager: start: Starting web application '/AnhKyYeu'
Jan 08, 2017 6:13:30 PM org.apache.catalina.core.ApplicationContext log
INFO: Manager: list: Listing contexts for virtual host 'localhost'
Jan 08, 2017 6:13:30 PM org.apache.catalina.core.ApplicationContext log
INFO: Manager: restart: Reloading web application '/AnhKyYeu'
Jan 08, 2017 6:13:42 PM org.apache.catalina.core.ApplicationContext log
INFO: Manager: list: Listing contexts for virtual host 'localhost'
Jan 08, 2017 6:13:42 PM org.apache.catalina.core.ApplicationContext log
INFO: Manager: restart: Reloading web application '/AnhKyYeu'
Jan 08, 2017 6:13:44 PM org.apache.catalina.core.ApplicationContext log
INFO: Manager: list: Listing contexts for virtual host 'localhost'
Jan 08, 2017 6:13:44 PM org.apache.catalina.core.ApplicationContext log
INFO: Manager: restart: Reloading web application '/AnhKyYeu'
Jan 08, 2017 6:14:52 PM org.apache.catalina.core.ApplicationContext log
INFO: Manager: list: Listing contexts for virtual host 'localhost'
Jan 08, 2017 6:14:52 PM org.apache.catalina.core.ApplicationContext log
INFO: Manager: restart: Reloading web application '/AnhKyYeu'
Jan 08, 2017 6:14:58 PM org.apache.catalina.core.ApplicationContext log
INFO: Manager: list: Listing contexts for virtual host 'localhost'
Jan 08, 2017 6:14:58 PM org.apache.catalina.core.ApplicationContext log
INFO: Manager: restart: Reloading web application '/AnhKyYeu'
Jan 08, 2017 6:15:17 PM org.apache.catalina.core.ApplicationContext log
INFO: Manager: list: Listing contexts for virtual host 'localhost'
Jan 08, 2017 6:15:17 PM org.apache.catalina.core.ApplicationContext log
INFO: Manager: restart: Reloading web application '/AnhKyYeu'
Jan 08, 2017 6:15:24 PM org.apache.catalina.core.ApplicationContext log
INFO: Manager: list: Listing contexts for virtual host 'localhost'
Jan 08, 2017 6:15:24 PM org.apache.catalina.core.ApplicationContext log
INFO: Manager: restart: Reloading web application '/AnhKyYeu'
Jan 08, 2017 6:15:31 PM org.apache.catalina.core.ApplicationContext log
INFO: Manager: list: Listing contexts for virtual host 'localhost'
Jan 08, 2017 6:15:31 PM org.apache.catalina.core.ApplicationContext log
INFO: Manager: undeploy: Undeploying web application at '/AnhKyYeu'
Jan 08, 2017 6:15:38 PM org.apache.catalina.core.ApplicationContext log
INFO: Manager: list: Listing contexts for virtual host 'localhost'
Jan 08, 2017 6:15:38 PM org.apache.catalina.core.ApplicationContext log
INFO: Manager: list: Listing contexts for virtual host 'localhost'
Jan 08, 2017 6:15:38 PM org.apache.catalina.core.ApplicationContext log
INFO: Manager: install: Installing context configuration at 'file:/C:/Users/BVHIEN/AppData/Local/Temp/context9161359548943987958.xml'
Jan 08, 2017 6:15:40 PM org.apache.catalina.core.ApplicationContext log
INFO: Manager: start: Starting web application '/AnhKyYeu'
Jan 08, 2017 6:16:42 PM org.apache.catalina.core.ApplicationContext log
INFO: Manager: list: Listing contexts for virtual host 'localhost'
Jan 08, 2017 6:16:42 PM org.apache.catalina.core.ApplicationContext log
INFO: Manager: restart: Reloading web application '/AnhKyYeu'
Jan 08, 2017 6:17:18 PM org.apache.catalina.core.ApplicationContext log
INFO: Manager: list: Listing contexts for virtual host 'localhost'
Jan 08, 2017 8:11:11 PM org.apache.catalina.core.ApplicationContext log
INFO: Manager: init: Associated with Deployer 'Catalina:type=Deployer,host=localhost'
Jan 08, 2017 8:11:11 PM org.apache.catalina.core.ApplicationContext log
INFO: Manager: init: Global resources are available
Jan 08, 2017 8:11:11 PM org.apache.catalina.core.ApplicationContext log
INFO: Manager: list: Listing contexts for virtual host 'localhost'
Jan 08, 2017 8:11:11 PM org.apache.catalina.core.ApplicationContext log
INFO: Manager: list: Listing contexts for virtual host 'localhost'
Jan 08, 2017 8:11:11 PM org.apache.catalina.core.ApplicationContext log
INFO: Manager: undeploy: Undeploying web application at '/AnhKyYeu'
Jan 08, 2017 8:11:11 PM org.apache.catalina.core.ApplicationContext log
INFO: Manager: install: Installing context configuration at 'file:/C:/Users/BVHIEN/AppData/Local/Temp/context2435438795029107432.xml'
Jan 08, 2017 8:11:47 PM org.apache.catalina.core.ApplicationContext log
INFO: Manager: list: Listing contexts for virtual host 'localhost'
Jan 08, 2017 8:11:56 PM org.apache.catalina.core.ApplicationContext log
INFO: Manager: list: Listing contexts for virtual host 'localhost'
Jan 08, 2017 8:12:48 PM org.apache.catalina.core.ApplicationContext log
INFO: Manager: list: Listing contexts for virtual host 'localhost'
Jan 08, 2017 8:12:50 PM org.apache.catalina.core.ApplicationContext log
INFO: Manager: list: Listing contexts for virtual host 'localhost'
Jan 08, 2017 8:13:03 PM org.apache.catalina.core.ApplicationContext log
INFO: Manager: list: Listing contexts for virtual host 'localhost'
Jan 08, 2017 8:13:03 PM org.apache.catalina.core.ApplicationContext log
INFO: Manager: list: Listing contexts for virtual host 'localhost'
Jan 08, 2017 8:13:50 PM org.apache.catalina.core.ApplicationContext log
INFO: Manager: list: Listing contexts for virtual host 'localhost'
Jan 08, 2017 8:14:15 PM org.apache.catalina.core.ApplicationContext log
INFO: Manager: list: Listing contexts for virtual host 'localhost'
Jan 08, 2017 8:14:29 PM org.apache.catalina.core.ApplicationContext log
INFO: Manager: list: Listing contexts for virtual host 'localhost'
Jan 08, 2017 8:14:53 PM org.apache.catalina.core.ApplicationContext log
INFO: Manager: list: Listing contexts for virtual host 'localhost'
Jan 08, 2017 8:16:33 PM org.apache.catalina.core.ApplicationContext log
INFO: Manager: list: Listing contexts for virtual host 'localhost'
Jan 08, 2017 8:16:54 PM org.apache.catalina.core.ApplicationContext log
INFO: Manager: list: Listing contexts for virtual host 'localhost'
Jan 08, 2017 8:17:06 PM org.apache.catalina.core.ApplicationContext log
INFO: Manager: list: Listing contexts for virtual host 'localhost'
Jan 08, 2017 8:17:49 PM org.apache.catalina.core.ApplicationContext log
INFO: Manager: list: Listing contexts for virtual host 'localhost'
Jan 08, 2017 8:17:51 PM org.apache.catalina.core.ApplicationContext log
INFO: Manager: list: Listing contexts for virtual host 'localhost'
Jan 08, 2017 8:19:26 PM org.apache.catalina.core.ApplicationContext log
INFO: Manager: list: Listing contexts for virtual host 'localhost'
Jan 08, 2017 8:19:26 PM org.apache.catalina.core.ApplicationContext log
INFO: Manager: restart: Reloading web application '/AnhKyYeu'
Jan 08, 2017 8:23:53 PM org.apache.catalina.core.ApplicationContext log
INFO: Manager: list: Listing contexts for virtual host 'localhost'
Jan 08, 2017 8:23:53 PM org.apache.catalina.core.ApplicationContext log
INFO: Manager: list: Listing contexts for virtual host 'localhost'
Jan 08, 2017 8:23:54 PM org.apache.catalina.core.ApplicationContext log
INFO: Manager: restart: Reloading web application '/AnhKyYeu'
Jan 08, 2017 8:24:26 PM org.apache.catalina.core.ApplicationContext log
INFO: Manager: list: Listing contexts for virtual host 'localhost'
Jan 08, 2017 8:24:26 PM org.apache.catalina.core.ApplicationContext log
INFO: Manager: undeploy: Undeploying web application at '/AnhKyYeu'
Jan 08, 2017 8:24:40 PM org.apache.catalina.core.ApplicationContext log
INFO: Manager: list: Listing contexts for virtual host 'localhost'
Jan 08, 2017 8:24:40 PM org.apache.catalina.core.ApplicationContext log
INFO: Manager: list: Listing contexts for virtual host 'localhost'
Jan 08, 2017 8:24:40 PM org.apache.catalina.core.ApplicationContext log
INFO: Manager: install: Installing context configuration at 'file:/C:/Users/BVHIEN/AppData/Local/Temp/context207748679931176294.xml'
Jan 08, 2017 8:24:41 PM org.apache.catalina.core.ApplicationContext log
SEVERE: Manager: ManagerServlet.install[/AnhKyYeu]
javax.management.RuntimeErrorException: Error invoking method check
	at org.apache.tomcat.util.modeler.BaseModelMBean.invoke(BaseModelMBean.java:312)
	at com.sun.jmx.interceptor.DefaultMBeanServerInterceptor.invoke(DefaultMBeanServerInterceptor.java:819)
	at com.sun.jmx.mbeanserver.JmxMBeanServer.invoke(JmxMBeanServer.java:801)
	at org.apache.catalina.manager.ManagerServlet.check(ManagerServlet.java:1506)
	at org.apache.catalina.manager.ManagerServlet.deploy(ManagerServlet.java:902)
	at org.apache.catalina.manager.ManagerServlet.doGet(ManagerServlet.java:361)
	at javax.servlet.http.HttpServlet.service(HttpServlet.java:624)
	at javax.servlet.http.HttpServlet.service(HttpServlet.java:731)
	at org.apache.catalina.core.ApplicationFilterChain.internalDoFilter(ApplicationFilterChain.java:303)
	at org.apache.catalina.core.ApplicationFilterChain.doFilter(ApplicationFilterChain.java:208)
	at org.apache.tomcat.websocket.server.WsFilter.doFilter(WsFilter.java:52)
	at org.apache.catalina.core.ApplicationFilterChain.internalDoFilter(ApplicationFilterChain.java:241)
	at org.apache.catalina.core.ApplicationFilterChain.doFilter(ApplicationFilterChain.java:208)
	at org.apache.catalina.filters.SetCharacterEncodingFilter.doFilter(SetCharacterEncodingFilter.java:108)
	at org.apache.catalina.core.ApplicationFilterChain.internalDoFilter(ApplicationFilterChain.java:241)
	at org.apache.catalina.core.ApplicationFilterChain.doFilter(ApplicationFilterChain.java:208)
	at org.apache.catalina.core.StandardWrapperValve.invoke(StandardWrapperValve.java:218)
	at org.apache.catalina.core.StandardContextValve.invoke(StandardContextValve.java:122)
	at org.apache.catalina.authenticator.AuthenticatorBase.invoke(AuthenticatorBase.java:614)
	at org.apache.catalina.core.StandardHostValve.invoke(StandardHostValve.java:169)
	at org.apache.catalina.valves.ErrorReportValve.invoke(ErrorReportValve.java:103)
	at org.apache.catalina.valves.AccessLogValve.invoke(AccessLogValve.java:958)
	at org.apache.catalina.core.StandardEngineValve.invoke(StandardEngineValve.java:116)
	at org.apache.catalina.connector.CoyoteAdapter.service(CoyoteAdapter.java:452)
	at org.apache.coyote.http11.AbstractHttp11Processor.process(AbstractHttp11Processor.java:1087)
	at org.apache.coyote.AbstractProtocol$AbstractConnectionHandler.process(AbstractProtocol.java:637)
	at org.apache.tomcat.util.net.AprEndpoint$SocketProcessor.doRun(AprEndpoint.java:2517)
	at org.apache.tomcat.util.net.AprEndpoint$SocketProcessor.run(AprEndpoint.java:2506)
	at java.util.concurrent.ThreadPoolExecutor.runWorker(ThreadPoolExecutor.java:1145)
	at java.util.concurrent.ThreadPoolExecutor$Worker.run(ThreadPoolExecutor.java:615)
	at org.apache.tomcat.util.threads.TaskThread$WrappingRunnable.run(TaskThread.java:61)
	at java.lang.Thread.run(Thread.java:745)
Caused by: java.lang.OutOfMemoryError: PermGen space
	at java.lang.ClassLoader.defineClass1(Native Method)
	at java.lang.ClassLoader.defineClass(ClassLoader.java:800)
	at java.security.SecureClassLoader.defineClass(SecureClassLoader.java:142)
	at org.apache.catalina.loader.WebappClassLoaderBase.findClassInternal(WebappClassLoaderBase.java:3196)
	at org.apache.catalina.loader.WebappClassLoaderBase.findClass(WebappClassLoaderBase.java:1373)
	at org.apache.catalina.loader.WebappClassLoaderBase.loadClass(WebappClassLoaderBase.java:1861)
	at org.apache.catalina.loader.WebappClassLoaderBase.loadClass(WebappClassLoaderBase.java:1735)
	at org.apache.catalina.util.Introspection.loadClass(Introspection.java:143)
	at org.apache.catalina.startup.ContextConfig.checkHandlesTypes(ContextConfig.java:2209)
	at org.apache.catalina.startup.ContextConfig.processAnnotationsStream(ContextConfig.java:2120)
	at org.apache.catalina.startup.ContextConfig.processAnnotationsFile(ContextConfig.java:2094)
	at org.apache.catalina.startup.ContextConfig.processAnnotationsFile(ContextConfig.java:2086)
	at org.apache.catalina.startup.ContextConfig.webConfig(ContextConfig.java:1303)
	at org.apache.catalina.startup.ContextConfig.configureStart(ContextConfig.java:888)
	at org.apache.catalina.startup.ContextConfig.lifecycleEvent(ContextConfig.java:388)
	at org.apache.catalina.util.LifecycleSupport.fireLifecycleEvent(LifecycleSupport.java:117)
	at org.apache.catalina.util.LifecycleBase.fireLifecycleEvent(LifecycleBase.java:90)
	at org.apache.catalina.core.StandardContext.startInternal(StandardContext.java:5522)
	at org.apache.catalina.util.LifecycleBase.start(LifecycleBase.java:145)
	at org.apache.catalina.core.ContainerBase.addChildInternal(ContainerBase.java:899)
	at org.apache.catalina.core.ContainerBase.addChild(ContainerBase.java:875)
	at org.apache.catalina.core.StandardHost.addChild(StandardHost.java:652)
	at org.apache.catalina.startup.HostConfig.deployDescriptor(HostConfig.java:679)
	at org.apache.catalina.startup.HostConfig.deployApps(HostConfig.java:554)
	at org.apache.catalina.startup.HostConfig.check(HostConfig.java:1779)
	at sun.reflect.NativeMethodAccessorImpl.invoke0(Native Method)
	at sun.reflect.NativeMethodAccessorImpl.invoke(NativeMethodAccessorImpl.java:57)
	at sun.reflect.DelegatingMethodAccessorImpl.invoke(DelegatingMethodAccessorImpl.java:43)
	at java.lang.reflect.Method.invoke(Method.java:606)
	at org.apache.tomcat.util.modeler.BaseModelMBean.invoke(BaseModelMBean.java:301)
	at com.sun.jmx.interceptor.DefaultMBeanServerInterceptor.invoke(DefaultMBeanServerInterceptor.java:819)
	at com.sun.jmx.mbeanserver.JmxMBeanServer.invoke(JmxMBeanServer.java:801)

Jan 08, 2017 8:24:51 PM org.apache.catalina.core.ApplicationContext log
INFO: Manager: list: Listing contexts for virtual host 'localhost'
Jan 08, 2017 8:24:51 PM org.apache.catalina.core.ApplicationContext log
INFO: Manager: list: Listing contexts for virtual host 'localhost'
Jan 08, 2017 8:24:51 PM org.apache.catalina.core.ApplicationContext log
INFO: Manager: undeploy: Undeploying web application at '/AnhKyYeu'
Jan 08, 2017 8:24:51 PM org.apache.catalina.core.ApplicationContext log
INFO: Manager: install: Installing context configuration at 'file:/C:/Users/BVHIEN/AppData/Local/Temp/context7998145441946519061.xml'
Jan 08, 2017 8:28:52 PM org.apache.catalina.core.ApplicationContext log
INFO: Manager: init: Associated with Deployer 'Catalina:type=Deployer,host=localhost'
Jan 08, 2017 8:28:52 PM org.apache.catalina.core.ApplicationContext log
INFO: Manager: init: Global resources are available
Jan 08, 2017 8:28:52 PM org.apache.catalina.core.ApplicationContext log
INFO: Manager: list: Listing contexts for virtual host 'localhost'
Jan 08, 2017 8:28:52 PM org.apache.catalina.core.ApplicationContext log
INFO: Manager: list: Listing contexts for virtual host 'localhost'
Jan 08, 2017 8:28:52 PM org.apache.catalina.core.ApplicationContext log
INFO: Manager: undeploy: Undeploying web application at '/AnhKyYeu'
Jan 08, 2017 8:28:53 PM org.apache.catalina.core.ApplicationContext log
INFO: Manager: install: Installing context configuration at 'file:/C:/Users/BVHIEN/AppData/Local/Temp/context6660279795388023935.xml'
Jan 08, 2017 8:33:43 PM org.apache.catalina.core.ApplicationContext log
INFO: Manager: list: Listing contexts for virtual host 'localhost'
Jan 08, 2017 8:33:43 PM org.apache.catalina.core.ApplicationContext log
INFO: Manager: restart: Reloading web application '/AnhKyYeu'
Jan 08, 2017 8:34:22 PM org.apache.catalina.core.ApplicationContext log
INFO: Manager: list: Listing contexts for virtual host 'localhost'
Jan 08, 2017 8:34:22 PM org.apache.catalina.core.ApplicationContext log
INFO: Manager: restart: Reloading web application '/AnhKyYeu'
Jan 08, 2017 8:34:39 PM org.apache.catalina.core.ApplicationContext log
INFO: Manager: list: Listing contexts for virtual host 'localhost'
Jan 08, 2017 8:34:39 PM org.apache.catalina.core.ApplicationContext log
INFO: Manager: list: Listing contexts for virtual host 'localhost'
Jan 08, 2017 8:34:39 PM org.apache.catalina.core.ApplicationContext log
INFO: Manager: restart: Reloading web application '/AnhKyYeu'
Jan 08, 2017 8:37:42 PM org.apache.catalina.core.ApplicationContext log
INFO: Manager: list: Listing contexts for virtual host 'localhost'
Jan 08, 2017 8:37:42 PM org.apache.catalina.core.ApplicationContext log
INFO: Manager: restart: Reloading web application '/AnhKyYeu'
Jan 08, 2017 8:40:30 PM org.apache.catalina.core.ApplicationContext log
INFO: Manager: list: Listing contexts for virtual host 'localhost'
Jan 08, 2017 8:40:30 PM org.apache.catalina.core.ApplicationContext log
INFO: Manager: restart: Reloading web application '/AnhKyYeu'
Jan 08, 2017 8:43:42 PM org.apache.catalina.core.ApplicationContext log
INFO: Manager: init: Associated with Deployer 'Catalina:type=Deployer,host=localhost'
Jan 08, 2017 8:43:42 PM org.apache.catalina.core.ApplicationContext log
INFO: Manager: init: Global resources are available
Jan 08, 2017 8:43:42 PM org.apache.catalina.core.ApplicationContext log
INFO: Manager: list: Listing contexts for virtual host 'localhost'
Jan 08, 2017 8:43:42 PM org.apache.catalina.core.ApplicationContext log
INFO: Manager: list: Listing contexts for virtual host 'localhost'
Jan 08, 2017 8:43:43 PM org.apache.catalina.core.ApplicationContext log
INFO: Manager: restart: Reloading web application '/AnhKyYeu'
Jan 08, 2017 8:45:06 PM org.apache.catalina.core.ApplicationContext log
INFO: Manager: list: Listing contexts for virtual host 'localhost'
Jan 08, 2017 8:45:06 PM org.apache.catalina.core.ApplicationContext log
INFO: Manager: restart: Reloading web application '/AnhKyYeu'
Jan 08, 2017 8:45:49 PM org.apache.catalina.core.ApplicationContext log
INFO: Manager: list: Listing contexts for virtual host 'localhost'
Jan 08, 2017 8:45:49 PM org.apache.catalina.core.ApplicationContext log
INFO: Manager: restart: Reloading web application '/AnhKyYeu'
Jan 08, 2017 8:46:20 PM org.apache.catalina.core.ApplicationContext log
INFO: Manager: list: Listing contexts for virtual host 'localhost'
Jan 08, 2017 8:46:20 PM org.apache.catalina.core.ApplicationContext log
INFO: Manager: restart: Reloading web application '/AnhKyYeu'
Jan 08, 2017 8:50:33 PM org.apache.catalina.core.ApplicationContext log
INFO: Manager: init: Associated with Deployer 'Catalina:type=Deployer,host=localhost'
Jan 08, 2017 8:50:33 PM org.apache.catalina.core.ApplicationContext log
INFO: Manager: init: Global resources are available
Jan 08, 2017 8:50:33 PM org.apache.catalina.core.ApplicationContext log
INFO: Manager: list: Listing contexts for virtual host 'localhost'
Jan 08, 2017 8:50:33 PM org.apache.catalina.core.ApplicationContext log
INFO: Manager: list: Listing contexts for virtual host 'localhost'
Jan 08, 2017 8:50:33 PM org.apache.catalina.core.ApplicationContext log
INFO: Manager: undeploy: Undeploying web application at '/AnhKyYeu'
Jan 08, 2017 8:50:33 PM org.apache.catalina.core.ApplicationContext log
INFO: Manager: install: Installing context configuration at 'file:/C:/Users/BVHIEN/AppData/Local/Temp/context5036524704741071836.xml'
Jan 08, 2017 8:51:20 PM org.apache.catalina.core.ApplicationContext log
INFO: Manager: list: Listing contexts for virtual host 'localhost'
Jan 08, 2017 8:51:20 PM org.apache.catalina.core.ApplicationContext log
INFO: Manager: restart: Reloading web application '/AnhKyYeu'
Jan 08, 2017 8:53:14 PM org.apache.catalina.core.ApplicationContext log
INFO: Manager: list: Listing contexts for virtual host 'localhost'
Jan 08, 2017 8:53:14 PM org.apache.catalina.core.ApplicationContext log
INFO: Manager: restart: Reloading web application '/AnhKyYeu'
Jan 08, 2017 8:53:29 PM org.apache.catalina.core.ApplicationContext log
INFO: Manager: list: Listing contexts for virtual host 'localhost'
Jan 08, 2017 8:53:29 PM org.apache.catalina.core.ApplicationContext log
INFO: Manager: restart: Reloading web application '/AnhKyYeu'
Jan 08, 2017 8:53:52 PM org.apache.catalina.core.ApplicationContext log
INFO: Manager: list: Listing contexts for virtual host 'localhost'
Jan 08, 2017 8:53:52 PM org.apache.catalina.core.ApplicationContext log
INFO: Manager: restart: Reloading web application '/AnhKyYeu'
Jan 08, 2017 8:54:01 PM org.apache.catalina.core.ApplicationContext log
INFO: Manager: list: Listing contexts for virtual host 'localhost'
Jan 08, 2017 8:54:01 PM org.apache.catalina.core.ApplicationContext log
INFO: Manager: undeploy: Undeploying web application at '/AnhKyYeu'
Jan 08, 2017 8:54:19 PM org.apache.catalina.core.ApplicationContext log
INFO: Manager: list: Listing contexts for virtual host 'localhost'
Jan 08, 2017 8:54:19 PM org.apache.catalina.core.ApplicationContext log
INFO: Manager: list: Listing contexts for virtual host 'localhost'
Jan 08, 2017 8:54:19 PM org.apache.catalina.core.ApplicationContext log
INFO: Manager: install: Installing context configuration at 'file:/C:/Users/BVHIEN/AppData/Local/Temp/context3305085701238136750.xml'
Jan 08, 2017 8:54:21 PM org.apache.catalina.core.ApplicationContext log
INFO: Manager: start: Starting web application '/AnhKyYeu'
Jan 08, 2017 8:55:17 PM org.apache.catalina.core.ApplicationContext log
INFO: Manager: list: Listing contexts for virtual host 'localhost'
Jan 08, 2017 8:55:17 PM org.apache.catalina.core.ApplicationContext log
INFO: Manager: restart: Reloading web application '/AnhKyYeu'
