Jan 04, 2017 11:39:14 AM org.apache.catalina.core.ApplicationContext log
INFO: Manager: init: Associated with Deployer 'Catalina:type=Deployer,host=localhost'
Jan 04, 2017 11:39:14 AM org.apache.catalina.core.ApplicationContext log
INFO: Manager: init: Global resources are available
Jan 04, 2017 11:39:14 AM org.apache.catalina.core.ApplicationContext log
INFO: Manager: list: Listing contexts for virtual host 'localhost'
Jan 04, 2017 11:39:14 AM org.apache.catalina.core.ApplicationContext log
INFO: Manager: list: Listing contexts for virtual host 'localhost'
Jan 04, 2017 11:39:14 AM org.apache.catalina.core.ApplicationContext log
INFO: Manager: install: Installing context configuration at 'file:/C:/Users/BVHIEN/AppData/Local/Temp/context8593896147109713164.xml'
Jan 04, 2017 11:39:14 AM org.apache.catalina.core.ApplicationContext log
INFO: Manager: start: Starting web application '/AnhKyYeu'
Jan 04, 2017 11:40:00 AM org.apache.catalina.core.ApplicationContext log
INFO: Manager: list: Listing contexts for virtual host 'localhost'
Jan 04, 2017 11:40:00 AM org.apache.catalina.core.ApplicationContext log
INFO: Manager: list: Listing contexts for virtual host 'localhost'
Jan 04, 2017 11:40:27 AM org.apache.catalina.core.ApplicationContext log
INFO: Manager: list: Listing contexts for virtual host 'localhost'
Jan 04, 2017 11:41:15 AM org.apache.catalina.core.ApplicationContext log
INFO: Manager: list: Listing contexts for virtual host 'localhost'
Jan 04, 2017 11:42:03 AM org.apache.catalina.core.ApplicationContext log
INFO: Manager: list: Listing contexts for virtual host 'localhost'
Jan 04, 2017 11:42:13 AM org.apache.catalina.core.ApplicationContext log
INFO: Manager: list: Listing contexts for virtual host 'localhost'
Jan 04, 2017 11:43:21 AM org.apache.catalina.core.ApplicationContext log
INFO: Manager: list: Listing contexts for virtual host 'localhost'
Jan 04, 2017 11:43:21 AM org.apache.catalina.core.ApplicationContext log
INFO: Manager: undeploy: Undeploying web application at '/AnhKyYeu'
Jan 04, 2017 11:44:24 AM org.apache.catalina.core.ApplicationContext log
INFO: Manager: init: Associated with Deployer 'Catalina:type=Deployer,host=localhost'
Jan 04, 2017 11:44:24 AM org.apache.catalina.core.ApplicationContext log
INFO: Manager: init: Global resources are available
Jan 04, 2017 11:44:24 AM org.apache.catalina.core.ApplicationContext log
INFO: Manager: list: Listing contexts for virtual host 'localhost'
Jan 04, 2017 11:45:05 AM org.apache.catalina.core.ApplicationContext log
INFO: Manager: list: Listing contexts for virtual host 'localhost'
Jan 04, 2017 11:45:05 AM org.apache.catalina.core.ApplicationContext log
INFO: Manager: list: Listing contexts for virtual host 'localhost'
Jan 04, 2017 11:45:05 AM org.apache.catalina.core.ApplicationContext log
INFO: Manager: install: Installing context configuration at 'file:/C:/Users/BVHIEN/AppData/Local/Temp/context6844840704167704728.xml'
Jan 04, 2017 11:45:07 AM org.apache.catalina.core.ApplicationContext log
INFO: Manager: start: Starting web application '/AnhKyYeu'
Jan 04, 2017 11:46:57 AM org.apache.catalina.core.ApplicationContext log
INFO: Manager: list: Listing contexts for virtual host 'localhost'
Jan 04, 2017 11:46:59 AM org.apache.catalina.core.ApplicationContext log
INFO: Manager: list: Listing contexts for virtual host 'localhost'
Jan 04, 2017 11:46:59 AM org.apache.catalina.core.ApplicationContext log
INFO: Manager: restart: Reloading web application '/AnhKyYeu'
Jan 04, 2017 11:47:05 AM org.apache.catalina.core.ApplicationContext log
INFO: Manager: list: Listing contexts for virtual host 'localhost'
Jan 04, 2017 11:47:07 AM org.apache.catalina.core.ApplicationContext log
INFO: Manager: list: Listing contexts for virtual host 'localhost'
Jan 04, 2017 11:47:07 AM org.apache.catalina.core.ApplicationContext log
INFO: Manager: restart: Reloading web application '/AnhKyYeu'
Jan 04, 2017 11:47:36 AM org.apache.catalina.core.ApplicationContext log
INFO: Manager: list: Listing contexts for virtual host 'localhost'
Jan 04, 2017 11:47:36 AM org.apache.catalina.core.ApplicationContext log
INFO: Manager: list: Listing contexts for virtual host 'localhost'
Jan 04, 2017 11:47:36 AM org.apache.catalina.core.ApplicationContext log
INFO: Manager: restart: Reloading web application '/AnhKyYeu'
Jan 04, 2017 11:47:57 AM org.apache.catalina.core.ApplicationContext log
INFO: Manager: list: Listing contexts for virtual host 'localhost'
Jan 04, 2017 11:47:57 AM org.apache.catalina.core.ApplicationContext log
INFO: Manager: list: Listing contexts for virtual host 'localhost'
Jan 04, 2017 11:49:06 AM org.apache.catalina.core.ApplicationContext log
INFO: Manager: list: Listing contexts for virtual host 'localhost'
Jan 04, 2017 11:49:23 AM org.apache.catalina.core.ApplicationContext log
INFO: Manager: list: Listing contexts for virtual host 'localhost'
Jan 04, 2017 11:49:47 AM org.apache.catalina.core.ApplicationContext log
INFO: Manager: list: Listing contexts for virtual host 'localhost'
Jan 04, 2017 11:50:54 AM org.apache.catalina.core.ApplicationContext log
INFO: Manager: list: Listing contexts for virtual host 'localhost'
Jan 04, 2017 11:51:49 AM org.apache.catalina.core.ApplicationContext log
INFO: Manager: list: Listing contexts for virtual host 'localhost'
Jan 04, 2017 11:52:58 AM org.apache.catalina.core.ApplicationContext log
INFO: Manager: list: Listing contexts for virtual host 'localhost'
Jan 04, 2017 11:53:21 AM org.apache.catalina.core.ApplicationContext log
INFO: Manager: list: Listing contexts for virtual host 'localhost'
Jan 04, 2017 11:53:23 AM org.apache.catalina.core.ApplicationContext log
INFO: Manager: list: Listing contexts for virtual host 'localhost'
Jan 04, 2017 11:54:24 AM org.apache.catalina.core.ApplicationContext log
INFO: Manager: list: Listing contexts for virtual host 'localhost'
Jan 04, 2017 11:54:45 AM org.apache.catalina.core.ApplicationContext log
INFO: Manager: list: Listing contexts for virtual host 'localhost'
Jan 04, 2017 11:57:14 AM org.apache.catalina.core.ApplicationContext log
INFO: Manager: list: Listing contexts for virtual host 'localhost'
Jan 04, 2017 11:57:15 AM org.apache.catalina.core.ApplicationContext log
INFO: Manager: list: Listing contexts for virtual host 'localhost'
Jan 04, 2017 11:57:15 AM org.apache.catalina.core.ApplicationContext log
INFO: Manager: list: Listing contexts for virtual host 'localhost'
Jan 04, 2017 11:57:16 AM org.apache.catalina.core.ApplicationContext log
INFO: Manager: list: Listing contexts for virtual host 'localhost'
Jan 04, 2017 11:57:16 AM org.apache.catalina.core.ApplicationContext log
INFO: Manager: list: Listing contexts for virtual host 'localhost'
Jan 04, 2017 11:57:16 AM org.apache.catalina.core.ApplicationContext log
INFO: Manager: list: Listing contexts for virtual host 'localhost'
Jan 04, 2017 11:57:16 AM org.apache.catalina.core.ApplicationContext log
INFO: Manager: list: Listing contexts for virtual host 'localhost'
Jan 04, 2017 11:57:16 AM org.apache.catalina.core.ApplicationContext log
INFO: Manager: list: Listing contexts for virtual host 'localhost'
Jan 04, 2017 11:57:17 AM org.apache.catalina.core.ApplicationContext log
INFO: Manager: list: Listing contexts for virtual host 'localhost'
Jan 04, 2017 12:02:14 PM org.apache.catalina.core.ApplicationContext log
INFO: Manager: init: Associated with Deployer 'Catalina:type=Deployer,host=localhost'
Jan 04, 2017 12:02:14 PM org.apache.catalina.core.ApplicationContext log
INFO: Manager: init: Global resources are available
Jan 04, 2017 12:02:14 PM org.apache.catalina.core.ApplicationContext log
INFO: Manager: list: Listing contexts for virtual host 'localhost'
Jan 04, 2017 12:02:14 PM org.apache.catalina.core.ApplicationContext log
INFO: Manager: list: Listing contexts for virtual host 'localhost'
Jan 04, 2017 12:03:46 PM org.apache.catalina.core.ApplicationContext log
INFO: Manager: list: Listing contexts for virtual host 'localhost'
Jan 04, 2017 12:03:46 PM org.apache.catalina.core.ApplicationContext log
INFO: Manager: list: Listing contexts for virtual host 'localhost'
Jan 04, 2017 12:03:46 PM org.apache.catalina.core.ApplicationContext log
INFO: Manager: list: Listing contexts for virtual host 'localhost'
Jan 04, 2017 12:03:46 PM org.apache.catalina.core.ApplicationContext log
INFO: Manager: list: Listing contexts for virtual host 'localhost'
Jan 04, 2017 12:03:46 PM org.apache.catalina.core.ApplicationContext log
INFO: Manager: list: Listing contexts for virtual host 'localhost'
Jan 04, 2017 12:03:46 PM org.apache.catalina.core.ApplicationContext log
INFO: Manager: list: Listing contexts for virtual host 'localhost'
Jan 04, 2017 12:03:46 PM org.apache.catalina.core.ApplicationContext log
INFO: Manager: list: Listing contexts for virtual host 'localhost'
Jan 04, 2017 12:03:47 PM org.apache.catalina.core.ApplicationContext log
INFO: Manager: list: Listing contexts for virtual host 'localhost'
Jan 04, 2017 12:03:47 PM org.apache.catalina.core.ApplicationContext log
INFO: Manager: list: Listing contexts for virtual host 'localhost'
Jan 04, 2017 12:03:47 PM org.apache.catalina.core.ApplicationContext log
INFO: Manager: list: Listing contexts for virtual host 'localhost'
Jan 04, 2017 12:03:47 PM org.apache.catalina.core.ApplicationContext log
INFO: Manager: list: Listing contexts for virtual host 'localhost'
Jan 04, 2017 12:03:47 PM org.apache.catalina.core.ApplicationContext log
INFO: Manager: list: Listing contexts for virtual host 'localhost'
Jan 04, 2017 12:03:47 PM org.apache.catalina.core.ApplicationContext log
INFO: Manager: list: Listing contexts for virtual host 'localhost'
Jan 04, 2017 12:03:48 PM org.apache.catalina.core.ApplicationContext log
INFO: Manager: list: Listing contexts for virtual host 'localhost'
Jan 04, 2017 12:03:48 PM org.apache.catalina.core.ApplicationContext log
INFO: Manager: list: Listing contexts for virtual host 'localhost'
Jan 04, 2017 12:04:45 PM org.apache.catalina.core.ApplicationContext log
INFO: Manager: list: Listing contexts for virtual host 'localhost'
Jan 04, 2017 12:04:45 PM org.apache.catalina.core.ApplicationContext log
INFO: Manager: list: Listing contexts for virtual host 'localhost'
Jan 04, 2017 12:54:22 PM org.apache.catalina.core.ApplicationContext log
INFO: Manager: list: Listing contexts for virtual host 'localhost'
Jan 04, 2017 12:54:22 PM org.apache.catalina.core.ApplicationContext log
INFO: Manager: list: Listing contexts for virtual host 'localhost'
Jan 04, 2017 12:56:25 PM org.apache.catalina.core.ApplicationContext log
INFO: Manager: list: Listing contexts for virtual host 'localhost'
Jan 04, 2017 12:56:25 PM org.apache.catalina.core.ApplicationContext log
INFO: Manager: undeploy: Undeploying web application at '/AnhKyYeu'
Jan 04, 2017 12:57:24 PM org.apache.catalina.core.ApplicationContext log
INFO: Manager: init: Associated with Deployer 'Catalina:type=Deployer,host=localhost'
Jan 04, 2017 12:57:24 PM org.apache.catalina.core.ApplicationContext log
INFO: Manager: init: Global resources are available
Jan 04, 2017 12:57:24 PM org.apache.catalina.core.ApplicationContext log
INFO: Manager: list: Listing contexts for virtual host 'localhost'
Jan 04, 2017 12:57:24 PM org.apache.catalina.core.ApplicationContext log
INFO: Manager: list: Listing contexts for virtual host 'localhost'
Jan 04, 2017 12:57:24 PM org.apache.catalina.core.ApplicationContext log
INFO: Manager: install: Installing context configuration at 'file:/C:/Users/BVHIEN/AppData/Local/Temp/context5362387628217528305.xml'
Jan 04, 2017 12:57:24 PM org.apache.catalina.core.ApplicationContext log
INFO: Manager: start: Starting web application '/AnhKyYeu'
Jan 04, 2017 12:57:37 PM org.apache.catalina.core.ApplicationContext log
INFO: Manager: list: Listing contexts for virtual host 'localhost'
Jan 04, 2017 12:57:37 PM org.apache.catalina.core.ApplicationContext log
INFO: Manager: list: Listing contexts for virtual host 'localhost'
Jan 04, 2017 1:00:13 PM org.apache.catalina.core.ApplicationContext log
INFO: Manager: list: Listing contexts for virtual host 'localhost'
Jan 04, 2017 1:01:47 PM org.apache.catalina.core.ApplicationContext log
INFO: Manager: list: Listing contexts for virtual host 'localhost'
Jan 04, 2017 1:02:07 PM org.apache.catalina.core.ApplicationContext log
INFO: Manager: list: Listing contexts for virtual host 'localhost'
Jan 04, 2017 1:05:25 PM org.apache.catalina.core.ApplicationContext log
INFO: Manager: list: Listing contexts for virtual host 'localhost'
Jan 04, 2017 1:05:51 PM org.apache.catalina.core.ApplicationContext log
INFO: Manager: list: Listing contexts for virtual host 'localhost'
Jan 04, 2017 1:07:03 PM org.apache.catalina.core.ApplicationContext log
INFO: Manager: list: Listing contexts for virtual host 'localhost'
Jan 04, 2017 1:07:26 PM org.apache.catalina.core.ApplicationContext log
INFO: Manager: list: Listing contexts for virtual host 'localhost'
Jan 04, 2017 1:07:39 PM org.apache.catalina.core.ApplicationContext log
INFO: Manager: list: Listing contexts for virtual host 'localhost'
Jan 04, 2017 1:07:46 PM org.apache.catalina.core.ApplicationContext log
INFO: Manager: list: Listing contexts for virtual host 'localhost'
Jan 04, 2017 1:08:00 PM org.apache.catalina.core.ApplicationContext log
INFO: Manager: list: Listing contexts for virtual host 'localhost'
Jan 04, 2017 1:08:15 PM org.apache.catalina.core.ApplicationContext log
INFO: Manager: list: Listing contexts for virtual host 'localhost'
Jan 04, 2017 1:11:15 PM org.apache.catalina.core.ApplicationContext log
INFO: Manager: list: Listing contexts for virtual host 'localhost'
Jan 04, 2017 1:11:28 PM org.apache.catalina.core.ApplicationContext log
INFO: Manager: list: Listing contexts for virtual host 'localhost'
Jan 04, 2017 1:11:50 PM org.apache.catalina.core.ApplicationContext log
INFO: Manager: list: Listing contexts for virtual host 'localhost'
Jan 04, 2017 1:15:15 PM org.apache.catalina.core.ApplicationContext log
INFO: Manager: list: Listing contexts for virtual host 'localhost'
Jan 04, 2017 1:15:26 PM org.apache.catalina.core.ApplicationContext log
INFO: Manager: list: Listing contexts for virtual host 'localhost'
Jan 04, 2017 1:15:48 PM org.apache.catalina.core.ApplicationContext log
INFO: Manager: list: Listing contexts for virtual host 'localhost'
Jan 04, 2017 1:16:00 PM org.apache.catalina.core.ApplicationContext log
INFO: Manager: list: Listing contexts for virtual host 'localhost'
Jan 04, 2017 1:16:19 PM org.apache.catalina.core.ApplicationContext log
INFO: Manager: list: Listing contexts for virtual host 'localhost'
Jan 04, 2017 1:16:27 PM org.apache.catalina.core.ApplicationContext log
INFO: Manager: list: Listing contexts for virtual host 'localhost'
Jan 04, 2017 1:16:40 PM org.apache.catalina.core.ApplicationContext log
INFO: Manager: list: Listing contexts for virtual host 'localhost'
Jan 04, 2017 1:17:04 PM org.apache.catalina.core.ApplicationContext log
INFO: Manager: list: Listing contexts for virtual host 'localhost'
Jan 04, 2017 1:17:20 PM org.apache.catalina.core.ApplicationContext log
INFO: Manager: list: Listing contexts for virtual host 'localhost'
Jan 04, 2017 1:17:31 PM org.apache.catalina.core.ApplicationContext log
INFO: Manager: list: Listing contexts for virtual host 'localhost'
Jan 04, 2017 1:18:41 PM org.apache.catalina.core.ApplicationContext log
INFO: Manager: list: Listing contexts for virtual host 'localhost'
Jan 04, 2017 1:18:49 PM org.apache.catalina.core.ApplicationContext log
INFO: Manager: list: Listing contexts for virtual host 'localhost'
Jan 04, 2017 1:20:27 PM org.apache.catalina.core.ApplicationContext log
INFO: Manager: list: Listing contexts for virtual host 'localhost'
Jan 04, 2017 1:20:27 PM org.apache.catalina.core.ApplicationContext log
INFO: Manager: list: Listing contexts for virtual host 'localhost'
Jan 04, 2017 1:28:32 PM org.apache.catalina.core.ApplicationContext log
INFO: Manager: init: Associated with Deployer 'Catalina:type=Deployer,host=localhost'
Jan 04, 2017 1:28:32 PM org.apache.catalina.core.ApplicationContext log
INFO: Manager: init: Global resources are available
Jan 04, 2017 1:28:32 PM org.apache.catalina.core.ApplicationContext log
INFO: Manager: list: Listing contexts for virtual host 'localhost'
Jan 04, 2017 1:28:32 PM org.apache.catalina.core.ApplicationContext log
INFO: Manager: list: Listing contexts for virtual host 'localhost'
Jan 04, 2017 1:28:32 PM org.apache.catalina.core.ApplicationContext log
INFO: Manager: undeploy: Undeploying web application at '/AnhKyYeu'
Jan 04, 2017 1:28:33 PM org.apache.catalina.core.ApplicationContext log
INFO: Manager: install: Installing context configuration at 'file:/C:/Users/BVHIEN/AppData/Local/Temp/context6422440103295162422.xml'
Jan 04, 2017 1:30:05 PM org.apache.catalina.core.ApplicationContext log
INFO: Manager: list: Listing contexts for virtual host 'localhost'
Jan 04, 2017 1:30:32 PM org.apache.catalina.core.ApplicationContext log
INFO: Manager: list: Listing contexts for virtual host 'localhost'
Jan 04, 2017 1:30:32 PM org.apache.catalina.core.ApplicationContext log
INFO: Manager: undeploy: Undeploying web application at '/AnhKyYeu'
Jan 04, 2017 1:31:47 PM org.apache.catalina.core.ApplicationContext log
INFO: Manager: list: Listing contexts for virtual host 'localhost'
Jan 04, 2017 1:31:47 PM org.apache.catalina.core.ApplicationContext log
INFO: Manager: list: Listing contexts for virtual host 'localhost'
Jan 04, 2017 1:31:47 PM org.apache.catalina.core.ApplicationContext log
INFO: Manager: install: Installing context configuration at 'file:/C:/Users/BVHIEN/AppData/Local/Temp/context7762803036794409163.xml'
Jan 04, 2017 1:31:47 PM org.apache.catalina.core.ApplicationContext log
INFO: Manager: start: Starting web application '/AnhKyYeu'
Jan 04, 2017 1:36:56 PM org.apache.catalina.core.ApplicationContext log
INFO: Manager: list: Listing contexts for virtual host 'localhost'
Jan 04, 2017 1:36:57 PM org.apache.catalina.core.ApplicationContext log
INFO: Manager: list: Listing contexts for virtual host 'localhost'
Jan 04, 2017 1:37:15 PM org.apache.catalina.core.ApplicationContext log
INFO: Manager: list: Listing contexts for virtual host 'localhost'
Jan 04, 2017 1:39:24 PM org.apache.catalina.core.ApplicationContext log
INFO: Manager: list: Listing contexts for virtual host 'localhost'
Jan 04, 2017 1:40:20 PM org.apache.catalina.core.ApplicationContext log
INFO: Manager: list: Listing contexts for virtual host 'localhost'
Jan 04, 2017 1:40:26 PM org.apache.catalina.core.ApplicationContext log
INFO: Manager: list: Listing contexts for virtual host 'localhost'
Jan 04, 2017 1:40:32 PM org.apache.catalina.core.ApplicationContext log
INFO: Manager: list: Listing contexts for virtual host 'localhost'
Jan 04, 2017 1:44:47 PM org.apache.catalina.core.ApplicationContext log
INFO: Manager: list: Listing contexts for virtual host 'localhost'
Jan 04, 2017 1:45:01 PM org.apache.catalina.core.ApplicationContext log
INFO: Manager: list: Listing contexts for virtual host 'localhost'
Jan 04, 2017 1:45:23 PM org.apache.catalina.core.ApplicationContext log
INFO: Manager: list: Listing contexts for virtual host 'localhost'
Jan 04, 2017 1:45:36 PM org.apache.catalina.core.ApplicationContext log
INFO: Manager: list: Listing contexts for virtual host 'localhost'
Jan 04, 2017 1:46:34 PM org.apache.catalina.core.ApplicationContext log
INFO: Manager: list: Listing contexts for virtual host 'localhost'
Jan 04, 2017 1:46:50 PM org.apache.catalina.core.ApplicationContext log
INFO: Manager: list: Listing contexts for virtual host 'localhost'
Jan 04, 2017 1:47:28 PM org.apache.catalina.core.ApplicationContext log
INFO: Manager: list: Listing contexts for virtual host 'localhost'
Jan 04, 2017 1:48:13 PM org.apache.catalina.core.ApplicationContext log
INFO: Manager: list: Listing contexts for virtual host 'localhost'
Jan 04, 2017 1:49:26 PM org.apache.catalina.core.ApplicationContext log
INFO: Manager: list: Listing contexts for virtual host 'localhost'
Jan 04, 2017 1:51:24 PM org.apache.catalina.core.ApplicationContext log
INFO: Manager: list: Listing contexts for virtual host 'localhost'
Jan 04, 2017 1:53:43 PM org.apache.catalina.core.ApplicationContext log
INFO: Manager: list: Listing contexts for virtual host 'localhost'
Jan 04, 2017 1:53:43 PM org.apache.catalina.core.ApplicationContext log
INFO: Manager: list: Listing contexts for virtual host 'localhost'
Jan 04, 2017 1:54:11 PM org.apache.catalina.core.ApplicationContext log
INFO: Manager: list: Listing contexts for virtual host 'localhost'
Jan 04, 2017 1:55:15 PM org.apache.catalina.core.ApplicationContext log
INFO: Manager: list: Listing contexts for virtual host 'localhost'
Jan 04, 2017 1:59:15 PM org.apache.catalina.core.ApplicationContext log
INFO: Manager: list: Listing contexts for virtual host 'localhost'
Jan 04, 2017 1:59:48 PM org.apache.catalina.core.ApplicationContext log
INFO: Manager: list: Listing contexts for virtual host 'localhost'
Jan 04, 2017 2:00:12 PM org.apache.catalina.core.ApplicationContext log
INFO: Manager: list: Listing contexts for virtual host 'localhost'
Jan 04, 2017 2:01:02 PM org.apache.catalina.core.ApplicationContext log
INFO: Manager: list: Listing contexts for virtual host 'localhost'
Jan 04, 2017 2:01:19 PM org.apache.catalina.core.ApplicationContext log
INFO: Manager: list: Listing contexts for virtual host 'localhost'
Jan 04, 2017 2:01:26 PM org.apache.catalina.core.ApplicationContext log
INFO: Manager: list: Listing contexts for virtual host 'localhost'
Jan 04, 2017 2:01:29 PM org.apache.catalina.core.ApplicationContext log
INFO: Manager: list: Listing contexts for virtual host 'localhost'
Jan 04, 2017 2:01:53 PM org.apache.catalina.core.ApplicationContext log
INFO: Manager: list: Listing contexts for virtual host 'localhost'
Jan 04, 2017 2:02:37 PM org.apache.catalina.core.ApplicationContext log
INFO: Manager: list: Listing contexts for virtual host 'localhost'
Jan 04, 2017 2:02:40 PM org.apache.catalina.core.ApplicationContext log
INFO: Manager: list: Listing contexts for virtual host 'localhost'
Jan 04, 2017 2:02:46 PM org.apache.catalina.core.ApplicationContext log
INFO: Manager: list: Listing contexts for virtual host 'localhost'
Jan 04, 2017 2:04:16 PM org.apache.catalina.core.ApplicationContext log
INFO: Manager: list: Listing contexts for virtual host 'localhost'
Jan 04, 2017 2:04:39 PM org.apache.catalina.core.ApplicationContext log
INFO: Manager: list: Listing contexts for virtual host 'localhost'
Jan 04, 2017 2:04:51 PM org.apache.catalina.core.ApplicationContext log
INFO: Manager: list: Listing contexts for virtual host 'localhost'
Jan 04, 2017 2:07:10 PM org.apache.catalina.core.ApplicationContext log
INFO: Manager: list: Listing contexts for virtual host 'localhost'
Jan 04, 2017 2:08:48 PM org.apache.catalina.core.ApplicationContext log
INFO: Manager: list: Listing contexts for virtual host 'localhost'
Jan 04, 2017 2:21:58 PM org.apache.catalina.core.ApplicationContext log
INFO: Manager: list: Listing contexts for virtual host 'localhost'
Jan 04, 2017 2:22:24 PM org.apache.catalina.core.ApplicationContext log
INFO: Manager: list: Listing contexts for virtual host 'localhost'
Jan 04, 2017 2:22:37 PM org.apache.catalina.core.ApplicationContext log
INFO: Manager: list: Listing contexts for virtual host 'localhost'
Jan 04, 2017 2:22:53 PM org.apache.catalina.core.ApplicationContext log
INFO: Manager: list: Listing contexts for virtual host 'localhost'
Jan 04, 2017 2:25:14 PM org.apache.catalina.core.ApplicationContext log
INFO: Manager: list: Listing contexts for virtual host 'localhost'
Jan 04, 2017 2:25:16 PM org.apache.catalina.core.ApplicationContext log
INFO: Manager: list: Listing contexts for virtual host 'localhost'
Jan 04, 2017 2:25:36 PM org.apache.catalina.core.ApplicationContext log
INFO: Manager: list: Listing contexts for virtual host 'localhost'
Jan 04, 2017 2:25:56 PM org.apache.catalina.core.ApplicationContext log
INFO: Manager: list: Listing contexts for virtual host 'localhost'
Jan 04, 2017 2:26:28 PM org.apache.catalina.core.ApplicationContext log
INFO: Manager: list: Listing contexts for virtual host 'localhost'
Jan 04, 2017 2:26:43 PM org.apache.catalina.core.ApplicationContext log
INFO: Manager: list: Listing contexts for virtual host 'localhost'
Jan 04, 2017 2:27:36 PM org.apache.catalina.core.ApplicationContext log
INFO: Manager: list: Listing contexts for virtual host 'localhost'
Jan 04, 2017 2:27:53 PM org.apache.catalina.core.ApplicationContext log
INFO: Manager: list: Listing contexts for virtual host 'localhost'
Jan 04, 2017 2:27:53 PM org.apache.catalina.core.ApplicationContext log
INFO: Manager: restart: Reloading web application '/AnhKyYeu'
Jan 04, 2017 2:29:01 PM org.apache.catalina.core.ApplicationContext log
INFO: Manager: list: Listing contexts for virtual host 'localhost'
Jan 04, 2017 2:29:01 PM org.apache.catalina.core.ApplicationContext log
INFO: Manager: restart: Reloading web application '/AnhKyYeu'
Jan 04, 2017 2:29:02 PM org.apache.catalina.core.ApplicationContext log
INFO: Manager: list: Listing contexts for virtual host 'localhost'
Jan 04, 2017 2:29:02 PM org.apache.catalina.core.ApplicationContext log
INFO: Manager: restart: Reloading web application '/AnhKyYeu'
Jan 04, 2017 2:29:40 PM org.apache.catalina.core.ApplicationContext log
INFO: Manager: list: Listing contexts for virtual host 'localhost'
Jan 04, 2017 2:29:40 PM org.apache.catalina.core.ApplicationContext log
INFO: Manager: restart: Reloading web application '/AnhKyYeu'
Jan 04, 2017 2:30:01 PM org.apache.catalina.core.ApplicationContext log
INFO: Manager: list: Listing contexts for virtual host 'localhost'
Jan 04, 2017 2:30:01 PM org.apache.catalina.core.ApplicationContext log
INFO: Manager: restart: Reloading web application '/AnhKyYeu'
Jan 04, 2017 2:30:08 PM org.apache.catalina.core.ApplicationContext log
INFO: Manager: list: Listing contexts for virtual host 'localhost'
Jan 04, 2017 2:30:08 PM org.apache.catalina.core.ApplicationContext log
INFO: Manager: restart: Reloading web application '/AnhKyYeu'
Jan 04, 2017 2:30:12 PM org.apache.catalina.core.ApplicationContext log
INFO: Manager: list: Listing contexts for virtual host 'localhost'
Jan 04, 2017 2:30:12 PM org.apache.catalina.core.ApplicationContext log
INFO: Manager: restart: Reloading web application '/AnhKyYeu'
Jan 04, 2017 2:30:30 PM org.apache.catalina.core.ApplicationContext log
INFO: Manager: list: Listing contexts for virtual host 'localhost'
Jan 04, 2017 2:32:21 PM org.apache.catalina.core.ApplicationContext log
INFO: Manager: list: Listing contexts for virtual host 'localhost'
Jan 04, 2017 2:33:27 PM org.apache.catalina.core.ApplicationContext log
INFO: Manager: list: Listing contexts for virtual host 'localhost'
Jan 04, 2017 2:34:51 PM org.apache.catalina.core.ApplicationContext log
INFO: Manager: list: Listing contexts for virtual host 'localhost'
Jan 04, 2017 2:35:32 PM org.apache.catalina.core.ApplicationContext log
INFO: Manager: list: Listing contexts for virtual host 'localhost'
Jan 04, 2017 2:36:08 PM org.apache.catalina.core.ApplicationContext log
INFO: Manager: list: Listing contexts for virtual host 'localhost'
Jan 04, 2017 2:36:08 PM org.apache.catalina.core.ApplicationContext log
INFO: Manager: restart: Reloading web application '/AnhKyYeu'
Jan 04, 2017 2:36:27 PM org.apache.catalina.core.ApplicationContext log
INFO: Manager: list: Listing contexts for virtual host 'localhost'
Jan 04, 2017 2:36:27 PM org.apache.catalina.core.ApplicationContext log
INFO: Manager: list: Listing contexts for virtual host 'localhost'
Jan 04, 2017 2:36:27 PM org.apache.catalina.core.ApplicationContext log
INFO: Manager: restart: Reloading web application '/AnhKyYeu'
Jan 04, 2017 2:37:37 PM org.apache.catalina.core.ApplicationContext log
INFO: Manager: list: Listing contexts for virtual host 'localhost'
Jan 04, 2017 2:38:26 PM org.apache.catalina.core.ApplicationContext log
INFO: Manager: list: Listing contexts for virtual host 'localhost'
Jan 04, 2017 2:39:18 PM org.apache.catalina.core.ApplicationContext log
INFO: Manager: list: Listing contexts for virtual host 'localhost'
Jan 04, 2017 2:40:15 PM org.apache.catalina.core.ApplicationContext log
INFO: Manager: list: Listing contexts for virtual host 'localhost'
Jan 04, 2017 2:40:21 PM org.apache.catalina.core.ApplicationContext log
INFO: Manager: list: Listing contexts for virtual host 'localhost'
Jan 04, 2017 2:40:22 PM org.apache.catalina.core.ApplicationContext log
INFO: Manager: list: Listing contexts for virtual host 'localhost'
Jan 04, 2017 2:40:53 PM org.apache.catalina.core.ApplicationContext log
INFO: Manager: list: Listing contexts for virtual host 'localhost'
Jan 04, 2017 2:41:20 PM org.apache.catalina.core.ApplicationContext log
INFO: Manager: list: Listing contexts for virtual host 'localhost'
Jan 04, 2017 2:44:11 PM org.apache.catalina.core.ApplicationContext log
INFO: Manager: list: Listing contexts for virtual host 'localhost'
Jan 04, 2017 2:44:11 PM org.apache.catalina.core.ApplicationContext log
INFO: Manager: restart: Reloading web application '/AnhKyYeu'
Jan 04, 2017 2:45:29 PM org.apache.catalina.core.ApplicationContext log
INFO: Manager: list: Listing contexts for virtual host 'localhost'
Jan 04, 2017 2:45:57 PM org.apache.catalina.core.ApplicationContext log
INFO: Manager: list: Listing contexts for virtual host 'localhost'
Jan 04, 2017 2:50:32 PM org.apache.catalina.core.ApplicationContext log
INFO: Manager: list: Listing contexts for virtual host 'localhost'
Jan 04, 2017 2:54:05 PM org.apache.catalina.core.ApplicationContext log
INFO: Manager: list: Listing contexts for virtual host 'localhost'
Jan 04, 2017 2:54:37 PM org.apache.catalina.core.ApplicationContext log
INFO: Manager: list: Listing contexts for virtual host 'localhost'
Jan 04, 2017 2:55:15 PM org.apache.catalina.core.ApplicationContext log
INFO: Manager: list: Listing contexts for virtual host 'localhost'
Jan 04, 2017 2:58:48 PM org.apache.catalina.core.ApplicationContext log
INFO: Manager: list: Listing contexts for virtual host 'localhost'
Jan 04, 2017 2:58:48 PM org.apache.catalina.core.ApplicationContext log
INFO: Manager: restart: Reloading web application '/AnhKyYeu'
Jan 04, 2017 2:58:51 PM org.apache.catalina.core.ApplicationContext log
INFO: Manager: list: Listing contexts for virtual host 'localhost'
Jan 04, 2017 2:58:51 PM org.apache.catalina.core.ApplicationContext log
INFO: Manager: restart: Reloading web application '/AnhKyYeu'
Jan 04, 2017 3:00:17 PM org.apache.catalina.core.ApplicationContext log
INFO: Manager: list: Listing contexts for virtual host 'localhost'
Jan 04, 2017 3:00:17 PM org.apache.catalina.core.ApplicationContext log
INFO: Manager: restart: Reloading web application '/AnhKyYeu'
Jan 04, 2017 3:00:54 PM org.apache.catalina.core.ApplicationContext log
INFO: Manager: list: Listing contexts for virtual host 'localhost'
Jan 04, 2017 3:00:54 PM org.apache.catalina.core.ApplicationContext log
INFO: Manager: restart: Reloading web application '/AnhKyYeu'
Jan 04, 2017 3:01:17 PM org.apache.catalina.core.ApplicationContext log
INFO: Manager: list: Listing contexts for virtual host 'localhost'
Jan 04, 2017 3:01:17 PM org.apache.catalina.core.ApplicationContext log
INFO: Manager: restart: Reloading web application '/AnhKyYeu'
Jan 04, 2017 3:01:20 PM org.apache.catalina.core.ApplicationContext log
INFO: Manager: list: Listing contexts for virtual host 'localhost'
Jan 04, 2017 3:01:20 PM org.apache.catalina.core.ApplicationContext log
INFO: Manager: restart: Reloading web application '/AnhKyYeu'
Jan 04, 2017 3:01:23 PM org.apache.catalina.core.ApplicationContext log
INFO: Manager: list: Listing contexts for virtual host 'localhost'
Jan 04, 2017 3:01:24 PM org.apache.catalina.core.ApplicationContext log
INFO: Manager: restart: Reloading web application '/AnhKyYeu'
Jan 04, 2017 3:01:32 PM org.apache.catalina.core.ApplicationContext log
INFO: Manager: list: Listing contexts for virtual host 'localhost'
Jan 04, 2017 3:01:33 PM org.apache.catalina.core.ApplicationContext log
INFO: Manager: restart: Reloading web application '/AnhKyYeu'
Jan 04, 2017 3:02:10 PM org.apache.catalina.core.ApplicationContext log
INFO: Manager: list: Listing contexts for virtual host 'localhost'
Jan 04, 2017 3:02:10 PM org.apache.catalina.core.ApplicationContext log
INFO: Manager: restart: Reloading web application '/AnhKyYeu'
Jan 04, 2017 3:03:05 PM org.apache.catalina.core.ApplicationContext log
INFO: Manager: list: Listing contexts for virtual host 'localhost'
Jan 04, 2017 3:03:27 PM org.apache.catalina.core.ApplicationContext log
INFO: Manager: list: Listing contexts for virtual host 'localhost'
Jan 04, 2017 3:03:43 PM org.apache.catalina.core.ApplicationContext log
INFO: Manager: list: Listing contexts for virtual host 'localhost'
Jan 04, 2017 3:04:12 PM org.apache.catalina.core.ApplicationContext log
INFO: Manager: list: Listing contexts for virtual host 'localhost'
Jan 04, 2017 3:04:17 PM org.apache.catalina.core.ApplicationContext log
INFO: Manager: list: Listing contexts for virtual host 'localhost'
Jan 04, 2017 3:04:23 PM org.apache.catalina.core.ApplicationContext log
INFO: Manager: list: Listing contexts for virtual host 'localhost'
Jan 04, 2017 3:04:31 PM org.apache.catalina.core.ApplicationContext log
INFO: Manager: list: Listing contexts for virtual host 'localhost'
Jan 04, 2017 3:04:52 PM org.apache.catalina.core.ApplicationContext log
INFO: Manager: list: Listing contexts for virtual host 'localhost'
Jan 04, 2017 3:04:52 PM org.apache.catalina.core.ApplicationContext log
INFO: Manager: restart: Reloading web application '/AnhKyYeu'
Jan 04, 2017 3:05:04 PM org.apache.catalina.core.ApplicationContext log
INFO: Manager: list: Listing contexts for virtual host 'localhost'
Jan 04, 2017 3:05:04 PM org.apache.catalina.core.ApplicationContext log
INFO: Manager: restart: Reloading web application '/AnhKyYeu'
Jan 04, 2017 3:05:47 PM org.apache.catalina.core.ApplicationContext log
INFO: Manager: list: Listing contexts for virtual host 'localhost'
Jan 04, 2017 3:05:47 PM org.apache.catalina.core.ApplicationContext log
INFO: Manager: restart: Reloading web application '/AnhKyYeu'
Jan 04, 2017 3:05:49 PM org.apache.catalina.core.ApplicationContext log
INFO: Manager: list: Listing contexts for virtual host 'localhost'
Jan 04, 2017 3:05:49 PM org.apache.catalina.core.ApplicationContext log
INFO: Manager: restart: Reloading web application '/AnhKyYeu'
Jan 04, 2017 3:05:50 PM org.apache.catalina.core.ApplicationContext log
INFO: Manager: list: Listing contexts for virtual host 'localhost'
Jan 04, 2017 3:05:50 PM org.apache.catalina.core.ApplicationContext log
INFO: Manager: restart: Reloading web application '/AnhKyYeu'
Jan 04, 2017 3:05:57 PM org.apache.catalina.core.ApplicationContext log
INFO: Manager: list: Listing contexts for virtual host 'localhost'
Jan 04, 2017 3:05:57 PM org.apache.catalina.core.ApplicationContext log
INFO: Manager: restart: Reloading web application '/AnhKyYeu'
Jan 04, 2017 3:06:00 PM org.apache.catalina.core.ApplicationContext log
INFO: Manager: list: Listing contexts for virtual host 'localhost'
Jan 04, 2017 3:06:00 PM org.apache.catalina.core.ApplicationContext log
INFO: Manager: restart: Reloading web application '/AnhKyYeu'
Jan 04, 2017 3:06:43 PM org.apache.catalina.core.ApplicationContext log
INFO: Manager: list: Listing contexts for virtual host 'localhost'
Jan 04, 2017 3:06:43 PM org.apache.catalina.core.ApplicationContext log
INFO: Manager: restart: Reloading web application '/AnhKyYeu'
Jan 04, 2017 3:17:26 PM org.apache.catalina.core.ApplicationContext log
INFO: Manager: list: Listing contexts for virtual host 'localhost'
Jan 04, 2017 3:17:26 PM org.apache.catalina.core.ApplicationContext log
INFO: Manager: restart: Reloading web application '/AnhKyYeu'
Jan 04, 2017 3:17:27 PM org.apache.catalina.core.ApplicationContext log
INFO: Manager: list: Listing contexts for virtual host 'localhost'
Jan 04, 2017 3:17:28 PM org.apache.catalina.core.ApplicationContext log
INFO: Manager: restart: Reloading web application '/AnhKyYeu'
Jan 04, 2017 3:17:57 PM org.apache.catalina.core.ApplicationContext log
INFO: Manager: list: Listing contexts for virtual host 'localhost'
Jan 04, 2017 3:17:57 PM org.apache.catalina.core.ApplicationContext log
INFO: Manager: restart: Reloading web application '/AnhKyYeu'
Jan 04, 2017 3:18:10 PM org.apache.catalina.core.ApplicationContext log
INFO: Manager: list: Listing contexts for virtual host 'localhost'
Jan 04, 2017 3:18:10 PM org.apache.catalina.core.ApplicationContext log
INFO: Manager: restart: Reloading web application '/AnhKyYeu'
Jan 04, 2017 3:18:19 PM org.apache.catalina.core.ApplicationContext log
INFO: Manager: list: Listing contexts for virtual host 'localhost'
Jan 04, 2017 3:18:19 PM org.apache.catalina.core.ApplicationContext log
INFO: Manager: restart: Reloading web application '/AnhKyYeu'
Jan 04, 2017 3:18:26 PM org.apache.catalina.core.ApplicationContext log
INFO: Manager: list: Listing contexts for virtual host 'localhost'
Jan 04, 2017 3:18:26 PM org.apache.catalina.core.ApplicationContext log
INFO: Manager: restart: Reloading web application '/AnhKyYeu'
Jan 04, 2017 3:18:38 PM org.apache.catalina.core.ApplicationContext log
INFO: Manager: list: Listing contexts for virtual host 'localhost'
Jan 04, 2017 3:18:38 PM org.apache.catalina.core.ApplicationContext log
INFO: Manager: restart: Reloading web application '/AnhKyYeu'
Jan 04, 2017 3:20:23 PM org.apache.catalina.core.ApplicationContext log
INFO: Manager: list: Listing contexts for virtual host 'localhost'
Jan 04, 2017 3:20:23 PM org.apache.catalina.core.ApplicationContext log
INFO: Manager: restart: Reloading web application '/AnhKyYeu'
Jan 04, 2017 3:20:52 PM org.apache.catalina.core.ApplicationContext log
INFO: Manager: list: Listing contexts for virtual host 'localhost'
Jan 04, 2017 3:20:52 PM org.apache.catalina.core.ApplicationContext log
INFO: Manager: restart: Reloading web application '/AnhKyYeu'
Jan 04, 2017 3:22:22 PM org.apache.catalina.core.ApplicationContext log
INFO: Manager: list: Listing contexts for virtual host 'localhost'
Jan 04, 2017 3:22:22 PM org.apache.catalina.core.ApplicationContext log
INFO: Manager: restart: Reloading web application '/AnhKyYeu'
Jan 04, 2017 3:22:31 PM org.apache.catalina.core.ApplicationContext log
INFO: Manager: list: Listing contexts for virtual host 'localhost'
Jan 04, 2017 3:22:31 PM org.apache.catalina.core.ApplicationContext log
INFO: Manager: restart: Reloading web application '/AnhKyYeu'
Jan 04, 2017 3:22:42 PM org.apache.catalina.core.ApplicationContext log
INFO: Manager: list: Listing contexts for virtual host 'localhost'
Jan 04, 2017 3:22:42 PM org.apache.catalina.core.ApplicationContext log
INFO: Manager: restart: Reloading web application '/AnhKyYeu'
Jan 04, 2017 3:22:46 PM org.apache.catalina.core.ApplicationContext log
INFO: Manager: list: Listing contexts for virtual host 'localhost'
Jan 04, 2017 3:22:46 PM org.apache.catalina.core.ApplicationContext log
INFO: Manager: restart: Reloading web application '/AnhKyYeu'
Jan 04, 2017 3:22:55 PM org.apache.catalina.core.ApplicationContext log
INFO: Manager: list: Listing contexts for virtual host 'localhost'
Jan 04, 2017 3:22:55 PM org.apache.catalina.core.ApplicationContext log
INFO: Manager: restart: Reloading web application '/AnhKyYeu'
Jan 04, 2017 3:23:20 PM org.apache.catalina.core.ApplicationContext log
INFO: Manager: list: Listing contexts for virtual host 'localhost'
Jan 04, 2017 3:23:20 PM org.apache.catalina.core.ApplicationContext log
INFO: Manager: restart: Reloading web application '/AnhKyYeu'
Jan 04, 2017 3:23:22 PM org.apache.catalina.core.ApplicationContext log
INFO: Manager: list: Listing contexts for virtual host 'localhost'
Jan 04, 2017 3:23:22 PM org.apache.catalina.core.ApplicationContext log
INFO: Manager: restart: Reloading web application '/AnhKyYeu'
Jan 04, 2017 3:23:25 PM org.apache.catalina.core.ApplicationContext log
INFO: Manager: list: Listing contexts for virtual host 'localhost'
Jan 04, 2017 3:23:25 PM org.apache.catalina.core.ApplicationContext log
INFO: Manager: restart: Reloading web application '/AnhKyYeu'
Jan 04, 2017 3:23:57 PM org.apache.catalina.core.ApplicationContext log
INFO: Manager: list: Listing contexts for virtual host 'localhost'
Jan 04, 2017 3:23:57 PM org.apache.catalina.core.ApplicationContext log
INFO: Manager: restart: Reloading web application '/AnhKyYeu'
Jan 04, 2017 3:34:44 PM org.apache.catalina.core.ApplicationContext log
INFO: Manager: list: Listing contexts for virtual host 'localhost'
Jan 04, 2017 3:34:44 PM org.apache.catalina.core.ApplicationContext log
INFO: Manager: restart: Reloading web application '/AnhKyYeu'
Jan 04, 2017 3:35:27 PM org.apache.catalina.core.ApplicationContext log
INFO: Manager: list: Listing contexts for virtual host 'localhost'
Jan 04, 2017 3:35:27 PM org.apache.catalina.core.ApplicationContext log
INFO: Manager: restart: Reloading web application '/AnhKyYeu'
Jan 04, 2017 3:35:36 PM org.apache.catalina.core.ApplicationContext log
INFO: Manager: list: Listing contexts for virtual host 'localhost'
Jan 04, 2017 3:35:36 PM org.apache.catalina.core.ApplicationContext log
INFO: Manager: restart: Reloading web application '/AnhKyYeu'
Jan 04, 2017 3:35:51 PM org.apache.catalina.core.ApplicationContext log
INFO: Manager: list: Listing contexts for virtual host 'localhost'
Jan 04, 2017 3:35:51 PM org.apache.catalina.core.ApplicationContext log
INFO: Manager: restart: Reloading web application '/AnhKyYeu'
Jan 04, 2017 3:36:30 PM org.apache.catalina.core.ApplicationContext log
INFO: Manager: list: Listing contexts for virtual host 'localhost'
Jan 04, 2017 3:36:30 PM org.apache.catalina.core.ApplicationContext log
INFO: Manager: restart: Reloading web application '/AnhKyYeu'
Jan 04, 2017 3:40:09 PM org.apache.catalina.core.ApplicationContext log
INFO: Manager: list: Listing contexts for virtual host 'localhost'
Jan 04, 2017 3:40:09 PM org.apache.catalina.core.ApplicationContext log
INFO: Manager: restart: Reloading web application '/AnhKyYeu'
Jan 04, 2017 3:40:11 PM org.apache.catalina.core.ApplicationContext log
INFO: Manager: list: Listing contexts for virtual host 'localhost'
Jan 04, 2017 3:40:11 PM org.apache.catalina.core.ApplicationContext log
INFO: Manager: restart: Reloading web application '/AnhKyYeu'
Jan 04, 2017 3:42:15 PM org.apache.catalina.core.ApplicationContext log
INFO: Manager: list: Listing contexts for virtual host 'localhost'
Jan 04, 2017 3:42:15 PM org.apache.catalina.core.ApplicationContext log
INFO: Manager: restart: Reloading web application '/AnhKyYeu'
Jan 04, 2017 3:43:19 PM org.apache.catalina.core.ApplicationContext log
INFO: Manager: list: Listing contexts for virtual host 'localhost'
Jan 04, 2017 3:43:19 PM org.apache.catalina.core.ApplicationContext log
INFO: Manager: restart: Reloading web application '/AnhKyYeu'
Jan 04, 2017 3:43:33 PM org.apache.catalina.core.ApplicationContext log
INFO: Manager: list: Listing contexts for virtual host 'localhost'
Jan 04, 2017 3:43:33 PM org.apache.catalina.core.ApplicationContext log
INFO: Manager: restart: Reloading web application '/AnhKyYeu'
Jan 04, 2017 3:43:38 PM org.apache.catalina.core.ApplicationContext log
INFO: Manager: list: Listing contexts for virtual host 'localhost'
Jan 04, 2017 3:43:38 PM org.apache.catalina.core.ApplicationContext log
INFO: Manager: restart: Reloading web application '/AnhKyYeu'
Jan 04, 2017 3:43:44 PM org.apache.catalina.core.ApplicationContext log
INFO: Manager: list: Listing contexts for virtual host 'localhost'
Jan 04, 2017 3:43:44 PM org.apache.catalina.core.ApplicationContext log
INFO: Manager: restart: Reloading web application '/AnhKyYeu'
Jan 04, 2017 3:44:03 PM org.apache.catalina.core.ApplicationContext log
INFO: Manager: list: Listing contexts for virtual host 'localhost'
Jan 04, 2017 3:44:03 PM org.apache.catalina.core.ApplicationContext log
INFO: Manager: restart: Reloading web application '/AnhKyYeu'
Jan 04, 2017 3:44:52 PM org.apache.catalina.core.ApplicationContext log
INFO: Manager: list: Listing contexts for virtual host 'localhost'
Jan 04, 2017 3:44:52 PM org.apache.catalina.core.ApplicationContext log
INFO: Manager: restart: Reloading web application '/AnhKyYeu'
Jan 04, 2017 3:45:32 PM org.apache.catalina.core.ApplicationContext log
INFO: Manager: list: Listing contexts for virtual host 'localhost'
Jan 04, 2017 3:45:32 PM org.apache.catalina.core.ApplicationContext log
INFO: Manager: restart: Reloading web application '/AnhKyYeu'
Jan 04, 2017 3:46:12 PM org.apache.catalina.core.ApplicationContext log
INFO: Manager: list: Listing contexts for virtual host 'localhost'
Jan 04, 2017 3:46:12 PM org.apache.catalina.core.ApplicationContext log
INFO: Manager: restart: Reloading web application '/AnhKyYeu'
Jan 04, 2017 3:46:19 PM org.apache.catalina.core.ApplicationContext log
INFO: Manager: list: Listing contexts for virtual host 'localhost'
Jan 04, 2017 3:46:19 PM org.apache.catalina.core.ApplicationContext log
INFO: Manager: restart: Reloading web application '/AnhKyYeu'
Jan 04, 2017 3:49:07 PM org.apache.catalina.core.ApplicationContext log
INFO: Manager: list: Listing contexts for virtual host 'localhost'
Jan 04, 2017 3:49:07 PM org.apache.catalina.core.ApplicationContext log
INFO: Manager: restart: Reloading web application '/AnhKyYeu'
Jan 04, 2017 3:50:33 PM org.apache.catalina.core.ApplicationContext log
INFO: Manager: list: Listing contexts for virtual host 'localhost'
Jan 04, 2017 3:50:33 PM org.apache.catalina.core.ApplicationContext log
INFO: Manager: restart: Reloading web application '/AnhKyYeu'
Jan 04, 2017 3:50:45 PM org.apache.catalina.core.ApplicationContext log
INFO: Manager: list: Listing contexts for virtual host 'localhost'
Jan 04, 2017 3:50:45 PM org.apache.catalina.core.ApplicationContext log
INFO: Manager: restart: Reloading web application '/AnhKyYeu'
Jan 04, 2017 3:52:05 PM org.apache.catalina.core.ApplicationContext log
INFO: Manager: list: Listing contexts for virtual host 'localhost'
Jan 04, 2017 3:52:05 PM org.apache.catalina.core.ApplicationContext log
INFO: Manager: restart: Reloading web application '/AnhKyYeu'
Jan 04, 2017 3:52:12 PM org.apache.catalina.core.ApplicationContext log
INFO: Manager: list: Listing contexts for virtual host 'localhost'
Jan 04, 2017 3:52:12 PM org.apache.catalina.core.ApplicationContext log
INFO: Manager: restart: Reloading web application '/AnhKyYeu'
Jan 04, 2017 3:52:21 PM org.apache.catalina.core.ApplicationContext log
INFO: Manager: list: Listing contexts for virtual host 'localhost'
Jan 04, 2017 3:52:21 PM org.apache.catalina.core.ApplicationContext log
INFO: Manager: restart: Reloading web application '/AnhKyYeu'
Jan 04, 2017 3:52:26 PM org.apache.catalina.core.ApplicationContext log
INFO: Manager: list: Listing contexts for virtual host 'localhost'
Jan 04, 2017 3:52:26 PM org.apache.catalina.core.ApplicationContext log
INFO: Manager: restart: Reloading web application '/AnhKyYeu'
Jan 04, 2017 3:52:40 PM org.apache.catalina.core.ApplicationContext log
INFO: Manager: list: Listing contexts for virtual host 'localhost'
Jan 04, 2017 3:52:40 PM org.apache.catalina.core.ApplicationContext log
INFO: Manager: restart: Reloading web application '/AnhKyYeu'
Jan 04, 2017 3:53:30 PM org.apache.catalina.core.ApplicationContext log
INFO: Manager: list: Listing contexts for virtual host 'localhost'
Jan 04, 2017 3:53:56 PM org.apache.catalina.core.ApplicationContext log
INFO: Manager: list: Listing contexts for virtual host 'localhost'
Jan 04, 2017 3:54:33 PM org.apache.catalina.core.ApplicationContext log
INFO: Manager: list: Listing contexts for virtual host 'localhost'
Jan 04, 2017 3:54:33 PM org.apache.catalina.core.ApplicationContext log
INFO: Manager: restart: Reloading web application '/AnhKyYeu'
Jan 04, 2017 3:54:44 PM org.apache.catalina.core.ApplicationContext log
INFO: Manager: list: Listing contexts for virtual host 'localhost'
Jan 04, 2017 3:54:44 PM org.apache.catalina.core.ApplicationContext log
INFO: Manager: restart: Reloading web application '/AnhKyYeu'
Jan 04, 2017 3:54:52 PM org.apache.catalina.core.ApplicationContext log
INFO: Manager: list: Listing contexts for virtual host 'localhost'
Jan 04, 2017 3:54:52 PM org.apache.catalina.core.ApplicationContext log
INFO: Manager: restart: Reloading web application '/AnhKyYeu'
Jan 04, 2017 3:55:14 PM org.apache.catalina.core.ApplicationContext log
INFO: Manager: list: Listing contexts for virtual host 'localhost'
Jan 04, 2017 3:55:14 PM org.apache.catalina.core.ApplicationContext log
INFO: Manager: restart: Reloading web application '/AnhKyYeu'
Jan 04, 2017 3:56:37 PM org.apache.catalina.core.ApplicationContext log
INFO: Manager: list: Listing contexts for virtual host 'localhost'
Jan 04, 2017 3:56:37 PM org.apache.catalina.core.ApplicationContext log
INFO: Manager: restart: Reloading web application '/AnhKyYeu'
Jan 04, 2017 3:56:51 PM org.apache.catalina.core.ApplicationContext log
INFO: Manager: list: Listing contexts for virtual host 'localhost'
Jan 04, 2017 3:56:51 PM org.apache.catalina.core.ApplicationContext log
INFO: Manager: restart: Reloading web application '/AnhKyYeu'
Jan 04, 2017 3:57:06 PM org.apache.catalina.core.ApplicationContext log
INFO: Manager: list: Listing contexts for virtual host 'localhost'
Jan 04, 2017 3:57:06 PM org.apache.catalina.core.ApplicationContext log
INFO: Manager: restart: Reloading web application '/AnhKyYeu'
Jan 04, 2017 3:58:11 PM org.apache.catalina.core.ApplicationContext log
INFO: Manager: list: Listing contexts for virtual host 'localhost'
Jan 04, 2017 3:58:11 PM org.apache.catalina.core.ApplicationContext log
INFO: Manager: restart: Reloading web application '/AnhKyYeu'
Jan 04, 2017 3:58:29 PM org.apache.catalina.core.ApplicationContext log
INFO: Manager: list: Listing contexts for virtual host 'localhost'
Jan 04, 2017 3:58:29 PM org.apache.catalina.core.ApplicationContext log
INFO: Manager: restart: Reloading web application '/AnhKyYeu'
Jan 04, 2017 3:58:35 PM org.apache.catalina.core.ApplicationContext log
INFO: Manager: list: Listing contexts for virtual host 'localhost'
Jan 04, 2017 3:58:35 PM org.apache.catalina.core.ApplicationContext log
INFO: Manager: restart: Reloading web application '/AnhKyYeu'
Jan 04, 2017 3:58:40 PM org.apache.catalina.core.ApplicationContext log
INFO: Manager: list: Listing contexts for virtual host 'localhost'
Jan 04, 2017 3:58:40 PM org.apache.catalina.core.ApplicationContext log
INFO: Manager: restart: Reloading web application '/AnhKyYeu'
Jan 04, 2017 3:59:22 PM org.apache.catalina.core.ApplicationContext log
INFO: Manager: list: Listing contexts for virtual host 'localhost'
Jan 04, 2017 3:59:22 PM org.apache.catalina.core.ApplicationContext log
INFO: Manager: restart: Reloading web application '/AnhKyYeu'
Jan 04, 2017 3:59:26 PM org.apache.catalina.core.ApplicationContext log
INFO: Manager: list: Listing contexts for virtual host 'localhost'
Jan 04, 2017 3:59:26 PM org.apache.catalina.core.ApplicationContext log
INFO: Manager: restart: Reloading web application '/AnhKyYeu'
Jan 04, 2017 4:00:19 PM org.apache.catalina.core.ApplicationContext log
INFO: Manager: list: Listing contexts for virtual host 'localhost'
Jan 04, 2017 4:00:19 PM org.apache.catalina.core.ApplicationContext log
INFO: Manager: undeploy: Undeploying web application at '/AnhKyYeu'
Jan 04, 2017 4:00:35 PM org.apache.catalina.core.ApplicationContext log
INFO: Manager: list: Listing contexts for virtual host 'localhost'
Jan 04, 2017 4:00:35 PM org.apache.catalina.core.ApplicationContext log
INFO: Manager: list: Listing contexts for virtual host 'localhost'
Jan 04, 2017 4:00:35 PM org.apache.catalina.core.ApplicationContext log
INFO: Manager: install: Installing context configuration at 'file:/C:/Users/BVHIEN/AppData/Local/Temp/context7012825190619741427.xml'
Jan 04, 2017 4:00:37 PM org.apache.catalina.core.ApplicationContext log
INFO: Manager: start: Starting web application '/AnhKyYeu'
Jan 04, 2017 4:01:11 PM org.apache.catalina.core.ApplicationContext log
INFO: Manager: list: Listing contexts for virtual host 'localhost'
Jan 04, 2017 4:01:11 PM org.apache.catalina.core.ApplicationContext log
INFO: Manager: restart: Reloading web application '/AnhKyYeu'
Jan 04, 2017 4:01:19 PM org.apache.catalina.core.ApplicationContext log
INFO: Manager: list: Listing contexts for virtual host 'localhost'
Jan 04, 2017 4:01:19 PM org.apache.catalina.core.ApplicationContext log
INFO: Manager: restart: Reloading web application '/AnhKyYeu'
Jan 04, 2017 4:01:54 PM org.apache.catalina.core.ApplicationContext log
INFO: Manager: list: Listing contexts for virtual host 'localhost'
Jan 04, 2017 4:01:54 PM org.apache.catalina.core.ApplicationContext log
INFO: Manager: restart: Reloading web application '/AnhKyYeu'
Jan 04, 2017 4:02:07 PM org.apache.catalina.core.ApplicationContext log
INFO: Manager: list: Listing contexts for virtual host 'localhost'
Jan 04, 2017 4:02:07 PM org.apache.catalina.core.ApplicationContext log
INFO: Manager: restart: Reloading web application '/AnhKyYeu'
Jan 04, 2017 4:02:49 PM org.apache.catalina.core.ApplicationContext log
INFO: Manager: list: Listing contexts for virtual host 'localhost'
Jan 04, 2017 4:02:49 PM org.apache.catalina.core.ApplicationContext log
INFO: Manager: restart: Reloading web application '/AnhKyYeu'
Jan 04, 2017 4:03:39 PM org.apache.catalina.core.ApplicationContext log
INFO: Manager: list: Listing contexts for virtual host 'localhost'
Jan 04, 2017 4:03:39 PM org.apache.catalina.core.ApplicationContext log
INFO: Manager: restart: Reloading web application '/AnhKyYeu'
Jan 04, 2017 4:04:50 PM org.apache.catalina.core.ApplicationContext log
INFO: Manager: list: Listing contexts for virtual host 'localhost'
Jan 04, 2017 4:04:50 PM org.apache.catalina.core.ApplicationContext log
INFO: Manager: restart: Reloading web application '/AnhKyYeu'
Jan 04, 2017 4:05:27 PM org.apache.catalina.core.ApplicationContext log
INFO: Manager: list: Listing contexts for virtual host 'localhost'
Jan 04, 2017 4:05:27 PM org.apache.catalina.core.ApplicationContext log
INFO: Manager: restart: Reloading web application '/AnhKyYeu'
Jan 04, 2017 4:05:39 PM org.apache.catalina.core.ApplicationContext log
INFO: Manager: list: Listing contexts for virtual host 'localhost'
Jan 04, 2017 4:05:39 PM org.apache.catalina.core.ApplicationContext log
INFO: Manager: restart: Reloading web application '/AnhKyYeu'
Jan 04, 2017 4:05:50 PM org.apache.catalina.core.ApplicationContext log
INFO: Manager: list: Listing contexts for virtual host 'localhost'
Jan 04, 2017 4:05:50 PM org.apache.catalina.core.ApplicationContext log
INFO: Manager: restart: Reloading web application '/AnhKyYeu'
Jan 04, 2017 4:05:55 PM org.apache.catalina.core.ApplicationContext log
INFO: Manager: list: Listing contexts for virtual host 'localhost'
Jan 04, 2017 4:05:55 PM org.apache.catalina.core.ApplicationContext log
INFO: Manager: restart: Reloading web application '/AnhKyYeu'
Jan 04, 2017 4:06:40 PM org.apache.catalina.core.ApplicationContext log
INFO: Manager: list: Listing contexts for virtual host 'localhost'
Jan 04, 2017 4:06:40 PM org.apache.catalina.core.ApplicationContext log
INFO: Manager: restart: Reloading web application '/AnhKyYeu'
Jan 04, 2017 4:07:12 PM org.apache.catalina.core.ApplicationContext log
INFO: Manager: list: Listing contexts for virtual host 'localhost'
Jan 04, 2017 4:07:12 PM org.apache.catalina.core.ApplicationContext log
INFO: Manager: restart: Reloading web application '/AnhKyYeu'
Jan 04, 2017 4:07:19 PM org.apache.catalina.core.ApplicationContext log
INFO: Manager: list: Listing contexts for virtual host 'localhost'
Jan 04, 2017 4:07:19 PM org.apache.catalina.core.ApplicationContext log
INFO: Manager: restart: Reloading web application '/AnhKyYeu'
Jan 04, 2017 4:07:25 PM org.apache.catalina.core.ApplicationContext log
INFO: Manager: list: Listing contexts for virtual host 'localhost'
Jan 04, 2017 4:07:25 PM org.apache.catalina.core.ApplicationContext log
INFO: Manager: restart: Reloading web application '/AnhKyYeu'
Jan 04, 2017 4:07:49 PM org.apache.catalina.core.ApplicationContext log
INFO: Manager: list: Listing contexts for virtual host 'localhost'
Jan 04, 2017 4:07:49 PM org.apache.catalina.core.ApplicationContext log
INFO: Manager: restart: Reloading web application '/AnhKyYeu'
Jan 04, 2017 4:08:18 PM org.apache.catalina.core.ApplicationContext log
INFO: Manager: list: Listing contexts for virtual host 'localhost'
Jan 04, 2017 4:08:18 PM org.apache.catalina.core.ApplicationContext log
INFO: Manager: restart: Reloading web application '/AnhKyYeu'
Jan 04, 2017 4:08:32 PM org.apache.catalina.core.ApplicationContext log
INFO: Manager: list: Listing contexts for virtual host 'localhost'
Jan 04, 2017 4:08:32 PM org.apache.catalina.core.ApplicationContext log
INFO: Manager: restart: Reloading web application '/AnhKyYeu'
Jan 04, 2017 4:09:20 PM org.apache.catalina.core.ApplicationContext log
INFO: Manager: list: Listing contexts for virtual host 'localhost'
Jan 04, 2017 4:09:20 PM org.apache.catalina.core.ApplicationContext log
INFO: Manager: restart: Reloading web application '/AnhKyYeu'
Jan 04, 2017 4:09:54 PM org.apache.catalina.core.ApplicationContext log
INFO: Manager: list: Listing contexts for virtual host 'localhost'
Jan 04, 2017 4:09:54 PM org.apache.catalina.core.ApplicationContext log
INFO: Manager: restart: Reloading web application '/AnhKyYeu'
Jan 04, 2017 4:10:11 PM org.apache.catalina.core.ApplicationContext log
INFO: Manager: list: Listing contexts for virtual host 'localhost'
Jan 04, 2017 4:10:11 PM org.apache.catalina.core.ApplicationContext log
INFO: Manager: restart: Reloading web application '/AnhKyYeu'
Jan 04, 2017 4:10:43 PM org.apache.catalina.core.ApplicationContext log
INFO: Manager: list: Listing contexts for virtual host 'localhost'
Jan 04, 2017 4:10:43 PM org.apache.catalina.core.ApplicationContext log
INFO: Manager: restart: Reloading web application '/AnhKyYeu'
Jan 04, 2017 4:10:53 PM org.apache.catalina.core.ApplicationContext log
INFO: Manager: list: Listing contexts for virtual host 'localhost'
Jan 04, 2017 4:10:53 PM org.apache.catalina.core.ApplicationContext log
INFO: Manager: restart: Reloading web application '/AnhKyYeu'
Jan 04, 2017 4:11:10 PM org.apache.catalina.core.ApplicationContext log
INFO: Manager: list: Listing contexts for virtual host 'localhost'
Jan 04, 2017 4:11:10 PM org.apache.catalina.core.ApplicationContext log
INFO: Manager: restart: Reloading web application '/AnhKyYeu'
Jan 04, 2017 4:11:25 PM org.apache.catalina.core.ApplicationContext log
INFO: Manager: list: Listing contexts for virtual host 'localhost'
Jan 04, 2017 4:11:25 PM org.apache.catalina.core.ApplicationContext log
INFO: Manager: restart: Reloading web application '/AnhKyYeu'
Jan 04, 2017 4:11:57 PM org.apache.catalina.core.ApplicationContext log
INFO: Manager: list: Listing contexts for virtual host 'localhost'
Jan 04, 2017 4:11:57 PM org.apache.catalina.core.ApplicationContext log
INFO: Manager: restart: Reloading web application '/AnhKyYeu'
Jan 04, 2017 4:12:02 PM org.apache.catalina.core.ApplicationContext log
INFO: Manager: list: Listing contexts for virtual host 'localhost'
Jan 04, 2017 4:12:27 PM org.apache.catalina.core.ApplicationContext log
INFO: Manager: list: Listing contexts for virtual host 'localhost'
Jan 04, 2017 4:12:27 PM org.apache.catalina.core.ApplicationContext log
INFO: Manager: restart: Reloading web application '/AnhKyYeu'
Jan 04, 2017 4:12:54 PM org.apache.catalina.core.ApplicationContext log
INFO: Manager: list: Listing contexts for virtual host 'localhost'
Jan 04, 2017 4:12:54 PM org.apache.catalina.core.ApplicationContext log
INFO: Manager: restart: Reloading web application '/AnhKyYeu'
Jan 04, 2017 4:13:13 PM org.apache.catalina.core.ApplicationContext log
INFO: Manager: list: Listing contexts for virtual host 'localhost'
Jan 04, 2017 4:13:13 PM org.apache.catalina.core.ApplicationContext log
INFO: Manager: restart: Reloading web application '/AnhKyYeu'
Jan 04, 2017 4:13:22 PM org.apache.catalina.core.ApplicationContext log
INFO: Manager: list: Listing contexts for virtual host 'localhost'
Jan 04, 2017 4:13:22 PM org.apache.catalina.core.ApplicationContext log
INFO: Manager: restart: Reloading web application '/AnhKyYeu'
Jan 04, 2017 4:13:27 PM org.apache.catalina.core.ApplicationContext log
INFO: Manager: list: Listing contexts for virtual host 'localhost'
Jan 04, 2017 4:13:27 PM org.apache.catalina.core.ApplicationContext log
INFO: Manager: restart: Reloading web application '/AnhKyYeu'
Jan 04, 2017 4:13:35 PM org.apache.catalina.core.ApplicationContext log
INFO: Manager: list: Listing contexts for virtual host 'localhost'
Jan 04, 2017 4:13:35 PM org.apache.catalina.core.ApplicationContext log
INFO: Manager: restart: Reloading web application '/AnhKyYeu'
Jan 04, 2017 4:14:42 PM org.apache.catalina.core.ApplicationContext log
INFO: Manager: list: Listing contexts for virtual host 'localhost'
Jan 04, 2017 4:14:42 PM org.apache.catalina.core.ApplicationContext log
INFO: Manager: restart: Reloading web application '/AnhKyYeu'
Jan 04, 2017 4:14:52 PM org.apache.catalina.core.ApplicationContext log
INFO: Manager: list: Listing contexts for virtual host 'localhost'
Jan 04, 2017 4:14:52 PM org.apache.catalina.core.ApplicationContext log
INFO: Manager: restart: Reloading web application '/AnhKyYeu'
Jan 04, 2017 4:21:23 PM org.apache.catalina.core.ApplicationContext log
INFO: Manager: list: Listing contexts for virtual host 'localhost'
Jan 04, 2017 4:21:23 PM org.apache.catalina.core.ApplicationContext log
INFO: Manager: restart: Reloading web application '/AnhKyYeu'
Jan 04, 2017 4:22:36 PM org.apache.catalina.core.ApplicationContext log
INFO: Manager: list: Listing contexts for virtual host 'localhost'
Jan 04, 2017 4:22:36 PM org.apache.catalina.core.ApplicationContext log
INFO: Manager: restart: Reloading web application '/AnhKyYeu'
Jan 04, 2017 4:29:42 PM org.apache.catalina.core.ApplicationContext log
INFO: Manager: list: Listing contexts for virtual host 'localhost'
Jan 04, 2017 4:29:42 PM org.apache.catalina.core.ApplicationContext log
INFO: Manager: restart: Reloading web application '/AnhKyYeu'
Jan 04, 2017 4:40:27 PM org.apache.catalina.core.ApplicationContext log
INFO: Manager: list: Listing contexts for virtual host 'localhost'
Jan 04, 2017 4:40:27 PM org.apache.catalina.core.ApplicationContext log
INFO: Manager: restart: Reloading web application '/AnhKyYeu'
Jan 04, 2017 4:40:32 PM org.apache.catalina.core.ApplicationContext log
INFO: Manager: list: Listing contexts for virtual host 'localhost'
Jan 04, 2017 4:40:32 PM org.apache.catalina.core.ApplicationContext log
INFO: Manager: restart: Reloading web application '/AnhKyYeu'
Jan 04, 2017 4:40:46 PM org.apache.catalina.core.ApplicationContext log
INFO: Manager: list: Listing contexts for virtual host 'localhost'
Jan 04, 2017 4:40:46 PM org.apache.catalina.core.ApplicationContext log
INFO: Manager: restart: Reloading web application '/AnhKyYeu'
Jan 04, 2017 4:41:41 PM org.apache.catalina.core.ApplicationContext log
INFO: Manager: list: Listing contexts for virtual host 'localhost'
Jan 04, 2017 4:41:41 PM org.apache.catalina.core.ApplicationContext log
INFO: Manager: restart: Reloading web application '/AnhKyYeu'
Jan 04, 2017 4:41:51 PM org.apache.catalina.core.ApplicationContext log
INFO: Manager: list: Listing contexts for virtual host 'localhost'
Jan 04, 2017 4:41:51 PM org.apache.catalina.core.ApplicationContext log
INFO: Manager: restart: Reloading web application '/AnhKyYeu'
Jan 04, 2017 4:43:22 PM org.apache.catalina.core.ApplicationContext log
INFO: Manager: list: Listing contexts for virtual host 'localhost'
Jan 04, 2017 4:43:22 PM org.apache.catalina.core.ApplicationContext log
INFO: Manager: restart: Reloading web application '/AnhKyYeu'
Jan 04, 2017 4:43:25 PM org.apache.catalina.core.ApplicationContext log
INFO: Manager: list: Listing contexts for virtual host 'localhost'
Jan 04, 2017 4:43:25 PM org.apache.catalina.core.ApplicationContext log
INFO: Manager: restart: Reloading web application '/AnhKyYeu'
Jan 04, 2017 4:44:38 PM org.apache.catalina.core.ApplicationContext log
INFO: Manager: list: Listing contexts for virtual host 'localhost'
Jan 04, 2017 4:44:38 PM org.apache.catalina.core.ApplicationContext log
INFO: Manager: restart: Reloading web application '/AnhKyYeu'
Jan 04, 2017 4:45:05 PM org.apache.catalina.core.ApplicationContext log
INFO: Manager: list: Listing contexts for virtual host 'localhost'
Jan 04, 2017 4:45:05 PM org.apache.catalina.core.ApplicationContext log
INFO: Manager: restart: Reloading web application '/AnhKyYeu'
Jan 04, 2017 4:51:46 PM org.apache.catalina.core.ApplicationContext log
INFO: Manager: list: Listing contexts for virtual host 'localhost'
Jan 04, 2017 4:51:46 PM org.apache.catalina.core.ApplicationContext log
INFO: Manager: restart: Reloading web application '/AnhKyYeu'
Jan 04, 2017 4:51:48 PM org.apache.catalina.core.ApplicationContext log
INFO: Manager: list: Listing contexts for virtual host 'localhost'
Jan 04, 2017 4:51:48 PM org.apache.catalina.core.ApplicationContext log
INFO: Manager: restart: Reloading web application '/AnhKyYeu'
Jan 04, 2017 4:52:29 PM org.apache.catalina.core.ApplicationContext log
INFO: Manager: list: Listing contexts for virtual host 'localhost'
Jan 04, 2017 4:52:29 PM org.apache.catalina.core.ApplicationContext log
INFO: Manager: restart: Reloading web application '/AnhKyYeu'
Jan 04, 2017 4:52:41 PM org.apache.catalina.core.ApplicationContext log
INFO: Manager: list: Listing contexts for virtual host 'localhost'
Jan 04, 2017 4:52:41 PM org.apache.catalina.core.ApplicationContext log
INFO: Manager: restart: Reloading web application '/AnhKyYeu'
Jan 04, 2017 5:17:09 PM org.apache.catalina.core.ApplicationContext log
INFO: Manager: list: Listing contexts for virtual host 'localhost'
Jan 04, 2017 5:17:09 PM org.apache.catalina.core.ApplicationContext log
INFO: Manager: restart: Reloading web application '/AnhKyYeu'
Jan 04, 2017 5:17:13 PM org.apache.catalina.core.ApplicationContext log
INFO: Manager: list: Listing contexts for virtual host 'localhost'
Jan 04, 2017 5:17:13 PM org.apache.catalina.core.ApplicationContext log
INFO: Manager: restart: Reloading web application '/AnhKyYeu'
Jan 04, 2017 5:17:40 PM org.apache.catalina.core.ApplicationContext log
INFO: Manager: list: Listing contexts for virtual host 'localhost'
Jan 04, 2017 5:17:40 PM org.apache.catalina.core.ApplicationContext log
INFO: Manager: restart: Reloading web application '/AnhKyYeu'
Jan 04, 2017 5:17:49 PM org.apache.catalina.core.ApplicationContext log
INFO: Manager: list: Listing contexts for virtual host 'localhost'
Jan 04, 2017 5:17:49 PM org.apache.catalina.core.ApplicationContext log
INFO: Manager: restart: Reloading web application '/AnhKyYeu'
Jan 04, 2017 5:18:05 PM org.apache.catalina.core.ApplicationContext log
INFO: Manager: list: Listing contexts for virtual host 'localhost'
Jan 04, 2017 5:18:05 PM org.apache.catalina.core.ApplicationContext log
INFO: Manager: restart: Reloading web application '/AnhKyYeu'
Jan 04, 2017 5:20:46 PM org.apache.catalina.core.ApplicationContext log
INFO: Manager: list: Listing contexts for virtual host 'localhost'
Jan 04, 2017 5:20:46 PM org.apache.catalina.core.ApplicationContext log
INFO: Manager: restart: Reloading web application '/AnhKyYeu'
Jan 04, 2017 5:21:05 PM org.apache.catalina.core.ApplicationContext log
INFO: Manager: list: Listing contexts for virtual host 'localhost'
Jan 04, 2017 5:21:05 PM org.apache.catalina.core.ApplicationContext log
INFO: Manager: restart: Reloading web application '/AnhKyYeu'
Jan 04, 2017 5:21:56 PM org.apache.catalina.core.ApplicationContext log
INFO: Manager: list: Listing contexts for virtual host 'localhost'
Jan 04, 2017 5:21:56 PM org.apache.catalina.core.ApplicationContext log
INFO: Manager: restart: Reloading web application '/AnhKyYeu'
Jan 04, 2017 5:21:58 PM org.apache.catalina.core.ApplicationContext log
INFO: Manager: list: Listing contexts for virtual host 'localhost'
Jan 04, 2017 5:21:58 PM org.apache.catalina.core.ApplicationContext log
INFO: Manager: restart: Reloading web application '/AnhKyYeu'
Jan 04, 2017 5:23:23 PM org.apache.catalina.core.ApplicationContext log
INFO: Manager: init: Associated with Deployer 'Catalina:type=Deployer,host=localhost'
Jan 04, 2017 5:23:23 PM org.apache.catalina.core.ApplicationContext log
INFO: Manager: init: Global resources are available
Jan 04, 2017 5:23:23 PM org.apache.catalina.core.ApplicationContext log
INFO: Manager: list: Listing contexts for virtual host 'localhost'
Jan 04, 2017 5:23:23 PM org.apache.catalina.core.ApplicationContext log
INFO: Manager: list: Listing contexts for virtual host 'localhost'
Jan 04, 2017 5:23:23 PM org.apache.catalina.core.ApplicationContext log
INFO: Manager: undeploy: Undeploying web application at '/AnhKyYeu'
Jan 04, 2017 5:23:23 PM org.apache.catalina.core.ApplicationContext log
INFO: Manager: install: Installing context configuration at 'file:/C:/Users/BVHIEN/AppData/Local/Temp/context5186890503842559092.xml'
Jan 04, 2017 5:23:26 PM org.apache.catalina.core.ApplicationContext log
INFO: Manager: start: Starting web application '/AnhKyYeu'
Jan 04, 2017 5:23:50 PM org.apache.catalina.core.ApplicationContext log
INFO: Manager: list: Listing contexts for virtual host 'localhost'
Jan 04, 2017 5:23:50 PM org.apache.catalina.core.ApplicationContext log
INFO: Manager: restart: Reloading web application '/AnhKyYeu'
Jan 04, 2017 5:24:31 PM org.apache.catalina.core.ApplicationContext log
INFO: Manager: list: Listing contexts for virtual host 'localhost'
Jan 04, 2017 5:24:31 PM org.apache.catalina.core.ApplicationContext log
INFO: Manager: restart: Reloading web application '/AnhKyYeu'
Jan 04, 2017 5:25:42 PM org.apache.catalina.core.ApplicationContext log
INFO: Manager: list: Listing contexts for virtual host 'localhost'
Jan 04, 2017 5:25:42 PM org.apache.catalina.core.ApplicationContext log
INFO: Manager: list: Listing contexts for virtual host 'localhost'
Jan 04, 2017 5:25:43 PM org.apache.catalina.core.ApplicationContext log
INFO: Manager: list: Listing contexts for virtual host 'localhost'
Jan 04, 2017 5:25:43 PM org.apache.catalina.core.ApplicationContext log
INFO: Manager: list: Listing contexts for virtual host 'localhost'
Jan 04, 2017 5:25:43 PM org.apache.catalina.core.ApplicationContext log
INFO: Manager: list: Listing contexts for virtual host 'localhost'
Jan 04, 2017 5:25:43 PM org.apache.catalina.core.ApplicationContext log
INFO: Manager: list: Listing contexts for virtual host 'localhost'
Jan 04, 2017 5:25:43 PM org.apache.catalina.core.ApplicationContext log
INFO: Manager: list: Listing contexts for virtual host 'localhost'
Jan 04, 2017 5:25:48 PM org.apache.catalina.core.ApplicationContext log
INFO: Manager: list: Listing contexts for virtual host 'localhost'
Jan 04, 2017 5:25:48 PM org.apache.catalina.core.ApplicationContext log
INFO: Manager: list: Listing contexts for virtual host 'localhost'
Jan 04, 2017 5:25:48 PM org.apache.catalina.core.ApplicationContext log
INFO: Manager: restart: Reloading web application '/AnhKyYeu'
Jan 04, 2017 5:25:51 PM org.apache.catalina.core.ApplicationContext log
INFO: Manager: list: Listing contexts for virtual host 'localhost'
Jan 04, 2017 5:25:51 PM org.apache.catalina.core.ApplicationContext log
INFO: Manager: list: Listing contexts for virtual host 'localhost'
Jan 04, 2017 5:27:24 PM org.apache.catalina.core.ApplicationContext log
INFO: Manager: list: Listing contexts for virtual host 'localhost'
Jan 04, 2017 5:27:24 PM org.apache.catalina.core.ApplicationContext log
INFO: Manager: restart: Reloading web application '/AnhKyYeu'
Jan 04, 2017 5:27:30 PM org.apache.catalina.core.ApplicationContext log
INFO: Manager: list: Listing contexts for virtual host 'localhost'
Jan 04, 2017 5:27:33 PM org.apache.catalina.core.ApplicationContext log
INFO: Manager: list: Listing contexts for virtual host 'localhost'
Jan 04, 2017 5:27:33 PM org.apache.catalina.core.ApplicationContext log
INFO: Manager: list: Listing contexts for virtual host 'localhost'
Jan 04, 2017 5:27:33 PM org.apache.catalina.core.ApplicationContext log
INFO: Manager: restart: Reloading web application '/AnhKyYeu'
Jan 04, 2017 5:27:35 PM org.apache.catalina.core.ApplicationContext log
INFO: Manager: list: Listing contexts for virtual host 'localhost'
Jan 04, 2017 5:27:35 PM org.apache.catalina.core.ApplicationContext log
INFO: Manager: list: Listing contexts for virtual host 'localhost'
Jan 04, 2017 5:28:18 PM org.apache.catalina.core.ApplicationContext log
INFO: Manager: list: Listing contexts for virtual host 'localhost'
Jan 04, 2017 5:28:18 PM org.apache.catalina.core.ApplicationContext log
INFO: Manager: restart: Reloading web application '/AnhKyYeu'
Jan 04, 2017 5:28:49 PM org.apache.catalina.core.ApplicationContext log
INFO: Manager: list: Listing contexts for virtual host 'localhost'
Jan 04, 2017 5:28:53 PM org.apache.catalina.core.ApplicationContext log
INFO: Manager: list: Listing contexts for virtual host 'localhost'
Jan 04, 2017 5:28:53 PM org.apache.catalina.core.ApplicationContext log
INFO: Manager: list: Listing contexts for virtual host 'localhost'
Jan 04, 2017 5:28:53 PM org.apache.catalina.core.ApplicationContext log
INFO: Manager: restart: Reloading web application '/AnhKyYeu'
Jan 04, 2017 5:28:55 PM org.apache.catalina.core.ApplicationContext log
INFO: Manager: list: Listing contexts for virtual host 'localhost'
Jan 04, 2017 5:28:55 PM org.apache.catalina.core.ApplicationContext log
INFO: Manager: list: Listing contexts for virtual host 'localhost'
Jan 04, 2017 5:30:16 PM org.apache.catalina.core.ApplicationContext log
INFO: Manager: list: Listing contexts for virtual host 'localhost'
Jan 04, 2017 5:35:49 PM org.apache.catalina.core.ApplicationContext log
INFO: Manager: init: Associated with Deployer 'Catalina:type=Deployer,host=localhost'
Jan 04, 2017 5:35:49 PM org.apache.catalina.core.ApplicationContext log
INFO: Manager: init: Global resources are available
Jan 04, 2017 5:35:49 PM org.apache.catalina.core.ApplicationContext log
INFO: Manager: list: Listing contexts for virtual host 'localhost'
Jan 04, 2017 5:35:54 PM org.apache.catalina.core.ApplicationContext log
INFO: Manager: list: Listing contexts for virtual host 'localhost'
Jan 04, 2017 5:35:54 PM org.apache.catalina.core.ApplicationContext log
INFO: Manager: list: Listing contexts for virtual host 'localhost'
Jan 04, 2017 5:35:54 PM org.apache.catalina.core.ApplicationContext log
INFO: Manager: undeploy: Undeploying web application at '/AnhKyYeu'
Jan 04, 2017 5:35:54 PM org.apache.catalina.core.ApplicationContext log
INFO: Manager: install: Installing context configuration at 'file:/C:/Users/BVHIEN/AppData/Local/Temp/context10834450175040200.xml'
Jan 04, 2017 5:35:57 PM org.apache.catalina.core.ApplicationContext log
INFO: Manager: start: Starting web application '/AnhKyYeu'
Jan 04, 2017 5:35:57 PM org.apache.catalina.core.ApplicationContext log
INFO: Manager: list: Listing contexts for virtual host 'localhost'
Jan 04, 2017 5:35:57 PM org.apache.catalina.core.ApplicationContext log
INFO: Manager: list: Listing contexts for virtual host 'localhost'
Jan 04, 2017 5:43:49 PM org.apache.catalina.core.ApplicationContext log
INFO: Manager: list: Listing contexts for virtual host 'localhost'
Jan 04, 2017 5:43:49 PM org.apache.catalina.core.ApplicationContext log
INFO: Manager: restart: Reloading web application '/AnhKyYeu'
Jan 04, 2017 5:43:51 PM org.apache.catalina.core.ApplicationContext log
INFO: Manager: list: Listing contexts for virtual host 'localhost'
Jan 04, 2017 5:43:51 PM org.apache.catalina.core.ApplicationContext log
INFO: Manager: restart: Reloading web application '/AnhKyYeu'
Jan 04, 2017 5:44:07 PM org.apache.catalina.core.ApplicationContext log
INFO: Manager: list: Listing contexts for virtual host 'localhost'
Jan 04, 2017 5:44:07 PM org.apache.catalina.core.ApplicationContext log
INFO: Manager: restart: Reloading web application '/AnhKyYeu'
Jan 04, 2017 5:44:09 PM org.apache.catalina.core.ApplicationContext log
INFO: Manager: list: Listing contexts for virtual host 'localhost'
Jan 04, 2017 5:44:09 PM org.apache.catalina.core.ApplicationContext log
INFO: Manager: restart: Reloading web application '/AnhKyYeu'
Jan 04, 2017 5:44:11 PM org.apache.catalina.core.ApplicationContext log
INFO: Manager: list: Listing contexts for virtual host 'localhost'
Jan 04, 2017 5:44:11 PM org.apache.catalina.core.ApplicationContext log
INFO: Manager: restart: Reloading web application '/AnhKyYeu'
Jan 04, 2017 5:44:13 PM org.apache.catalina.core.ApplicationContext log
INFO: Manager: list: Listing contexts for virtual host 'localhost'
Jan 04, 2017 5:44:13 PM org.apache.catalina.core.ApplicationContext log
INFO: Manager: restart: Reloading web application '/AnhKyYeu'
Jan 04, 2017 5:45:17 PM org.apache.catalina.core.ApplicationContext log
INFO: Manager: list: Listing contexts for virtual host 'localhost'
Jan 04, 2017 5:45:18 PM org.apache.catalina.core.ApplicationContext log
INFO: Manager: list: Listing contexts for virtual host 'localhost'
Jan 04, 2017 5:45:18 PM org.apache.catalina.core.ApplicationContext log
INFO: Manager: list: Listing contexts for virtual host 'localhost'
Jan 04, 2017 5:45:18 PM org.apache.catalina.core.ApplicationContext log
INFO: Manager: restart: Reloading web application '/AnhKyYeu'
Jan 04, 2017 5:45:21 PM org.apache.catalina.core.ApplicationContext log
INFO: Manager: list: Listing contexts for virtual host 'localhost'
Jan 04, 2017 5:45:21 PM org.apache.catalina.core.ApplicationContext log
INFO: Manager: list: Listing contexts for virtual host 'localhost'
Jan 04, 2017 5:46:43 PM org.apache.catalina.core.ApplicationContext log
INFO: Manager: list: Listing contexts for virtual host 'localhost'
Jan 04, 2017 5:46:57 PM org.apache.catalina.core.ApplicationContext log
INFO: Manager: list: Listing contexts for virtual host 'localhost'
Jan 04, 2017 5:47:35 PM org.apache.catalina.core.ApplicationContext log
INFO: Manager: list: Listing contexts for virtual host 'localhost'
Jan 04, 2017 5:48:04 PM org.apache.catalina.core.ApplicationContext log
INFO: Manager: list: Listing contexts for virtual host 'localhost'
Jan 04, 2017 5:48:04 PM org.apache.catalina.core.ApplicationContext log
INFO: Manager: restart: Reloading web application '/AnhKyYeu'
Jan 04, 2017 5:48:42 PM org.apache.catalina.core.ApplicationContext log
INFO: Manager: list: Listing contexts for virtual host 'localhost'
Jan 04, 2017 5:48:47 PM org.apache.catalina.core.ApplicationContext log
INFO: Manager: list: Listing contexts for virtual host 'localhost'
Jan 04, 2017 5:48:47 PM org.apache.catalina.core.ApplicationContext log
INFO: Manager: list: Listing contexts for virtual host 'localhost'
Jan 04, 2017 5:48:47 PM org.apache.catalina.core.ApplicationContext log
INFO: Manager: restart: Reloading web application '/AnhKyYeu'
Jan 04, 2017 5:49:29 PM org.apache.catalina.core.ApplicationContext log
INFO: Manager: list: Listing contexts for virtual host 'localhost'
Jan 04, 2017 5:49:29 PM org.apache.catalina.core.ApplicationContext log
INFO: Manager: restart: Reloading web application '/AnhKyYeu'
Jan 04, 2017 5:50:06 PM org.apache.catalina.core.ApplicationContext log
INFO: Manager: list: Listing contexts for virtual host 'localhost'
Jan 04, 2017 5:50:49 PM org.apache.catalina.core.ApplicationContext log
INFO: Manager: list: Listing contexts for virtual host 'localhost'
Jan 04, 2017 5:50:49 PM org.apache.catalina.core.ApplicationContext log
INFO: Manager: restart: Reloading web application '/AnhKyYeu'
Jan 04, 2017 5:51:51 PM org.apache.catalina.core.ApplicationContext log
INFO: Manager: list: Listing contexts for virtual host 'localhost'
Jan 04, 2017 5:51:51 PM org.apache.catalina.core.ApplicationContext log
INFO: Manager: restart: Reloading web application '/AnhKyYeu'
